{"level":"INFO","timestamp":"2023-10-23 15:09:55","message":"Request: [2023-10-23 15:09:55] POST:/v1/auth/login  ::1"},
{"level":"INFO","timestamp":"2023-10-23 15:09:56","message":"Request: [2023-10-23 15:09:56] GET:/v1/configuration/menu-list  ::1"},
{"level":"INFO","timestamp":"2023-10-23 15:09:56","message":"Request: [2023-10-23 15:09:56] GET:/v1/permissions/permissions?roles=[%22651e39643b11b8189ed93ba3%22]  ::1"},
{"level":"INFO","timestamp":"2023-10-23 15:09:57","message":"Request: [2023-10-23 15:09:57] GET:/v1/permissions/permissions?roles=[%22651e39643b11b8189ed93ba3%22]  ::1"},
{"level":"INFO","timestamp":"2023-10-23 15:10:01","message":"Request: [2023-10-23 15:10:01] GET:/v1/configuration/menu-list  ::1"},
{"level":"INFO","timestamp":"2023-10-23 15:10:01","message":"Request: [2023-10-23 15:10:01] GET:/v1/permissions/permissions?roles=[%22651e39643b11b8189ed93ba3%22]  ::1"},
{"level":"INFO","timestamp":"2023-10-23 15:10:51","message":"Request: [2023-10-23 15:10:51] GET:/v1/permissions/permissions?roles=[%22651e39643b11b8189ed93ba3%22]  ::1"},
{"level":"INFO","timestamp":"2023-10-23 15:10:51","message":"Request: [2023-10-23 15:10:51] GET:/v1/user/location?&all=true?&client=651e39643b11b8189ed93b9d  ::1"},
{"level":"INFO","timestamp":"2023-10-23 15:10:51","message":"Request: [2023-10-23 15:10:51] GET:/v1/users  ::1"},
{"level":"INFO","timestamp":"2023-10-23 15:10:51","message":"Request: [2023-10-23 15:10:51] GET:/v1/location?client=651e39643b11b8189ed93b9d  ::1"},
{"level":"INFO","timestamp":"2023-10-23 15:10:51","message":"Request: [2023-10-23 15:10:51] GET:/v1/permissions/permissions?roles=[%22651e39643b11b8189ed93ba3%22]  ::1"},
{"level":"INFO","timestamp":"2023-10-23 15:10:51","message":"Request: [2023-10-23 15:10:51] GET:/v1/permissions/permissions?roles=[%22651e39643b11b8189ed93ba3%22]  ::1"},
{"level":"INFO","timestamp":"2023-10-23 15:10:51","message":"Request: [2023-10-23 15:10:51] GET:/v1/permissions/permissions?roles=[%22651e39643b11b8189ed93ba3%22]  ::1"},
{"level":"INFO","timestamp":"2023-10-23 15:10:51","message":"Request: [2023-10-23 15:10:51] GET:/v1/permissions/permissions?roles=[%22651e39643b11b8189ed93ba3%22]  ::1"},
{"level":"INFO","timestamp":"2023-10-23 15:10:51","message":"Request: [2023-10-23 15:10:51] GET:/v1/permissions/permissions?roles=[%22651e39643b11b8189ed93ba3%22]  ::1"},
{"level":"INFO","timestamp":"2023-10-23 15:10:51","message":"Request: [2023-10-23 15:10:51] GET:/v1/permissions/permissions?roles=[%22651e39643b11b8189ed93ba3%22]  ::1"},
{"level":"INFO","timestamp":"2023-10-23 15:10:51","message":"Request: [2023-10-23 15:10:51] GET:/v1/permissions/permissions?roles=[%22651e39643b11b8189ed93ba3%22]  ::1"},
{"level":"INFO","timestamp":"2023-10-23 15:10:51","message":"Request: [2023-10-23 15:10:51] GET:/v1/permissions/permissions?roles=[%22651e39643b11b8189ed93ba3%22]  ::1"},
{"level":"INFO","timestamp":"2023-10-23 15:10:51","message":"Request: [2023-10-23 15:10:51] GET:/v1/permissions/permissions?roles=[%22651e39643b11b8189ed93ba3%22]  ::1"},
{"level":"INFO","timestamp":"2023-10-23 15:12:28","message":"Request: [2023-10-23 15:12:28] GET:/v1/permissions/permissions?roles=[%22651e39643b11b8189ed93ba3%22]  ::1"},
{"level":"INFO","timestamp":"2023-10-23 15:12:28","message":"Request: [2023-10-23 15:12:28] GET:/v1/customer  ::1"},
{"level":"INFO","timestamp":"2023-10-23 15:12:28","message":"Request: [2023-10-23 15:12:28] GET:/v1/users  ::1"},
{"level":"INFO","timestamp":"2023-10-23 15:12:28","message":"Request: [2023-10-23 15:12:28] GET:/v1/user/customer  ::1"},
{"level":"INFO","timestamp":"2023-10-23 15:12:31","message":"Request: [2023-10-23 15:12:31] GET:/v1/permissions/permissions?roles=[%22651e39643b11b8189ed93ba3%22]  ::1"},
{"level":"INFO","timestamp":"2023-10-23 15:12:31","message":"Request: [2023-10-23 15:12:31] GET:/v1/permissions/permissions?roles=[%22651e39643b11b8189ed93ba3%22]  ::1"},
{"level":"INFO","timestamp":"2023-10-23 15:12:31","message":"Request: [2023-10-23 15:12:31] GET:/v1/users?client=undefined&get=all&sort=asc&offset=10&  ::1"},
{"level":"INFO","timestamp":"2023-10-23 15:12:31","message":"Request: [2023-10-23 15:12:31] GET:/v1/roles  ::1"},
{"level":"INFO","timestamp":"2023-10-23 15:12:31","message":"Request: [2023-10-23 15:12:31] GET:/v1/permissions/permissions?roles=[%22651e39643b11b8189ed93ba3%22]  ::1"},
{"level":"INFO","timestamp":"2023-10-23 15:12:31","message":"Request: [2023-10-23 15:12:31] GET:/v1/permissions/permissions?roles=[%22651e39643b11b8189ed93ba3%22]  ::1"},
{"level":"INFO","timestamp":"2023-10-23 15:12:31","message":"Request: [2023-10-23 15:12:31] GET:/v1/permissions/permissions?roles=[%22651e39643b11b8189ed93ba3%22]  ::1"},
{"level":"INFO","timestamp":"2023-10-23 15:12:31","message":"Request: [2023-10-23 15:12:31] GET:/v1/permissions/permissions?roles=[%22651e39643b11b8189ed93ba3%22]  ::1"},
{"level":"INFO","timestamp":"2023-10-23 15:12:33","message":"Request: [2023-10-23 15:12:33] GET:/v1/permissions/permissions?roles=[%22651e39643b11b8189ed93ba3%22]  ::1"},
{"level":"INFO","timestamp":"2023-10-23 15:12:33","message":"Request: [2023-10-23 15:12:33] GET:/v1/roles  ::1"},
{"level":"INFO","timestamp":"2023-10-23 15:12:33","message":"Request: [2023-10-23 15:12:33] GET:/v1/yard?client=651e39643b11b8189ed93b9d  ::1"},
{"level":"INFO","timestamp":"2023-10-23 15:12:33","message":"Request: [2023-10-23 15:12:33] GET:/v1/permissions/permissions?roles=[%22651e39643b11b8189ed93ba3%22]  ::1"},
{"level":"INFO","timestamp":"2023-10-23 15:12:33","message":"Request: [2023-10-23 15:12:33] GET:/v1/permissions/permissions?roles=[%22651e39643b11b8189ed93ba3%22]  ::1"},
{"level":"INFO","timestamp":"2023-10-23 15:12:37","message":"Request: [2023-10-23 15:12:37] GET:/v1/permissions/permissions?roles=[%22651e39643b11b8189ed93ba3%22]  ::1"},
{"level":"INFO","timestamp":"2023-10-23 15:12:37","message":"Request: [2023-10-23 15:12:37] GET:/v1/asn  ::1"},
{"level":"INFO","timestamp":"2023-10-23 15:13:21","message":"Request: [2023-10-23 15:13:21] GET:/v1/permissions/permissions?roles=[%22651e39643b11b8189ed93ba3%22]  ::1"},
{"level":"INFO","timestamp":"2023-10-23 15:13:21","message":"Request: [2023-10-23 15:13:21] GET:/v1/user/location?&all=true?&client=651e39643b11b8189ed93b9d  ::1"},
{"level":"INFO","timestamp":"2023-10-23 15:13:21","message":"Request: [2023-10-23 15:13:21] GET:/v1/location?client=651e39643b11b8189ed93b9d  ::1"},
{"level":"INFO","timestamp":"2023-10-23 15:13:21","message":"Request: [2023-10-23 15:13:21] GET:/v1/users  ::1"},
{"level":"INFO","timestamp":"2023-10-23 15:13:21","message":"Request: [2023-10-23 15:13:21] GET:/v1/permissions/permissions?roles=[%22651e39643b11b8189ed93ba3%22]  ::1"},
{"level":"INFO","timestamp":"2023-10-23 15:13:21","message":"Request: [2023-10-23 15:13:21] GET:/v1/permissions/permissions?roles=[%22651e39643b11b8189ed93ba3%22]  ::1"},
{"level":"INFO","timestamp":"2023-10-23 15:13:21","message":"Request: [2023-10-23 15:13:21] GET:/v1/permissions/permissions?roles=[%22651e39643b11b8189ed93ba3%22]  ::1"},
{"level":"INFO","timestamp":"2023-10-23 15:13:21","message":"Request: [2023-10-23 15:13:21] GET:/v1/permissions/permissions?roles=[%22651e39643b11b8189ed93ba3%22]  ::1"},
{"level":"INFO","timestamp":"2023-10-23 15:13:21","message":"Request: [2023-10-23 15:13:21] GET:/v1/permissions/permissions?roles=[%22651e39643b11b8189ed93ba3%22]  ::1"},
{"level":"INFO","timestamp":"2023-10-23 15:13:21","message":"Request: [2023-10-23 15:13:21] GET:/v1/permissions/permissions?roles=[%22651e39643b11b8189ed93ba3%22]  ::1"},
{"level":"INFO","timestamp":"2023-10-23 15:13:21","message":"Request: [2023-10-23 15:13:21] GET:/v1/permissions/permissions?roles=[%22651e39643b11b8189ed93ba3%22]  ::1"},
{"level":"INFO","timestamp":"2023-10-23 15:13:21","message":"Request: [2023-10-23 15:13:21] GET:/v1/permissions/permissions?roles=[%22651e39643b11b8189ed93ba3%22]  ::1"},
{"level":"INFO","timestamp":"2023-10-23 15:13:22","message":"Request: [2023-10-23 15:13:22] GET:/v1/permissions/permissions?roles=[%22651e39643b11b8189ed93ba3%22]  ::1"},
{"level":"INFO","timestamp":"2023-10-23 15:18:27","message":"Request: [2023-10-23 15:18:27] GET:/v1/auth/user  ::1"},
{"level":"INFO","timestamp":"2023-10-23 15:18:28","message":"Request: [2023-10-23 15:18:28] GET:/v1/configuration/menu-list  ::1"},
{"level":"INFO","timestamp":"2023-10-23 15:18:28","message":"Request: [2023-10-23 15:18:28] GET:/v1/permissions/permissions?roles=[%22651e39643b11b8189ed93ba3%22]  ::1"},
{"level":"INFO","timestamp":"2023-10-23 15:18:28","message":"Request: [2023-10-23 15:18:28] GET:/v1/user/location?&all=true?&client=651e39643b11b8189ed93b9d  ::1"},
{"level":"INFO","timestamp":"2023-10-23 15:18:28","message":"Request: [2023-10-23 15:18:28] GET:/v1/users  ::1"},
{"level":"INFO","timestamp":"2023-10-23 15:18:29","message":"Request: [2023-10-23 15:18:29] GET:/v1/location/admin  ::1"},
{"level":"INFO","timestamp":"2023-10-23 15:18:29","message":"Request: [2023-10-23 15:18:29] GET:/v1/permissions/permissions?roles=[%22651e39643b11b8189ed93ba3%22]  ::1"},
{"level":"INFO","timestamp":"2023-10-23 15:18:29","message":"Request: [2023-10-23 15:18:29] GET:/v1/permissions/permissions?roles=[%22651e39643b11b8189ed93ba3%22]  ::1"},
{"level":"INFO","timestamp":"2023-10-23 15:18:29","message":"Request: [2023-10-23 15:18:29] GET:/v1/permissions/permissions?roles=[%22651e39643b11b8189ed93ba3%22]  ::1"},
{"level":"INFO","timestamp":"2023-10-23 15:18:29","message":"Request: [2023-10-23 15:18:29] GET:/v1/permissions/permissions?roles=[%22651e39643b11b8189ed93ba3%22]  ::1"},
{"level":"INFO","timestamp":"2023-10-23 15:18:29","message":"Request: [2023-10-23 15:18:29] GET:/v1/permissions/permissions?roles=[%22651e39643b11b8189ed93ba3%22]  ::1"},
{"level":"INFO","timestamp":"2023-10-23 15:18:29","message":"Request: [2023-10-23 15:18:29] GET:/v1/permissions/permissions?roles=[%22651e39643b11b8189ed93ba3%22]  ::1"},
{"level":"INFO","timestamp":"2023-10-23 15:18:29","message":"Request: [2023-10-23 15:18:29] GET:/v1/permissions/permissions?roles=[%22651e39643b11b8189ed93ba3%22]  ::1"},
{"level":"INFO","timestamp":"2023-10-23 15:18:29","message":"Request: [2023-10-23 15:18:29] GET:/v1/permissions/permissions?roles=[%22651e39643b11b8189ed93ba3%22]  ::1"},
{"level":"INFO","timestamp":"2023-10-23 15:18:29","message":"Request: [2023-10-23 15:18:29] GET:/v1/permissions/permissions?roles=[%22651e39643b11b8189ed93ba3%22]  ::1"},
{"level":"INFO","timestamp":"2023-10-23 15:18:29","message":"Request: [2023-10-23 15:18:29] GET:/v1/permissions/permissions?roles=[%22651e39643b11b8189ed93ba3%22]  ::1"},
{"level":"INFO","timestamp":"2023-10-23 15:18:40","message":"Request: [2023-10-23 15:18:40] POST:/v1/user/location  ::1"},
{"level":"INFO","timestamp":"2023-10-23 15:18:40","message":"Request: [2023-10-23 15:18:40] GET:/v1/user/location?&all=true?&client=651e39643b11b8189ed93b9d  ::1"},
{"level":"INFO","timestamp":"2023-10-23 15:18:55","message":"Request: [2023-10-23 15:18:55] GET:/v1/auth/user  ::1"},
{"level":"INFO","timestamp":"2023-10-23 15:18:56","message":"Request: [2023-10-23 15:18:56] GET:/v1/configuration/menu-list  ::1"},
{"level":"INFO","timestamp":"2023-10-23 15:18:56","message":"Request: [2023-10-23 15:18:56] GET:/v1/permissions/permissions?roles=[%22651e39643b11b8189ed93ba3%22]  ::1"},
{"level":"INFO","timestamp":"2023-10-23 15:18:57","message":"Request: [2023-10-23 15:18:57] GET:/v1/permissions/permissions?roles=[%22651e39643b11b8189ed93ba3%22]  ::1"},
{"level":"INFO","timestamp":"2023-10-23 15:18:57","message":"Request: [2023-10-23 15:18:57] GET:/v1/yard?client=651e39643b11b8189ed93b9d  ::1"},
{"level":"INFO","timestamp":"2023-10-23 15:18:57","message":"Request: [2023-10-23 15:18:57] GET:/v1/roles  ::1"},
{"level":"INFO","timestamp":"2023-10-23 15:18:57","message":"Request: [2023-10-23 15:18:57] GET:/v1/permissions/permissions?roles=[%22651e39643b11b8189ed93ba3%22]  ::1"},
{"level":"INFO","timestamp":"2023-10-23 15:18:57","message":"Request: [2023-10-23 15:18:57] GET:/v1/permissions/permissions?roles=[%22651e39643b11b8189ed93ba3%22]  ::1"},
{"level":"INFO","timestamp":"2023-10-23 15:19:05","message":"Request: [2023-10-23 15:19:05] GET:/v1/permissions/permissions?roles=[%22651e39643b11b8189ed93ba3%22]  ::1"},
{"level":"INFO","timestamp":"2023-10-23 15:19:05","message":"Request: [2023-10-23 15:19:05] GET:/v1/user/location?&all=true?&client=651e39643b11b8189ed93b9d  ::1"},
{"level":"INFO","timestamp":"2023-10-23 15:19:05","message":"Request: [2023-10-23 15:19:05] GET:/v1/location/admin  ::1"},
{"level":"INFO","timestamp":"2023-10-23 15:19:05","message":"Request: [2023-10-23 15:19:05] GET:/v1/users  ::1"},
{"level":"INFO","timestamp":"2023-10-23 15:23:21","message":"Request: [2023-10-23 15:23:21] GET:/v1/auth/user  ::1"},
{"level":"INFO","timestamp":"2023-10-23 15:24:29","message":"Request: [2023-10-23 15:24:29] GET:/v1/auth/user  ::1"},
{"level":"INFO","timestamp":"2023-10-23 15:24:31","message":"Request: [2023-10-23 15:24:31] GET:/v1/configuration/menu-list  ::1"},
{"level":"INFO","timestamp":"2023-10-23 15:24:31","message":"Request: [2023-10-23 15:24:31] GET:/v1/permissions/permissions?roles=[%22651e39643b11b8189ed93ba3%22]  ::1"},
{"level":"INFO","timestamp":"2023-10-23 15:24:31","message":"Request: [2023-10-23 15:24:31] GET:/v1/permissions/permissions?roles=[%22651e39643b11b8189ed93ba3%22]  ::1"},
{"level":"INFO","timestamp":"2023-10-23 15:24:41","message":"Request: [2023-10-23 15:24:41] GET:/v1/permissions/permissions?roles=[%22651e39643b11b8189ed93ba3%22]  ::1"},
{"level":"INFO","timestamp":"2023-10-23 15:24:41","message":"Request: [2023-10-23 15:24:41] GET:/v1/user/location?&all=true  ::1"},
{"level":"INFO","timestamp":"2023-10-23 15:24:41","message":"Request: [2023-10-23 15:24:41] GET:/v1/users  ::1"},
{"level":"INFO","timestamp":"2023-10-23 15:24:41","message":"Request: [2023-10-23 15:24:41] GET:/v1/location/admin  ::1"},
{"level":"INFO","timestamp":"2023-10-23 15:25:57","message":"Request: [2023-10-23 15:25:57] GET:/v1/auth/user  ::1"},
{"level":"INFO","timestamp":"2023-10-23 15:25:58","message":"Request: [2023-10-23 15:25:58] GET:/v1/configuration/menu-list  ::1"},
{"level":"INFO","timestamp":"2023-10-23 15:25:58","message":"Request: [2023-10-23 15:25:58] GET:/v1/permissions/permissions?roles=[%22651e39643b11b8189ed93ba3%22]  ::1"},
{"level":"INFO","timestamp":"2023-10-23 15:25:58","message":"Request: [2023-10-23 15:25:58] GET:/v1/permissions/permissions?roles=[%22651e39643b11b8189ed93ba3%22]  ::1"},
{"level":"INFO","timestamp":"2023-10-23 15:26:04","message":"Request: [2023-10-23 15:26:04] GET:/v1/permissions/permissions?roles=[%22651e39643b11b8189ed93ba3%22]  ::1"},
{"level":"INFO","timestamp":"2023-10-23 15:26:04","message":"Request: [2023-10-23 15:26:04] GET:/v1/user/location?&all=true  ::1"},
{"level":"INFO","timestamp":"2023-10-23 15:26:04","message":"Request: [2023-10-23 15:26:04] GET:/v1/users  ::1"},
{"level":"INFO","timestamp":"2023-10-23 15:26:04","message":"Request: [2023-10-23 15:26:04] GET:/v1/location/admin  ::1"},
{"level":"ERROR","timestamp":"2023-10-23 15:26:04","message":"ReferenceError: log is not defined\n    at index (/Users/dr.mac/apps/e-logistics-backend/Controllers/user.location.mapping.js:40:5)\n    at processTicksAndRejections (node:internal/process/task_queues:96:5)"},
{"level":"INFO","timestamp":"2023-10-23 15:26:30","message":"Request: [2023-10-23 15:26:30] GET:/v1/auth/user  ::1"},
{"level":"INFO","timestamp":"2023-10-23 15:26:31","message":"Request: [2023-10-23 15:26:31] GET:/v1/user/location?&all=true  ::1"},
{"level":"INFO","timestamp":"2023-10-23 15:26:31","message":"Request: [2023-10-23 15:26:31] GET:/v1/users  ::1"},
{"level":"INFO","timestamp":"2023-10-23 15:26:31","message":"Request: [2023-10-23 15:26:31] GET:/v1/location/admin  ::1"},
{"level":"INFO","timestamp":"2023-10-23 15:27:10","message":"Request: [2023-10-23 15:27:10] GET:/v1/auth/user  ::1"},
{"level":"INFO","timestamp":"2023-10-23 15:27:11","message":"Request: [2023-10-23 15:27:11] GET:/v1/configuration/menu-list  ::1"},
{"level":"INFO","timestamp":"2023-10-23 15:27:11","message":"Request: [2023-10-23 15:27:11] GET:/v1/permissions/permissions?roles=[%22651e39643b11b8189ed93ba3%22]  ::1"},
{"level":"INFO","timestamp":"2023-10-23 15:27:11","message":"Request: [2023-10-23 15:27:11] GET:/v1/permissions/permissions?roles=[%22651e39643b11b8189ed93ba3%22]  ::1"},
{"level":"INFO","timestamp":"2023-10-23 15:27:17","message":"Request: [2023-10-23 15:27:17] GET:/v1/permissions/permissions?roles=[%22651e39643b11b8189ed93ba3%22]  ::1"},
{"level":"INFO","timestamp":"2023-10-23 15:27:17","message":"Request: [2023-10-23 15:27:17] GET:/v1/user/location?&all=true  ::1"},
{"level":"INFO","timestamp":"2023-10-23 15:27:17","message":"Request: [2023-10-23 15:27:17] GET:/v1/users  ::1"},
{"level":"INFO","timestamp":"2023-10-23 15:27:17","message":"Request: [2023-10-23 15:27:17] GET:/v1/location/admin  ::1"},
{"level":"INFO","timestamp":"2023-10-23 15:28:13","message":"Request: [2023-10-23 15:28:13] GET:/v1/auth/user  ::1"},
{"level":"INFO","timestamp":"2023-10-23 15:28:13","message":"Request: [2023-10-23 15:28:13] GET:/v1/configuration/menu-list  ::1"},
{"level":"INFO","timestamp":"2023-10-23 15:28:13","message":"Request: [2023-10-23 15:28:13] GET:/v1/permissions/permissions?roles=[%22651e39643b11b8189ed93ba3%22]  ::1"},
{"level":"INFO","timestamp":"2023-10-23 15:28:13","message":"Request: [2023-10-23 15:28:13] GET:/v1/user/location?&all=true  ::1"},
{"level":"INFO","timestamp":"2023-10-23 15:28:13","message":"Request: [2023-10-23 15:28:13] GET:/v1/users  ::1"},
{"level":"INFO","timestamp":"2023-10-23 15:28:13","message":"Request: [2023-10-23 15:28:13] GET:/v1/location/admin  ::1"},
{"level":"INFO","timestamp":"2023-10-23 15:28:13","message":"Request: [2023-10-23 15:28:13] GET:/v1/permissions/permissions?roles=[%22651e39643b11b8189ed93ba3%22]  ::1"},
{"level":"INFO","timestamp":"2023-10-23 15:30:00","message":"Request: [2023-10-23 15:30:00] GET:/v1/auth/user  ::1"},
{"level":"INFO","timestamp":"2023-10-23 15:30:01","message":"Request: [2023-10-23 15:30:01] GET:/v1/configuration/menu-list  ::1"},
{"level":"INFO","timestamp":"2023-10-23 15:30:01","message":"Request: [2023-10-23 15:30:01] GET:/v1/permissions/permissions?roles=[%22651e39643b11b8189ed93ba3%22]  ::1"},
{"level":"INFO","timestamp":"2023-10-23 15:30:01","message":"Request: [2023-10-23 15:30:01] GET:/v1/user/location?&all=true  ::1"},
{"level":"INFO","timestamp":"2023-10-23 15:30:01","message":"Request: [2023-10-23 15:30:01] GET:/v1/users  ::1"},
{"level":"INFO","timestamp":"2023-10-23 15:30:01","message":"Request: [2023-10-23 15:30:01] GET:/v1/location/admin  ::1"},
{"level":"INFO","timestamp":"2023-10-23 15:30:01","message":"Request: [2023-10-23 15:30:01] GET:/v1/permissions/permissions?roles=[%22651e39643b11b8189ed93ba3%22]  ::1"},
{"level":"INFO","timestamp":"2023-10-23 15:30:08","message":"Request: [2023-10-23 15:30:08] POST:/v1/user/location  ::1"},
{"level":"INFO","timestamp":"2023-10-23 15:30:09","message":"Request: [2023-10-23 15:30:09] GET:/v1/user/location?&all=true  ::1"},
{"level":"INFO","timestamp":"2023-10-23 15:30:09","message":"Request: [2023-10-23 15:30:09] GET:/v1/permissions/permissions?roles=[%22651e39643b11b8189ed93ba3%22]  ::1"},
{"level":"INFO","timestamp":"2023-10-23 15:30:09","message":"Request: [2023-10-23 15:30:09] GET:/v1/permissions/permissions?roles=[%22651e39643b11b8189ed93ba3%22]  ::1"},
{"level":"INFO","timestamp":"2023-10-23 15:30:09","message":"Request: [2023-10-23 15:30:09] GET:/v1/permissions/permissions?roles=[%22651e39643b11b8189ed93ba3%22]  ::1"},
{"level":"INFO","timestamp":"2023-10-23 15:30:21","message":"Request: [2023-10-23 15:30:21] POST:/v1/user/location  ::1"},
{"level":"INFO","timestamp":"2023-10-23 15:30:22","message":"Request: [2023-10-23 15:30:22] GET:/v1/user/location?&all=true  ::1"},
{"level":"INFO","timestamp":"2023-10-23 15:30:22","message":"Request: [2023-10-23 15:30:22] GET:/v1/permissions/permissions?roles=[%22651e39643b11b8189ed93ba3%22]  ::1"},
{"level":"INFO","timestamp":"2023-10-23 15:30:22","message":"Request: [2023-10-23 15:30:22] GET:/v1/permissions/permissions?roles=[%22651e39643b11b8189ed93ba3%22]  ::1"},
{"level":"INFO","timestamp":"2023-10-23 15:30:22","message":"Request: [2023-10-23 15:30:22] GET:/v1/permissions/permissions?roles=[%22651e39643b11b8189ed93ba3%22]  ::1"},
{"level":"INFO","timestamp":"2023-10-23 15:30:31","message":"Request: [2023-10-23 15:30:31] POST:/v1/user/location  ::1"},
{"level":"INFO","timestamp":"2023-10-23 15:30:31","message":"Request: [2023-10-23 15:30:31] GET:/v1/user/location?&all=true  ::1"},
{"level":"INFO","timestamp":"2023-10-23 15:30:31","message":"Request: [2023-10-23 15:30:31] GET:/v1/permissions/permissions?roles=[%22651e39643b11b8189ed93ba3%22]  ::1"},
{"level":"INFO","timestamp":"2023-10-23 15:30:31","message":"Request: [2023-10-23 15:30:31] GET:/v1/permissions/permissions?roles=[%22651e39643b11b8189ed93ba3%22]  ::1"},
{"level":"INFO","timestamp":"2023-10-23 15:30:31","message":"Request: [2023-10-23 15:30:31] GET:/v1/permissions/permissions?roles=[%22651e39643b11b8189ed93ba3%22]  ::1"},
{"level":"INFO","timestamp":"2023-10-23 15:31:43","message":"Request: [2023-10-23 15:31:43] GET:/v1/auth/user  ::1"},
{"level":"INFO","timestamp":"2023-10-23 15:31:44","message":"Request: [2023-10-23 15:31:44] GET:/v1/configuration/menu-list  ::1"},
{"level":"INFO","timestamp":"2023-10-23 15:31:44","message":"Request: [2023-10-23 15:31:44] GET:/v1/permissions/permissions?roles=[%22651e39643b11b8189ed93ba3%22]  ::1"},
{"level":"INFO","timestamp":"2023-10-23 15:31:44","message":"Request: [2023-10-23 15:31:44] GET:/v1/user/location?&all=true  ::1"},
{"level":"INFO","timestamp":"2023-10-23 15:31:44","message":"Request: [2023-10-23 15:31:44] GET:/v1/users  ::1"},
{"level":"INFO","timestamp":"2023-10-23 15:31:44","message":"Request: [2023-10-23 15:31:44] GET:/v1/location/admin  ::1"},
{"level":"INFO","timestamp":"2023-10-23 15:31:44","message":"Request: [2023-10-23 15:31:44] GET:/v1/permissions/permissions?roles=[%22651e39643b11b8189ed93ba3%22]  ::1"},
{"level":"INFO","timestamp":"2023-10-23 15:31:45","message":"Request: [2023-10-23 15:31:45] GET:/v1/permissions/permissions?roles=[%22651e39643b11b8189ed93ba3%22]  ::1"},
{"level":"INFO","timestamp":"2023-10-23 15:31:45","message":"Request: [2023-10-23 15:31:45] GET:/v1/permissions/permissions?roles=[%22651e39643b11b8189ed93ba3%22]  ::1"},
{"level":"INFO","timestamp":"2023-10-23 15:31:45","message":"Request: [2023-10-23 15:31:45] GET:/v1/permissions/permissions?roles=[%22651e39643b11b8189ed93ba3%22]  ::1"},
{"level":"INFO","timestamp":"2023-10-23 15:31:45","message":"Request: [2023-10-23 15:31:45] GET:/v1/permissions/permissions?roles=[%22651e39643b11b8189ed93ba3%22]  ::1"},
{"level":"INFO","timestamp":"2023-10-23 15:31:45","message":"Request: [2023-10-23 15:31:45] GET:/v1/permissions/permissions?roles=[%22651e39643b11b8189ed93ba3%22]  ::1"},
{"level":"INFO","timestamp":"2023-10-23 15:31:45","message":"Request: [2023-10-23 15:31:45] GET:/v1/permissions/permissions?roles=[%22651e39643b11b8189ed93ba3%22]  ::1"},
{"level":"INFO","timestamp":"2023-10-23 15:31:46","message":"Request: [2023-10-23 15:31:46] GET:/v1/permissions/permissions?roles=[%22651e39643b11b8189ed93ba3%22]  ::1"},
{"level":"INFO","timestamp":"2023-10-23 15:31:46","message":"Request: [2023-10-23 15:31:46] GET:/v1/permissions/permissions?roles=[%22651e39643b11b8189ed93ba3%22]  ::1"},
{"level":"INFO","timestamp":"2023-10-23 15:31:46","message":"Request: [2023-10-23 15:31:46] GET:/v1/permissions/permissions?roles=[%22651e39643b11b8189ed93ba3%22]  ::1"},
{"level":"INFO","timestamp":"2023-10-23 15:32:44","message":"Request: [2023-10-23 15:32:44] POST:/v1/user/location  ::1"},
{"level":"INFO","timestamp":"2023-10-23 15:35:29","message":"Request: [2023-10-23 15:35:29] POST:/v1/user/location  ::1"},
{"level":"INFO","timestamp":"2023-10-23 15:35:29","message":"Request: [2023-10-23 15:35:29] GET:/v1/user/location?&all=true  ::1"},
{"level":"INFO","timestamp":"2023-10-23 15:35:31","message":"Request: [2023-10-23 15:35:31] PUT:/v1/user/location/6536443f06f5f0fd2e3794ee  ::1"},
{"level":"INFO","timestamp":"2023-10-23 15:35:31","message":"Request: [2023-10-23 15:35:31] GET:/v1/user/location?&all=true  ::1"},
{"level":"INFO","timestamp":"2023-10-23 15:35:33","message":"Request: [2023-10-23 15:35:33] PUT:/v1/user/location/6536443f06f5f0fd2e3794ee  ::1"},
{"level":"INFO","timestamp":"2023-10-23 15:35:33","message":"Request: [2023-10-23 15:35:33] GET:/v1/user/location?&all=true  ::1"},
{"level":"INFO","timestamp":"2023-10-23 15:35:39","message":"Request: [2023-10-23 15:35:39] GET:/v1/permissions/permissions?roles=[%22651e39643b11b8189ed93ba3%22]  ::1"},
{"level":"INFO","timestamp":"2023-10-23 15:35:39","message":"Request: [2023-10-23 15:35:39] GET:/v1/yard?client=651e39643b11b8189ed93b9d  ::1"},
{"level":"INFO","timestamp":"2023-10-23 15:35:39","message":"Request: [2023-10-23 15:35:39] GET:/v1/roles  ::1"},
{"level":"INFO","timestamp":"2023-10-23 15:35:39","message":"Request: [2023-10-23 15:35:39] GET:/v1/permissions/permissions?roles=[%22651e39643b11b8189ed93ba3%22]  ::1"},
{"level":"INFO","timestamp":"2023-10-23 15:35:39","message":"Request: [2023-10-23 15:35:39] GET:/v1/permissions/permissions?roles=[%22651e39643b11b8189ed93ba3%22]  ::1"},
{"level":"INFO","timestamp":"2023-10-23 15:35:39","message":"Request: [2023-10-23 15:35:39] GET:/v1/permissions/permissions?roles=[%22651e39643b11b8189ed93ba3%22]  ::1"},
{"level":"INFO","timestamp":"2023-10-23 15:35:39","message":"Request: [2023-10-23 15:35:39] GET:/v1/permissions/permissions?roles=[%22651e39643b11b8189ed93ba3%22]  ::1"},
{"level":"INFO","timestamp":"2023-10-23 15:35:43","message":"Request: [2023-10-23 15:35:43] GET:/v1/location?client=651e39643b11b8189ed93b9d  ::1"},
{"level":"INFO","timestamp":"2023-10-23 15:35:43","message":"Request: [2023-10-23 15:35:43] GET:/v1/product  ::1"},
{"level":"INFO","timestamp":"2023-10-23 15:35:43","message":"Request: [2023-10-23 15:35:43] GET:/v1/customer  ::1"},
{"level":"INFO","timestamp":"2023-10-23 15:36:24","message":"Request: [2023-10-23 15:36:24] GET:/v1/permissions/permissions?roles=[%22651e39643b11b8189ed93ba3%22]  ::1"},
{"level":"INFO","timestamp":"2023-10-23 15:36:24","message":"Request: [2023-10-23 15:36:24] GET:/v1/user/location?&all=true  ::1"},
{"level":"INFO","timestamp":"2023-10-23 15:36:24","message":"Request: [2023-10-23 15:36:24] GET:/v1/users  ::1"},
{"level":"INFO","timestamp":"2023-10-23 15:36:24","message":"Request: [2023-10-23 15:36:24] GET:/v1/location/admin  ::1"},
{"level":"INFO","timestamp":"2023-10-23 15:36:24","message":"Request: [2023-10-23 15:36:24] GET:/v1/permissions/permissions?roles=[%22651e39643b11b8189ed93ba3%22]  ::1"},
{"level":"INFO","timestamp":"2023-10-23 15:36:24","message":"Request: [2023-10-23 15:36:24] GET:/v1/permissions/permissions?roles=[%22651e39643b11b8189ed93ba3%22]  ::1"},
{"level":"INFO","timestamp":"2023-10-23 15:36:24","message":"Request: [2023-10-23 15:36:24] GET:/v1/permissions/permissions?roles=[%22651e39643b11b8189ed93ba3%22]  ::1"},
{"level":"INFO","timestamp":"2023-10-23 15:36:24","message":"Request: [2023-10-23 15:36:24] GET:/v1/permissions/permissions?roles=[%22651e39643b11b8189ed93ba3%22]  ::1"},
{"level":"INFO","timestamp":"2023-10-23 15:36:24","message":"Request: [2023-10-23 15:36:24] GET:/v1/permissions/permissions?roles=[%22651e39643b11b8189ed93ba3%22]  ::1"},
{"level":"INFO","timestamp":"2023-10-23 15:36:24","message":"Request: [2023-10-23 15:36:24] GET:/v1/permissions/permissions?roles=[%22651e39643b11b8189ed93ba3%22]  ::1"},
{"level":"INFO","timestamp":"2023-10-23 15:36:24","message":"Request: [2023-10-23 15:36:24] GET:/v1/permissions/permissions?roles=[%22651e39643b11b8189ed93ba3%22]  ::1"},
{"level":"INFO","timestamp":"2023-10-23 15:36:24","message":"Request: [2023-10-23 15:36:24] GET:/v1/permissions/permissions?roles=[%22651e39643b11b8189ed93ba3%22]  ::1"},
{"level":"INFO","timestamp":"2023-10-23 15:36:24","message":"Request: [2023-10-23 15:36:24] GET:/v1/permissions/permissions?roles=[%22651e39643b11b8189ed93ba3%22]  ::1"},
{"level":"INFO","timestamp":"2023-10-23 15:38:12","message":"Request: [2023-10-23 15:38:12] POST:/v1/user/location  ::1"},
{"level":"INFO","timestamp":"2023-10-23 15:38:12","message":"Request: [2023-10-23 15:38:12] GET:/v1/user/location?&all=true  ::1"},
{"level":"INFO","timestamp":"2023-10-23 15:38:12","message":"Request: [2023-10-23 15:38:12] GET:/v1/permissions/permissions?roles=[%22651e39643b11b8189ed93ba3%22]  ::1"},
{"level":"INFO","timestamp":"2023-10-23 15:38:12","message":"Request: [2023-10-23 15:38:12] GET:/v1/permissions/permissions?roles=[%22651e39643b11b8189ed93ba3%22]  ::1"},
{"level":"INFO","timestamp":"2023-10-23 15:38:12","message":"Request: [2023-10-23 15:38:12] GET:/v1/permissions/permissions?roles=[%22651e39643b11b8189ed93ba3%22]  ::1"},
{"level":"INFO","timestamp":"2023-10-23 15:39:24","message":"Request: [2023-10-23 15:39:24] GET:/v1/yard?client=651e39643b11b8189ed93b9d  ::1"},
{"level":"INFO","timestamp":"2023-10-23 15:39:24","message":"Request: [2023-10-23 15:39:24] GET:/v1/permissions/permissions?roles=[%22651e39643b11b8189ed93ba3%22]  ::1"},
{"level":"INFO","timestamp":"2023-10-23 15:39:24","message":"Request: [2023-10-23 15:39:24] GET:/v1/roles  ::1"},
{"level":"INFO","timestamp":"2023-10-23 15:39:25","message":"Request: [2023-10-23 15:39:25] GET:/v1/permissions/permissions?roles=[%22651e39643b11b8189ed93ba3%22]  ::1"},
{"level":"INFO","timestamp":"2023-10-23 15:39:25","message":"Request: [2023-10-23 15:39:25] GET:/v1/permissions/permissions?roles=[%22651e39643b11b8189ed93ba3%22]  ::1"},
{"level":"INFO","timestamp":"2023-10-23 15:39:26","message":"Request: [2023-10-23 15:39:26] GET:/v1/location?client=651e39643b11b8189ed93b9d  ::1"},
{"level":"INFO","timestamp":"2023-10-23 15:39:26","message":"Request: [2023-10-23 15:39:26] GET:/v1/customer  ::1"},
{"level":"INFO","timestamp":"2023-10-23 15:39:26","message":"Request: [2023-10-23 15:39:26] GET:/v1/product  ::1"},
{"level":"INFO","timestamp":"2023-10-23 15:39:40","message":"Request: [2023-10-23 15:39:40] GET:/v1/auth/user  ::1"},
{"level":"INFO","timestamp":"2023-10-23 15:39:41","message":"Request: [2023-10-23 15:39:41] GET:/v1/permissions/permissions?roles=[%22651e39643b11b8189ed93ba3%22]  ::1"},
{"level":"INFO","timestamp":"2023-10-23 15:39:41","message":"Request: [2023-10-23 15:39:41] GET:/v1/configuration/menu-list  ::1"},
{"level":"INFO","timestamp":"2023-10-23 15:39:41","message":"Request: [2023-10-23 15:39:41] GET:/v1/location/admin  ::1"},
{"level":"INFO","timestamp":"2023-10-23 15:39:41","message":"Request: [2023-10-23 15:39:41] GET:/v1/customer  ::1"},
{"level":"INFO","timestamp":"2023-10-23 15:39:41","message":"Request: [2023-10-23 15:39:41] GET:/v1/product  ::1"},
{"level":"INFO","timestamp":"2023-10-23 15:39:49","message":"Request: [2023-10-23 15:39:49] GET:/v1/customer/product/by-location/6530f7991bd64c245442740b  ::1"},
{"level":"INFO","timestamp":"2023-10-23 15:39:57","message":"Request: [2023-10-23 15:39:57] GET:/v1/customer/product/by-location/6530f77e1bd64c24544273f8  ::1"},
{"level":"INFO","timestamp":"2023-10-23 15:40:04","message":"Request: [2023-10-23 15:40:04] GET:/v1/customer/product/by-location/6530f7991bd64c245442740b  ::1"},
{"level":"INFO","timestamp":"2023-10-23 15:42:03","message":"Request: [2023-10-23 15:42:03] GET:/v1/customer  ::1"},
{"level":"INFO","timestamp":"2023-10-23 15:42:28","message":"Request: [2023-10-23 15:42:28] GET:/v1/auth/user  ::1"},
{"level":"INFO","timestamp":"2023-10-23 15:42:28","message":"Request: [2023-10-23 15:42:28] GET:/v1/configuration/menu-list  ::1"},
{"level":"INFO","timestamp":"2023-10-23 15:42:28","message":"Request: [2023-10-23 15:42:28] GET:/v1/permissions/permissions?roles=[%22651e39643b11b8189ed93ba3%22]  ::1"},
{"level":"INFO","timestamp":"2023-10-23 15:42:29","message":"Request: [2023-10-23 15:42:29] GET:/v1/permissions/permissions?roles=[%22651e39643b11b8189ed93ba3%22]  ::1"},
{"level":"INFO","timestamp":"2023-10-23 15:42:29","message":"Request: [2023-10-23 15:42:29] GET:/v1/roles  ::1"},
{"level":"INFO","timestamp":"2023-10-23 15:42:29","message":"Request: [2023-10-23 15:42:29] GET:/v1/yard?client=651e39643b11b8189ed93b9d  ::1"},
{"level":"INFO","timestamp":"2023-10-23 15:42:29","message":"Request: [2023-10-23 15:42:29] GET:/v1/permissions/permissions?roles=[%22651e39643b11b8189ed93ba3%22]  ::1"},
{"level":"INFO","timestamp":"2023-10-23 15:42:29","message":"Request: [2023-10-23 15:42:29] GET:/v1/permissions/permissions?roles=[%22651e39643b11b8189ed93ba3%22]  ::1"},
{"level":"INFO","timestamp":"2023-10-23 15:42:30","message":"Request: [2023-10-23 15:42:30] GET:/v1/customer  ::1"},
{"level":"INFO","timestamp":"2023-10-23 15:42:30","message":"Request: [2023-10-23 15:42:30] GET:/v1/location/admin  ::1"},
{"level":"INFO","timestamp":"2023-10-23 15:42:30","message":"Request: [2023-10-23 15:42:30] GET:/v1/product  ::1"},
{"level":"INFO","timestamp":"2023-10-23 15:42:33","message":"Request: [2023-10-23 15:42:33] GET:/v1/customer/product/by-location/6530f7991bd64c245442740b  ::1"},
{"level":"INFO","timestamp":"2023-10-23 15:44:33","message":"Request: [2023-10-23 15:44:33] GET:/v1/auth/user  ::1"},
{"level":"INFO","timestamp":"2023-10-23 15:44:34","message":"Request: [2023-10-23 15:44:34] GET:/v1/configuration/menu-list  ::1"},
{"level":"INFO","timestamp":"2023-10-23 15:44:34","message":"Request: [2023-10-23 15:44:34] GET:/v1/permissions/permissions?roles=[%22651e39643b11b8189ed93ba3%22]  ::1"},
{"level":"INFO","timestamp":"2023-10-23 15:44:34","message":"Request: [2023-10-23 15:44:34] GET:/v1/location/admin  ::1"},
{"level":"INFO","timestamp":"2023-10-23 15:44:34","message":"Request: [2023-10-23 15:44:34] GET:/v1/customer  ::1"},
{"level":"INFO","timestamp":"2023-10-23 15:44:34","message":"Request: [2023-10-23 15:44:34] GET:/v1/product  ::1"},
{"level":"INFO","timestamp":"2023-10-23 15:44:58","message":"Request: [2023-10-23 15:44:58] GET:/v1/customer/product/by-location/6530f7991bd64c245442740b  ::1"},
{"level":"INFO","timestamp":"2023-10-23 15:45:11","message":"Request: [2023-10-23 15:45:11] GET:/v1/customer/product/by-location/652fc64e17aed54aa2b0cc0f  ::1"},
{"level":"INFO","timestamp":"2023-10-23 15:46:15","message":"Request: [2023-10-23 15:46:15] GET:/v1/customer/product/by-location/6530f7991bd64c245442740b  ::1"},
{"level":"INFO","timestamp":"2023-10-23 15:49:40","message":"Request: [2023-10-23 15:49:40] GET:/v1/auth/user  ::1"},
{"level":"INFO","timestamp":"2023-10-23 15:49:41","message":"Request: [2023-10-23 15:49:41] GET:/v1/configuration/menu-list  ::1"},
{"level":"INFO","timestamp":"2023-10-23 15:49:41","message":"Request: [2023-10-23 15:49:41] GET:/v1/permissions/permissions?roles=[%22651e39643b11b8189ed93ba3%22]  ::1"},
{"level":"INFO","timestamp":"2023-10-23 15:49:42","message":"Request: [2023-10-23 15:49:42] GET:/v1/location/admin  ::1"},
{"level":"INFO","timestamp":"2023-10-23 15:49:42","message":"Request: [2023-10-23 15:49:42] GET:/v1/product  ::1"},
{"level":"INFO","timestamp":"2023-10-23 15:49:42","message":"Request: [2023-10-23 15:49:42] GET:/v1/customer  ::1"},
{"level":"INFO","timestamp":"2023-10-23 15:49:48","message":"Request: [2023-10-23 15:49:48] GET:/v1/customer/product/by-location/6530f7991bd64c245442740b  ::1"},
{"level":"INFO","timestamp":"2023-10-23 15:49:52","message":"Request: [2023-10-23 15:49:52] GET:/v1/customer/product/by-location/6530f77e1bd64c24544273f8  ::1"},
{"level":"INFO","timestamp":"2023-10-23 15:49:56","message":"Request: [2023-10-23 15:49:56] GET:/v1/customer/product/by-location/652fc64e17aed54aa2b0cc0f  ::1"},
{"level":"INFO","timestamp":"2023-10-23 15:50:22","message":"Request: [2023-10-23 15:50:22] GET:/v1/customer/product/by-location/6530f7991bd64c245442740b  ::1"},
{"level":"INFO","timestamp":"2023-10-23 15:51:19","message":"Request: [2023-10-23 15:51:19] GET:/v1/customer/product/by-location/652fc64e17aed54aa2b0cc0f  ::1"},
{"level":"INFO","timestamp":"2023-10-23 15:52:14","message":"Request: [2023-10-23 15:52:14] GET:/v1/auth/user  ::1"},
{"level":"INFO","timestamp":"2023-10-23 15:52:15","message":"Request: [2023-10-23 15:52:15] GET:/v1/configuration/menu-list  ::1"},
{"level":"INFO","timestamp":"2023-10-23 15:52:15","message":"Request: [2023-10-23 15:52:15] GET:/v1/permissions/permissions?roles=[%22651e39643b11b8189ed93ba3%22]  ::1"},
{"level":"INFO","timestamp":"2023-10-23 15:52:15","message":"Request: [2023-10-23 15:52:15] GET:/v1/location/admin  ::1"},
{"level":"INFO","timestamp":"2023-10-23 15:52:15","message":"Request: [2023-10-23 15:52:15] GET:/v1/product  ::1"},
{"level":"INFO","timestamp":"2023-10-23 15:52:15","message":"Request: [2023-10-23 15:52:15] GET:/v1/customer  ::1"},
{"level":"INFO","timestamp":"2023-10-23 15:54:20","message":"Request: [2023-10-23 15:54:20] GET:/v1/auth/user  ::1"},
{"level":"INFO","timestamp":"2023-10-23 15:54:21","message":"Request: [2023-10-23 15:54:21] GET:/v1/configuration/menu-list  ::1"},
{"level":"INFO","timestamp":"2023-10-23 15:54:21","message":"Request: [2023-10-23 15:54:21] GET:/v1/permissions/permissions?roles=[%22651e39643b11b8189ed93ba3%22]  ::1"},
{"level":"INFO","timestamp":"2023-10-23 15:54:22","message":"Request: [2023-10-23 15:54:22] GET:/v1/location/admin  ::1"},
{"level":"INFO","timestamp":"2023-10-23 15:54:22","message":"Request: [2023-10-23 15:54:22] GET:/v1/customer  ::1"},
{"level":"INFO","timestamp":"2023-10-23 15:54:22","message":"Request: [2023-10-23 15:54:22] GET:/v1/product  ::1"},
{"level":"INFO","timestamp":"2023-10-23 15:54:26","message":"Request: [2023-10-23 15:54:26] GET:/v1/customer/product/by-location/6530f7991bd64c245442740b  ::1"},
{"level":"INFO","timestamp":"2023-10-23 15:54:31","message":"Request: [2023-10-23 15:54:31] GET:/v1/customer/product/by-location/6530f77e1bd64c24544273f8  ::1"},
{"level":"INFO","timestamp":"2023-10-23 15:55:37","message":"Request: [2023-10-23 15:55:37] GET:/v1/auth/user  ::1"},
{"level":"INFO","timestamp":"2023-10-23 15:55:37","message":"Request: [2023-10-23 15:55:37] GET:/v1/configuration/menu-list  ::1"},
{"level":"INFO","timestamp":"2023-10-23 15:55:37","message":"Request: [2023-10-23 15:55:37] GET:/v1/permissions/permissions?roles=[%22651e39643b11b8189ed93ba3%22]  ::1"},
{"level":"INFO","timestamp":"2023-10-23 15:55:38","message":"Request: [2023-10-23 15:55:38] GET:/v1/location/admin  ::1"},
{"level":"INFO","timestamp":"2023-10-23 15:55:38","message":"Request: [2023-10-23 15:55:38] GET:/v1/customer  ::1"},
{"level":"INFO","timestamp":"2023-10-23 15:55:38","message":"Request: [2023-10-23 15:55:38] GET:/v1/product  ::1"},
{"level":"INFO","timestamp":"2023-10-23 15:55:41","message":"Request: [2023-10-23 15:55:41] GET:/v1/customer/product/by-location/6530f7991bd64c245442740b  ::1"},
{"level":"INFO","timestamp":"2023-10-23 15:55:44","message":"Request: [2023-10-23 15:55:44] GET:/v1/customer/product/by-customer/6530f8201bd64c2454427455  ::1"},
{"level":"ERROR","timestamp":"2023-10-23 15:55:44","message":"TypeError: Cannot read properties of undefined (reading 'length')\n    at getCustomerProduct (/Users/dr.mac/apps/e-logistics-backend/Controllers/customer.product.mapping.js:199:19)\n    at processTicksAndRejections (node:internal/process/task_queues:96:5)"},
{"level":"INFO","timestamp":"2023-10-23 15:55:47","message":"Request: [2023-10-23 15:55:47] GET:/v1/customer/product/by-customer/6530f7f41bd64c2454427430  ::1"},
{"level":"ERROR","timestamp":"2023-10-23 15:55:47","message":"TypeError: Cannot read properties of undefined (reading 'length')\n    at getCustomerProduct (/Users/dr.mac/apps/e-logistics-backend/Controllers/customer.product.mapping.js:199:19)\n    at processTicksAndRejections (node:internal/process/task_queues:96:5)"},
{"level":"INFO","timestamp":"2023-10-23 15:55:53","message":"Request: [2023-10-23 15:55:53] GET:/v1/customer/product/by-location/6530f77e1bd64c24544273f8  ::1"},
{"level":"INFO","timestamp":"2023-10-23 15:55:55","message":"Request: [2023-10-23 15:55:55] GET:/v1/customer/product/by-customer/6530f8201bd64c2454427455  ::1"},
{"level":"ERROR","timestamp":"2023-10-23 15:55:55","message":"TypeError: Cannot read properties of undefined (reading 'length')\n    at getCustomerProduct (/Users/dr.mac/apps/e-logistics-backend/Controllers/customer.product.mapping.js:199:19)\n    at processTicksAndRejections (node:internal/process/task_queues:96:5)"},
{"level":"INFO","timestamp":"2023-10-23 15:56:01","message":"Request: [2023-10-23 15:56:01] GET:/v1/customer/product/by-customer/6530f7f41bd64c2454427430  ::1"},
{"level":"ERROR","timestamp":"2023-10-23 15:56:01","message":"TypeError: Cannot read properties of undefined (reading 'length')\n    at getCustomerProduct (/Users/dr.mac/apps/e-logistics-backend/Controllers/customer.product.mapping.js:199:19)\n    at processTicksAndRejections (node:internal/process/task_queues:96:5)"},
{"level":"INFO","timestamp":"2023-10-23 15:57:58","message":"Request: [2023-10-23 15:57:58] GET:/v1/auth/user  ::1"},
{"level":"INFO","timestamp":"2023-10-23 15:57:59","message":"Request: [2023-10-23 15:57:59] GET:/v1/configuration/menu-list  ::1"},
{"level":"INFO","timestamp":"2023-10-23 15:57:59","message":"Request: [2023-10-23 15:57:59] GET:/v1/permissions/permissions?roles=[%22651e39643b11b8189ed93ba3%22]  ::1"},
{"level":"INFO","timestamp":"2023-10-23 15:57:59","message":"Request: [2023-10-23 15:57:59] GET:/v1/location/admin  ::1"},
{"level":"INFO","timestamp":"2023-10-23 15:57:59","message":"Request: [2023-10-23 15:57:59] GET:/v1/customer  ::1"},
{"level":"INFO","timestamp":"2023-10-23 15:57:59","message":"Request: [2023-10-23 15:57:59] GET:/v1/product  ::1"},
{"level":"INFO","timestamp":"2023-10-23 15:58:02","message":"Request: [2023-10-23 15:58:02] GET:/v1/customer/product/by-location/652fc64e17aed54aa2b0cc0f  ::1"},
{"level":"INFO","timestamp":"2023-10-23 15:58:04","message":"Request: [2023-10-23 15:58:04] GET:/v1/customer/product/by-customer/652fc6a317aed54aa2b0cc2d  ::1"},
{"level":"INFO","timestamp":"2023-10-23 15:59:38","message":"Request: [2023-10-23 15:59:38] GET:/v1/customer/product/by-location/6530f7991bd64c245442740b  ::1"},
{"level":"INFO","timestamp":"2023-10-23 15:59:41","message":"Request: [2023-10-23 15:59:41] GET:/v1/customer/product/by-customer/6530f8201bd64c2454427455  ::1"},
{"level":"INFO","timestamp":"2023-10-23 15:59:44","message":"Request: [2023-10-23 15:59:44] GET:/v1/auth/user  ::1"},
{"level":"INFO","timestamp":"2023-10-23 15:59:45","message":"Request: [2023-10-23 15:59:45] GET:/v1/configuration/menu-list  ::1"},
{"level":"INFO","timestamp":"2023-10-23 15:59:45","message":"Request: [2023-10-23 15:59:45] GET:/v1/permissions/permissions?roles=[%22651e39643b11b8189ed93ba3%22]  ::1"},
{"level":"INFO","timestamp":"2023-10-23 15:59:45","message":"Request: [2023-10-23 15:59:45] GET:/v1/location/admin  ::1"},
{"level":"INFO","timestamp":"2023-10-23 15:59:45","message":"Request: [2023-10-23 15:59:45] GET:/v1/customer  ::1"},
{"level":"INFO","timestamp":"2023-10-23 15:59:45","message":"Request: [2023-10-23 15:59:45] GET:/v1/product  ::1"},
{"level":"INFO","timestamp":"2023-10-23 15:59:48","message":"Request: [2023-10-23 15:59:48] GET:/v1/customer/product/by-location/652fc64e17aed54aa2b0cc0f  ::1"},
{"level":"INFO","timestamp":"2023-10-23 15:59:50","message":"Request: [2023-10-23 15:59:50] GET:/v1/customer/product/by-customer/652fc6a317aed54aa2b0cc2d  ::1"},
{"level":"INFO","timestamp":"2023-10-23 16:04:10","message":"Request: [2023-10-23 16:04:10] GET:/v1/customer/product/by-location/6530f7991bd64c245442740b  ::1"},
{"level":"INFO","timestamp":"2023-10-23 16:04:14","message":"Request: [2023-10-23 16:04:14] GET:/v1/customer/product/by-customer/6530f8201bd64c2454427455  ::1"},
{"level":"INFO","timestamp":"2023-10-23 16:05:21","message":"Request: [2023-10-23 16:05:21] GET:/v1/auth/user  ::1"},
{"level":"INFO","timestamp":"2023-10-23 16:05:21","message":"Request: [2023-10-23 16:05:21] GET:/v1/configuration/menu-list  ::1"},
{"level":"INFO","timestamp":"2023-10-23 16:05:21","message":"Request: [2023-10-23 16:05:21] GET:/v1/permissions/permissions?roles=[%22651e39643b11b8189ed93ba3%22]  ::1"},
{"level":"INFO","timestamp":"2023-10-23 16:05:21","message":"Request: [2023-10-23 16:05:21] GET:/v1/location/admin  ::1"},
{"level":"INFO","timestamp":"2023-10-23 16:05:21","message":"Request: [2023-10-23 16:05:21] GET:/v1/customer  ::1"},
{"level":"INFO","timestamp":"2023-10-23 16:05:21","message":"Request: [2023-10-23 16:05:21] GET:/v1/product  ::1"},
{"level":"INFO","timestamp":"2023-10-23 16:05:28","message":"Request: [2023-10-23 16:05:28] GET:/v1/customer/product/by-location/6530f77e1bd64c24544273f8  ::1"},
{"level":"INFO","timestamp":"2023-10-23 16:05:31","message":"Request: [2023-10-23 16:05:31] GET:/v1/customer/product/by-location/6530f7991bd64c245442740b  ::1"},
{"level":"INFO","timestamp":"2023-10-23 16:06:07","message":"Request: [2023-10-23 16:06:07] GET:/v1/customer/product/by-location/6530f77e1bd64c24544273f8  ::1"},
{"level":"INFO","timestamp":"2023-10-23 16:06:10","message":"Request: [2023-10-23 16:06:10] GET:/v1/customer/product/by-location/6530f7991bd64c245442740b  ::1"},
{"level":"INFO","timestamp":"2023-10-23 16:08:09","message":"Request: [2023-10-23 16:08:09] GET:/v1/auth/user  ::1"},
{"level":"INFO","timestamp":"2023-10-23 16:08:10","message":"Request: [2023-10-23 16:08:10] GET:/v1/configuration/menu-list  ::1"},
{"level":"INFO","timestamp":"2023-10-23 16:08:10","message":"Request: [2023-10-23 16:08:10] GET:/v1/permissions/permissions?roles=[%22651e39643b11b8189ed93ba3%22]  ::1"},
{"level":"INFO","timestamp":"2023-10-23 16:08:11","message":"Request: [2023-10-23 16:08:11] GET:/v1/location/admin  ::1"},
{"level":"INFO","timestamp":"2023-10-23 16:08:11","message":"Request: [2023-10-23 16:08:11] GET:/v1/customer  ::1"},
{"level":"INFO","timestamp":"2023-10-23 16:08:11","message":"Request: [2023-10-23 16:08:11] GET:/v1/product  ::1"},
{"level":"INFO","timestamp":"2023-10-23 16:08:21","message":"Request: [2023-10-23 16:08:21] GET:/v1/customer/product/by-location/6530f7991bd64c245442740b  ::1"},
{"level":"INFO","timestamp":"2023-10-23 16:08:30","message":"Request: [2023-10-23 16:08:30] GET:/v1/customer/product/by-customer/6530f8201bd64c2454427455  ::1"},
{"level":"INFO","timestamp":"2023-10-23 16:11:11","message":"Request: [2023-10-23 16:11:11] GET:/v1/auth/user  ::1"},
{"level":"INFO","timestamp":"2023-10-23 16:11:11","message":"Request: [2023-10-23 16:11:11] GET:/v1/configuration/menu-list  ::1"},
{"level":"INFO","timestamp":"2023-10-23 16:11:11","message":"Request: [2023-10-23 16:11:11] GET:/v1/permissions/permissions?roles=[%22651e39643b11b8189ed93ba3%22]  ::1"},
{"level":"INFO","timestamp":"2023-10-23 16:11:12","message":"Request: [2023-10-23 16:11:12] GET:/v1/location/admin  ::1"},
{"level":"INFO","timestamp":"2023-10-23 16:11:12","message":"Request: [2023-10-23 16:11:12] GET:/v1/customer  ::1"},
{"level":"INFO","timestamp":"2023-10-23 16:11:12","message":"Request: [2023-10-23 16:11:12] GET:/v1/product  ::1"},
{"level":"INFO","timestamp":"2023-10-23 16:11:18","message":"Request: [2023-10-23 16:11:18] GET:/v1/customer/product/by-location/6530f7991bd64c245442740b  ::1"},
{"level":"INFO","timestamp":"2023-10-23 16:11:21","message":"Request: [2023-10-23 16:11:21] GET:/v1/customer/product/by-customer/6530f8201bd64c2454427455  ::1"},
{"level":"INFO","timestamp":"2023-10-23 16:14:07","message":"Request: [2023-10-23 16:14:07] GET:/v1/auth/user  ::1"},
{"level":"INFO","timestamp":"2023-10-23 16:14:08","message":"Request: [2023-10-23 16:14:08] GET:/v1/configuration/menu-list  ::1"},
{"level":"INFO","timestamp":"2023-10-23 16:14:08","message":"Request: [2023-10-23 16:14:08] GET:/v1/permissions/permissions?roles=[%22651e39643b11b8189ed93ba3%22]  ::1"},
{"level":"INFO","timestamp":"2023-10-23 16:14:09","message":"Request: [2023-10-23 16:14:09] GET:/v1/location/admin  ::1"},
{"level":"INFO","timestamp":"2023-10-23 16:14:09","message":"Request: [2023-10-23 16:14:09] GET:/v1/customer  ::1"},
{"level":"INFO","timestamp":"2023-10-23 16:14:09","message":"Request: [2023-10-23 16:14:09] GET:/v1/product  ::1"},
{"level":"INFO","timestamp":"2023-10-23 16:14:15","message":"Request: [2023-10-23 16:14:15] GET:/v1/customer/product/by-location/6530f7991bd64c245442740b  ::1"},
{"level":"INFO","timestamp":"2023-10-23 16:14:17","message":"Request: [2023-10-23 16:14:17] GET:/v1/customer/product/by-customer/6530f8201bd64c2454427455  ::1"},
{"level":"INFO","timestamp":"2023-10-23 16:19:19","message":"Request: [2023-10-23 16:19:19] GET:/v1/auth/user  ::1"},
{"level":"INFO","timestamp":"2023-10-23 16:19:19","message":"Request: [2023-10-23 16:19:19] GET:/v1/configuration/menu-list  ::1"},
{"level":"INFO","timestamp":"2023-10-23 16:19:19","message":"Request: [2023-10-23 16:19:19] GET:/v1/permissions/permissions?roles=[%22651e39643b11b8189ed93ba3%22]  ::1"},
{"level":"INFO","timestamp":"2023-10-23 16:19:20","message":"Request: [2023-10-23 16:19:20] GET:/v1/location/admin  ::1"},
{"level":"INFO","timestamp":"2023-10-23 16:19:20","message":"Request: [2023-10-23 16:19:20] GET:/v1/customer  ::1"},
{"level":"INFO","timestamp":"2023-10-23 16:19:20","message":"Request: [2023-10-23 16:19:20] GET:/v1/product  ::1"},
{"level":"INFO","timestamp":"2023-10-23 16:19:23","message":"Request: [2023-10-23 16:19:23] GET:/v1/customer/product/by-location/6530f7991bd64c245442740b  ::1"},
{"level":"INFO","timestamp":"2023-10-23 16:19:25","message":"Request: [2023-10-23 16:19:25] GET:/v1/customer/product/by-customer/6530f8201bd64c2454427455  ::1"},
{"level":"INFO","timestamp":"2023-10-23 16:19:56","message":"Request: [2023-10-23 16:19:56] GET:/v1/auth/user  ::1"},
{"level":"INFO","timestamp":"2023-10-23 16:19:56","message":"Request: [2023-10-23 16:19:56] GET:/v1/configuration/menu-list  ::1"},
{"level":"INFO","timestamp":"2023-10-23 16:19:56","message":"Request: [2023-10-23 16:19:56] GET:/v1/permissions/permissions?roles=[%22651e39643b11b8189ed93ba3%22]  ::1"},
{"level":"INFO","timestamp":"2023-10-23 16:19:57","message":"Request: [2023-10-23 16:19:57] GET:/v1/location/admin  ::1"},
{"level":"INFO","timestamp":"2023-10-23 16:19:57","message":"Request: [2023-10-23 16:19:57] GET:/v1/customer  ::1"},
{"level":"INFO","timestamp":"2023-10-23 16:19:57","message":"Request: [2023-10-23 16:19:57] GET:/v1/product  ::1"},
{"level":"INFO","timestamp":"2023-10-23 16:20:23","message":"Request: [2023-10-23 16:20:23] GET:/v1/customer/product/by-location/6530f77e1bd64c24544273f8  ::1"},
{"level":"INFO","timestamp":"2023-10-23 16:20:25","message":"Request: [2023-10-23 16:20:25] GET:/v1/customer/product/by-customer/6530f8201bd64c2454427455  ::1"},
{"level":"INFO","timestamp":"2023-10-23 16:20:49","message":"Request: [2023-10-23 16:20:49] GET:/v1/auth/user  ::1"},
{"level":"INFO","timestamp":"2023-10-23 16:20:54","message":"Request: [2023-10-23 16:20:54] GET:/v1/auth/user  ::1"},
{"level":"INFO","timestamp":"2023-10-23 16:20:55","message":"Request: [2023-10-23 16:20:55] GET:/v1/permissions/permissions?roles=[%22651e39643b11b8189ed93ba3%22]  ::1"},
{"level":"INFO","timestamp":"2023-10-23 16:20:55","message":"Request: [2023-10-23 16:20:55] GET:/v1/configuration/menu-list  ::1"},
{"level":"INFO","timestamp":"2023-10-23 16:20:55","message":"Request: [2023-10-23 16:20:55] GET:/v1/permissions/permissions?roles=[%22651e39643b11b8189ed93ba3%22]  ::1"},
{"level":"INFO","timestamp":"2023-10-23 16:21:01","message":"Request: [2023-10-23 16:21:01] GET:/v1/permissions/permissions?roles=[%22651e39643b11b8189ed93ba3%22]  ::1"},
{"level":"INFO","timestamp":"2023-10-23 16:21:01","message":"Request: [2023-10-23 16:21:01] GET:/v1/yard?client=651e39643b11b8189ed93b9d  ::1"},
{"level":"INFO","timestamp":"2023-10-23 16:21:01","message":"Request: [2023-10-23 16:21:01] GET:/v1/roles  ::1"},
{"level":"INFO","timestamp":"2023-10-23 16:21:03","message":"Request: [2023-10-23 16:21:03] GET:/v1/location/admin  ::1"},
{"level":"INFO","timestamp":"2023-10-23 16:21:03","message":"Request: [2023-10-23 16:21:03] GET:/v1/customer  ::1"},
{"level":"INFO","timestamp":"2023-10-23 16:21:03","message":"Request: [2023-10-23 16:21:03] GET:/v1/product  ::1"},
{"level":"INFO","timestamp":"2023-10-23 16:21:08","message":"Request: [2023-10-23 16:21:08] GET:/v1/customer/product/by-location/6530f7991bd64c245442740b  ::1"},
{"level":"INFO","timestamp":"2023-10-23 16:21:13","message":"Request: [2023-10-23 16:21:13] GET:/v1/customer/product/by-customer/6530f8201bd64c2454427455  ::1"},
{"level":"INFO","timestamp":"2023-10-23 16:21:55","message":"Request: [2023-10-23 16:21:55] GET:/v1/auth/user  ::1"},
{"level":"INFO","timestamp":"2023-10-23 16:21:56","message":"Request: [2023-10-23 16:21:56] GET:/v1/configuration/menu-list  ::1"},
{"level":"INFO","timestamp":"2023-10-23 16:21:56","message":"Request: [2023-10-23 16:21:56] GET:/v1/permissions/permissions?roles=[%22651e39643b11b8189ed93ba3%22]  ::1"},
{"level":"INFO","timestamp":"2023-10-23 16:21:57","message":"Request: [2023-10-23 16:21:57] GET:/v1/location/admin  ::1"},
{"level":"INFO","timestamp":"2023-10-23 16:21:57","message":"Request: [2023-10-23 16:21:57] GET:/v1/customer  ::1"},
{"level":"INFO","timestamp":"2023-10-23 16:21:57","message":"Request: [2023-10-23 16:21:57] GET:/v1/product  ::1"},
{"level":"INFO","timestamp":"2023-10-23 16:22:06","message":"Request: [2023-10-23 16:22:06] GET:/v1/customer/product/by-location/6530f7991bd64c245442740b  ::1"},
{"level":"INFO","timestamp":"2023-10-23 16:22:09","message":"Request: [2023-10-23 16:22:09] GET:/v1/customer/product/by-customer/6530f7f41bd64c2454427430  ::1"},
{"level":"INFO","timestamp":"2023-10-23 16:22:14","message":"Request: [2023-10-23 16:22:14] GET:/v1/customer/product/by-customer/6530f8201bd64c2454427455  ::1"},
{"level":"INFO","timestamp":"2023-10-23 16:22:17","message":"Request: [2023-10-23 16:22:17] GET:/v1/customer/product/by-location/652fc64e17aed54aa2b0cc0f  ::1"},
{"level":"INFO","timestamp":"2023-10-23 16:22:19","message":"Request: [2023-10-23 16:22:19] GET:/v1/customer/product/by-customer/652fc6a317aed54aa2b0cc2d  ::1"},
{"level":"INFO","timestamp":"2023-10-23 16:22:24","message":"Request: [2023-10-23 16:22:24] GET:/v1/customer/product/by-location/6530f77e1bd64c24544273f8  ::1"},
{"level":"INFO","timestamp":"2023-10-23 16:22:28","message":"Request: [2023-10-23 16:22:28] GET:/v1/customer/product/by-customer/6530f8201bd64c2454427455  ::1"},
{"level":"INFO","timestamp":"2023-10-23 16:33:06","message":"Request: [2023-10-23 16:33:06] GET:/v1/customer/product/by-customer/6530f7f41bd64c2454427430  ::1"},
{"level":"INFO","timestamp":"2023-10-23 16:33:18","message":"Request: [2023-10-23 16:33:18] GET:/v1/permissions/permissions?roles=[%22651e39643b11b8189ed93ba3%22]  ::1"},
{"level":"INFO","timestamp":"2023-10-23 16:33:18","message":"Request: [2023-10-23 16:33:18] GET:/v1/customer  ::1"},
{"level":"INFO","timestamp":"2023-10-23 16:33:18","message":"Request: [2023-10-23 16:33:18] GET:/v1/product  ::1"},
{"level":"INFO","timestamp":"2023-10-23 16:33:18","message":"Request: [2023-10-23 16:33:18] GET:/v1/customer/product  ::1"},
{"level":"INFO","timestamp":"2023-10-23 16:37:03","message":"Request: [2023-10-23 16:37:03] GET:/v1/permissions/permissions?roles=[%22651e39643b11b8189ed93ba3%22]  ::1"},
{"level":"INFO","timestamp":"2023-10-23 16:37:03","message":"Request: [2023-10-23 16:37:03] GET:/v1/roles  ::1"},
{"level":"INFO","timestamp":"2023-10-23 16:37:03","message":"Request: [2023-10-23 16:37:03] GET:/v1/yard?client=651e39643b11b8189ed93b9d  ::1"},
{"level":"INFO","timestamp":"2023-10-23 16:37:11","message":"Request: [2023-10-23 16:37:11] GET:/v1/auth/user  ::1"},
{"level":"INFO","timestamp":"2023-10-23 16:37:12","message":"Request: [2023-10-23 16:37:12] GET:/v1/configuration/menu-list  ::1"},
{"level":"INFO","timestamp":"2023-10-23 16:37:12","message":"Request: [2023-10-23 16:37:12] GET:/v1/permissions/permissions?roles=[%22651e39643b11b8189ed93ba3%22]  ::1"},
{"level":"INFO","timestamp":"2023-10-23 16:37:22","message":"Request: [2023-10-23 16:37:22] GET:/v1/auth/user  ::1"},
{"level":"INFO","timestamp":"2023-10-23 16:37:23","message":"Request: [2023-10-23 16:37:23] GET:/v1/configuration/menu-list  ::1"},
{"level":"INFO","timestamp":"2023-10-23 16:37:23","message":"Request: [2023-10-23 16:37:23] GET:/v1/permissions/permissions?roles=[%22651e39643b11b8189ed93ba3%22]  ::1"},
{"level":"INFO","timestamp":"2023-10-23 16:38:29","message":"Request: [2023-10-23 16:38:29] GET:/v1/auth/user  ::1"},
{"level":"INFO","timestamp":"2023-10-23 16:38:30","message":"Request: [2023-10-23 16:38:30] GET:/v1/configuration/menu-list  ::1"},
{"level":"INFO","timestamp":"2023-10-23 16:38:30","message":"Request: [2023-10-23 16:38:30] GET:/v1/permissions/permissions?roles=[%22651e39643b11b8189ed93ba3%22]  ::1"},
{"level":"INFO","timestamp":"2023-10-23 16:38:30","message":"Request: [2023-10-23 16:38:30] GET:/v1/location/admin  ::1"},
{"level":"INFO","timestamp":"2023-10-23 16:38:31","message":"Request: [2023-10-23 16:38:31] GET:/v1/customer  ::1"},
{"level":"INFO","timestamp":"2023-10-23 16:38:31","message":"Request: [2023-10-23 16:38:31] GET:/v1/product  ::1"},
{"level":"INFO","timestamp":"2023-10-23 16:38:35","message":"Request: [2023-10-23 16:38:35] GET:/v1/auth/user  ::1"},
{"level":"INFO","timestamp":"2023-10-23 16:38:36","message":"Request: [2023-10-23 16:38:36] GET:/v1/configuration/menu-list  ::1"},
{"level":"INFO","timestamp":"2023-10-23 16:38:36","message":"Request: [2023-10-23 16:38:36] GET:/v1/permissions/permissions?roles=[%22651e39643b11b8189ed93ba3%22]  ::1"},
{"level":"INFO","timestamp":"2023-10-23 16:38:38","message":"Request: [2023-10-23 16:38:38] GET:/v1/location/admin  ::1"},
{"level":"INFO","timestamp":"2023-10-23 16:38:38","message":"Request: [2023-10-23 16:38:38] GET:/v1/customer  ::1"},
{"level":"INFO","timestamp":"2023-10-23 16:38:38","message":"Request: [2023-10-23 16:38:38] GET:/v1/product  ::1"},
{"level":"INFO","timestamp":"2023-10-23 16:38:42","message":"Request: [2023-10-23 16:38:42] GET:/v1/customer/product/by-location/6530f7991bd64c245442740b  ::1"},
{"level":"INFO","timestamp":"2023-10-23 16:38:44","message":"Request: [2023-10-23 16:38:44] GET:/v1/customer/product/by-customer/6530f8201bd64c2454427455  ::1"},
{"level":"INFO","timestamp":"2023-10-23 16:39:42","message":"Request: [2023-10-23 16:39:42] GET:/v1/auth/user  ::1"},
{"level":"INFO","timestamp":"2023-10-23 16:39:44","message":"Request: [2023-10-23 16:39:44] GET:/v1/configuration/menu-list  ::1"},
{"level":"INFO","timestamp":"2023-10-23 16:39:44","message":"Request: [2023-10-23 16:39:44] GET:/v1/permissions/permissions?roles=[%22651e39643b11b8189ed93ba3%22]  ::1"},
{"level":"INFO","timestamp":"2023-10-23 16:39:44","message":"Request: [2023-10-23 16:39:44] GET:/v1/location/admin  ::1"},
{"level":"INFO","timestamp":"2023-10-23 16:39:44","message":"Request: [2023-10-23 16:39:44] GET:/v1/customer  ::1"},
{"level":"INFO","timestamp":"2023-10-23 16:39:44","message":"Request: [2023-10-23 16:39:44] GET:/v1/product  ::1"},
{"level":"INFO","timestamp":"2023-10-23 16:40:05","message":"Request: [2023-10-23 16:40:05] GET:/v1/auth/user  ::1"},
{"level":"INFO","timestamp":"2023-10-23 16:40:05","message":"Request: [2023-10-23 16:40:05] GET:/v1/configuration/menu-list  ::1"},
{"level":"INFO","timestamp":"2023-10-23 16:40:05","message":"Request: [2023-10-23 16:40:05] GET:/v1/permissions/permissions?roles=[%22651e39643b11b8189ed93ba3%22]  ::1"},
{"level":"INFO","timestamp":"2023-10-23 16:40:06","message":"Request: [2023-10-23 16:40:06] GET:/v1/location/admin  ::1"},
{"level":"INFO","timestamp":"2023-10-23 16:40:06","message":"Request: [2023-10-23 16:40:06] GET:/v1/customer  ::1"},
{"level":"INFO","timestamp":"2023-10-23 16:40:06","message":"Request: [2023-10-23 16:40:06] GET:/v1/product  ::1"},
{"level":"INFO","timestamp":"2023-10-23 16:40:12","message":"Request: [2023-10-23 16:40:12] GET:/v1/customer/product/by-location/6530f7991bd64c245442740b  ::1"},
{"level":"INFO","timestamp":"2023-10-23 16:40:14","message":"Request: [2023-10-23 16:40:14] GET:/v1/customer/product/by-customer/6530f7f41bd64c2454427430  ::1"},
{"level":"INFO","timestamp":"2023-10-23 16:40:18","message":"Request: [2023-10-23 16:40:18] GET:/v1/customer/product/by-customer/6530f8201bd64c2454427455  ::1"},
{"level":"INFO","timestamp":"2023-10-23 16:40:21","message":"Request: [2023-10-23 16:40:21] GET:/v1/customer/product/by-customer/6530f7f41bd64c2454427430  ::1"},
{"level":"INFO","timestamp":"2023-10-23 16:40:23","message":"Request: [2023-10-23 16:40:23] GET:/v1/customer/product/by-location/6530f77e1bd64c24544273f8  ::1"},
{"level":"INFO","timestamp":"2023-10-23 16:40:25","message":"Request: [2023-10-23 16:40:25] GET:/v1/customer/product/by-customer/6530f8201bd64c2454427455  ::1"},
{"level":"INFO","timestamp":"2023-10-23 16:40:27","message":"Request: [2023-10-23 16:40:27] GET:/v1/customer/product/by-customer/6530f7f41bd64c2454427430  ::1"},
{"level":"INFO","timestamp":"2023-10-23 16:40:45","message":"Request: [2023-10-23 16:40:45] GET:/v1/customer/product/by-location/6530f7991bd64c245442740b  ::1"},
{"level":"INFO","timestamp":"2023-10-23 16:40:47","message":"Request: [2023-10-23 16:40:47] GET:/v1/customer/product/by-customer/6530f8201bd64c2454427455  ::1"},
{"level":"INFO","timestamp":"2023-10-23 16:42:07","message":"Request: [2023-10-23 16:42:07] GET:/v1/permissions/permissions?roles=[%22651e39643b11b8189ed93ba3%22]  ::1"},
{"level":"INFO","timestamp":"2023-10-23 16:42:07","message":"Request: [2023-10-23 16:42:07] GET:/v1/customer  ::1"},
{"level":"INFO","timestamp":"2023-10-23 16:42:07","message":"Request: [2023-10-23 16:42:07] GET:/v1/product  ::1"},
{"level":"INFO","timestamp":"2023-10-23 16:42:07","message":"Request: [2023-10-23 16:42:07] GET:/v1/customer/product  ::1"},
{"level":"INFO","timestamp":"2023-10-23 16:43:01","message":"Request: [2023-10-23 16:43:01] GET:/v1/auth/user  ::1"},
{"level":"INFO","timestamp":"2023-10-23 16:43:02","message":"Request: [2023-10-23 16:43:02] GET:/v1/configuration/menu-list  ::1"},
{"level":"INFO","timestamp":"2023-10-23 16:43:02","message":"Request: [2023-10-23 16:43:02] GET:/v1/permissions/permissions?roles=[%22651e39643b11b8189ed93ba3%22]  ::1"},
{"level":"INFO","timestamp":"2023-10-23 16:43:03","message":"Request: [2023-10-23 16:43:03] GET:/v1/permissions/permissions?roles=[%22651e39643b11b8189ed93ba3%22]  ::1"},
{"level":"INFO","timestamp":"2023-10-23 16:43:03","message":"Request: [2023-10-23 16:43:03] GET:/v1/customer  ::1"},
{"level":"INFO","timestamp":"2023-10-23 16:43:03","message":"Request: [2023-10-23 16:43:03] GET:/v1/product  ::1"},
{"level":"INFO","timestamp":"2023-10-23 16:43:03","message":"Request: [2023-10-23 16:43:03] GET:/v1/customer/product  ::1"},
{"level":"INFO","timestamp":"2023-10-23 16:43:16","message":"Request: [2023-10-23 16:43:16] POST:/v1/customer/product  ::1"},
{"level":"INFO","timestamp":"2023-10-23 16:43:16","message":"Request: [2023-10-23 16:43:16] GET:/v1/customer/product  ::1"},
{"level":"INFO","timestamp":"2023-10-23 16:43:24","message":"Request: [2023-10-23 16:43:24] GET:/v1/product  ::1"},
{"level":"INFO","timestamp":"2023-10-23 16:43:29","message":"Request: [2023-10-23 16:43:29] GET:/v1/permissions/permissions?roles=[%22651e39643b11b8189ed93ba3%22]  ::1"},
{"level":"INFO","timestamp":"2023-10-23 16:43:29","message":"Request: [2023-10-23 16:43:29] GET:/v1/yard?client=651e39643b11b8189ed93b9d  ::1"},
{"level":"INFO","timestamp":"2023-10-23 16:43:29","message":"Request: [2023-10-23 16:43:29] GET:/v1/roles  ::1"},
{"level":"INFO","timestamp":"2023-10-23 16:43:32","message":"Request: [2023-10-23 16:43:32] GET:/v1/location/admin  ::1"},
{"level":"INFO","timestamp":"2023-10-23 16:43:32","message":"Request: [2023-10-23 16:43:32] GET:/v1/customer  ::1"},
{"level":"INFO","timestamp":"2023-10-23 16:43:32","message":"Request: [2023-10-23 16:43:32] GET:/v1/product  ::1"},
{"level":"INFO","timestamp":"2023-10-23 16:43:35","message":"Request: [2023-10-23 16:43:35] GET:/v1/customer/product/by-location/6530f7991bd64c245442740b  ::1"},
{"level":"INFO","timestamp":"2023-10-23 16:43:38","message":"Request: [2023-10-23 16:43:38] GET:/v1/customer/product/by-customer/6530f7f41bd64c2454427430  ::1"},
{"level":"INFO","timestamp":"2023-10-23 16:45:17","message":"Request: [2023-10-23 16:45:17] GET:/v1/customer/product/by-location/6530f77e1bd64c24544273f8  ::1"},
{"level":"INFO","timestamp":"2023-10-23 16:47:14","message":"Request: [2023-10-23 16:47:14] GET:/v1/location/admin  ::1"},
{"level":"INFO","timestamp":"2023-10-23 16:47:14","message":"Request: [2023-10-23 16:47:14] GET:/v1/customer  ::1"},
{"level":"INFO","timestamp":"2023-10-23 16:47:14","message":"Request: [2023-10-23 16:47:14] GET:/v1/product  ::1"},
{"level":"INFO","timestamp":"2023-10-23 16:47:22","message":"Request: [2023-10-23 16:47:22] GET:/v1/auth/user  ::1"},
{"level":"INFO","timestamp":"2023-10-23 16:47:22","message":"Request: [2023-10-23 16:47:22] GET:/v1/configuration/menu-list  ::1"},
{"level":"INFO","timestamp":"2023-10-23 16:47:22","message":"Request: [2023-10-23 16:47:22] GET:/v1/permissions/permissions?roles=[%22651e39643b11b8189ed93ba3%22]  ::1"},
{"level":"INFO","timestamp":"2023-10-23 16:47:23","message":"Request: [2023-10-23 16:47:23] GET:/v1/location/admin  ::1"},
{"level":"INFO","timestamp":"2023-10-23 16:47:23","message":"Request: [2023-10-23 16:47:23] GET:/v1/customer  ::1"},
{"level":"INFO","timestamp":"2023-10-23 16:47:23","message":"Request: [2023-10-23 16:47:23] GET:/v1/product  ::1"},
{"level":"INFO","timestamp":"2023-10-23 16:47:28","message":"Request: [2023-10-23 16:47:28] GET:/v1/customer/product/by-location/6530f7991bd64c245442740b  ::1"},
{"level":"INFO","timestamp":"2023-10-23 16:47:30","message":"Request: [2023-10-23 16:47:30] GET:/v1/customer/product/by-customer/6530f7f41bd64c2454427430  ::1"},
{"level":"INFO","timestamp":"2023-10-23 16:48:16","message":"Request: [2023-10-23 16:48:16] GET:/v1/auth/user  ::1"},
{"level":"INFO","timestamp":"2023-10-23 16:48:17","message":"Request: [2023-10-23 16:48:17] GET:/v1/configuration/menu-list  ::1"},
{"level":"INFO","timestamp":"2023-10-23 16:48:17","message":"Request: [2023-10-23 16:48:17] GET:/v1/permissions/permissions?roles=[%22651e39643b11b8189ed93ba3%22]  ::1"},
{"level":"INFO","timestamp":"2023-10-23 16:48:17","message":"Request: [2023-10-23 16:48:17] GET:/v1/location/admin  ::1"},
{"level":"INFO","timestamp":"2023-10-23 16:48:17","message":"Request: [2023-10-23 16:48:17] GET:/v1/customer  ::1"},
{"level":"INFO","timestamp":"2023-10-23 16:48:17","message":"Request: [2023-10-23 16:48:17] GET:/v1/product  ::1"},
{"level":"INFO","timestamp":"2023-10-23 16:48:22","message":"Request: [2023-10-23 16:48:22] GET:/v1/customer/product/by-location/6530f7991bd64c245442740b  ::1"},
{"level":"INFO","timestamp":"2023-10-23 16:49:06","message":"Request: [2023-10-23 16:49:06] GET:/v1/auth/user  ::1"},
{"level":"INFO","timestamp":"2023-10-23 16:49:06","message":"Request: [2023-10-23 16:49:06] GET:/v1/configuration/menu-list  ::1"},
{"level":"INFO","timestamp":"2023-10-23 16:49:06","message":"Request: [2023-10-23 16:49:06] GET:/v1/permissions/permissions?roles=[%22651e39643b11b8189ed93ba3%22]  ::1"},
{"level":"INFO","timestamp":"2023-10-23 16:49:07","message":"Request: [2023-10-23 16:49:07] GET:/v1/location/admin  ::1"},
{"level":"INFO","timestamp":"2023-10-23 16:49:07","message":"Request: [2023-10-23 16:49:07] GET:/v1/customer  ::1"},
{"level":"INFO","timestamp":"2023-10-23 16:49:07","message":"Request: [2023-10-23 16:49:07] GET:/v1/product  ::1"},
{"level":"INFO","timestamp":"2023-10-23 16:49:13","message":"Request: [2023-10-23 16:49:13] GET:/v1/customer/product/by-location/6530f7991bd64c245442740b  ::1"},
{"level":"INFO","timestamp":"2023-10-23 16:49:21","message":"Request: [2023-10-23 16:49:21] GET:/v1/auth/user  ::1"},
{"level":"INFO","timestamp":"2023-10-23 16:49:21","message":"Request: [2023-10-23 16:49:21] GET:/v1/configuration/menu-list  ::1"},
{"level":"INFO","timestamp":"2023-10-23 16:49:21","message":"Request: [2023-10-23 16:49:21] GET:/v1/permissions/permissions?roles=[%22651e39643b11b8189ed93ba3%22]  ::1"},
{"level":"INFO","timestamp":"2023-10-23 16:49:22","message":"Request: [2023-10-23 16:49:22] GET:/v1/location/admin  ::1"},
{"level":"INFO","timestamp":"2023-10-23 16:49:22","message":"Request: [2023-10-23 16:49:22] GET:/v1/customer  ::1"},
{"level":"INFO","timestamp":"2023-10-23 16:49:22","message":"Request: [2023-10-23 16:49:22] GET:/v1/product  ::1"},
{"level":"INFO","timestamp":"2023-10-23 16:49:33","message":"Request: [2023-10-23 16:49:33] GET:/v1/customer/product/by-location/6530f7991bd64c245442740b  ::1"},
{"level":"INFO","timestamp":"2023-10-23 16:50:21","message":"Request: [2023-10-23 16:50:21] GET:/v1/location/admin  ::1"},
{"level":"INFO","timestamp":"2023-10-23 16:50:21","message":"Request: [2023-10-23 16:50:21] GET:/v1/customer  ::1"},
{"level":"INFO","timestamp":"2023-10-23 16:50:21","message":"Request: [2023-10-23 16:50:21] GET:/v1/product  ::1"},
{"level":"INFO","timestamp":"2023-10-23 16:50:48","message":"Request: [2023-10-23 16:50:48] GET:/v1/auth/user  ::1"},
{"level":"INFO","timestamp":"2023-10-23 16:50:48","message":"Request: [2023-10-23 16:50:48] GET:/v1/configuration/menu-list  ::1"},
{"level":"INFO","timestamp":"2023-10-23 16:50:48","message":"Request: [2023-10-23 16:50:48] GET:/v1/permissions/permissions?roles=[%22651e39643b11b8189ed93ba3%22]  ::1"},
{"level":"INFO","timestamp":"2023-10-23 16:50:49","message":"Request: [2023-10-23 16:50:49] GET:/v1/location/admin  ::1"},
{"level":"INFO","timestamp":"2023-10-23 16:50:49","message":"Request: [2023-10-23 16:50:49] GET:/v1/customer  ::1"},
{"level":"INFO","timestamp":"2023-10-23 16:50:49","message":"Request: [2023-10-23 16:50:49] GET:/v1/product  ::1"},
{"level":"INFO","timestamp":"2023-10-23 16:50:58","message":"Request: [2023-10-23 16:50:58] GET:/v1/customer/product/by-location/6530f7991bd64c245442740b  ::1"},
{"level":"INFO","timestamp":"2023-10-23 16:51:00","message":"Request: [2023-10-23 16:51:00] GET:/v1/customer/product/by-customer/6530f7f41bd64c2454427430  ::1"},
{"level":"INFO","timestamp":"2023-10-23 16:52:55","message":"Request: [2023-10-23 16:52:55] GET:/v1/auth/user  ::1"},
{"level":"INFO","timestamp":"2023-10-23 16:52:55","message":"Request: [2023-10-23 16:52:55] GET:/v1/configuration/menu-list  ::1"},
{"level":"INFO","timestamp":"2023-10-23 16:52:55","message":"Request: [2023-10-23 16:52:55] GET:/v1/permissions/permissions?roles=[%22651e39643b11b8189ed93ba3%22]  ::1"},
{"level":"INFO","timestamp":"2023-10-23 16:52:56","message":"Request: [2023-10-23 16:52:56] GET:/v1/location/admin  ::1"},
{"level":"INFO","timestamp":"2023-10-23 16:52:56","message":"Request: [2023-10-23 16:52:56] GET:/v1/customer  ::1"},
{"level":"INFO","timestamp":"2023-10-23 16:52:56","message":"Request: [2023-10-23 16:52:56] GET:/v1/product  ::1"},
{"level":"INFO","timestamp":"2023-10-23 16:53:08","message":"Request: [2023-10-23 16:53:08] GET:/v1/customer/product/by-location/6530f7991bd64c245442740b  ::1"},
{"level":"INFO","timestamp":"2023-10-23 16:53:12","message":"Request: [2023-10-23 16:53:12] GET:/v1/customer/product/by-customer/6530f7f41bd64c2454427430  ::1"},
{"level":"INFO","timestamp":"2023-10-23 16:55:08","message":"Request: [2023-10-23 16:55:08] GET:/v1/location/admin  ::1"},
{"level":"INFO","timestamp":"2023-10-23 16:55:08","message":"Request: [2023-10-23 16:55:08] GET:/v1/customer  ::1"},
{"level":"INFO","timestamp":"2023-10-23 16:55:08","message":"Request: [2023-10-23 16:55:08] GET:/v1/product  ::1"},
{"level":"INFO","timestamp":"2023-10-23 16:55:16","message":"Request: [2023-10-23 16:55:16] GET:/v1/auth/user  ::1"},
{"level":"INFO","timestamp":"2023-10-23 16:55:16","message":"Request: [2023-10-23 16:55:16] GET:/v1/configuration/menu-list  ::1"},
{"level":"INFO","timestamp":"2023-10-23 16:55:16","message":"Request: [2023-10-23 16:55:16] GET:/v1/permissions/permissions?roles=[%22651e39643b11b8189ed93ba3%22]  ::1"},
{"level":"INFO","timestamp":"2023-10-23 16:55:17","message":"Request: [2023-10-23 16:55:17] GET:/v1/location/admin  ::1"},
{"level":"INFO","timestamp":"2023-10-23 16:55:17","message":"Request: [2023-10-23 16:55:17] GET:/v1/customer  ::1"},
{"level":"INFO","timestamp":"2023-10-23 16:55:17","message":"Request: [2023-10-23 16:55:17] GET:/v1/product  ::1"},
{"level":"INFO","timestamp":"2023-10-23 16:55:19","message":"Request: [2023-10-23 16:55:19] GET:/v1/customer/product/by-location/6530f7991bd64c245442740b  ::1"},
{"level":"INFO","timestamp":"2023-10-23 16:55:21","message":"Request: [2023-10-23 16:55:21] GET:/v1/customer/product/by-customer/6530f7f41bd64c2454427430  ::1"},
{"level":"INFO","timestamp":"2023-10-23 16:58:16","message":"Request: [2023-10-23 16:58:16] GET:/v1/location/admin  ::1"},
{"level":"INFO","timestamp":"2023-10-23 16:58:16","message":"Request: [2023-10-23 16:58:16] GET:/v1/customer  ::1"},
{"level":"INFO","timestamp":"2023-10-23 16:58:16","message":"Request: [2023-10-23 16:58:16] GET:/v1/product  ::1"},
{"level":"INFO","timestamp":"2023-10-23 16:58:24","message":"Request: [2023-10-23 16:58:24] GET:/v1/auth/user  ::1"},
{"level":"INFO","timestamp":"2023-10-23 16:58:24","message":"Request: [2023-10-23 16:58:24] GET:/v1/configuration/menu-list  ::1"},
{"level":"INFO","timestamp":"2023-10-23 16:58:24","message":"Request: [2023-10-23 16:58:24] GET:/v1/permissions/permissions?roles=[%22651e39643b11b8189ed93ba3%22]  ::1"},
{"level":"INFO","timestamp":"2023-10-23 16:58:25","message":"Request: [2023-10-23 16:58:25] GET:/v1/location/admin  ::1"},
{"level":"INFO","timestamp":"2023-10-23 16:58:25","message":"Request: [2023-10-23 16:58:25] GET:/v1/customer  ::1"},
{"level":"INFO","timestamp":"2023-10-23 16:58:25","message":"Request: [2023-10-23 16:58:25] GET:/v1/product  ::1"},
{"level":"INFO","timestamp":"2023-10-23 16:58:28","message":"Request: [2023-10-23 16:58:28] GET:/v1/customer/product/by-location/6530f7991bd64c245442740b  ::1"},
{"level":"INFO","timestamp":"2023-10-23 16:58:29","message":"Request: [2023-10-23 16:58:29] GET:/v1/customer/product/by-customer/6530f7f41bd64c2454427430  ::1"},
{"level":"INFO","timestamp":"2023-10-23 17:00:41","message":"Request: [2023-10-23 17:00:41] GET:/v1/auth/user  ::1"},
{"level":"INFO","timestamp":"2023-10-23 17:00:42","message":"Request: [2023-10-23 17:00:42] GET:/v1/configuration/menu-list  ::1"},
{"level":"INFO","timestamp":"2023-10-23 17:00:42","message":"Request: [2023-10-23 17:00:42] GET:/v1/permissions/permissions?roles=[%22651e39643b11b8189ed93ba3%22]  ::1"},
{"level":"INFO","timestamp":"2023-10-23 17:00:42","message":"Request: [2023-10-23 17:00:42] GET:/v1/location/admin  ::1"},
{"level":"INFO","timestamp":"2023-10-23 17:00:42","message":"Request: [2023-10-23 17:00:42] GET:/v1/customer  ::1"},
{"level":"INFO","timestamp":"2023-10-23 17:00:42","message":"Request: [2023-10-23 17:00:42] GET:/v1/product  ::1"},
{"level":"INFO","timestamp":"2023-10-23 17:00:45","message":"Request: [2023-10-23 17:00:45] GET:/v1/customer/product/by-location/6530f7991bd64c245442740b  ::1"},
{"level":"INFO","timestamp":"2023-10-23 17:00:46","message":"Request: [2023-10-23 17:00:46] GET:/v1/customer/product/by-customer/6530f7f41bd64c2454427430  ::1"},
{"level":"INFO","timestamp":"2023-10-23 17:02:56","message":"Request: [2023-10-23 17:02:56] GET:/v1/auth/user  ::1"},
{"level":"INFO","timestamp":"2023-10-23 17:02:57","message":"Request: [2023-10-23 17:02:57] GET:/v1/configuration/menu-list  ::1"},
{"level":"INFO","timestamp":"2023-10-23 17:02:57","message":"Request: [2023-10-23 17:02:57] GET:/v1/permissions/permissions?roles=[%22651e39643b11b8189ed93ba3%22]  ::1"},
{"level":"INFO","timestamp":"2023-10-23 17:02:58","message":"Request: [2023-10-23 17:02:58] GET:/v1/location/admin  ::1"},
{"level":"INFO","timestamp":"2023-10-23 17:02:58","message":"Request: [2023-10-23 17:02:58] GET:/v1/customer  ::1"},
{"level":"INFO","timestamp":"2023-10-23 17:02:58","message":"Request: [2023-10-23 17:02:58] GET:/v1/product  ::1"},
{"level":"INFO","timestamp":"2023-10-23 17:03:00","message":"Request: [2023-10-23 17:03:00] GET:/v1/customer/product/by-location/6530f7991bd64c245442740b  ::1"},
{"level":"INFO","timestamp":"2023-10-23 17:03:02","message":"Request: [2023-10-23 17:03:02] GET:/v1/customer/product/by-customer/6530f7f41bd64c2454427430  ::1"},
{"level":"INFO","timestamp":"2023-10-23 17:05:13","message":"Request: [2023-10-23 17:05:13] GET:/v1/auth/user  ::1"},
{"level":"INFO","timestamp":"2023-10-23 17:05:13","message":"Request: [2023-10-23 17:05:13] GET:/v1/configuration/menu-list  ::1"},
{"level":"INFO","timestamp":"2023-10-23 17:05:13","message":"Request: [2023-10-23 17:05:13] GET:/v1/permissions/permissions?roles=[%22651e39643b11b8189ed93ba3%22]  ::1"},
{"level":"INFO","timestamp":"2023-10-23 17:05:14","message":"Request: [2023-10-23 17:05:14] GET:/v1/location/admin  ::1"},
{"level":"INFO","timestamp":"2023-10-23 17:05:14","message":"Request: [2023-10-23 17:05:14] GET:/v1/customer  ::1"},
{"level":"INFO","timestamp":"2023-10-23 17:05:14","message":"Request: [2023-10-23 17:05:14] GET:/v1/product  ::1"},
{"level":"INFO","timestamp":"2023-10-23 17:05:22","message":"Request: [2023-10-23 17:05:22] GET:/v1/customer/product/by-location/6530f7991bd64c245442740b  ::1"},
{"level":"INFO","timestamp":"2023-10-23 17:05:23","message":"Request: [2023-10-23 17:05:23] GET:/v1/customer/product/by-customer/6530f8201bd64c2454427455  ::1"},
{"level":"INFO","timestamp":"2023-10-23 17:05:27","message":"Request: [2023-10-23 17:05:27] GET:/v1/customer/product/by-customer/6530f7f41bd64c2454427430  ::1"},
{"level":"INFO","timestamp":"2023-10-23 17:12:53","message":"Request: [2023-10-23 17:12:53] POST:/v1/auth/login  ::1"},
{"level":"INFO","timestamp":"2023-10-23 17:12:54","message":"Request: [2023-10-23 17:12:54] GET:/v1/configuration/menu-list  ::1"},
{"level":"INFO","timestamp":"2023-10-23 17:12:54","message":"Request: [2023-10-23 17:12:54] GET:/v1/permissions/permissions?roles=[%22651e39643b11b8189ed93ba3%22]  ::1"},
{"level":"INFO","timestamp":"2023-10-23 17:12:54","message":"Request: [2023-10-23 17:12:54] GET:/v1/permissions/permissions?roles=[%22651e39643b11b8189ed93ba3%22]  ::1"},
{"level":"INFO","timestamp":"2023-10-23 17:13:00","message":"Request: [2023-10-23 17:13:00] GET:/v1/permissions/permissions?roles=[%22651e39643b11b8189ed93ba3%22]  ::1"},
{"level":"INFO","timestamp":"2023-10-23 17:13:00","message":"Request: [2023-10-23 17:13:00] GET:/v1/yard?client=651e39643b11b8189ed93b9d  ::1"},
{"level":"INFO","timestamp":"2023-10-23 17:13:00","message":"Request: [2023-10-23 17:13:00] GET:/v1/roles  ::1"},
{"level":"INFO","timestamp":"2023-10-23 17:13:02","message":"Request: [2023-10-23 17:13:02] GET:/v1/location/admin  ::1"},
{"level":"INFO","timestamp":"2023-10-23 17:13:02","message":"Request: [2023-10-23 17:13:02] GET:/v1/customer  ::1"},
{"level":"INFO","timestamp":"2023-10-23 17:13:02","message":"Request: [2023-10-23 17:13:02] GET:/v1/product  ::1"},
{"level":"INFO","timestamp":"2023-10-23 17:13:06","message":"Request: [2023-10-23 17:13:06] GET:/v1/customer/product/by-location/6530f7991bd64c245442740b  ::1"},
{"level":"INFO","timestamp":"2023-10-23 17:13:08","message":"Request: [2023-10-23 17:13:08] GET:/v1/customer/product/by-customer/6530f7f41bd64c2454427430  ::1"},
{"level":"INFO","timestamp":"2023-10-23 17:16:08","message":"Request: [2023-10-23 17:16:08] GET:/v1/auth/user  ::1"},
{"level":"INFO","timestamp":"2023-10-23 17:16:09","message":"Request: [2023-10-23 17:16:09] GET:/v1/configuration/menu-list  ::1"},
{"level":"INFO","timestamp":"2023-10-23 17:16:09","message":"Request: [2023-10-23 17:16:09] GET:/v1/permissions/permissions?roles=[%22651e39643b11b8189ed93ba3%22]  ::1"},
{"level":"INFO","timestamp":"2023-10-23 17:16:09","message":"Request: [2023-10-23 17:16:09] GET:/v1/location/admin  ::1"},
{"level":"INFO","timestamp":"2023-10-23 17:16:09","message":"Request: [2023-10-23 17:16:09] GET:/v1/customer  ::1"},
{"level":"INFO","timestamp":"2023-10-23 17:16:09","message":"Request: [2023-10-23 17:16:09] GET:/v1/product  ::1"},
{"level":"INFO","timestamp":"2023-10-23 17:16:13","message":"Request: [2023-10-23 17:16:13] GET:/v1/customer/product/by-location/6530f7991bd64c245442740b  ::1"},
{"level":"INFO","timestamp":"2023-10-23 17:16:15","message":"Request: [2023-10-23 17:16:15] GET:/v1/customer/product/by-customer/6530f7f41bd64c2454427430  ::1"},
{"level":"INFO","timestamp":"2023-10-23 17:18:34","message":"Request: [2023-10-23 17:18:34] GET:/v1/auth/user  ::1"},
{"level":"INFO","timestamp":"2023-10-23 17:18:35","message":"Request: [2023-10-23 17:18:35] GET:/v1/permissions/permissions?roles=[%22651e39643b11b8189ed93ba3%22]  ::1"},
{"level":"INFO","timestamp":"2023-10-23 17:18:35","message":"Request: [2023-10-23 17:18:35] GET:/v1/configuration/menu-list  ::1"},
{"level":"INFO","timestamp":"2023-10-23 17:18:35","message":"Request: [2023-10-23 17:18:35] GET:/v1/location/admin  ::1"},
{"level":"INFO","timestamp":"2023-10-23 17:18:35","message":"Request: [2023-10-23 17:18:35] GET:/v1/product  ::1"},
{"level":"INFO","timestamp":"2023-10-23 17:18:35","message":"Request: [2023-10-23 17:18:35] GET:/v1/customer  ::1"},
{"level":"INFO","timestamp":"2023-10-23 17:18:42","message":"Request: [2023-10-23 17:18:42] GET:/v1/customer/product/by-location/6530f7991bd64c245442740b  ::1"},
{"level":"INFO","timestamp":"2023-10-23 17:18:44","message":"Request: [2023-10-23 17:18:44] GET:/v1/customer/product/by-customer/6530f7f41bd64c2454427430  ::1"},
{"level":"INFO","timestamp":"2023-10-23 17:19:48","message":"Request: [2023-10-23 17:19:48] GET:/v1/auth/user  ::1"},
{"level":"INFO","timestamp":"2023-10-23 17:19:49","message":"Request: [2023-10-23 17:19:49] GET:/v1/configuration/menu-list  ::1"},
{"level":"INFO","timestamp":"2023-10-23 17:19:49","message":"Request: [2023-10-23 17:19:49] GET:/v1/permissions/permissions?roles=[%22651e39643b11b8189ed93ba3%22]  ::1"},
{"level":"INFO","timestamp":"2023-10-23 17:19:49","message":"Request: [2023-10-23 17:19:49] GET:/v1/location/admin  ::1"},
{"level":"INFO","timestamp":"2023-10-23 17:19:49","message":"Request: [2023-10-23 17:19:49] GET:/v1/customer  ::1"},
{"level":"INFO","timestamp":"2023-10-23 17:19:49","message":"Request: [2023-10-23 17:19:49] GET:/v1/product  ::1"},
{"level":"INFO","timestamp":"2023-10-23 17:19:56","message":"Request: [2023-10-23 17:19:56] GET:/v1/customer/product/by-location/6530f7991bd64c245442740b  ::1"},
{"level":"INFO","timestamp":"2023-10-23 17:19:58","message":"Request: [2023-10-23 17:19:58] GET:/v1/customer/product/by-customer/6530f7f41bd64c2454427430  ::1"},
{"level":"INFO","timestamp":"2023-10-23 17:21:55","message":"Request: [2023-10-23 17:21:55] GET:/v1/auth/user  ::1"},
{"level":"INFO","timestamp":"2023-10-23 17:21:55","message":"Request: [2023-10-23 17:21:55] GET:/v1/configuration/menu-list  ::1"},
{"level":"INFO","timestamp":"2023-10-23 17:21:55","message":"Request: [2023-10-23 17:21:55] GET:/v1/permissions/permissions?roles=[%22651e39643b11b8189ed93ba3%22]  ::1"},
{"level":"INFO","timestamp":"2023-10-23 17:21:56","message":"Request: [2023-10-23 17:21:56] GET:/v1/location/admin  ::1"},
{"level":"INFO","timestamp":"2023-10-23 17:21:56","message":"Request: [2023-10-23 17:21:56] GET:/v1/customer  ::1"},
{"level":"INFO","timestamp":"2023-10-23 17:21:56","message":"Request: [2023-10-23 17:21:56] GET:/v1/product  ::1"},
{"level":"INFO","timestamp":"2023-10-23 17:21:59","message":"Request: [2023-10-23 17:21:59] GET:/v1/customer/product/by-location/6530f7991bd64c245442740b  ::1"},
{"level":"INFO","timestamp":"2023-10-23 17:22:01","message":"Request: [2023-10-23 17:22:01] GET:/v1/customer/product/by-customer/6530f7f41bd64c2454427430  ::1"},
{"level":"INFO","timestamp":"2023-10-23 17:25:56","message":"Request: [2023-10-23 17:25:56] GET:/v1/auth/user  ::1"},
{"level":"INFO","timestamp":"2023-10-23 17:25:56","message":"Request: [2023-10-23 17:25:56] GET:/v1/configuration/menu-list  ::1"},
{"level":"INFO","timestamp":"2023-10-23 17:25:56","message":"Request: [2023-10-23 17:25:56] GET:/v1/permissions/permissions?roles=[%22651e39643b11b8189ed93ba3%22]  ::1"},
{"level":"INFO","timestamp":"2023-10-23 17:25:57","message":"Request: [2023-10-23 17:25:57] GET:/v1/location/admin  ::1"},
{"level":"INFO","timestamp":"2023-10-23 17:25:57","message":"Request: [2023-10-23 17:25:57] GET:/v1/customer  ::1"},
{"level":"INFO","timestamp":"2023-10-23 17:25:57","message":"Request: [2023-10-23 17:25:57] GET:/v1/product  ::1"},
{"level":"INFO","timestamp":"2023-10-23 17:26:04","message":"Request: [2023-10-23 17:26:04] GET:/v1/customer/product/by-location/6530f7991bd64c245442740b  ::1"},
{"level":"INFO","timestamp":"2023-10-23 17:26:06","message":"Request: [2023-10-23 17:26:06] GET:/v1/customer/product/by-customer/6530f7f41bd64c2454427430  ::1"},
{"level":"INFO","timestamp":"2023-10-23 17:42:10","message":"Request: [2023-10-23 17:42:10] GET:/v1/auth/user  ::1"},
{"level":"INFO","timestamp":"2023-10-23 17:42:12","message":"Request: [2023-10-23 17:42:12] GET:/v1/configuration/menu-list  ::1"},
{"level":"INFO","timestamp":"2023-10-23 17:42:12","message":"Request: [2023-10-23 17:42:12] GET:/v1/permissions/permissions?roles=[%22651e39643b11b8189ed93ba3%22]  ::1"},
{"level":"INFO","timestamp":"2023-10-23 17:42:13","message":"Request: [2023-10-23 17:42:13] GET:/v1/location/admin  ::1"},
{"level":"INFO","timestamp":"2023-10-23 17:42:13","message":"Request: [2023-10-23 17:42:13] GET:/v1/customer  ::1"},
{"level":"INFO","timestamp":"2023-10-23 17:42:13","message":"Request: [2023-10-23 17:42:13] GET:/v1/product  ::1"},
{"level":"INFO","timestamp":"2023-10-23 17:42:18","message":"Request: [2023-10-23 17:42:18] GET:/v1/customer/product/by-location/6530f7991bd64c245442740b  ::1"},
{"level":"INFO","timestamp":"2023-10-23 17:42:19","message":"Request: [2023-10-23 17:42:19] GET:/v1/customer/product/by-customer/6530f8201bd64c2454427455  ::1"},
{"level":"INFO","timestamp":"2023-10-23 17:42:23","message":"Request: [2023-10-23 17:42:23] GET:/v1/customer/product/by-customer/6530f7f41bd64c2454427430  ::1"},
{"level":"INFO","timestamp":"2023-10-23 17:49:02","message":"Request: [2023-10-23 17:49:02] GET:/v1/auth/user  ::1"},
{"level":"INFO","timestamp":"2023-10-23 17:49:03","message":"Request: [2023-10-23 17:49:03] GET:/v1/configuration/menu-list  ::1"},
{"level":"INFO","timestamp":"2023-10-23 17:49:03","message":"Request: [2023-10-23 17:49:03] GET:/v1/permissions/permissions?roles=[%22651e39643b11b8189ed93ba3%22]  ::1"},
{"level":"INFO","timestamp":"2023-10-23 17:49:04","message":"Request: [2023-10-23 17:49:04] GET:/v1/location/admin  ::1"},
{"level":"INFO","timestamp":"2023-10-23 17:49:04","message":"Request: [2023-10-23 17:49:04] GET:/v1/customer  ::1"},
{"level":"INFO","timestamp":"2023-10-23 17:49:04","message":"Request: [2023-10-23 17:49:04] GET:/v1/product  ::1"},
{"level":"INFO","timestamp":"2023-10-23 17:49:21","message":"Request: [2023-10-23 17:49:21] GET:/v1/customer/product/by-location/6530f7991bd64c245442740b  ::1"},
{"level":"INFO","timestamp":"2023-10-23 17:49:22","message":"Request: [2023-10-23 17:49:22] GET:/v1/customer/product/by-customer/6530f8201bd64c2454427455  ::1"},
{"level":"INFO","timestamp":"2023-10-23 17:49:31","message":"Request: [2023-10-23 17:49:31] GET:/v1/customer/product/by-customer/6530f7f41bd64c2454427430  ::1"},
{"level":"INFO","timestamp":"2023-10-23 17:52:05","message":"Request: [2023-10-23 17:52:05] GET:/v1/location/admin  ::1"},
{"level":"INFO","timestamp":"2023-10-23 17:52:05","message":"Request: [2023-10-23 17:52:05] GET:/v1/customer  ::1"},
{"level":"INFO","timestamp":"2023-10-23 17:52:05","message":"Request: [2023-10-23 17:52:05] GET:/v1/product  ::1"},
{"level":"INFO","timestamp":"2023-10-23 17:52:14","message":"Request: [2023-10-23 17:52:14] GET:/v1/auth/user  ::1"},
{"level":"INFO","timestamp":"2023-10-23 17:52:14","message":"Request: [2023-10-23 17:52:14] GET:/v1/configuration/menu-list  ::1"},
{"level":"INFO","timestamp":"2023-10-23 17:52:14","message":"Request: [2023-10-23 17:52:14] GET:/v1/permissions/permissions?roles=[%22651e39643b11b8189ed93ba3%22]  ::1"},
{"level":"INFO","timestamp":"2023-10-23 17:52:15","message":"Request: [2023-10-23 17:52:15] GET:/v1/location/admin  ::1"},
{"level":"INFO","timestamp":"2023-10-23 17:52:15","message":"Request: [2023-10-23 17:52:15] GET:/v1/customer  ::1"},
{"level":"INFO","timestamp":"2023-10-23 17:52:15","message":"Request: [2023-10-23 17:52:15] GET:/v1/product  ::1"},
{"level":"INFO","timestamp":"2023-10-23 17:52:17","message":"Request: [2023-10-23 17:52:17] GET:/v1/customer/product/by-location/6530f7991bd64c245442740b  ::1"},
{"level":"INFO","timestamp":"2023-10-23 17:52:19","message":"Request: [2023-10-23 17:52:19] GET:/v1/customer/product/by-customer/6530f7f41bd64c2454427430  ::1"},
{"level":"INFO","timestamp":"2023-10-23 17:52:46","message":"Request: [2023-10-23 17:52:46] GET:/v1/auth/user  ::1"},
{"level":"INFO","timestamp":"2023-10-23 17:52:47","message":"Request: [2023-10-23 17:52:47] GET:/v1/configuration/menu-list  ::1"},
{"level":"INFO","timestamp":"2023-10-23 17:52:47","message":"Request: [2023-10-23 17:52:47] GET:/v1/permissions/permissions?roles=[%22651e39643b11b8189ed93ba3%22]  ::1"},
{"level":"INFO","timestamp":"2023-10-23 17:52:47","message":"Request: [2023-10-23 17:52:47] GET:/v1/location/admin  ::1"},
{"level":"INFO","timestamp":"2023-10-23 17:52:47","message":"Request: [2023-10-23 17:52:47] GET:/v1/customer  ::1"},
{"level":"INFO","timestamp":"2023-10-23 17:52:47","message":"Request: [2023-10-23 17:52:47] GET:/v1/product  ::1"},
{"level":"INFO","timestamp":"2023-10-23 17:52:55","message":"Request: [2023-10-23 17:52:55] GET:/v1/customer/product/by-location/6530f7991bd64c245442740b  ::1"},
{"level":"INFO","timestamp":"2023-10-23 17:52:57","message":"Request: [2023-10-23 17:52:57] GET:/v1/customer/product/by-customer/6530f7f41bd64c2454427430  ::1"},
{"level":"INFO","timestamp":"2023-10-23 17:54:55","message":"Request: [2023-10-23 17:54:55] GET:/v1/auth/user  ::1"},
{"level":"INFO","timestamp":"2023-10-23 17:54:56","message":"Request: [2023-10-23 17:54:56] GET:/v1/permissions/permissions?roles=[%22651e39643b11b8189ed93ba3%22]  ::1"},
{"level":"INFO","timestamp":"2023-10-23 17:54:56","message":"Request: [2023-10-23 17:54:56] GET:/v1/configuration/menu-list  ::1"},
{"level":"INFO","timestamp":"2023-10-23 17:54:56","message":"Request: [2023-10-23 17:54:56] GET:/v1/location/admin  ::1"},
{"level":"INFO","timestamp":"2023-10-23 17:54:56","message":"Request: [2023-10-23 17:54:56] GET:/v1/customer  ::1"},
{"level":"INFO","timestamp":"2023-10-23 17:54:56","message":"Request: [2023-10-23 17:54:56] GET:/v1/product  ::1"},
{"level":"INFO","timestamp":"2023-10-23 17:55:02","message":"Request: [2023-10-23 17:55:02] GET:/v1/customer/product/by-location/6530f7991bd64c245442740b  ::1"},
{"level":"INFO","timestamp":"2023-10-23 17:55:04","message":"Request: [2023-10-23 17:55:04] GET:/v1/customer/product/by-customer/6530f7f41bd64c2454427430  ::1"},
{"level":"INFO","timestamp":"2023-10-23 17:57:22","message":"Request: [2023-10-23 17:57:22] GET:/v1/auth/user  ::1"},
{"level":"INFO","timestamp":"2023-10-23 17:57:22","message":"Request: [2023-10-23 17:57:22] GET:/v1/configuration/menu-list  ::1"},
{"level":"INFO","timestamp":"2023-10-23 17:57:22","message":"Request: [2023-10-23 17:57:22] GET:/v1/permissions/permissions?roles=[%22651e39643b11b8189ed93ba3%22]  ::1"},
{"level":"INFO","timestamp":"2023-10-23 17:57:23","message":"Request: [2023-10-23 17:57:23] GET:/v1/location/admin  ::1"},
{"level":"INFO","timestamp":"2023-10-23 17:57:23","message":"Request: [2023-10-23 17:57:23] GET:/v1/customer  ::1"},
{"level":"INFO","timestamp":"2023-10-23 17:57:23","message":"Request: [2023-10-23 17:57:23] GET:/v1/product  ::1"},
{"level":"INFO","timestamp":"2023-10-23 17:57:26","message":"Request: [2023-10-23 17:57:26] GET:/v1/customer/product/by-location/6530f7991bd64c245442740b  ::1"},
{"level":"INFO","timestamp":"2023-10-23 17:57:28","message":"Request: [2023-10-23 17:57:28] GET:/v1/customer/product/by-customer/6530f7f41bd64c2454427430  ::1"},
{"level":"INFO","timestamp":"2023-10-23 18:04:59","message":"Request: [2023-10-23 18:04:59] GET:/v1/location/admin  ::1"},
{"level":"INFO","timestamp":"2023-10-23 18:04:59","message":"Request: [2023-10-23 18:04:59] GET:/v1/customer  ::1"},
{"level":"INFO","timestamp":"2023-10-23 18:04:59","message":"Request: [2023-10-23 18:04:59] GET:/v1/product  ::1"},
{"level":"INFO","timestamp":"2023-10-23 18:05:02","message":"Request: [2023-10-23 18:05:02] GET:/v1/location/admin  ::1"},
{"level":"INFO","timestamp":"2023-10-23 18:05:02","message":"Request: [2023-10-23 18:05:02] GET:/v1/customer  ::1"},
{"level":"INFO","timestamp":"2023-10-23 18:05:02","message":"Request: [2023-10-23 18:05:02] GET:/v1/product  ::1"},
{"level":"INFO","timestamp":"2023-10-23 18:05:06","message":"Request: [2023-10-23 18:05:06] GET:/v1/auth/user  ::1"},
{"level":"INFO","timestamp":"2023-10-23 18:05:07","message":"Request: [2023-10-23 18:05:07] GET:/v1/configuration/menu-list  ::1"},
{"level":"INFO","timestamp":"2023-10-23 18:05:07","message":"Request: [2023-10-23 18:05:07] GET:/v1/permissions/permissions?roles=[%22651e39643b11b8189ed93ba3%22]  ::1"},
{"level":"INFO","timestamp":"2023-10-23 18:05:08","message":"Request: [2023-10-23 18:05:08] GET:/v1/location/admin  ::1"},
{"level":"INFO","timestamp":"2023-10-23 18:05:08","message":"Request: [2023-10-23 18:05:08] GET:/v1/customer  ::1"},
{"level":"INFO","timestamp":"2023-10-23 18:05:08","message":"Request: [2023-10-23 18:05:08] GET:/v1/product  ::1"},
{"level":"INFO","timestamp":"2023-10-23 18:06:07","message":"Request: [2023-10-23 18:06:07] GET:/v1/customer/product/by-location/6530f7991bd64c245442740b  ::1"},
{"level":"INFO","timestamp":"2023-10-23 18:06:22","message":"Request: [2023-10-23 18:06:22] GET:/v1/customer/product/by-customer/6530f7f41bd64c2454427430  ::1"},
