{"level":"INFO","timestamp":"2023-10-28 09:52:55","message":"Request: [2023-10-28 09:52:55] POST:/v1/auth/login  ::1"},
{"level":"INFO","timestamp":"2023-10-28 09:52:57","message":"Request: [2023-10-28 09:52:57] GET:/v1/configuration/menu-list  ::1"},
{"level":"INFO","timestamp":"2023-10-28 09:52:57","message":"Request: [2023-10-28 09:52:57] GET:/v1/permissions/permissions?roles=[%22651e39643b11b8189ed93ba3%22]  ::1"},
{"level":"INFO","timestamp":"2023-10-28 09:52:57","message":"Request: [2023-10-28 09:52:57] GET:/v1/permissions/permissions?roles=[%22651e39643b11b8189ed93ba3%22]  ::1"},
{"level":"INFO","timestamp":"2023-10-28 09:53:52","message":"Request: [2023-10-28 09:53:52] POST:/v1/inbound  ::ffff:127.0.0.1"},
{"level":"INFO","timestamp":"2023-10-28 09:54:01","message":"Request: [2023-10-28 09:54:01] POST:/v1/inbound  ::ffff:127.0.0.1"},
{"level":"INFO","timestamp":"2023-10-28 09:54:48","message":"Request: [2023-10-28 09:54:48] POST:/v1/inbound  ::ffff:127.0.0.1"},
{"level":"INFO","timestamp":"2023-10-28 09:57:26","message":"Request: [2023-10-28 09:57:26] POST:/v1/inbound  ::ffff:127.0.0.1"},
{"level":"INFO","timestamp":"2023-10-28 10:00:18","message":"Request: [2023-10-28 10:00:18] GET:/v1/permissions/permissions?roles=[%22651e39643b11b8189ed93ba3%22]  ::1"},
{"level":"INFO","timestamp":"2023-10-28 10:00:18","message":"Request: [2023-10-28 10:00:18] GET:/v1/users?client=undefined&get=all&sort=asc&offset=10&  ::1"},
{"level":"INFO","timestamp":"2023-10-28 10:00:18","message":"Request: [2023-10-28 10:00:18] GET:/v1/permissions/permissions?roles=[%22651e39643b11b8189ed93ba3%22]  ::1"},
{"level":"INFO","timestamp":"2023-10-28 10:00:18","message":"Request: [2023-10-28 10:00:18] GET:/v1/permissions/permissions?roles=[%22651e39643b11b8189ed93ba3%22]  ::1"},
{"level":"INFO","timestamp":"2023-10-28 10:00:18","message":"Request: [2023-10-28 10:00:18] GET:/v1/permissions/permissions?roles=[%22651e39643b11b8189ed93ba3%22]  ::1"},
{"level":"INFO","timestamp":"2023-10-28 10:00:18","message":"Request: [2023-10-28 10:00:18] GET:/v1/permissions/permissions?roles=[%22651e39643b11b8189ed93ba3%22]  ::1"},
{"level":"INFO","timestamp":"2023-10-28 10:00:25","message":"Request: [2023-10-28 10:00:25] GET:/v1/location/admin  ::1"},
{"level":"INFO","timestamp":"2023-10-28 10:00:25","message":"Request: [2023-10-28 10:00:25] GET:/v1/users?client=undefined&get=all&sort=asc&offset=10&  ::1"},
{"level":"INFO","timestamp":"2023-10-28 10:04:16","message":"Request: [2023-10-28 10:04:16] GET:/v1/auth/user  ::1"},
{"level":"INFO","timestamp":"2023-10-28 10:04:17","message":"Request: [2023-10-28 10:04:17] GET:/v1/configuration/menu-list  ::1"},
{"level":"INFO","timestamp":"2023-10-28 10:04:17","message":"Request: [2023-10-28 10:04:17] GET:/v1/permissions/permissions?roles=[%22651e39643b11b8189ed93ba3%22]  ::1"},
{"level":"INFO","timestamp":"2023-10-28 10:04:19","message":"Request: [2023-10-28 10:04:19] GET:/v1/permissions/permissions?roles=[%22651e39643b11b8189ed93ba3%22]  ::1"},
{"level":"INFO","timestamp":"2023-10-28 10:04:19","message":"Request: [2023-10-28 10:04:19] GET:/v1/users?client=undefined&get=all&sort=asc&offset=10&  ::1"},
{"level":"INFO","timestamp":"2023-10-28 10:04:19","message":"Request: [2023-10-28 10:04:19] GET:/v1/permissions/permissions?roles=[%22651e39643b11b8189ed93ba3%22]  ::1"},
{"level":"INFO","timestamp":"2023-10-28 10:04:19","message":"Request: [2023-10-28 10:04:19] GET:/v1/permissions/permissions?roles=[%22651e39643b11b8189ed93ba3%22]  ::1"},
{"level":"INFO","timestamp":"2023-10-28 10:04:19","message":"Request: [2023-10-28 10:04:19] GET:/v1/permissions/permissions?roles=[%22651e39643b11b8189ed93ba3%22]  ::1"},
{"level":"INFO","timestamp":"2023-10-28 10:04:19","message":"Request: [2023-10-28 10:04:19] GET:/v1/permissions/permissions?roles=[%22651e39643b11b8189ed93ba3%22]  ::1"},
{"level":"INFO","timestamp":"2023-10-28 10:04:59","message":"Request: [2023-10-28 10:04:59] GET:/v1/location/admin  ::1"},
{"level":"INFO","timestamp":"2023-10-28 10:04:59","message":"Request: [2023-10-28 10:04:59] GET:/v1/users?client=undefined&get=all&sort=asc&offset=10&  ::1"},
{"level":"INFO","timestamp":"2023-10-28 10:06:19","message":"Request: [2023-10-28 10:06:19] GET:/v1/auth/user  ::1"},
{"level":"INFO","timestamp":"2023-10-28 10:06:21","message":"Request: [2023-10-28 10:06:21] GET:/v1/configuration/menu-list  ::1"},
{"level":"INFO","timestamp":"2023-10-28 10:06:21","message":"Request: [2023-10-28 10:06:21] GET:/v1/permissions/permissions?roles=[%22651e39643b11b8189ed93ba3%22]  ::1"},
{"level":"INFO","timestamp":"2023-10-28 10:06:22","message":"Request: [2023-10-28 10:06:22] GET:/v1/permissions/permissions?roles=[%22651e39643b11b8189ed93ba3%22]  ::1"},
{"level":"INFO","timestamp":"2023-10-28 10:06:22","message":"Request: [2023-10-28 10:06:22] GET:/v1/users?client=undefined&get=all&sort=asc&offset=10&  ::1"},
{"level":"INFO","timestamp":"2023-10-28 10:06:23","message":"Request: [2023-10-28 10:06:23] GET:/v1/permissions/permissions?roles=[%22651e39643b11b8189ed93ba3%22]  ::1"},
{"level":"INFO","timestamp":"2023-10-28 10:06:23","message":"Request: [2023-10-28 10:06:23] GET:/v1/permissions/permissions?roles=[%22651e39643b11b8189ed93ba3%22]  ::1"},
{"level":"INFO","timestamp":"2023-10-28 10:06:23","message":"Request: [2023-10-28 10:06:23] GET:/v1/permissions/permissions?roles=[%22651e39643b11b8189ed93ba3%22]  ::1"},
{"level":"INFO","timestamp":"2023-10-28 10:06:23","message":"Request: [2023-10-28 10:06:23] GET:/v1/permissions/permissions?roles=[%22651e39643b11b8189ed93ba3%22]  ::1"},
{"level":"INFO","timestamp":"2023-10-28 10:08:21","message":"Request: [2023-10-28 10:08:21] GET:/v1/auth/user  ::1"},
{"level":"INFO","timestamp":"2023-10-28 10:08:22","message":"Request: [2023-10-28 10:08:22] GET:/v1/configuration/menu-list  ::1"},
{"level":"INFO","timestamp":"2023-10-28 10:08:22","message":"Request: [2023-10-28 10:08:22] GET:/v1/permissions/permissions?roles=[%22651e39643b11b8189ed93ba3%22]  ::1"},
{"level":"INFO","timestamp":"2023-10-28 10:08:23","message":"Request: [2023-10-28 10:08:23] GET:/v1/permissions/permissions?roles=[%22651e39643b11b8189ed93ba3%22]  ::1"},
{"level":"INFO","timestamp":"2023-10-28 10:08:23","message":"Request: [2023-10-28 10:08:23] GET:/v1/users?client=undefined&get=all&sort=asc&offset=10&  ::1"},
{"level":"INFO","timestamp":"2023-10-28 10:08:23","message":"Request: [2023-10-28 10:08:23] GET:/v1/permissions/permissions?roles=[%22651e39643b11b8189ed93ba3%22]  ::1"},
{"level":"INFO","timestamp":"2023-10-28 10:08:23","message":"Request: [2023-10-28 10:08:23] GET:/v1/permissions/permissions?roles=[%22651e39643b11b8189ed93ba3%22]  ::1"},
{"level":"INFO","timestamp":"2023-10-28 10:08:23","message":"Request: [2023-10-28 10:08:23] GET:/v1/permissions/permissions?roles=[%22651e39643b11b8189ed93ba3%22]  ::1"},
{"level":"INFO","timestamp":"2023-10-28 10:08:23","message":"Request: [2023-10-28 10:08:23] GET:/v1/permissions/permissions?roles=[%22651e39643b11b8189ed93ba3%22]  ::1"},
{"level":"INFO","timestamp":"2023-10-28 10:08:27","message":"Request: [2023-10-28 10:08:27] GET:/v1/location/admin  ::1"},
{"level":"INFO","timestamp":"2023-10-28 10:08:28","message":"Request: [2023-10-28 10:08:28] GET:/v1/users?client=undefined&get=all&sort=asc&offset=10&  ::1"},
{"level":"INFO","timestamp":"2023-10-28 10:08:45","message":"Request: [2023-10-28 10:08:45] GET:/v1/permissions/permissions?roles=[%22651e39643b11b8189ed93ba3%22]  ::1"},
{"level":"INFO","timestamp":"2023-10-28 10:08:45","message":"Request: [2023-10-28 10:08:45] GET:/v1/yard?client=651e39643b11b8189ed93b9d  ::1"},
{"level":"INFO","timestamp":"2023-10-28 10:08:45","message":"Request: [2023-10-28 10:08:45] GET:/v1/roles  ::1"},
{"level":"INFO","timestamp":"2023-10-28 10:08:46","message":"Request: [2023-10-28 10:08:46] GET:/v1/permissions/permissions?roles=[%22651e39643b11b8189ed93ba3%22]  ::1"},
{"level":"INFO","timestamp":"2023-10-28 10:08:46","message":"Request: [2023-10-28 10:08:46] GET:/v1/permissions/permissions?roles=[%22651e39643b11b8189ed93ba3%22]  ::1"},
{"level":"INFO","timestamp":"2023-10-28 10:08:46","message":"Request: [2023-10-28 10:08:46] GET:/v1/permissions/permissions?roles=[%22651e39643b11b8189ed93ba3%22]  ::1"},
{"level":"INFO","timestamp":"2023-10-28 10:08:46","message":"Request: [2023-10-28 10:08:46] GET:/v1/permissions/permissions?roles=[%22651e39643b11b8189ed93ba3%22]  ::1"},
{"level":"INFO","timestamp":"2023-10-28 10:08:46","message":"Request: [2023-10-28 10:08:46] GET:/v1/permissions/permissions?roles=[%22651e39643b11b8189ed93ba3%22]  ::1"},
{"level":"INFO","timestamp":"2023-10-28 10:08:46","message":"Request: [2023-10-28 10:08:46] GET:/v1/permissions/permissions?roles=[%22651e39643b11b8189ed93ba3%22]  ::1"},
{"level":"INFO","timestamp":"2023-10-28 10:08:46","message":"Request: [2023-10-28 10:08:46] GET:/v1/permissions/permissions?roles=[%22651e39643b11b8189ed93ba3%22]  ::1"},
{"level":"INFO","timestamp":"2023-10-28 10:08:46","message":"Request: [2023-10-28 10:08:46] GET:/v1/permissions/permissions?roles=[%22651e39643b11b8189ed93ba3%22]  ::1"},
{"level":"INFO","timestamp":"2023-10-28 10:08:46","message":"Request: [2023-10-28 10:08:46] GET:/v1/permissions/permissions?roles=[%22651e39643b11b8189ed93ba3%22]  ::1"},
{"level":"INFO","timestamp":"2023-10-28 10:08:46","message":"Request: [2023-10-28 10:08:46] GET:/v1/permissions/permissions?roles=[%22651e39643b11b8189ed93ba3%22]  ::1"},
{"level":"INFO","timestamp":"2023-10-28 10:08:46","message":"Request: [2023-10-28 10:08:46] GET:/v1/permissions/permissions?roles=[%22651e39643b11b8189ed93ba3%22]  ::1"},
{"level":"INFO","timestamp":"2023-10-28 10:08:46","message":"Request: [2023-10-28 10:08:46] GET:/v1/permissions/permissions?roles=[%22651e39643b11b8189ed93ba3%22]  ::1"},
{"level":"INFO","timestamp":"2023-10-28 10:08:48","message":"Request: [2023-10-28 10:08:48] GET:/v1/location/admin  ::1"},
{"level":"INFO","timestamp":"2023-10-28 10:08:48","message":"Request: [2023-10-28 10:08:48] GET:/v1/customer  ::1"},
{"level":"INFO","timestamp":"2023-10-28 10:08:48","message":"Request: [2023-10-28 10:08:48] GET:/v1/product  ::1"},
{"level":"INFO","timestamp":"2023-10-28 10:09:05","message":"Request: [2023-10-28 10:09:05] GET:/v1/auth/user  ::1"},
{"level":"INFO","timestamp":"2023-10-28 10:09:06","message":"Request: [2023-10-28 10:09:06] GET:/v1/configuration/menu-list  ::1"},
{"level":"INFO","timestamp":"2023-10-28 10:09:06","message":"Request: [2023-10-28 10:09:06] GET:/v1/permissions/permissions?roles=[%22651e39643b11b8189ed93ba3%22]  ::1"},
{"level":"INFO","timestamp":"2023-10-28 10:09:07","message":"Request: [2023-10-28 10:09:07] GET:/v1/location/admin  ::1"},
{"level":"INFO","timestamp":"2023-10-28 10:09:07","message":"Request: [2023-10-28 10:09:07] GET:/v1/customer  ::1"},
{"level":"INFO","timestamp":"2023-10-28 10:09:07","message":"Request: [2023-10-28 10:09:07] GET:/v1/product  ::1"},
{"level":"INFO","timestamp":"2023-10-28 10:35:02","message":"Request: [2023-10-28 10:35:02] GET:/v1/location/admin  ::1"},
{"level":"ERROR","timestamp":"2023-10-28 10:35:02","message":"TypeError: Cannot read properties of undefined (reading 'client_code')\n    at readLocationsForClient (/Users/dr.mac/apps/e-logistics-backend/Controllers/location.controller.js:126:41)\n    at Layer.handle [as handle_request] (/Users/dr.mac/apps/e-logistics-backend/node_modules/express/lib/router/layer.js:95:5)\n    at next (/Users/dr.mac/apps/e-logistics-backend/node_modules/express/lib/router/route.js:144:13)\n    at Route.dispatch (/Users/dr.mac/apps/e-logistics-backend/node_modules/express/lib/router/route.js:114:3)\n    at Layer.handle [as handle_request] (/Users/dr.mac/apps/e-logistics-backend/node_modules/express/lib/router/layer.js:95:5)\n    at /Users/dr.mac/apps/e-logistics-backend/node_modules/express/lib/router/index.js:284:15\n    at Function.process_params (/Users/dr.mac/apps/e-logistics-backend/node_modules/express/lib/router/index.js:346:12)\n    at next (/Users/dr.mac/apps/e-logistics-backend/node_modules/express/lib/router/index.js:280:10)\n    at Function.handle (/Users/dr.mac/apps/e-logistics-backend/node_modules/express/lib/router/index.js:175:3)\n    at router (/Users/dr.mac/apps/e-logistics-backend/node_modules/express/lib/router/index.js:47:12)"},
{"level":"INFO","timestamp":"2023-10-28 10:35:47","message":"Request: [2023-10-28 10:35:47] GET:/v1/location/admin  ::1"},
{"level":"ERROR","timestamp":"2023-10-28 10:35:47","message":"TypeError: Cannot read properties of undefined (reading 'client_db')\n    at readLocationsForClient (/Users/dr.mac/apps/e-logistics-backend/Controllers/location.controller.js:126:41)\n    at Layer.handle [as handle_request] (/Users/dr.mac/apps/e-logistics-backend/node_modules/express/lib/router/layer.js:95:5)\n    at next (/Users/dr.mac/apps/e-logistics-backend/node_modules/express/lib/router/route.js:144:13)\n    at Route.dispatch (/Users/dr.mac/apps/e-logistics-backend/node_modules/express/lib/router/route.js:114:3)\n    at Layer.handle [as handle_request] (/Users/dr.mac/apps/e-logistics-backend/node_modules/express/lib/router/layer.js:95:5)\n    at /Users/dr.mac/apps/e-logistics-backend/node_modules/express/lib/router/index.js:284:15\n    at Function.process_params (/Users/dr.mac/apps/e-logistics-backend/node_modules/express/lib/router/index.js:346:12)\n    at next (/Users/dr.mac/apps/e-logistics-backend/node_modules/express/lib/router/index.js:280:10)\n    at Function.handle (/Users/dr.mac/apps/e-logistics-backend/node_modules/express/lib/router/index.js:175:3)\n    at router (/Users/dr.mac/apps/e-logistics-backend/node_modules/express/lib/router/index.js:47:12)"},
{"level":"INFO","timestamp":"2023-10-28 10:35:54","message":"Request: [2023-10-28 10:35:54] GET:/v1/location/admin  ::1"},
{"level":"ERROR","timestamp":"2023-10-28 10:35:54","message":"TypeError: Cannot read properties of undefined (reading 'client_db')\n    at readLocationsForClient (/Users/dr.mac/apps/e-logistics-backend/Controllers/location.controller.js:126:41)\n    at Layer.handle [as handle_request] (/Users/dr.mac/apps/e-logistics-backend/node_modules/express/lib/router/layer.js:95:5)\n    at next (/Users/dr.mac/apps/e-logistics-backend/node_modules/express/lib/router/route.js:144:13)\n    at Route.dispatch (/Users/dr.mac/apps/e-logistics-backend/node_modules/express/lib/router/route.js:114:3)\n    at Layer.handle [as handle_request] (/Users/dr.mac/apps/e-logistics-backend/node_modules/express/lib/router/layer.js:95:5)\n    at /Users/dr.mac/apps/e-logistics-backend/node_modules/express/lib/router/index.js:284:15\n    at Function.process_params (/Users/dr.mac/apps/e-logistics-backend/node_modules/express/lib/router/index.js:346:12)\n    at next (/Users/dr.mac/apps/e-logistics-backend/node_modules/express/lib/router/index.js:280:10)\n    at Function.handle (/Users/dr.mac/apps/e-logistics-backend/node_modules/express/lib/router/index.js:175:3)\n    at router (/Users/dr.mac/apps/e-logistics-backend/node_modules/express/lib/router/index.js:47:12)"},
{"level":"INFO","timestamp":"2023-10-28 10:36:42","message":"Request: [2023-10-28 10:36:42] GET:/v1/auth/user  ::1"},
{"level":"INFO","timestamp":"2023-10-28 10:36:43","message":"Request: [2023-10-28 10:36:43] GET:/v1/configuration/menu-list  ::1"},
{"level":"INFO","timestamp":"2023-10-28 10:36:43","message":"Request: [2023-10-28 10:36:43] GET:/v1/permissions/permissions?roles=[%22651e39643b11b8189ed93ba3%22]  ::1"},
{"level":"INFO","timestamp":"2023-10-28 10:36:45","message":"Request: [2023-10-28 10:36:45] GET:/v1/location/admin  ::1"},
{"level":"INFO","timestamp":"2023-10-28 10:36:45","message":"Request: [2023-10-28 10:36:45] GET:/v1/product  ::1"},
{"level":"ERROR","timestamp":"2023-10-28 10:36:45","message":"TypeError: Cannot read properties of undefined (reading 'client_db')\n    at readLocationsForClient (/Users/dr.mac/apps/e-logistics-backend/Controllers/location.controller.js:127:41)\n    at Layer.handle [as handle_request] (/Users/dr.mac/apps/e-logistics-backend/node_modules/express/lib/router/layer.js:95:5)\n    at next (/Users/dr.mac/apps/e-logistics-backend/node_modules/express/lib/router/route.js:144:13)\n    at Route.dispatch (/Users/dr.mac/apps/e-logistics-backend/node_modules/express/lib/router/route.js:114:3)\n    at Layer.handle [as handle_request] (/Users/dr.mac/apps/e-logistics-backend/node_modules/express/lib/router/layer.js:95:5)\n    at /Users/dr.mac/apps/e-logistics-backend/node_modules/express/lib/router/index.js:284:15\n    at Function.process_params (/Users/dr.mac/apps/e-logistics-backend/node_modules/express/lib/router/index.js:346:12)\n    at next (/Users/dr.mac/apps/e-logistics-backend/node_modules/express/lib/router/index.js:280:10)\n    at Function.handle (/Users/dr.mac/apps/e-logistics-backend/node_modules/express/lib/router/index.js:175:3)\n    at router (/Users/dr.mac/apps/e-logistics-backend/node_modules/express/lib/router/index.js:47:12)"},
{"level":"INFO","timestamp":"2023-10-28 10:36:45","message":"Request: [2023-10-28 10:36:45] GET:/v1/customer  ::1"},
{"level":"INFO","timestamp":"2023-10-28 10:37:31","message":"Request: [2023-10-28 10:37:30] GET:/v1/location/admin  ::1"},
{"level":"ERROR","timestamp":"2023-10-28 10:37:31","message":"TypeError: Cannot read properties of undefined (reading 'client_db')\n    at readLocationsForClient (/Users/dr.mac/apps/e-logistics-backend/Controllers/location.controller.js:127:41)\n    at Layer.handle [as handle_request] (/Users/dr.mac/apps/e-logistics-backend/node_modules/express/lib/router/layer.js:95:5)\n    at next (/Users/dr.mac/apps/e-logistics-backend/node_modules/express/lib/router/route.js:144:13)\n    at Route.dispatch (/Users/dr.mac/apps/e-logistics-backend/node_modules/express/lib/router/route.js:114:3)\n    at Layer.handle [as handle_request] (/Users/dr.mac/apps/e-logistics-backend/node_modules/express/lib/router/layer.js:95:5)\n    at /Users/dr.mac/apps/e-logistics-backend/node_modules/express/lib/router/index.js:284:15\n    at Function.process_params (/Users/dr.mac/apps/e-logistics-backend/node_modules/express/lib/router/index.js:346:12)\n    at next (/Users/dr.mac/apps/e-logistics-backend/node_modules/express/lib/router/index.js:280:10)\n    at Function.handle (/Users/dr.mac/apps/e-logistics-backend/node_modules/express/lib/router/index.js:175:3)\n    at router (/Users/dr.mac/apps/e-logistics-backend/node_modules/express/lib/router/index.js:47:12)"},
{"level":"INFO","timestamp":"2023-10-28 10:38:31","message":"Request: [2023-10-28 10:38:31] GET:/v1/location/admin  ::1"},
{"level":"INFO","timestamp":"2023-10-28 10:38:35","message":"Request: [2023-10-28 10:38:35] GET:/v1/location/admin  ::1"},
{"level":"INFO","timestamp":"2023-10-28 10:38:43","message":"Request: [2023-10-28 10:38:43] GET:/v1/auth/user  ::1"},
{"level":"INFO","timestamp":"2023-10-28 10:38:43","message":"Request: [2023-10-28 10:38:43] GET:/v1/configuration/menu-list  ::1"},
{"level":"INFO","timestamp":"2023-10-28 10:38:43","message":"Request: [2023-10-28 10:38:43] GET:/v1/permissions/permissions?roles=[%22651e39643b11b8189ed93ba3%22]  ::1"},
{"level":"INFO","timestamp":"2023-10-28 10:38:44","message":"Request: [2023-10-28 10:38:44] GET:/v1/location/admin  ::1"},
{"level":"INFO","timestamp":"2023-10-28 10:38:44","message":"Request: [2023-10-28 10:38:44] GET:/v1/customer  ::1"},
{"level":"INFO","timestamp":"2023-10-28 10:38:44","message":"Request: [2023-10-28 10:38:44] GET:/v1/product  ::1"},
{"level":"INFO","timestamp":"2023-10-28 10:38:48","message":"Request: [2023-10-28 10:38:48] GET:/v1/customer/product/by-location/6530f77e1bd64c24544273f8  ::1"},
{"level":"INFO","timestamp":"2023-10-28 11:12:56","message":"Request: [2023-10-28 11:12:56] GET:/v1/permissions/permissions?roles=[%22651e39643b11b8189ed93ba3%22]  ::1"},
{"level":"INFO","timestamp":"2023-10-28 11:12:56","message":"Request: [2023-10-28 11:12:56] GET:/v1/users?client=undefined&get=all&sort=asc&offset=10&  ::1"},
{"level":"INFO","timestamp":"2023-10-28 11:12:57","message":"Request: [2023-10-28 11:12:57] GET:/v1/permissions/permissions?roles=[%22651e39643b11b8189ed93ba3%22]  ::1"},
{"level":"INFO","timestamp":"2023-10-28 11:12:57","message":"Request: [2023-10-28 11:12:57] GET:/v1/permissions/permissions?roles=[%22651e39643b11b8189ed93ba3%22]  ::1"},
{"level":"INFO","timestamp":"2023-10-28 11:12:57","message":"Request: [2023-10-28 11:12:57] GET:/v1/permissions/permissions?roles=[%22651e39643b11b8189ed93ba3%22]  ::1"},
{"level":"INFO","timestamp":"2023-10-28 11:12:57","message":"Request: [2023-10-28 11:12:57] GET:/v1/permissions/permissions?roles=[%22651e39643b11b8189ed93ba3%22]  ::1"},
{"level":"INFO","timestamp":"2023-10-28 11:12:59","message":"Request: [2023-10-28 11:12:59] GET:/v1/location/admin  ::1"},
{"level":"INFO","timestamp":"2023-10-28 11:12:59","message":"Request: [2023-10-28 11:12:59] GET:/v1/users?client=undefined&get=all&sort=asc&offset=10&  ::1"},
{"level":"INFO","timestamp":"2023-10-28 11:19:49","message":"Request: [2023-10-28 11:19:49] GET:/v1/location/admin  ::1"},
{"level":"INFO","timestamp":"2023-10-28 11:27:13","message":"Request: [2023-10-28 11:27:13] GET:/v1/customer/product/by-location/6530f7991bd64c245442740b  ::1"},
{"level":"INFO","timestamp":"2023-10-28 11:27:51","message":"Request: [2023-10-28 11:27:51] GET:/v1/auth/user  ::1"},
{"level":"INFO","timestamp":"2023-10-28 11:27:52","message":"Request: [2023-10-28 11:27:52] GET:/v1/configuration/menu-list  ::1"},
{"level":"INFO","timestamp":"2023-10-28 11:27:52","message":"Request: [2023-10-28 11:27:52] GET:/v1/permissions/permissions?roles=[%22651e39643b11b8189ed93ba3%22]  ::1"},
{"level":"INFO","timestamp":"2023-10-28 11:27:54","message":"Request: [2023-10-28 11:27:54] GET:/v1/permissions/permissions?roles=[%22651e39643b11b8189ed93ba3%22]  ::1"},
{"level":"INFO","timestamp":"2023-10-28 11:27:54","message":"Request: [2023-10-28 11:27:54] GET:/v1/users?client=undefined&get=all&sort=asc&offset=10&  ::1"},
{"level":"INFO","timestamp":"2023-10-28 11:27:55","message":"Request: [2023-10-28 11:27:55] GET:/v1/permissions/permissions?roles=[%22651e39643b11b8189ed93ba3%22]  ::1"},
{"level":"INFO","timestamp":"2023-10-28 11:27:55","message":"Request: [2023-10-28 11:27:55] GET:/v1/permissions/permissions?roles=[%22651e39643b11b8189ed93ba3%22]  ::1"},
{"level":"INFO","timestamp":"2023-10-28 11:27:55","message":"Request: [2023-10-28 11:27:55] GET:/v1/permissions/permissions?roles=[%22651e39643b11b8189ed93ba3%22]  ::1"},
{"level":"INFO","timestamp":"2023-10-28 11:27:55","message":"Request: [2023-10-28 11:27:55] GET:/v1/permissions/permissions?roles=[%22651e39643b11b8189ed93ba3%22]  ::1"},
{"level":"INFO","timestamp":"2023-10-28 11:27:59","message":"Request: [2023-10-28 11:27:59] GET:/v1/location/admin  ::1"},
{"level":"INFO","timestamp":"2023-10-28 11:27:59","message":"Request: [2023-10-28 11:27:59] GET:/v1/users?client=undefined&get=all&sort=asc&offset=10&  ::1"},
{"level":"INFO","timestamp":"2023-10-28 11:31:15","message":"Request: [2023-10-28 11:31:15] GET:/v1/auth/user  ::1"},
{"level":"INFO","timestamp":"2023-10-28 11:31:16","message":"Request: [2023-10-28 11:31:16] GET:/v1/configuration/menu-list  ::1"},
{"level":"INFO","timestamp":"2023-10-28 11:31:16","message":"Request: [2023-10-28 11:31:16] GET:/v1/permissions/permissions?roles=[%22651e39643b11b8189ed93ba3%22]  ::1"},
{"level":"INFO","timestamp":"2023-10-28 11:31:18","message":"Request: [2023-10-28 11:31:18] GET:/v1/permissions/permissions?roles=[%22651e39643b11b8189ed93ba3%22]  ::1"},
{"level":"INFO","timestamp":"2023-10-28 11:31:18","message":"Request: [2023-10-28 11:31:18] GET:/v1/users?client=undefined&get=all&sort=asc&offset=10&  ::1"},
{"level":"INFO","timestamp":"2023-10-28 11:31:19","message":"Request: [2023-10-28 11:31:19] GET:/v1/permissions/permissions?roles=[%22651e39643b11b8189ed93ba3%22]  ::1"},
{"level":"INFO","timestamp":"2023-10-28 11:31:19","message":"Request: [2023-10-28 11:31:19] GET:/v1/permissions/permissions?roles=[%22651e39643b11b8189ed93ba3%22]  ::1"},
{"level":"INFO","timestamp":"2023-10-28 11:31:19","message":"Request: [2023-10-28 11:31:19] GET:/v1/permissions/permissions?roles=[%22651e39643b11b8189ed93ba3%22]  ::1"},
{"level":"INFO","timestamp":"2023-10-28 11:31:19","message":"Request: [2023-10-28 11:31:19] GET:/v1/permissions/permissions?roles=[%22651e39643b11b8189ed93ba3%22]  ::1"},
{"level":"INFO","timestamp":"2023-10-28 11:31:21","message":"Request: [2023-10-28 11:31:21] GET:/v1/location/admin  ::1"},
{"level":"INFO","timestamp":"2023-10-28 11:31:21","message":"Request: [2023-10-28 11:31:21] GET:/v1/users?client=undefined&get=all&sort=asc&offset=10&  ::1"},
{"level":"INFO","timestamp":"2023-10-28 11:35:29","message":"Request: [2023-10-28 11:35:29] GET:/v1/auth/user  ::1"},
{"level":"INFO","timestamp":"2023-10-28 11:35:30","message":"Request: [2023-10-28 11:35:30] GET:/v1/configuration/menu-list  ::1"},
{"level":"INFO","timestamp":"2023-10-28 11:35:30","message":"Request: [2023-10-28 11:35:30] GET:/v1/permissions/permissions?roles=[%22651e39643b11b8189ed93ba3%22]  ::1"},
{"level":"INFO","timestamp":"2023-10-28 11:35:31","message":"Request: [2023-10-28 11:35:31] GET:/v1/permissions/permissions?roles=[%22651e39643b11b8189ed93ba3%22]  ::1"},
{"level":"INFO","timestamp":"2023-10-28 11:35:31","message":"Request: [2023-10-28 11:35:31] GET:/v1/users?client=undefined&get=all&sort=asc&offset=10&  ::1"},
{"level":"INFO","timestamp":"2023-10-28 11:35:32","message":"Request: [2023-10-28 11:35:32] GET:/v1/permissions/permissions?roles=[%22651e39643b11b8189ed93ba3%22]  ::1"},
{"level":"INFO","timestamp":"2023-10-28 11:35:32","message":"Request: [2023-10-28 11:35:32] GET:/v1/permissions/permissions?roles=[%22651e39643b11b8189ed93ba3%22]  ::1"},
{"level":"INFO","timestamp":"2023-10-28 11:35:32","message":"Request: [2023-10-28 11:35:32] GET:/v1/permissions/permissions?roles=[%22651e39643b11b8189ed93ba3%22]  ::1"},
{"level":"INFO","timestamp":"2023-10-28 11:35:32","message":"Request: [2023-10-28 11:35:32] GET:/v1/permissions/permissions?roles=[%22651e39643b11b8189ed93ba3%22]  ::1"},
{"level":"INFO","timestamp":"2023-10-28 11:37:09","message":"Request: [2023-10-28 11:37:09] GET:/v1/auth/user  ::1"},
{"level":"INFO","timestamp":"2023-10-28 11:37:09","message":"Request: [2023-10-28 11:37:09] GET:/v1/configuration/menu-list  ::1"},
{"level":"INFO","timestamp":"2023-10-28 11:37:09","message":"Request: [2023-10-28 11:37:09] GET:/v1/permissions/permissions?roles=[%22651e39643b11b8189ed93ba3%22]  ::1"},
{"level":"INFO","timestamp":"2023-10-28 11:37:10","message":"Request: [2023-10-28 11:37:10] GET:/v1/permissions/permissions?roles=[%22651e39643b11b8189ed93ba3%22]  ::1"},
{"level":"INFO","timestamp":"2023-10-28 11:37:10","message":"Request: [2023-10-28 11:37:10] GET:/v1/users?client=undefined&get=all&sort=asc&offset=10&  ::1"},
{"level":"INFO","timestamp":"2023-10-28 11:37:10","message":"Request: [2023-10-28 11:37:10] GET:/v1/permissions/permissions?roles=[%22651e39643b11b8189ed93ba3%22]  ::1"},
{"level":"INFO","timestamp":"2023-10-28 11:37:10","message":"Request: [2023-10-28 11:37:10] GET:/v1/permissions/permissions?roles=[%22651e39643b11b8189ed93ba3%22]  ::1"},
{"level":"INFO","timestamp":"2023-10-28 11:37:11","message":"Request: [2023-10-28 11:37:11] GET:/v1/permissions/permissions?roles=[%22651e39643b11b8189ed93ba3%22]  ::1"},
{"level":"INFO","timestamp":"2023-10-28 11:37:11","message":"Request: [2023-10-28 11:37:11] GET:/v1/permissions/permissions?roles=[%22651e39643b11b8189ed93ba3%22]  ::1"},
{"level":"INFO","timestamp":"2023-10-28 11:37:19","message":"Request: [2023-10-28 11:37:19] GET:/v1/location/admin  ::1"},
{"level":"INFO","timestamp":"2023-10-28 11:37:19","message":"Request: [2023-10-28 11:37:19] GET:/v1/users?client=undefined&get=all&sort=asc&offset=10&  ::1"},
{"level":"INFO","timestamp":"2023-10-28 11:42:53","message":"Request: [2023-10-28 11:42:53] GET:/v1/auth/user  ::1"},
{"level":"INFO","timestamp":"2023-10-28 11:42:54","message":"Request: [2023-10-28 11:42:54] GET:/v1/configuration/menu-list  ::1"},
{"level":"INFO","timestamp":"2023-10-28 11:42:54","message":"Request: [2023-10-28 11:42:54] GET:/v1/permissions/permissions?roles=[%22651e39643b11b8189ed93ba3%22]  ::1"},
{"level":"INFO","timestamp":"2023-10-28 11:42:55","message":"Request: [2023-10-28 11:42:55] GET:/v1/permissions/permissions?roles=[%22651e39643b11b8189ed93ba3%22]  ::1"},
{"level":"INFO","timestamp":"2023-10-28 11:42:55","message":"Request: [2023-10-28 11:42:55] GET:/v1/users?client=undefined&get=all&sort=asc&offset=10&  ::1"},
{"level":"INFO","timestamp":"2023-10-28 11:42:56","message":"Request: [2023-10-28 11:42:56] GET:/v1/permissions/permissions?roles=[%22651e39643b11b8189ed93ba3%22]  ::1"},
{"level":"INFO","timestamp":"2023-10-28 11:42:56","message":"Request: [2023-10-28 11:42:56] GET:/v1/permissions/permissions?roles=[%22651e39643b11b8189ed93ba3%22]  ::1"},
{"level":"INFO","timestamp":"2023-10-28 11:42:56","message":"Request: [2023-10-28 11:42:56] GET:/v1/permissions/permissions?roles=[%22651e39643b11b8189ed93ba3%22]  ::1"},
{"level":"INFO","timestamp":"2023-10-28 11:42:56","message":"Request: [2023-10-28 11:42:56] GET:/v1/permissions/permissions?roles=[%22651e39643b11b8189ed93ba3%22]  ::1"},
{"level":"INFO","timestamp":"2023-10-28 11:43:04","message":"Request: [2023-10-28 11:43:04] GET:/v1/location/admin  ::1"},
{"level":"INFO","timestamp":"2023-10-28 11:43:04","message":"Request: [2023-10-28 11:43:04] GET:/v1/users?client=undefined&get=all&sort=asc&offset=10&  ::1"},
{"level":"INFO","timestamp":"2023-10-28 11:48:17","message":"Request: [2023-10-28 11:48:17] GET:/v1/auth/user  ::1"},
{"level":"INFO","timestamp":"2023-10-28 11:48:18","message":"Request: [2023-10-28 11:48:18] GET:/v1/configuration/menu-list  ::1"},
{"level":"INFO","timestamp":"2023-10-28 11:48:18","message":"Request: [2023-10-28 11:48:18] GET:/v1/permissions/permissions?roles=[%22651e39643b11b8189ed93ba3%22]  ::1"},
{"level":"INFO","timestamp":"2023-10-28 11:48:20","message":"Request: [2023-10-28 11:48:20] GET:/v1/permissions/permissions?roles=[%22651e39643b11b8189ed93ba3%22]  ::1"},
{"level":"INFO","timestamp":"2023-10-28 11:48:20","message":"Request: [2023-10-28 11:48:20] GET:/v1/users?client=undefined&get=all&sort=asc&offset=10&  ::1"},
{"level":"INFO","timestamp":"2023-10-28 11:48:21","message":"Request: [2023-10-28 11:48:21] GET:/v1/permissions/permissions?roles=[%22651e39643b11b8189ed93ba3%22]  ::1"},
{"level":"INFO","timestamp":"2023-10-28 11:48:21","message":"Request: [2023-10-28 11:48:21] GET:/v1/permissions/permissions?roles=[%22651e39643b11b8189ed93ba3%22]  ::1"},
{"level":"INFO","timestamp":"2023-10-28 11:48:21","message":"Request: [2023-10-28 11:48:21] GET:/v1/permissions/permissions?roles=[%22651e39643b11b8189ed93ba3%22]  ::1"},
{"level":"INFO","timestamp":"2023-10-28 11:48:21","message":"Request: [2023-10-28 11:48:21] GET:/v1/permissions/permissions?roles=[%22651e39643b11b8189ed93ba3%22]  ::1"},
{"level":"INFO","timestamp":"2023-10-28 11:48:24","message":"Request: [2023-10-28 11:48:24] GET:/v1/users?client=undefined&get=all&sort=asc&offset=10&  ::1"},
{"level":"INFO","timestamp":"2023-10-28 11:48:24","message":"Request: [2023-10-28 11:48:24] GET:/v1/location/admin  ::1"},
{"level":"INFO","timestamp":"2023-10-28 11:53:41","message":"Request: [2023-10-28 11:53:41] POST:/v1/auth/login  ::1"},
{"level":"INFO","timestamp":"2023-10-28 11:53:43","message":"Request: [2023-10-28 11:53:43] GET:/v1/configuration/menu-list  ::1"},
{"level":"INFO","timestamp":"2023-10-28 11:53:43","message":"Request: [2023-10-28 11:53:43] GET:/v1/permissions/permissions?roles=[%22651e39643b11b8189ed93ba3%22]  ::1"},
{"level":"INFO","timestamp":"2023-10-28 11:53:43","message":"Request: [2023-10-28 11:53:43] GET:/v1/permissions/permissions?roles=[%22651e39643b11b8189ed93ba3%22]  ::1"},
{"level":"INFO","timestamp":"2023-10-28 11:53:49","message":"Request: [2023-10-28 11:53:49] GET:/v1/permissions/permissions?roles=[%22651e39643b11b8189ed93ba3%22]  ::1"},
{"level":"INFO","timestamp":"2023-10-28 11:53:49","message":"Request: [2023-10-28 11:53:49] GET:/v1/users?client=undefined&get=all&sort=asc&offset=10&  ::1"},
{"level":"INFO","timestamp":"2023-10-28 11:53:50","message":"Request: [2023-10-28 11:53:50] GET:/v1/permissions/permissions?roles=[%22651e39643b11b8189ed93ba3%22]  ::1"},
{"level":"INFO","timestamp":"2023-10-28 11:53:50","message":"Request: [2023-10-28 11:53:50] GET:/v1/permissions/permissions?roles=[%22651e39643b11b8189ed93ba3%22]  ::1"},
{"level":"INFO","timestamp":"2023-10-28 11:53:50","message":"Request: [2023-10-28 11:53:50] GET:/v1/permissions/permissions?roles=[%22651e39643b11b8189ed93ba3%22]  ::1"},
{"level":"INFO","timestamp":"2023-10-28 11:53:50","message":"Request: [2023-10-28 11:53:50] GET:/v1/permissions/permissions?roles=[%22651e39643b11b8189ed93ba3%22]  ::1"},
{"level":"INFO","timestamp":"2023-10-28 11:53:54","message":"Request: [2023-10-28 11:53:54] GET:/v1/location/admin  ::1"},
{"level":"INFO","timestamp":"2023-10-28 11:53:54","message":"Request: [2023-10-28 11:53:54] GET:/v1/users?client=undefined&get=all&sort=asc&offset=10&  ::1"},
{"level":"INFO","timestamp":"2023-10-28 11:54:41","message":"Request: [2023-10-28 11:54:41] GET:/v1/location/admin  ::1"},
{"level":"INFO","timestamp":"2023-10-28 11:54:57","message":"Request: [2023-10-28 11:54:57] GET:/v1/auth/user  ::1"},
{"level":"INFO","timestamp":"2023-10-28 11:54:58","message":"Request: [2023-10-28 11:54:58] GET:/v1/configuration/menu-list  ::1"},
{"level":"INFO","timestamp":"2023-10-28 11:54:58","message":"Request: [2023-10-28 11:54:58] GET:/v1/permissions/permissions?roles=[%22651e39643b11b8189ed93ba3%22]  ::1"},
{"level":"INFO","timestamp":"2023-10-28 11:54:59","message":"Request: [2023-10-28 11:54:59] GET:/v1/permissions/permissions?roles=[%22651e39643b11b8189ed93ba3%22]  ::1"},
{"level":"INFO","timestamp":"2023-10-28 11:54:59","message":"Request: [2023-10-28 11:54:59] GET:/v1/users?client=undefined&get=all&sort=asc&offset=10&  ::1"},
{"level":"INFO","timestamp":"2023-10-28 11:55:00","message":"Request: [2023-10-28 11:55:00] GET:/v1/permissions/permissions?roles=[%22651e39643b11b8189ed93ba3%22]  ::1"},
{"level":"INFO","timestamp":"2023-10-28 11:55:00","message":"Request: [2023-10-28 11:55:00] GET:/v1/permissions/permissions?roles=[%22651e39643b11b8189ed93ba3%22]  ::1"},
{"level":"INFO","timestamp":"2023-10-28 11:55:00","message":"Request: [2023-10-28 11:55:00] GET:/v1/permissions/permissions?roles=[%22651e39643b11b8189ed93ba3%22]  ::1"},
{"level":"INFO","timestamp":"2023-10-28 11:55:00","message":"Request: [2023-10-28 11:55:00] GET:/v1/permissions/permissions?roles=[%22651e39643b11b8189ed93ba3%22]  ::1"},
{"level":"INFO","timestamp":"2023-10-28 11:55:04","message":"Request: [2023-10-28 11:55:04] GET:/v1/location/admin  ::1"},
{"level":"INFO","timestamp":"2023-10-28 11:55:04","message":"Request: [2023-10-28 11:55:04] GET:/v1/users?client=undefined&get=all&sort=asc&offset=10&  ::1"},
{"level":"INFO","timestamp":"2023-10-28 11:59:29","message":"Request: [2023-10-28 11:59:29] GET:/v1/auth/user  ::1"},
{"level":"INFO","timestamp":"2023-10-28 11:59:30","message":"Request: [2023-10-28 11:59:30] GET:/v1/configuration/menu-list  ::1"},
{"level":"INFO","timestamp":"2023-10-28 11:59:30","message":"Request: [2023-10-28 11:59:30] GET:/v1/permissions/permissions?roles=[%22651e39643b11b8189ed93ba3%22]  ::1"},
{"level":"INFO","timestamp":"2023-10-28 11:59:31","message":"Request: [2023-10-28 11:59:31] GET:/v1/permissions/permissions?roles=[%22651e39643b11b8189ed93ba3%22]  ::1"},
{"level":"INFO","timestamp":"2023-10-28 11:59:31","message":"Request: [2023-10-28 11:59:31] GET:/v1/users?client=undefined&get=all&sort=asc&offset=10&  ::1"},
{"level":"INFO","timestamp":"2023-10-28 11:59:31","message":"Request: [2023-10-28 11:59:31] GET:/v1/permissions/permissions?roles=[%22651e39643b11b8189ed93ba3%22]  ::1"},
{"level":"INFO","timestamp":"2023-10-28 11:59:31","message":"Request: [2023-10-28 11:59:31] GET:/v1/permissions/permissions?roles=[%22651e39643b11b8189ed93ba3%22]  ::1"},
{"level":"INFO","timestamp":"2023-10-28 11:59:31","message":"Request: [2023-10-28 11:59:31] GET:/v1/permissions/permissions?roles=[%22651e39643b11b8189ed93ba3%22]  ::1"},
{"level":"INFO","timestamp":"2023-10-28 11:59:31","message":"Request: [2023-10-28 11:59:31] GET:/v1/permissions/permissions?roles=[%22651e39643b11b8189ed93ba3%22]  ::1"},
{"level":"INFO","timestamp":"2023-10-28 11:59:42","message":"Request: [2023-10-28 11:59:42] GET:/v1/location/admin  ::1"},
{"level":"INFO","timestamp":"2023-10-28 11:59:42","message":"Request: [2023-10-28 11:59:42] GET:/v1/users?client=undefined&get=all&sort=asc&offset=10&  ::1"},
{"level":"INFO","timestamp":"2023-10-28 12:03:50","message":"Request: [2023-10-28 12:03:50] GET:/v1/auth/user  ::1"},
{"level":"INFO","timestamp":"2023-10-28 12:03:51","message":"Request: [2023-10-28 12:03:51] GET:/v1/configuration/menu-list  ::1"},
{"level":"INFO","timestamp":"2023-10-28 12:03:51","message":"Request: [2023-10-28 12:03:51] GET:/v1/permissions/permissions?roles=[%22651e39643b11b8189ed93ba3%22]  ::1"},
{"level":"INFO","timestamp":"2023-10-28 12:03:52","message":"Request: [2023-10-28 12:03:52] GET:/v1/permissions/permissions?roles=[%22651e39643b11b8189ed93ba3%22]  ::1"},
{"level":"INFO","timestamp":"2023-10-28 12:03:53","message":"Request: [2023-10-28 12:03:53] GET:/v1/users?client=undefined&get=all&sort=asc&offset=10&  ::1"},
{"level":"INFO","timestamp":"2023-10-28 12:03:53","message":"Request: [2023-10-28 12:03:53] GET:/v1/permissions/permissions?roles=[%22651e39643b11b8189ed93ba3%22]  ::1"},
{"level":"INFO","timestamp":"2023-10-28 12:03:53","message":"Request: [2023-10-28 12:03:53] GET:/v1/permissions/permissions?roles=[%22651e39643b11b8189ed93ba3%22]  ::1"},
{"level":"INFO","timestamp":"2023-10-28 12:03:53","message":"Request: [2023-10-28 12:03:53] GET:/v1/permissions/permissions?roles=[%22651e39643b11b8189ed93ba3%22]  ::1"},
{"level":"INFO","timestamp":"2023-10-28 12:03:53","message":"Request: [2023-10-28 12:03:53] GET:/v1/permissions/permissions?roles=[%22651e39643b11b8189ed93ba3%22]  ::1"},
{"level":"INFO","timestamp":"2023-10-28 12:04:59","message":"Request: [2023-10-28 12:04:59] GET:/v1/auth/user  ::1"},
{"level":"INFO","timestamp":"2023-10-28 12:05:00","message":"Request: [2023-10-28 12:05:00] GET:/v1/configuration/menu-list  ::1"},
{"level":"INFO","timestamp":"2023-10-28 12:05:00","message":"Request: [2023-10-28 12:05:00] GET:/v1/permissions/permissions?roles=[%22651e39643b11b8189ed93ba3%22]  ::1"},
{"level":"INFO","timestamp":"2023-10-28 12:05:01","message":"Request: [2023-10-28 12:05:01] GET:/v1/permissions/permissions?roles=[%22651e39643b11b8189ed93ba3%22]  ::1"},
{"level":"INFO","timestamp":"2023-10-28 12:05:01","message":"Request: [2023-10-28 12:05:01] GET:/v1/users?client=undefined&get=all&sort=asc&offset=10&  ::1"},
{"level":"INFO","timestamp":"2023-10-28 12:05:01","message":"Request: [2023-10-28 12:05:01] GET:/v1/permissions/permissions?roles=[%22651e39643b11b8189ed93ba3%22]  ::1"},
{"level":"INFO","timestamp":"2023-10-28 12:05:01","message":"Request: [2023-10-28 12:05:01] GET:/v1/permissions/permissions?roles=[%22651e39643b11b8189ed93ba3%22]  ::1"},
{"level":"INFO","timestamp":"2023-10-28 12:05:01","message":"Request: [2023-10-28 12:05:01] GET:/v1/permissions/permissions?roles=[%22651e39643b11b8189ed93ba3%22]  ::1"},
{"level":"INFO","timestamp":"2023-10-28 12:05:01","message":"Request: [2023-10-28 12:05:01] GET:/v1/permissions/permissions?roles=[%22651e39643b11b8189ed93ba3%22]  ::1"},
{"level":"INFO","timestamp":"2023-10-28 12:05:06","message":"Request: [2023-10-28 12:05:06] GET:/v1/location/admin  ::1"},
{"level":"INFO","timestamp":"2023-10-28 12:05:06","message":"Request: [2023-10-28 12:05:06] GET:/v1/users?client=undefined&get=all&sort=asc&offset=10&  ::1"},
{"level":"INFO","timestamp":"2023-10-28 12:07:09","message":"Request: [2023-10-28 12:07:09] GET:/v1/location/admin  ::1"},
{"level":"INFO","timestamp":"2023-10-28 12:10:21","message":"Request: [2023-10-28 12:10:21] GET:/v1/auth/user  ::1"},
{"level":"INFO","timestamp":"2023-10-28 12:10:21","message":"Request: [2023-10-28 12:10:21] GET:/v1/configuration/menu-list  ::1"},
{"level":"INFO","timestamp":"2023-10-28 12:10:21","message":"Request: [2023-10-28 12:10:21] GET:/v1/permissions/permissions?roles=[%22651e39643b11b8189ed93ba3%22]  ::1"},
{"level":"INFO","timestamp":"2023-10-28 12:10:22","message":"Request: [2023-10-28 12:10:22] GET:/v1/permissions/permissions?roles=[%22651e39643b11b8189ed93ba3%22]  ::1"},
{"level":"INFO","timestamp":"2023-10-28 12:10:22","message":"Request: [2023-10-28 12:10:22] GET:/v1/users?client=undefined&get=all&sort=asc&offset=10&  ::1"},
{"level":"INFO","timestamp":"2023-10-28 12:10:22","message":"Request: [2023-10-28 12:10:22] GET:/v1/permissions/permissions?roles=[%22651e39643b11b8189ed93ba3%22]  ::1"},
{"level":"INFO","timestamp":"2023-10-28 12:10:22","message":"Request: [2023-10-28 12:10:22] GET:/v1/permissions/permissions?roles=[%22651e39643b11b8189ed93ba3%22]  ::1"},
{"level":"INFO","timestamp":"2023-10-28 12:10:22","message":"Request: [2023-10-28 12:10:22] GET:/v1/permissions/permissions?roles=[%22651e39643b11b8189ed93ba3%22]  ::1"},
{"level":"INFO","timestamp":"2023-10-28 12:10:22","message":"Request: [2023-10-28 12:10:22] GET:/v1/permissions/permissions?roles=[%22651e39643b11b8189ed93ba3%22]  ::1"},
{"level":"INFO","timestamp":"2023-10-28 12:10:26","message":"Request: [2023-10-28 12:10:26] GET:/v1/location/admin  ::1"},
{"level":"INFO","timestamp":"2023-10-28 12:10:26","message":"Request: [2023-10-28 12:10:26] GET:/v1/users?client=undefined&get=all&sort=asc&offset=10&  ::1"},
{"level":"INFO","timestamp":"2023-10-28 12:10:45","message":"Request: [2023-10-28 12:10:45] GET:/v1/auth/user  ::1"},
{"level":"INFO","timestamp":"2023-10-28 12:10:45","message":"Request: [2023-10-28 12:10:45] GET:/v1/configuration/menu-list  ::1"},
{"level":"INFO","timestamp":"2023-10-28 12:10:45","message":"Request: [2023-10-28 12:10:45] GET:/v1/permissions/permissions?roles=[%22651e39643b11b8189ed93ba3%22]  ::1"},
{"level":"INFO","timestamp":"2023-10-28 12:10:46","message":"Request: [2023-10-28 12:10:46] GET:/v1/permissions/permissions?roles=[%22651e39643b11b8189ed93ba3%22]  ::1"},
{"level":"INFO","timestamp":"2023-10-28 12:10:46","message":"Request: [2023-10-28 12:10:46] GET:/v1/users?client=undefined&get=all&sort=asc&offset=10&  ::1"},
{"level":"INFO","timestamp":"2023-10-28 12:10:47","message":"Request: [2023-10-28 12:10:47] GET:/v1/permissions/permissions?roles=[%22651e39643b11b8189ed93ba3%22]  ::1"},
{"level":"INFO","timestamp":"2023-10-28 12:10:47","message":"Request: [2023-10-28 12:10:47] GET:/v1/permissions/permissions?roles=[%22651e39643b11b8189ed93ba3%22]  ::1"},
{"level":"INFO","timestamp":"2023-10-28 12:10:47","message":"Request: [2023-10-28 12:10:47] GET:/v1/permissions/permissions?roles=[%22651e39643b11b8189ed93ba3%22]  ::1"},
{"level":"INFO","timestamp":"2023-10-28 12:10:47","message":"Request: [2023-10-28 12:10:47] GET:/v1/permissions/permissions?roles=[%22651e39643b11b8189ed93ba3%22]  ::1"},
{"level":"INFO","timestamp":"2023-10-28 12:10:51","message":"Request: [2023-10-28 12:10:51] GET:/v1/location/admin  ::1"},
{"level":"INFO","timestamp":"2023-10-28 12:10:51","message":"Request: [2023-10-28 12:10:51] GET:/v1/users?client=undefined&get=all&sort=asc&offset=10&  ::1"},
{"level":"INFO","timestamp":"2023-10-28 12:13:02","message":"Request: [2023-10-28 12:13:02] GET:/v1/auth/user  ::1"},
{"level":"INFO","timestamp":"2023-10-28 12:13:03","message":"Request: [2023-10-28 12:13:03] GET:/v1/configuration/menu-list  ::1"},
{"level":"INFO","timestamp":"2023-10-28 12:13:03","message":"Request: [2023-10-28 12:13:03] GET:/v1/permissions/permissions?roles=[%22651e39643b11b8189ed93ba3%22]  ::1"},
{"level":"INFO","timestamp":"2023-10-28 12:13:04","message":"Request: [2023-10-28 12:13:04] GET:/v1/permissions/permissions?roles=[%22651e39643b11b8189ed93ba3%22]  ::1"},
{"level":"INFO","timestamp":"2023-10-28 12:13:04","message":"Request: [2023-10-28 12:13:04] GET:/v1/users?client=undefined&get=all&sort=asc&offset=10&  ::1"},
{"level":"INFO","timestamp":"2023-10-28 12:13:05","message":"Request: [2023-10-28 12:13:05] GET:/v1/permissions/permissions?roles=[%22651e39643b11b8189ed93ba3%22]  ::1"},
{"level":"INFO","timestamp":"2023-10-28 12:13:05","message":"Request: [2023-10-28 12:13:05] GET:/v1/permissions/permissions?roles=[%22651e39643b11b8189ed93ba3%22]  ::1"},
{"level":"INFO","timestamp":"2023-10-28 12:13:05","message":"Request: [2023-10-28 12:13:05] GET:/v1/permissions/permissions?roles=[%22651e39643b11b8189ed93ba3%22]  ::1"},
{"level":"INFO","timestamp":"2023-10-28 12:13:05","message":"Request: [2023-10-28 12:13:05] GET:/v1/permissions/permissions?roles=[%22651e39643b11b8189ed93ba3%22]  ::1"},
{"level":"INFO","timestamp":"2023-10-28 12:13:11","message":"Request: [2023-10-28 12:13:11] GET:/v1/location/admin  ::1"},
{"level":"INFO","timestamp":"2023-10-28 12:13:11","message":"Request: [2023-10-28 12:13:11] GET:/v1/users?client=undefined&get=all&sort=asc&offset=10&  ::1"},
{"level":"INFO","timestamp":"2023-10-28 12:14:52","message":"Request: [2023-10-28 12:14:52] GET:/v1/auth/user  ::1"},
{"level":"INFO","timestamp":"2023-10-28 12:14:52","message":"Request: [2023-10-28 12:14:52] GET:/v1/configuration/menu-list  ::1"},
{"level":"INFO","timestamp":"2023-10-28 12:14:52","message":"Request: [2023-10-28 12:14:52] GET:/v1/permissions/permissions?roles=[%22651e39643b11b8189ed93ba3%22]  ::1"},
{"level":"INFO","timestamp":"2023-10-28 12:14:53","message":"Request: [2023-10-28 12:14:53] GET:/v1/permissions/permissions?roles=[%22651e39643b11b8189ed93ba3%22]  ::1"},
{"level":"INFO","timestamp":"2023-10-28 12:14:53","message":"Request: [2023-10-28 12:14:53] GET:/v1/users?client=undefined&get=all&sort=asc&offset=10&  ::1"},
{"level":"INFO","timestamp":"2023-10-28 12:14:54","message":"Request: [2023-10-28 12:14:54] GET:/v1/permissions/permissions?roles=[%22651e39643b11b8189ed93ba3%22]  ::1"},
{"level":"INFO","timestamp":"2023-10-28 12:14:54","message":"Request: [2023-10-28 12:14:54] GET:/v1/permissions/permissions?roles=[%22651e39643b11b8189ed93ba3%22]  ::1"},
{"level":"INFO","timestamp":"2023-10-28 12:14:54","message":"Request: [2023-10-28 12:14:54] GET:/v1/permissions/permissions?roles=[%22651e39643b11b8189ed93ba3%22]  ::1"},
{"level":"INFO","timestamp":"2023-10-28 12:14:54","message":"Request: [2023-10-28 12:14:54] GET:/v1/permissions/permissions?roles=[%22651e39643b11b8189ed93ba3%22]  ::1"},
{"level":"INFO","timestamp":"2023-10-28 12:14:56","message":"Request: [2023-10-28 12:14:56] GET:/v1/location/admin  ::1"},
{"level":"INFO","timestamp":"2023-10-28 12:14:56","message":"Request: [2023-10-28 12:14:56] GET:/v1/users?client=undefined&get=all&sort=asc&offset=10&  ::1"},
{"level":"INFO","timestamp":"2023-10-28 12:16:41","message":"Request: [2023-10-28 12:16:41] GET:/v1/auth/user  ::1"},
{"level":"INFO","timestamp":"2023-10-28 12:16:42","message":"Request: [2023-10-28 12:16:42] GET:/v1/configuration/menu-list  ::1"},
{"level":"INFO","timestamp":"2023-10-28 12:16:42","message":"Request: [2023-10-28 12:16:42] GET:/v1/permissions/permissions?roles=[%22651e39643b11b8189ed93ba3%22]  ::1"},
{"level":"INFO","timestamp":"2023-10-28 12:16:43","message":"Request: [2023-10-28 12:16:43] GET:/v1/permissions/permissions?roles=[%22651e39643b11b8189ed93ba3%22]  ::1"},
{"level":"INFO","timestamp":"2023-10-28 12:16:43","message":"Request: [2023-10-28 12:16:43] GET:/v1/users?client=undefined&get=all&sort=asc&offset=10&  ::1"},
{"level":"INFO","timestamp":"2023-10-28 12:16:44","message":"Request: [2023-10-28 12:16:44] GET:/v1/permissions/permissions?roles=[%22651e39643b11b8189ed93ba3%22]  ::1"},
{"level":"INFO","timestamp":"2023-10-28 12:16:44","message":"Request: [2023-10-28 12:16:44] GET:/v1/permissions/permissions?roles=[%22651e39643b11b8189ed93ba3%22]  ::1"},
{"level":"INFO","timestamp":"2023-10-28 12:16:44","message":"Request: [2023-10-28 12:16:44] GET:/v1/permissions/permissions?roles=[%22651e39643b11b8189ed93ba3%22]  ::1"},
{"level":"INFO","timestamp":"2023-10-28 12:16:44","message":"Request: [2023-10-28 12:16:44] GET:/v1/permissions/permissions?roles=[%22651e39643b11b8189ed93ba3%22]  ::1"},
{"level":"INFO","timestamp":"2023-10-28 12:20:54","message":"Request: [2023-10-28 12:20:54] GET:/v1/auth/user  ::1"},
{"level":"INFO","timestamp":"2023-10-28 12:20:56","message":"Request: [2023-10-28 12:20:56] GET:/v1/configuration/menu-list  ::1"},
{"level":"INFO","timestamp":"2023-10-28 12:20:56","message":"Request: [2023-10-28 12:20:56] GET:/v1/permissions/permissions?roles=[%22651e39643b11b8189ed93ba3%22]  ::1"},
{"level":"INFO","timestamp":"2023-10-28 12:20:57","message":"Request: [2023-10-28 12:20:57] GET:/v1/permissions/permissions?roles=[%22651e39643b11b8189ed93ba3%22]  ::1"},
{"level":"INFO","timestamp":"2023-10-28 12:20:57","message":"Request: [2023-10-28 12:20:57] GET:/v1/users?client=undefined&get=all&sort=asc&offset=10&  ::1"},
{"level":"INFO","timestamp":"2023-10-28 12:20:58","message":"Request: [2023-10-28 12:20:58] GET:/v1/permissions/permissions?roles=[%22651e39643b11b8189ed93ba3%22]  ::1"},
{"level":"INFO","timestamp":"2023-10-28 12:20:58","message":"Request: [2023-10-28 12:20:58] GET:/v1/permissions/permissions?roles=[%22651e39643b11b8189ed93ba3%22]  ::1"},
{"level":"INFO","timestamp":"2023-10-28 12:20:58","message":"Request: [2023-10-28 12:20:58] GET:/v1/permissions/permissions?roles=[%22651e39643b11b8189ed93ba3%22]  ::1"},
{"level":"INFO","timestamp":"2023-10-28 12:20:58","message":"Request: [2023-10-28 12:20:58] GET:/v1/permissions/permissions?roles=[%22651e39643b11b8189ed93ba3%22]  ::1"},
{"level":"INFO","timestamp":"2023-10-28 12:21:05","message":"Request: [2023-10-28 12:21:05] GET:/v1/location/admin  ::1"},
{"level":"INFO","timestamp":"2023-10-28 12:21:05","message":"Request: [2023-10-28 12:21:05] GET:/v1/users?client=undefined&get=all&sort=asc&offset=10&  ::1"},
{"level":"INFO","timestamp":"2023-10-28 12:27:36","message":"Request: [2023-10-28 12:27:36] GET:/v1/auth/user  ::1"},
{"level":"INFO","timestamp":"2023-10-28 12:27:37","message":"Request: [2023-10-28 12:27:37] GET:/v1/configuration/menu-list  ::1"},
{"level":"INFO","timestamp":"2023-10-28 12:27:37","message":"Request: [2023-10-28 12:27:37] GET:/v1/permissions/permissions?roles=[%22651e39643b11b8189ed93ba3%22]  ::1"},
{"level":"INFO","timestamp":"2023-10-28 12:27:38","message":"Request: [2023-10-28 12:27:38] GET:/v1/permissions/permissions?roles=[%22651e39643b11b8189ed93ba3%22]  ::1"},
{"level":"INFO","timestamp":"2023-10-28 12:27:38","message":"Request: [2023-10-28 12:27:38] GET:/v1/users?client=undefined&get=all&sort=asc&offset=10&  ::1"},
{"level":"INFO","timestamp":"2023-10-28 12:27:38","message":"Request: [2023-10-28 12:27:38] GET:/v1/permissions/permissions?roles=[%22651e39643b11b8189ed93ba3%22]  ::1"},
{"level":"INFO","timestamp":"2023-10-28 12:27:38","message":"Request: [2023-10-28 12:27:38] GET:/v1/permissions/permissions?roles=[%22651e39643b11b8189ed93ba3%22]  ::1"},
{"level":"INFO","timestamp":"2023-10-28 12:27:38","message":"Request: [2023-10-28 12:27:38] GET:/v1/permissions/permissions?roles=[%22651e39643b11b8189ed93ba3%22]  ::1"},
{"level":"INFO","timestamp":"2023-10-28 12:27:38","message":"Request: [2023-10-28 12:27:38] GET:/v1/permissions/permissions?roles=[%22651e39643b11b8189ed93ba3%22]  ::1"},
{"level":"INFO","timestamp":"2023-10-28 12:29:59","message":"Request: [2023-10-28 12:29:59] GET:/v1/location/admin  ::1"},
{"level":"INFO","timestamp":"2023-10-28 12:29:59","message":"Request: [2023-10-28 12:29:59] GET:/v1/users?client=undefined&get=all&sort=asc&offset=10&  ::1"},
{"level":"INFO","timestamp":"2023-10-28 12:30:27","message":"Request: [2023-10-28 12:30:27] GET:/v1/customer/product/by-location/6530f77e1bd64c24544273f8  ::1"},
{"level":"INFO","timestamp":"2023-10-28 12:31:38","message":"Request: [2023-10-28 12:31:38] GET:/v1/auth/user  ::1"},
{"level":"INFO","timestamp":"2023-10-28 12:31:39","message":"Request: [2023-10-28 12:31:39] GET:/v1/configuration/menu-list  ::1"},
{"level":"INFO","timestamp":"2023-10-28 12:31:39","message":"Request: [2023-10-28 12:31:39] GET:/v1/permissions/permissions?roles=[%22651e39643b11b8189ed93ba3%22]  ::1"},
{"level":"INFO","timestamp":"2023-10-28 12:31:40","message":"Request: [2023-10-28 12:31:40] GET:/v1/permissions/permissions?roles=[%22651e39643b11b8189ed93ba3%22]  ::1"},
{"level":"INFO","timestamp":"2023-10-28 12:31:40","message":"Request: [2023-10-28 12:31:40] GET:/v1/users?client=undefined&get=all&sort=asc&offset=10&  ::1"},
{"level":"INFO","timestamp":"2023-10-28 12:31:41","message":"Request: [2023-10-28 12:31:41] GET:/v1/permissions/permissions?roles=[%22651e39643b11b8189ed93ba3%22]  ::1"},
{"level":"INFO","timestamp":"2023-10-28 12:31:41","message":"Request: [2023-10-28 12:31:41] GET:/v1/permissions/permissions?roles=[%22651e39643b11b8189ed93ba3%22]  ::1"},
{"level":"INFO","timestamp":"2023-10-28 12:31:41","message":"Request: [2023-10-28 12:31:41] GET:/v1/permissions/permissions?roles=[%22651e39643b11b8189ed93ba3%22]  ::1"},
{"level":"INFO","timestamp":"2023-10-28 12:31:41","message":"Request: [2023-10-28 12:31:41] GET:/v1/permissions/permissions?roles=[%22651e39643b11b8189ed93ba3%22]  ::1"},
{"level":"INFO","timestamp":"2023-10-28 12:31:43","message":"Request: [2023-10-28 12:31:43] GET:/v1/location/admin  ::1"},
{"level":"INFO","timestamp":"2023-10-28 12:31:43","message":"Request: [2023-10-28 12:31:43] GET:/v1/users?client=undefined&get=all&sort=asc&offset=10&  ::1"},
{"level":"INFO","timestamp":"2023-10-28 12:32:27","message":"Request: [2023-10-28 12:32:27] GET:/v1/auth/user  ::1"},
{"level":"INFO","timestamp":"2023-10-28 12:32:27","message":"Request: [2023-10-28 12:32:27] GET:/v1/configuration/menu-list  ::1"},
{"level":"INFO","timestamp":"2023-10-28 12:32:27","message":"Request: [2023-10-28 12:32:27] GET:/v1/permissions/permissions?roles=[%22651e39643b11b8189ed93ba3%22]  ::1"},
{"level":"INFO","timestamp":"2023-10-28 12:32:28","message":"Request: [2023-10-28 12:32:28] GET:/v1/permissions/permissions?roles=[%22651e39643b11b8189ed93ba3%22]  ::1"},
{"level":"INFO","timestamp":"2023-10-28 12:32:28","message":"Request: [2023-10-28 12:32:28] GET:/v1/users?client=undefined&get=all&sort=asc&offset=10&  ::1"},
{"level":"INFO","timestamp":"2023-10-28 12:32:28","message":"Request: [2023-10-28 12:32:28] GET:/v1/permissions/permissions?roles=[%22651e39643b11b8189ed93ba3%22]  ::1"},
{"level":"INFO","timestamp":"2023-10-28 12:32:28","message":"Request: [2023-10-28 12:32:28] GET:/v1/permissions/permissions?roles=[%22651e39643b11b8189ed93ba3%22]  ::1"},
{"level":"INFO","timestamp":"2023-10-28 12:32:28","message":"Request: [2023-10-28 12:32:28] GET:/v1/permissions/permissions?roles=[%22651e39643b11b8189ed93ba3%22]  ::1"},
{"level":"INFO","timestamp":"2023-10-28 12:32:28","message":"Request: [2023-10-28 12:32:28] GET:/v1/permissions/permissions?roles=[%22651e39643b11b8189ed93ba3%22]  ::1"},
{"level":"INFO","timestamp":"2023-10-28 12:32:32","message":"Request: [2023-10-28 12:32:32] GET:/v1/location/admin  ::1"},
{"level":"INFO","timestamp":"2023-10-28 12:32:32","message":"Request: [2023-10-28 12:32:32] GET:/v1/users?client=undefined&get=all&sort=asc&offset=10&  ::1"},
{"level":"INFO","timestamp":"2023-10-28 12:33:16","message":"Request: [2023-10-28 12:33:16] GET:/v1/auth/user  ::1"},
{"level":"INFO","timestamp":"2023-10-28 12:33:17","message":"Request: [2023-10-28 12:33:17] GET:/v1/configuration/menu-list  ::1"},
{"level":"INFO","timestamp":"2023-10-28 12:33:17","message":"Request: [2023-10-28 12:33:17] GET:/v1/permissions/permissions?roles=[%22651e39643b11b8189ed93ba3%22]  ::1"},
{"level":"INFO","timestamp":"2023-10-28 12:33:18","message":"Request: [2023-10-28 12:33:18] GET:/v1/permissions/permissions?roles=[%22651e39643b11b8189ed93ba3%22]  ::1"},
{"level":"INFO","timestamp":"2023-10-28 12:33:18","message":"Request: [2023-10-28 12:33:18] GET:/v1/users?client=undefined&get=all&sort=asc&offset=10&  ::1"},
{"level":"INFO","timestamp":"2023-10-28 12:33:19","message":"Request: [2023-10-28 12:33:19] GET:/v1/permissions/permissions?roles=[%22651e39643b11b8189ed93ba3%22]  ::1"},
{"level":"INFO","timestamp":"2023-10-28 12:33:19","message":"Request: [2023-10-28 12:33:19] GET:/v1/permissions/permissions?roles=[%22651e39643b11b8189ed93ba3%22]  ::1"},
{"level":"INFO","timestamp":"2023-10-28 12:33:19","message":"Request: [2023-10-28 12:33:19] GET:/v1/permissions/permissions?roles=[%22651e39643b11b8189ed93ba3%22]  ::1"},
{"level":"INFO","timestamp":"2023-10-28 12:33:19","message":"Request: [2023-10-28 12:33:19] GET:/v1/permissions/permissions?roles=[%22651e39643b11b8189ed93ba3%22]  ::1"},
{"level":"INFO","timestamp":"2023-10-28 12:33:21","message":"Request: [2023-10-28 12:33:21] GET:/v1/location/admin  ::1"},
{"level":"INFO","timestamp":"2023-10-28 12:33:21","message":"Request: [2023-10-28 12:33:21] GET:/v1/users?client=undefined&get=all&sort=asc&offset=10&  ::1"},
{"level":"INFO","timestamp":"2023-10-28 12:34:00","message":"Request: [2023-10-28 12:34:00] GET:/v1/auth/user  ::1"},
{"level":"INFO","timestamp":"2023-10-28 12:34:01","message":"Request: [2023-10-28 12:34:01] GET:/v1/configuration/menu-list  ::1"},
{"level":"INFO","timestamp":"2023-10-28 12:34:01","message":"Request: [2023-10-28 12:34:01] GET:/v1/permissions/permissions?roles=[%22651e39643b11b8189ed93ba3%22]  ::1"},
{"level":"INFO","timestamp":"2023-10-28 12:34:02","message":"Request: [2023-10-28 12:34:02] GET:/v1/permissions/permissions?roles=[%22651e39643b11b8189ed93ba3%22]  ::1"},
{"level":"INFO","timestamp":"2023-10-28 12:34:02","message":"Request: [2023-10-28 12:34:02] GET:/v1/users?client=undefined&get=all&sort=asc&offset=10&  ::1"},
{"level":"INFO","timestamp":"2023-10-28 12:34:02","message":"Request: [2023-10-28 12:34:02] GET:/v1/permissions/permissions?roles=[%22651e39643b11b8189ed93ba3%22]  ::1"},
{"level":"INFO","timestamp":"2023-10-28 12:34:02","message":"Request: [2023-10-28 12:34:02] GET:/v1/permissions/permissions?roles=[%22651e39643b11b8189ed93ba3%22]  ::1"},
{"level":"INFO","timestamp":"2023-10-28 12:34:02","message":"Request: [2023-10-28 12:34:02] GET:/v1/permissions/permissions?roles=[%22651e39643b11b8189ed93ba3%22]  ::1"},
{"level":"INFO","timestamp":"2023-10-28 12:34:02","message":"Request: [2023-10-28 12:34:02] GET:/v1/permissions/permissions?roles=[%22651e39643b11b8189ed93ba3%22]  ::1"},
{"level":"INFO","timestamp":"2023-10-28 12:34:04","message":"Request: [2023-10-28 12:34:04] GET:/v1/location/admin  ::1"},
{"level":"INFO","timestamp":"2023-10-28 12:34:04","message":"Request: [2023-10-28 12:34:04] GET:/v1/users?client=undefined&get=all&sort=asc&offset=10&  ::1"},
{"level":"INFO","timestamp":"2023-10-28 12:35:12","message":"Request: [2023-10-28 12:35:12] GET:/v1/auth/user  ::1"},
{"level":"INFO","timestamp":"2023-10-28 12:35:13","message":"Request: [2023-10-28 12:35:13] GET:/v1/configuration/menu-list  ::1"},
{"level":"INFO","timestamp":"2023-10-28 12:35:13","message":"Request: [2023-10-28 12:35:13] GET:/v1/permissions/permissions?roles=[%22651e39643b11b8189ed93ba3%22]  ::1"},
{"level":"INFO","timestamp":"2023-10-28 12:35:14","message":"Request: [2023-10-28 12:35:14] GET:/v1/permissions/permissions?roles=[%22651e39643b11b8189ed93ba3%22]  ::1"},
{"level":"INFO","timestamp":"2023-10-28 12:35:14","message":"Request: [2023-10-28 12:35:14] GET:/v1/users?client=undefined&get=all&sort=asc&offset=10&  ::1"},
{"level":"INFO","timestamp":"2023-10-28 12:35:14","message":"Request: [2023-10-28 12:35:14] GET:/v1/permissions/permissions?roles=[%22651e39643b11b8189ed93ba3%22]  ::1"},
{"level":"INFO","timestamp":"2023-10-28 12:35:14","message":"Request: [2023-10-28 12:35:14] GET:/v1/permissions/permissions?roles=[%22651e39643b11b8189ed93ba3%22]  ::1"},
{"level":"INFO","timestamp":"2023-10-28 12:35:14","message":"Request: [2023-10-28 12:35:14] GET:/v1/permissions/permissions?roles=[%22651e39643b11b8189ed93ba3%22]  ::1"},
{"level":"INFO","timestamp":"2023-10-28 12:35:14","message":"Request: [2023-10-28 12:35:14] GET:/v1/permissions/permissions?roles=[%22651e39643b11b8189ed93ba3%22]  ::1"},
{"level":"INFO","timestamp":"2023-10-28 12:35:42","message":"Request: [2023-10-28 12:35:42] GET:/v1/users?client=undefined&get=all&sort=asc&offset=10&  ::1"},
{"level":"INFO","timestamp":"2023-10-28 12:35:42","message":"Request: [2023-10-28 12:35:42] GET:/v1/location/admin  ::1"},
{"level":"INFO","timestamp":"2023-10-28 12:36:50","message":"Request: [2023-10-28 12:36:50] GET:/v1/auth/user  ::1"},
{"level":"INFO","timestamp":"2023-10-28 12:36:51","message":"Request: [2023-10-28 12:36:51] GET:/v1/configuration/menu-list  ::1"},
{"level":"INFO","timestamp":"2023-10-28 12:36:51","message":"Request: [2023-10-28 12:36:51] GET:/v1/permissions/permissions?roles=[%22651e39643b11b8189ed93ba3%22]  ::1"},
{"level":"INFO","timestamp":"2023-10-28 12:36:53","message":"Request: [2023-10-28 12:36:53] GET:/v1/permissions/permissions?roles=[%22651e39643b11b8189ed93ba3%22]  ::1"},
{"level":"INFO","timestamp":"2023-10-28 12:36:53","message":"Request: [2023-10-28 12:36:53] GET:/v1/users?client=undefined&get=all&sort=asc&offset=10&  ::1"},
{"level":"INFO","timestamp":"2023-10-28 12:36:55","message":"Request: [2023-10-28 12:36:55] GET:/v1/permissions/permissions?roles=[%22651e39643b11b8189ed93ba3%22]  ::1"},
{"level":"INFO","timestamp":"2023-10-28 12:36:55","message":"Request: [2023-10-28 12:36:55] GET:/v1/permissions/permissions?roles=[%22651e39643b11b8189ed93ba3%22]  ::1"},
{"level":"INFO","timestamp":"2023-10-28 12:36:55","message":"Request: [2023-10-28 12:36:55] GET:/v1/permissions/permissions?roles=[%22651e39643b11b8189ed93ba3%22]  ::1"},
{"level":"INFO","timestamp":"2023-10-28 12:36:55","message":"Request: [2023-10-28 12:36:55] GET:/v1/permissions/permissions?roles=[%22651e39643b11b8189ed93ba3%22]  ::1"},
{"level":"INFO","timestamp":"2023-10-28 12:37:02","message":"Request: [2023-10-28 12:37:02] GET:/v1/location/admin  ::1"},
{"level":"INFO","timestamp":"2023-10-28 12:37:02","message":"Request: [2023-10-28 12:37:02] GET:/v1/users?client=undefined&get=all&sort=asc&offset=10&  ::1"},
{"level":"INFO","timestamp":"2023-10-28 12:37:51","message":"Request: [2023-10-28 12:37:51] GET:/v1/auth/user  ::1"},
{"level":"INFO","timestamp":"2023-10-28 12:37:51","message":"Request: [2023-10-28 12:37:51] GET:/v1/configuration/menu-list  ::1"},
{"level":"INFO","timestamp":"2023-10-28 12:37:51","message":"Request: [2023-10-28 12:37:51] GET:/v1/permissions/permissions?roles=[%22651e39643b11b8189ed93ba3%22]  ::1"},
{"level":"INFO","timestamp":"2023-10-28 12:37:52","message":"Request: [2023-10-28 12:37:52] GET:/v1/permissions/permissions?roles=[%22651e39643b11b8189ed93ba3%22]  ::1"},
{"level":"INFO","timestamp":"2023-10-28 12:37:52","message":"Request: [2023-10-28 12:37:52] GET:/v1/users?client=undefined&get=all&sort=asc&offset=10&  ::1"},
{"level":"INFO","timestamp":"2023-10-28 12:37:53","message":"Request: [2023-10-28 12:37:53] GET:/v1/permissions/permissions?roles=[%22651e39643b11b8189ed93ba3%22]  ::1"},
{"level":"INFO","timestamp":"2023-10-28 12:37:53","message":"Request: [2023-10-28 12:37:53] GET:/v1/permissions/permissions?roles=[%22651e39643b11b8189ed93ba3%22]  ::1"},
{"level":"INFO","timestamp":"2023-10-28 12:37:53","message":"Request: [2023-10-28 12:37:53] GET:/v1/permissions/permissions?roles=[%22651e39643b11b8189ed93ba3%22]  ::1"},
{"level":"INFO","timestamp":"2023-10-28 12:37:53","message":"Request: [2023-10-28 12:37:53] GET:/v1/permissions/permissions?roles=[%22651e39643b11b8189ed93ba3%22]  ::1"},
{"level":"INFO","timestamp":"2023-10-28 12:40:21","message":"Request: [2023-10-28 12:40:21] GET:/v1/location/admin  ::1"},
{"level":"INFO","timestamp":"2023-10-28 12:40:21","message":"Request: [2023-10-28 12:40:21] GET:/v1/users?client=undefined&get=all&sort=asc&offset=10&  ::1"},
{"level":"INFO","timestamp":"2023-10-28 12:41:21","message":"Request: [2023-10-28 12:41:21] GET:/v1/auth/user  ::1"},
{"level":"INFO","timestamp":"2023-10-28 12:41:22","message":"Request: [2023-10-28 12:41:22] GET:/v1/configuration/menu-list  ::1"},
{"level":"INFO","timestamp":"2023-10-28 12:41:22","message":"Request: [2023-10-28 12:41:22] GET:/v1/permissions/permissions?roles=[%22651e39643b11b8189ed93ba3%22]  ::1"},
{"level":"INFO","timestamp":"2023-10-28 12:41:23","message":"Request: [2023-10-28 12:41:23] GET:/v1/permissions/permissions?roles=[%22651e39643b11b8189ed93ba3%22]  ::1"},
{"level":"INFO","timestamp":"2023-10-28 12:41:24","message":"Request: [2023-10-28 12:41:24] GET:/v1/users?client=undefined&get=all&sort=asc&offset=10&  ::1"},
{"level":"INFO","timestamp":"2023-10-28 12:41:25","message":"Request: [2023-10-28 12:41:25] GET:/v1/permissions/permissions?roles=[%22651e39643b11b8189ed93ba3%22]  ::1"},
{"level":"INFO","timestamp":"2023-10-28 12:41:25","message":"Request: [2023-10-28 12:41:25] GET:/v1/permissions/permissions?roles=[%22651e39643b11b8189ed93ba3%22]  ::1"},
{"level":"INFO","timestamp":"2023-10-28 12:41:25","message":"Request: [2023-10-28 12:41:25] GET:/v1/permissions/permissions?roles=[%22651e39643b11b8189ed93ba3%22]  ::1"},
{"level":"INFO","timestamp":"2023-10-28 12:41:25","message":"Request: [2023-10-28 12:41:25] GET:/v1/permissions/permissions?roles=[%22651e39643b11b8189ed93ba3%22]  ::1"},
{"level":"INFO","timestamp":"2023-10-28 12:41:40","message":"Request: [2023-10-28 12:41:40] GET:/v1/location/admin  ::1"},
{"level":"INFO","timestamp":"2023-10-28 12:41:40","message":"Request: [2023-10-28 12:41:40] GET:/v1/users?client=undefined&get=all&sort=asc&offset=10&  ::1"},
{"level":"INFO","timestamp":"2023-10-28 12:44:35","message":"Request: [2023-10-28 12:44:35] GET:/v1/auth/user  ::1"},
{"level":"INFO","timestamp":"2023-10-28 12:44:36","message":"Request: [2023-10-28 12:44:36] GET:/v1/configuration/menu-list  ::1"},
{"level":"INFO","timestamp":"2023-10-28 12:44:36","message":"Request: [2023-10-28 12:44:36] GET:/v1/permissions/permissions?roles=[%22651e39643b11b8189ed93ba3%22]  ::1"},
{"level":"INFO","timestamp":"2023-10-28 12:44:38","message":"Request: [2023-10-28 12:44:38] GET:/v1/permissions/permissions?roles=[%22651e39643b11b8189ed93ba3%22]  ::1"},
{"level":"INFO","timestamp":"2023-10-28 12:44:38","message":"Request: [2023-10-28 12:44:38] GET:/v1/users?client=undefined&get=all&sort=asc&offset=10&  ::1"},
{"level":"INFO","timestamp":"2023-10-28 12:44:39","message":"Request: [2023-10-28 12:44:39] GET:/v1/permissions/permissions?roles=[%22651e39643b11b8189ed93ba3%22]  ::1"},
{"level":"INFO","timestamp":"2023-10-28 12:44:39","message":"Request: [2023-10-28 12:44:39] GET:/v1/permissions/permissions?roles=[%22651e39643b11b8189ed93ba3%22]  ::1"},
{"level":"INFO","timestamp":"2023-10-28 12:44:39","message":"Request: [2023-10-28 12:44:39] GET:/v1/permissions/permissions?roles=[%22651e39643b11b8189ed93ba3%22]  ::1"},
{"level":"INFO","timestamp":"2023-10-28 12:44:39","message":"Request: [2023-10-28 12:44:39] GET:/v1/permissions/permissions?roles=[%22651e39643b11b8189ed93ba3%22]  ::1"},
{"level":"INFO","timestamp":"2023-10-28 12:44:41","message":"Request: [2023-10-28 12:44:41] GET:/v1/location/admin  ::1"},
{"level":"INFO","timestamp":"2023-10-28 12:44:41","message":"Request: [2023-10-28 12:44:41] GET:/v1/users?client=undefined&get=all&sort=asc&offset=10&  ::1"},
{"level":"INFO","timestamp":"2023-10-28 12:45:39","message":"Request: [2023-10-28 12:45:39] GET:/v1/auth/user  ::1"},
{"level":"INFO","timestamp":"2023-10-28 12:45:39","message":"Request: [2023-10-28 12:45:39] GET:/v1/configuration/menu-list  ::1"},
{"level":"INFO","timestamp":"2023-10-28 12:45:39","message":"Request: [2023-10-28 12:45:39] GET:/v1/permissions/permissions?roles=[%22651e39643b11b8189ed93ba3%22]  ::1"},
{"level":"INFO","timestamp":"2023-10-28 12:45:40","message":"Request: [2023-10-28 12:45:40] GET:/v1/permissions/permissions?roles=[%22651e39643b11b8189ed93ba3%22]  ::1"},
{"level":"INFO","timestamp":"2023-10-28 12:45:41","message":"Request: [2023-10-28 12:45:41] GET:/v1/users?client=undefined&get=all&sort=asc&offset=10&  ::1"},
{"level":"INFO","timestamp":"2023-10-28 12:45:41","message":"Request: [2023-10-28 12:45:41] GET:/v1/permissions/permissions?roles=[%22651e39643b11b8189ed93ba3%22]  ::1"},
{"level":"INFO","timestamp":"2023-10-28 12:45:41","message":"Request: [2023-10-28 12:45:41] GET:/v1/permissions/permissions?roles=[%22651e39643b11b8189ed93ba3%22]  ::1"},
{"level":"INFO","timestamp":"2023-10-28 12:45:41","message":"Request: [2023-10-28 12:45:41] GET:/v1/permissions/permissions?roles=[%22651e39643b11b8189ed93ba3%22]  ::1"},
{"level":"INFO","timestamp":"2023-10-28 12:45:41","message":"Request: [2023-10-28 12:45:41] GET:/v1/permissions/permissions?roles=[%22651e39643b11b8189ed93ba3%22]  ::1"},
{"level":"INFO","timestamp":"2023-10-28 12:45:43","message":"Request: [2023-10-28 12:45:43] GET:/v1/location/admin  ::1"},
{"level":"INFO","timestamp":"2023-10-28 12:45:43","message":"Request: [2023-10-28 12:45:43] GET:/v1/users?client=undefined&get=all&sort=asc&offset=10&  ::1"},
{"level":"INFO","timestamp":"2023-10-28 12:47:55","message":"Request: [2023-10-28 12:47:55] GET:/v1/auth/user  ::1"},
{"level":"INFO","timestamp":"2023-10-28 12:47:56","message":"Request: [2023-10-28 12:47:56] GET:/v1/configuration/menu-list  ::1"},
{"level":"INFO","timestamp":"2023-10-28 12:47:56","message":"Request: [2023-10-28 12:47:56] GET:/v1/permissions/permissions?roles=[%22651e39643b11b8189ed93ba3%22]  ::1"},
{"level":"INFO","timestamp":"2023-10-28 12:47:57","message":"Request: [2023-10-28 12:47:57] GET:/v1/permissions/permissions?roles=[%22651e39643b11b8189ed93ba3%22]  ::1"},
{"level":"INFO","timestamp":"2023-10-28 12:47:57","message":"Request: [2023-10-28 12:47:57] GET:/v1/users?client=undefined&get=all&sort=asc&offset=10&  ::1"},
{"level":"INFO","timestamp":"2023-10-28 12:47:58","message":"Request: [2023-10-28 12:47:58] GET:/v1/permissions/permissions?roles=[%22651e39643b11b8189ed93ba3%22]  ::1"},
{"level":"INFO","timestamp":"2023-10-28 12:47:58","message":"Request: [2023-10-28 12:47:58] GET:/v1/permissions/permissions?roles=[%22651e39643b11b8189ed93ba3%22]  ::1"},
{"level":"INFO","timestamp":"2023-10-28 12:47:58","message":"Request: [2023-10-28 12:47:58] GET:/v1/permissions/permissions?roles=[%22651e39643b11b8189ed93ba3%22]  ::1"},
{"level":"INFO","timestamp":"2023-10-28 12:47:58","message":"Request: [2023-10-28 12:47:58] GET:/v1/permissions/permissions?roles=[%22651e39643b11b8189ed93ba3%22]  ::1"},
{"level":"INFO","timestamp":"2023-10-28 12:47:59","message":"Request: [2023-10-28 12:47:59] GET:/v1/location/admin  ::1"},
{"level":"INFO","timestamp":"2023-10-28 12:47:59","message":"Request: [2023-10-28 12:47:59] GET:/v1/users?client=undefined&get=all&sort=asc&offset=10&  ::1"},
{"level":"INFO","timestamp":"2023-10-28 12:48:50","message":"Request: [2023-10-28 12:48:50] GET:/v1/auth/user  ::1"},
{"level":"INFO","timestamp":"2023-10-28 12:48:51","message":"Request: [2023-10-28 12:48:51] GET:/v1/configuration/menu-list  ::1"},
{"level":"INFO","timestamp":"2023-10-28 12:48:51","message":"Request: [2023-10-28 12:48:51] GET:/v1/permissions/permissions?roles=[%22651e39643b11b8189ed93ba3%22]  ::1"},
{"level":"INFO","timestamp":"2023-10-28 12:48:52","message":"Request: [2023-10-28 12:48:52] GET:/v1/permissions/permissions?roles=[%22651e39643b11b8189ed93ba3%22]  ::1"},
{"level":"INFO","timestamp":"2023-10-28 12:48:52","message":"Request: [2023-10-28 12:48:52] GET:/v1/users?client=undefined&get=all&sort=asc&offset=10&  ::1"},
{"level":"INFO","timestamp":"2023-10-28 12:48:52","message":"Request: [2023-10-28 12:48:52] GET:/v1/permissions/permissions?roles=[%22651e39643b11b8189ed93ba3%22]  ::1"},
{"level":"INFO","timestamp":"2023-10-28 12:48:52","message":"Request: [2023-10-28 12:48:52] GET:/v1/permissions/permissions?roles=[%22651e39643b11b8189ed93ba3%22]  ::1"},
{"level":"INFO","timestamp":"2023-10-28 12:48:52","message":"Request: [2023-10-28 12:48:52] GET:/v1/permissions/permissions?roles=[%22651e39643b11b8189ed93ba3%22]  ::1"},
{"level":"INFO","timestamp":"2023-10-28 12:48:52","message":"Request: [2023-10-28 12:48:52] GET:/v1/permissions/permissions?roles=[%22651e39643b11b8189ed93ba3%22]  ::1"},
{"level":"INFO","timestamp":"2023-10-28 12:48:54","message":"Request: [2023-10-28 12:48:54] GET:/v1/location/admin  ::1"},
{"level":"INFO","timestamp":"2023-10-28 12:48:54","message":"Request: [2023-10-28 12:48:54] GET:/v1/users?client=undefined&get=all&sort=asc&offset=10&  ::1"},
{"level":"INFO","timestamp":"2023-10-28 12:49:34","message":"Request: [2023-10-28 12:49:34] GET:/v1/location/admin  ::1"},
{"level":"INFO","timestamp":"2023-10-28 12:49:43","message":"Request: [2023-10-28 12:49:43] GET:/v1/auth/user  ::1"},
{"level":"INFO","timestamp":"2023-10-28 12:49:43","message":"Request: [2023-10-28 12:49:43] GET:/v1/configuration/menu-list  ::1"},
{"level":"INFO","timestamp":"2023-10-28 12:49:43","message":"Request: [2023-10-28 12:49:43] GET:/v1/permissions/permissions?roles=[%22651e39643b11b8189ed93ba3%22]  ::1"},
{"level":"INFO","timestamp":"2023-10-28 12:49:44","message":"Request: [2023-10-28 12:49:44] GET:/v1/permissions/permissions?roles=[%22651e39643b11b8189ed93ba3%22]  ::1"},
{"level":"INFO","timestamp":"2023-10-28 12:49:44","message":"Request: [2023-10-28 12:49:44] GET:/v1/users?client=undefined&get=all&sort=asc&offset=10&  ::1"},
{"level":"INFO","timestamp":"2023-10-28 12:49:45","message":"Request: [2023-10-28 12:49:45] GET:/v1/permissions/permissions?roles=[%22651e39643b11b8189ed93ba3%22]  ::1"},
{"level":"INFO","timestamp":"2023-10-28 12:49:45","message":"Request: [2023-10-28 12:49:45] GET:/v1/permissions/permissions?roles=[%22651e39643b11b8189ed93ba3%22]  ::1"},
{"level":"INFO","timestamp":"2023-10-28 12:49:45","message":"Request: [2023-10-28 12:49:45] GET:/v1/permissions/permissions?roles=[%22651e39643b11b8189ed93ba3%22]  ::1"},
{"level":"INFO","timestamp":"2023-10-28 12:49:45","message":"Request: [2023-10-28 12:49:45] GET:/v1/permissions/permissions?roles=[%22651e39643b11b8189ed93ba3%22]  ::1"},
{"level":"INFO","timestamp":"2023-10-28 12:49:48","message":"Request: [2023-10-28 12:49:48] GET:/v1/location/admin  ::1"},
{"level":"INFO","timestamp":"2023-10-28 12:49:48","message":"Request: [2023-10-28 12:49:48] GET:/v1/users?client=undefined&get=all&sort=asc&offset=10&  ::1"},
{"level":"INFO","timestamp":"2023-10-28 12:55:26","message":"Request: [2023-10-28 12:55:26] GET:/v1/auth/user  ::1"},
{"level":"INFO","timestamp":"2023-10-28 12:55:27","message":"Request: [2023-10-28 12:55:27] GET:/v1/configuration/menu-list  ::1"},
{"level":"INFO","timestamp":"2023-10-28 12:55:27","message":"Request: [2023-10-28 12:55:27] GET:/v1/permissions/permissions?roles=[%22651e39643b11b8189ed93ba3%22]  ::1"},
{"level":"INFO","timestamp":"2023-10-28 12:55:28","message":"Request: [2023-10-28 12:55:28] GET:/v1/permissions/permissions?roles=[%22651e39643b11b8189ed93ba3%22]  ::1"},
{"level":"INFO","timestamp":"2023-10-28 12:55:28","message":"Request: [2023-10-28 12:55:28] GET:/v1/users?client=undefined&get=all&sort=asc&offset=10&  ::1"},
{"level":"INFO","timestamp":"2023-10-28 12:55:29","message":"Request: [2023-10-28 12:55:29] GET:/v1/permissions/permissions?roles=[%22651e39643b11b8189ed93ba3%22]  ::1"},
{"level":"INFO","timestamp":"2023-10-28 12:55:29","message":"Request: [2023-10-28 12:55:29] GET:/v1/permissions/permissions?roles=[%22651e39643b11b8189ed93ba3%22]  ::1"},
{"level":"INFO","timestamp":"2023-10-28 12:55:29","message":"Request: [2023-10-28 12:55:29] GET:/v1/permissions/permissions?roles=[%22651e39643b11b8189ed93ba3%22]  ::1"},
{"level":"INFO","timestamp":"2023-10-28 12:55:29","message":"Request: [2023-10-28 12:55:29] GET:/v1/permissions/permissions?roles=[%22651e39643b11b8189ed93ba3%22]  ::1"},
{"level":"INFO","timestamp":"2023-10-28 12:55:31","message":"Request: [2023-10-28 12:55:31] GET:/v1/location/admin  ::1"},
{"level":"INFO","timestamp":"2023-10-28 12:55:31","message":"Request: [2023-10-28 12:55:31] GET:/v1/users?client=undefined&get=all&sort=asc&offset=10&  ::1"},
{"level":"INFO","timestamp":"2023-10-28 12:56:39","message":"Request: [2023-10-28 12:56:39] GET:/v1/location/admin  ::1"},
{"level":"INFO","timestamp":"2023-10-28 12:57:51","message":"Request: [2023-10-28 12:57:51] GET:/v1/location/admin  ::1"},
{"level":"INFO","timestamp":"2023-10-28 12:57:58","message":"Request: [2023-10-28 12:57:58] GET:/v1/auth/user  ::1"},
{"level":"INFO","timestamp":"2023-10-28 12:57:58","message":"Request: [2023-10-28 12:57:58] GET:/v1/configuration/menu-list  ::1"},
{"level":"INFO","timestamp":"2023-10-28 12:57:58","message":"Request: [2023-10-28 12:57:58] GET:/v1/permissions/permissions?roles=[%22651e39643b11b8189ed93ba3%22]  ::1"},
{"level":"INFO","timestamp":"2023-10-28 12:57:59","message":"Request: [2023-10-28 12:57:59] GET:/v1/permissions/permissions?roles=[%22651e39643b11b8189ed93ba3%22]  ::1"},
{"level":"INFO","timestamp":"2023-10-28 12:57:59","message":"Request: [2023-10-28 12:57:59] GET:/v1/users?client=undefined&get=all&sort=asc&offset=10&  ::1"},
{"level":"INFO","timestamp":"2023-10-28 12:58:00","message":"Request: [2023-10-28 12:58:00] GET:/v1/permissions/permissions?roles=[%22651e39643b11b8189ed93ba3%22]  ::1"},
{"level":"INFO","timestamp":"2023-10-28 12:58:00","message":"Request: [2023-10-28 12:58:00] GET:/v1/permissions/permissions?roles=[%22651e39643b11b8189ed93ba3%22]  ::1"},
{"level":"INFO","timestamp":"2023-10-28 12:58:00","message":"Request: [2023-10-28 12:58:00] GET:/v1/permissions/permissions?roles=[%22651e39643b11b8189ed93ba3%22]  ::1"},
{"level":"INFO","timestamp":"2023-10-28 12:58:00","message":"Request: [2023-10-28 12:58:00] GET:/v1/permissions/permissions?roles=[%22651e39643b11b8189ed93ba3%22]  ::1"},
{"level":"INFO","timestamp":"2023-10-28 12:58:10","message":"Request: [2023-10-28 12:58:10] GET:/v1/location/admin  ::1"},
{"level":"INFO","timestamp":"2023-10-28 12:58:10","message":"Request: [2023-10-28 12:58:10] GET:/v1/users?client=undefined&get=all&sort=asc&offset=10&  ::1"},
{"level":"INFO","timestamp":"2023-10-28 12:58:35","message":"Request: [2023-10-28 12:58:35] GET:/v1/customer/product/by-location/6530f7991bd64c245442740b  ::1"},
{"level":"INFO","timestamp":"2023-10-28 13:01:02","message":"Request: [2023-10-28 13:01:02] GET:/v1/location/admin  ::1"},
{"level":"INFO","timestamp":"2023-10-28 13:01:12","message":"Request: [2023-10-28 13:01:12] GET:/v1/auth/user  ::1"},
{"level":"INFO","timestamp":"2023-10-28 13:01:13","message":"Request: [2023-10-28 13:01:13] GET:/v1/configuration/menu-list  ::1"},
{"level":"INFO","timestamp":"2023-10-28 13:01:13","message":"Request: [2023-10-28 13:01:13] GET:/v1/permissions/permissions?roles=[%22651e39643b11b8189ed93ba3%22]  ::1"},
{"level":"INFO","timestamp":"2023-10-28 13:01:14","message":"Request: [2023-10-28 13:01:14] GET:/v1/permissions/permissions?roles=[%22651e39643b11b8189ed93ba3%22]  ::1"},
{"level":"INFO","timestamp":"2023-10-28 13:01:14","message":"Request: [2023-10-28 13:01:14] GET:/v1/users?client=undefined&get=all&sort=asc&offset=10&  ::1"},
{"level":"INFO","timestamp":"2023-10-28 13:01:15","message":"Request: [2023-10-28 13:01:15] GET:/v1/permissions/permissions?roles=[%22651e39643b11b8189ed93ba3%22]  ::1"},
{"level":"INFO","timestamp":"2023-10-28 13:01:15","message":"Request: [2023-10-28 13:01:15] GET:/v1/permissions/permissions?roles=[%22651e39643b11b8189ed93ba3%22]  ::1"},
{"level":"INFO","timestamp":"2023-10-28 13:01:15","message":"Request: [2023-10-28 13:01:15] GET:/v1/permissions/permissions?roles=[%22651e39643b11b8189ed93ba3%22]  ::1"},
{"level":"INFO","timestamp":"2023-10-28 13:01:15","message":"Request: [2023-10-28 13:01:15] GET:/v1/permissions/permissions?roles=[%22651e39643b11b8189ed93ba3%22]  ::1"},
{"level":"INFO","timestamp":"2023-10-28 13:01:19","message":"Request: [2023-10-28 13:01:19] GET:/v1/location/admin  ::1"},
{"level":"INFO","timestamp":"2023-10-28 13:01:19","message":"Request: [2023-10-28 13:01:19] GET:/v1/users?client=undefined&get=all&sort=asc&offset=10&  ::1"},
{"level":"INFO","timestamp":"2023-10-28 13:04:40","message":"Request: [2023-10-28 13:04:40] GET:/v1/location/admin  ::1"},
{"level":"INFO","timestamp":"2023-10-28 13:04:42","message":"Request: [2023-10-28 13:04:42] GET:/v1/location/admin  ::1"},
{"level":"INFO","timestamp":"2023-10-28 13:05:31","message":"Request: [2023-10-28 13:05:31] GET:/v1/auth/user  ::1"},
{"level":"INFO","timestamp":"2023-10-28 13:05:32","message":"Request: [2023-10-28 13:05:32] GET:/v1/configuration/menu-list  ::1"},
{"level":"INFO","timestamp":"2023-10-28 13:05:32","message":"Request: [2023-10-28 13:05:32] GET:/v1/permissions/permissions?roles=[%22651e39643b11b8189ed93ba3%22]  ::1"},
{"level":"INFO","timestamp":"2023-10-28 13:05:34","message":"Request: [2023-10-28 13:05:34] GET:/v1/permissions/permissions?roles=[%22651e39643b11b8189ed93ba3%22]  ::1"},
{"level":"INFO","timestamp":"2023-10-28 13:05:34","message":"Request: [2023-10-28 13:05:34] GET:/v1/users?client=undefined&get=all&sort=asc&offset=10&  ::1"},
{"level":"INFO","timestamp":"2023-10-28 13:05:34","message":"Request: [2023-10-28 13:05:34] GET:/v1/permissions/permissions?roles=[%22651e39643b11b8189ed93ba3%22]  ::1"},
{"level":"INFO","timestamp":"2023-10-28 13:05:34","message":"Request: [2023-10-28 13:05:34] GET:/v1/permissions/permissions?roles=[%22651e39643b11b8189ed93ba3%22]  ::1"},
{"level":"INFO","timestamp":"2023-10-28 13:05:34","message":"Request: [2023-10-28 13:05:34] GET:/v1/permissions/permissions?roles=[%22651e39643b11b8189ed93ba3%22]  ::1"},
{"level":"INFO","timestamp":"2023-10-28 13:05:34","message":"Request: [2023-10-28 13:05:34] GET:/v1/permissions/permissions?roles=[%22651e39643b11b8189ed93ba3%22]  ::1"},
{"level":"INFO","timestamp":"2023-10-28 13:05:37","message":"Request: [2023-10-28 13:05:37] GET:/v1/location/admin  ::1"},
{"level":"INFO","timestamp":"2023-10-28 13:05:37","message":"Request: [2023-10-28 13:05:37] GET:/v1/users?client=undefined&get=all&sort=asc&offset=10&  ::1"},
{"level":"INFO","timestamp":"2023-10-28 13:07:42","message":"Request: [2023-10-28 13:07:42] GET:/v1/location/admin  ::1"},
{"level":"INFO","timestamp":"2023-10-28 13:08:05","message":"Request: [2023-10-28 13:08:05] GET:/v1/auth/user  ::1"},
{"level":"INFO","timestamp":"2023-10-28 13:08:05","message":"Request: [2023-10-28 13:08:05] GET:/v1/configuration/menu-list  ::1"},
{"level":"INFO","timestamp":"2023-10-28 13:08:05","message":"Request: [2023-10-28 13:08:05] GET:/v1/permissions/permissions?roles=[%22651e39643b11b8189ed93ba3%22]  ::1"},
{"level":"INFO","timestamp":"2023-10-28 13:08:07","message":"Request: [2023-10-28 13:08:07] GET:/v1/permissions/permissions?roles=[%22651e39643b11b8189ed93ba3%22]  ::1"},
{"level":"INFO","timestamp":"2023-10-28 13:08:07","message":"Request: [2023-10-28 13:08:07] GET:/v1/users?client=undefined&get=all&sort=asc&offset=10&  ::1"},
{"level":"INFO","timestamp":"2023-10-28 13:08:07","message":"Request: [2023-10-28 13:08:07] GET:/v1/permissions/permissions?roles=[%22651e39643b11b8189ed93ba3%22]  ::1"},
{"level":"INFO","timestamp":"2023-10-28 13:08:07","message":"Request: [2023-10-28 13:08:07] GET:/v1/permissions/permissions?roles=[%22651e39643b11b8189ed93ba3%22]  ::1"},
{"level":"INFO","timestamp":"2023-10-28 13:08:07","message":"Request: [2023-10-28 13:08:07] GET:/v1/permissions/permissions?roles=[%22651e39643b11b8189ed93ba3%22]  ::1"},
{"level":"INFO","timestamp":"2023-10-28 13:08:07","message":"Request: [2023-10-28 13:08:07] GET:/v1/permissions/permissions?roles=[%22651e39643b11b8189ed93ba3%22]  ::1"},
{"level":"INFO","timestamp":"2023-10-28 13:08:09","message":"Request: [2023-10-28 13:08:09] GET:/v1/location/admin  ::1"},
{"level":"INFO","timestamp":"2023-10-28 13:08:09","message":"Request: [2023-10-28 13:08:09] GET:/v1/users?client=undefined&get=all&sort=asc&offset=10&  ::1"},
{"level":"INFO","timestamp":"2023-10-28 13:08:28","message":"Request: [2023-10-28 13:08:28] GET:/v1/customer/product/by-location/6530f77e1bd64c24544273f8  ::1"},
{"level":"INFO","timestamp":"2023-10-28 13:12:10","message":"Request: [2023-10-28 13:12:10] GET:/v1/auth/user  ::1"},
{"level":"INFO","timestamp":"2023-10-28 13:12:10","message":"Request: [2023-10-28 13:12:10] GET:/v1/configuration/menu-list  ::1"},
{"level":"INFO","timestamp":"2023-10-28 13:12:10","message":"Request: [2023-10-28 13:12:10] GET:/v1/permissions/permissions?roles=[%22651e39643b11b8189ed93ba3%22]  ::1"},
{"level":"INFO","timestamp":"2023-10-28 13:12:11","message":"Request: [2023-10-28 13:12:11] GET:/v1/permissions/permissions?roles=[%22651e39643b11b8189ed93ba3%22]  ::1"},
{"level":"INFO","timestamp":"2023-10-28 13:12:11","message":"Request: [2023-10-28 13:12:11] GET:/v1/users?client=undefined&get=all&sort=asc&offset=10&  ::1"},
{"level":"INFO","timestamp":"2023-10-28 13:12:12","message":"Request: [2023-10-28 13:12:12] GET:/v1/permissions/permissions?roles=[%22651e39643b11b8189ed93ba3%22]  ::1"},
{"level":"INFO","timestamp":"2023-10-28 13:12:12","message":"Request: [2023-10-28 13:12:12] GET:/v1/permissions/permissions?roles=[%22651e39643b11b8189ed93ba3%22]  ::1"},
{"level":"INFO","timestamp":"2023-10-28 13:12:12","message":"Request: [2023-10-28 13:12:12] GET:/v1/permissions/permissions?roles=[%22651e39643b11b8189ed93ba3%22]  ::1"},
{"level":"INFO","timestamp":"2023-10-28 13:12:12","message":"Request: [2023-10-28 13:12:12] GET:/v1/permissions/permissions?roles=[%22651e39643b11b8189ed93ba3%22]  ::1"},
{"level":"INFO","timestamp":"2023-10-28 13:12:20","message":"Request: [2023-10-28 13:12:20] GET:/v1/location/admin  ::1"},
{"level":"INFO","timestamp":"2023-10-28 13:12:20","message":"Request: [2023-10-28 13:12:20] GET:/v1/users?client=undefined&get=all&sort=asc&offset=10&  ::1"},
{"level":"INFO","timestamp":"2023-10-28 13:12:23","message":"Request: [2023-10-28 13:12:23] GET:/v1/customer/product/by-location/6530f7991bd64c245442740b  ::1"},
{"level":"INFO","timestamp":"2023-10-28 13:12:58","message":"Request: [2023-10-28 13:12:58] POST:/v1/auth/register  ::1"},
{"level":"INFO","timestamp":"2023-10-28 13:15:08","message":"Request: [2023-10-28 13:15:08] GET:/v1/location/admin  ::1"},
{"level":"INFO","timestamp":"2023-10-28 13:15:40","message":"Request: [2023-10-28 13:15:40] GET:/v1/location/admin  ::1"},
{"level":"INFO","timestamp":"2023-10-28 13:15:45","message":"Request: [2023-10-28 13:15:45] POST:/v1/auth/register  ::1"},
{"level":"INFO","timestamp":"2023-10-28 13:15:58","message":"Request: [2023-10-28 13:15:58] GET:/v1/auth/user  ::1"},
{"level":"INFO","timestamp":"2023-10-28 13:15:59","message":"Request: [2023-10-28 13:15:59] GET:/v1/configuration/menu-list  ::1"},
{"level":"INFO","timestamp":"2023-10-28 13:15:59","message":"Request: [2023-10-28 13:15:59] GET:/v1/permissions/permissions?roles=[%22651e39643b11b8189ed93ba3%22]  ::1"},
{"level":"INFO","timestamp":"2023-10-28 13:16:01","message":"Request: [2023-10-28 13:16:01] GET:/v1/permissions/permissions?roles=[%22651e39643b11b8189ed93ba3%22]  ::1"},
{"level":"INFO","timestamp":"2023-10-28 13:16:01","message":"Request: [2023-10-28 13:16:01] GET:/v1/users?client=undefined&get=all&sort=asc&offset=10&  ::1"},
{"level":"INFO","timestamp":"2023-10-28 13:16:01","message":"Request: [2023-10-28 13:16:01] GET:/v1/permissions/permissions?roles=[%22651e39643b11b8189ed93ba3%22]  ::1"},
{"level":"INFO","timestamp":"2023-10-28 13:16:01","message":"Request: [2023-10-28 13:16:01] GET:/v1/permissions/permissions?roles=[%22651e39643b11b8189ed93ba3%22]  ::1"},
{"level":"INFO","timestamp":"2023-10-28 13:16:01","message":"Request: [2023-10-28 13:16:01] GET:/v1/permissions/permissions?roles=[%22651e39643b11b8189ed93ba3%22]  ::1"},
{"level":"INFO","timestamp":"2023-10-28 13:16:01","message":"Request: [2023-10-28 13:16:01] GET:/v1/permissions/permissions?roles=[%22651e39643b11b8189ed93ba3%22]  ::1"},
{"level":"INFO","timestamp":"2023-10-28 13:16:02","message":"Request: [2023-10-28 13:16:02] GET:/v1/location/admin  ::1"},
{"level":"INFO","timestamp":"2023-10-28 13:16:03","message":"Request: [2023-10-28 13:16:02] GET:/v1/users?client=undefined&get=all&sort=asc&offset=10&  ::1"},
{"level":"INFO","timestamp":"2023-10-28 13:16:06","message":"Request: [2023-10-28 13:16:06] GET:/v1/customer/product/by-location/6530f7991bd64c245442740b  ::1"},
{"level":"INFO","timestamp":"2023-10-28 13:16:18","message":"Request: [2023-10-28 13:16:18] POST:/v1/auth/register  ::1"},
{"level":"INFO","timestamp":"2023-10-28 13:17:18","message":"Request: [2023-10-28 13:17:18] GET:/v1/auth/user  ::1"},
{"level":"INFO","timestamp":"2023-10-28 13:17:19","message":"Request: [2023-10-28 13:17:19] GET:/v1/configuration/menu-list  ::1"},
{"level":"INFO","timestamp":"2023-10-28 13:17:19","message":"Request: [2023-10-28 13:17:19] GET:/v1/permissions/permissions?roles=[%22651e39643b11b8189ed93ba3%22]  ::1"},
{"level":"INFO","timestamp":"2023-10-28 13:17:20","message":"Request: [2023-10-28 13:17:20] GET:/v1/permissions/permissions?roles=[%22651e39643b11b8189ed93ba3%22]  ::1"},
{"level":"INFO","timestamp":"2023-10-28 13:17:20","message":"Request: [2023-10-28 13:17:20] GET:/v1/users?client=undefined&get=all&sort=asc&offset=10&  ::1"},
{"level":"INFO","timestamp":"2023-10-28 13:17:20","message":"Request: [2023-10-28 13:17:20] GET:/v1/permissions/permissions?roles=[%22651e39643b11b8189ed93ba3%22]  ::1"},
{"level":"INFO","timestamp":"2023-10-28 13:17:20","message":"Request: [2023-10-28 13:17:20] GET:/v1/permissions/permissions?roles=[%22651e39643b11b8189ed93ba3%22]  ::1"},
{"level":"INFO","timestamp":"2023-10-28 13:17:20","message":"Request: [2023-10-28 13:17:20] GET:/v1/permissions/permissions?roles=[%22651e39643b11b8189ed93ba3%22]  ::1"},
{"level":"INFO","timestamp":"2023-10-28 13:17:20","message":"Request: [2023-10-28 13:17:20] GET:/v1/permissions/permissions?roles=[%22651e39643b11b8189ed93ba3%22]  ::1"},
{"level":"INFO","timestamp":"2023-10-28 13:17:40","message":"Request: [2023-10-28 13:17:40] GET:/v1/location/admin  ::1"},
{"level":"INFO","timestamp":"2023-10-28 13:17:40","message":"Request: [2023-10-28 13:17:40] GET:/v1/users?client=undefined&get=all&sort=asc&offset=10&  ::1"},
{"level":"INFO","timestamp":"2023-10-28 13:17:43","message":"Request: [2023-10-28 13:17:43] GET:/v1/customer/product/by-location/6530f7991bd64c245442740b  ::1"},
{"level":"INFO","timestamp":"2023-10-28 13:17:52","message":"Request: [2023-10-28 13:17:52] POST:/v1/auth/register  ::1"},
{"level":"INFO","timestamp":"2023-10-28 13:18:34","message":"Request: [2023-10-28 13:18:34] GET:/v1/location/admin  ::1"},
{"level":"INFO","timestamp":"2023-10-28 13:20:45","message":"Request: [2023-10-28 13:20:45] GET:/v1/location/admin  ::1"},
{"level":"INFO","timestamp":"2023-10-28 13:26:51","message":"Request: [2023-10-28 13:26:51] POST:/v1/pre-stages  ::1"},
{"level":"INFO","timestamp":"2023-10-28 13:26:54","message":"Request: [2023-10-28 13:26:54] POST:/v1/pre-stages  ::1"},
{"level":"INFO","timestamp":"2023-10-28 13:27:00","message":"Request: [2023-10-28 13:27:00] POST:/v1/pre-stages  ::1"},
{"level":"INFO","timestamp":"2023-10-28 13:27:21","message":"Request: [2023-10-28 13:27:21] GET:/v1/auth/user  ::1"},
{"level":"INFO","timestamp":"2023-10-28 13:27:21","message":"Request: [2023-10-28 13:27:21] GET:/v1/configuration/menu-list  ::1"},
{"level":"INFO","timestamp":"2023-10-28 13:27:21","message":"Request: [2023-10-28 13:27:21] GET:/v1/permissions/permissions?roles=[%22651e39643b11b8189ed93ba3%22]  ::1"},
{"level":"INFO","timestamp":"2023-10-28 13:27:21","message":"Request: [2023-10-28 13:27:21] GET:/v1/permissions/permissions?roles=[%22651e39643b11b8189ed93ba3%22]  ::1"},
{"level":"INFO","timestamp":"2023-10-28 13:27:22","message":"Request: [2023-10-28 13:27:22] GET:/v1/users?client=undefined&get=all&sort=asc&offset=10&  ::1"},
{"level":"INFO","timestamp":"2023-10-28 13:27:22","message":"Request: [2023-10-28 13:27:22] GET:/v1/permissions/permissions?roles=[%22651e39643b11b8189ed93ba3%22]  ::1"},
{"level":"INFO","timestamp":"2023-10-28 13:27:22","message":"Request: [2023-10-28 13:27:22] GET:/v1/permissions/permissions?roles=[%22651e39643b11b8189ed93ba3%22]  ::1"},
{"level":"INFO","timestamp":"2023-10-28 13:27:22","message":"Request: [2023-10-28 13:27:22] GET:/v1/permissions/permissions?roles=[%22651e39643b11b8189ed93ba3%22]  ::1"},
{"level":"INFO","timestamp":"2023-10-28 13:27:22","message":"Request: [2023-10-28 13:27:22] GET:/v1/permissions/permissions?roles=[%22651e39643b11b8189ed93ba3%22]  ::1"},
{"level":"INFO","timestamp":"2023-10-28 13:27:26","message":"Request: [2023-10-28 13:27:26] GET:/v1/location/admin  ::1"},
{"level":"INFO","timestamp":"2023-10-28 13:27:26","message":"Request: [2023-10-28 13:27:26] GET:/v1/users?client=undefined&get=all&sort=asc&offset=10&  ::1"},
{"level":"INFO","timestamp":"2023-10-28 13:27:28","message":"Request: [2023-10-28 13:27:28] GET:/v1/customer/product/by-location/6530f7991bd64c245442740b  ::1"},
{"level":"INFO","timestamp":"2023-10-28 13:27:39","message":"Request: [2023-10-28 13:27:39] POST:/v1/pre-stages  ::1"},
{"level":"INFO","timestamp":"2023-10-28 13:31:23","message":"Request: [2023-10-28 13:31:23] POST:/v1/pre-stages  ::1"},
{"level":"INFO","timestamp":"2023-10-28 13:32:54","message":"Request: [2023-10-28 13:32:54] GET:/v1/location/admin  ::1"},
{"level":"INFO","timestamp":"2023-10-28 13:33:05","message":"Request: [2023-10-28 13:33:05] GET:/v1/auth/user  ::1"},
{"level":"INFO","timestamp":"2023-10-28 13:33:05","message":"Request: [2023-10-28 13:33:05] GET:/v1/configuration/menu-list  ::1"},
{"level":"INFO","timestamp":"2023-10-28 13:33:05","message":"Request: [2023-10-28 13:33:05] GET:/v1/permissions/permissions?roles=[%22651e39643b11b8189ed93ba3%22]  ::1"},
{"level":"INFO","timestamp":"2023-10-28 13:33:08","message":"Request: [2023-10-28 13:33:08] GET:/v1/permissions/permissions?roles=[%22651e39643b11b8189ed93ba3%22]  ::1"},
{"level":"INFO","timestamp":"2023-10-28 13:33:08","message":"Request: [2023-10-28 13:33:08] GET:/v1/users?client=undefined&get=all&sort=asc&offset=10&  ::1"},
{"level":"INFO","timestamp":"2023-10-28 13:33:09","message":"Request: [2023-10-28 13:33:09] GET:/v1/permissions/permissions?roles=[%22651e39643b11b8189ed93ba3%22]  ::1"},
{"level":"INFO","timestamp":"2023-10-28 13:33:09","message":"Request: [2023-10-28 13:33:09] GET:/v1/permissions/permissions?roles=[%22651e39643b11b8189ed93ba3%22]  ::1"},
{"level":"INFO","timestamp":"2023-10-28 13:33:09","message":"Request: [2023-10-28 13:33:09] GET:/v1/permissions/permissions?roles=[%22651e39643b11b8189ed93ba3%22]  ::1"},
{"level":"INFO","timestamp":"2023-10-28 13:33:10","message":"Request: [2023-10-28 13:33:10] GET:/v1/permissions/permissions?roles=[%22651e39643b11b8189ed93ba3%22]  ::1"},
{"level":"INFO","timestamp":"2023-10-28 13:33:11","message":"Request: [2023-10-28 13:33:11] GET:/v1/location/admin  ::1"},
{"level":"INFO","timestamp":"2023-10-28 13:33:11","message":"Request: [2023-10-28 13:33:11] GET:/v1/users?client=undefined&get=all&sort=asc&offset=10&  ::1"},
{"level":"INFO","timestamp":"2023-10-28 13:33:14","message":"Request: [2023-10-28 13:33:14] GET:/v1/customer/product/by-location/6530f7991bd64c245442740b  ::1"},
{"level":"INFO","timestamp":"2023-10-28 13:33:24","message":"Request: [2023-10-28 13:33:24] POST:/v1/pre-stages  ::1"},
{"level":"INFO","timestamp":"2023-10-28 13:34:32","message":"Request: [2023-10-28 13:34:32] POST:/v1/pre-stages  ::1"},
{"level":"ERROR","timestamp":"2023-10-28 13:34:32","message":"TypeError: Model is not a constructor\n    at /Users/dr.mac/apps/e-logistics-backend/Helpers/crud.helper.js:144:25\n    at new Promise (<anonymous>)\n    at Object.create (/Users/dr.mac/apps/e-logistics-backend/Helpers/crud.helper.js:140:10)\n    at store (/Users/dr.mac/apps/e-logistics-backend/Controllers/pre-stages.controller.js:59:18)\n    at Layer.handle [as handle_request] (/Users/dr.mac/apps/e-logistics-backend/node_modules/express/lib/router/layer.js:95:5)\n    at next (/Users/dr.mac/apps/e-logistics-backend/node_modules/express/lib/router/route.js:144:13)\n    at /Users/dr.mac/apps/e-logistics-backend/Middleware/validator.middleware.js:16:13\n    at processTicksAndRejections (node:internal/process/task_queues:96:5)"},
{"level":"INFO","timestamp":"2023-10-28 13:36:05","message":"Request: [2023-10-28 13:36:05] POST:/v1/pre-stages  ::1"},
{"level":"INFO","timestamp":"2023-10-28 13:36:06","message":"Request: [2023-10-28 13:36:06] GET:/v1/permissions/permissions?roles=[%22651e39643b11b8189ed93ba3%22]  ::1"},
{"level":"INFO","timestamp":"2023-10-28 13:36:06","message":"Request: [2023-10-28 13:36:06] GET:/v1/permissions/permissions?roles=[%22651e39643b11b8189ed93ba3%22]  ::1"},
{"level":"INFO","timestamp":"2023-10-28 13:36:06","message":"Request: [2023-10-28 13:36:06] GET:/v1/permissions/permissions?roles=[%22651e39643b11b8189ed93ba3%22]  ::1"},
{"level":"INFO","timestamp":"2023-10-28 13:36:06","message":"Request: [2023-10-28 13:36:06] GET:/v1/permissions/permissions?roles=[%22651e39643b11b8189ed93ba3%22]  ::1"},
{"level":"INFO","timestamp":"2023-10-28 13:36:06","message":"Request: [2023-10-28 13:36:06] GET:/v1/permissions/permissions?roles=[%22651e39643b11b8189ed93ba3%22]  ::1"},
{"level":"INFO","timestamp":"2023-10-28 13:36:06","message":"Request: [2023-10-28 13:36:06] GET:/v1/users?client=undefined&get=all&sort=asc&offset=10&  ::1"},
