{"level":"INFO","timestamp":"2023-10-30 10:33:13","message":"Request: [2023-10-30 10:33:12] GET:/v1/location/admin  ::1"},
{"level":"INFO","timestamp":"2023-10-30 10:33:13","message":"Request: [2023-10-30 10:33:13] GET:/v1/users?client=undefined&get=all&sort=asc&offset=10&  ::1"},
{"level":"INFO","timestamp":"2023-10-30 10:33:13","message":"Request: [2023-10-30 10:33:13] GET:/v1/auth  ::1"},
{"level":"INFO","timestamp":"2023-10-30 10:33:13","message":"Request: [2023-10-30 10:33:13] GET:/v1/auth  ::1"},
{"level":"INFO","timestamp":"2023-10-30 10:33:13","message":"Request: [2023-10-30 10:33:13] GET:/v1/users?client=undefined&get=all&sort=asc&offset=10&  ::1"},
{"level":"INFO","timestamp":"2023-10-30 10:33:13","message":"Request: [2023-10-30 10:33:13] GET:/v1/location/admin  ::1"},
{"level":"INFO","timestamp":"2023-10-30 10:33:23","message":"Request: [2023-10-30 10:33:23] GET:/v1/auth/user  ::1"},
{"level":"INFO","timestamp":"2023-10-30 10:33:24","message":"Request: [2023-10-30 10:33:24] GET:/v1/configuration/menu-list  ::1"},
{"level":"INFO","timestamp":"2023-10-30 10:33:24","message":"Request: [2023-10-30 10:33:24] GET:/v1/permissions/permissions?roles=[%22651e39643b11b8189ed93ba3%22]  ::1"},
{"level":"INFO","timestamp":"2023-10-30 10:33:24","message":"Request: [2023-10-30 10:33:24] GET:/v1/permissions/permissions?roles=[%22651e39643b11b8189ed93ba3%22]  ::1"},
{"level":"INFO","timestamp":"2023-10-30 10:33:25","message":"Request: [2023-10-30 10:33:25] GET:/v1/users?client=undefined&get=all&sort=asc&offset=10&  ::1"},
{"level":"INFO","timestamp":"2023-10-30 10:33:25","message":"Request: [2023-10-30 10:33:25] GET:/v1/permissions/permissions?roles=[%22651e39643b11b8189ed93ba3%22]  ::1"},
{"level":"INFO","timestamp":"2023-10-30 10:33:25","message":"Request: [2023-10-30 10:33:25] GET:/v1/permissions/permissions?roles=[%22651e39643b11b8189ed93ba3%22]  ::1"},
{"level":"INFO","timestamp":"2023-10-30 10:33:25","message":"Request: [2023-10-30 10:33:25] GET:/v1/permissions/permissions?roles=[%22651e39643b11b8189ed93ba3%22]  ::1"},
{"level":"INFO","timestamp":"2023-10-30 10:33:25","message":"Request: [2023-10-30 10:33:25] GET:/v1/permissions/permissions?roles=[%22651e39643b11b8189ed93ba3%22]  ::1"},
{"level":"INFO","timestamp":"2023-10-30 10:33:27","message":"Request: [2023-10-30 10:33:27] GET:/v1/location/admin  ::1"},
{"level":"INFO","timestamp":"2023-10-30 10:33:27","message":"Request: [2023-10-30 10:33:27] GET:/v1/users?client=undefined&get=all&sort=asc&offset=10&  ::1"},
{"level":"INFO","timestamp":"2023-10-30 14:43:59","message":"Request: [2023-10-30 14:43:59] POST:/v1/auth/login  ::1"},
{"level":"INFO","timestamp":"2023-10-30 14:44:00","message":"Request: [2023-10-30 14:44:00] GET:/v1/configuration/menu-list  ::1"},
{"level":"INFO","timestamp":"2023-10-30 14:44:00","message":"Request: [2023-10-30 14:44:00] GET:/v1/permissions/permissions?roles=[%22651e39643b11b8189ed93ba3%22]  ::1"},
{"level":"INFO","timestamp":"2023-10-30 14:44:00","message":"Request: [2023-10-30 14:44:00] GET:/v1/permissions/permissions?roles=[%22651e39643b11b8189ed93ba3%22]  ::1"},
{"level":"INFO","timestamp":"2023-10-30 14:44:06","message":"Request: [2023-10-30 14:44:06] GET:/v1/permissions/permissions?roles=[%22651e39643b11b8189ed93ba3%22]  ::1"},
{"level":"INFO","timestamp":"2023-10-30 14:44:06","message":"Request: [2023-10-30 14:44:06] GET:/v1/yard?client=651e39643b11b8189ed93b9d  ::1"},
{"level":"INFO","timestamp":"2023-10-30 14:44:06","message":"Request: [2023-10-30 14:44:06] GET:/v1/roles  ::1"},
{"level":"INFO","timestamp":"2023-10-30 14:44:07","message":"Request: [2023-10-30 14:44:07] GET:/v1/permissions/permissions?roles=[%22651e39643b11b8189ed93ba3%22]  ::1"},
{"level":"INFO","timestamp":"2023-10-30 14:44:07","message":"Request: [2023-10-30 14:44:07] GET:/v1/permissions/permissions?roles=[%22651e39643b11b8189ed93ba3%22]  ::1"},
{"level":"INFO","timestamp":"2023-10-30 14:44:07","message":"Request: [2023-10-30 14:44:07] GET:/v1/permissions/permissions?roles=[%22651e39643b11b8189ed93ba3%22]  ::1"},
{"level":"INFO","timestamp":"2023-10-30 14:44:07","message":"Request: [2023-10-30 14:44:07] GET:/v1/permissions/permissions?roles=[%22651e39643b11b8189ed93ba3%22]  ::1"},
{"level":"INFO","timestamp":"2023-10-30 14:44:07","message":"Request: [2023-10-30 14:44:07] GET:/v1/permissions/permissions?roles=[%22651e39643b11b8189ed93ba3%22]  ::1"},
{"level":"INFO","timestamp":"2023-10-30 14:44:07","message":"Request: [2023-10-30 14:44:07] GET:/v1/permissions/permissions?roles=[%22651e39643b11b8189ed93ba3%22]  ::1"},
{"level":"INFO","timestamp":"2023-10-30 14:44:09","message":"Request: [2023-10-30 14:44:09] GET:/v1/permissions/permissions?roles=[%22651e39643b11b8189ed93ba3%22]  ::1"},
{"level":"INFO","timestamp":"2023-10-30 14:44:09","message":"Request: [2023-10-30 14:44:09] GET:/v1/users?client=undefined&get=all&sort=asc&offset=10&  ::1"},
{"level":"INFO","timestamp":"2023-10-30 14:44:09","message":"Request: [2023-10-30 14:44:09] GET:/v1/permissions/permissions?roles=[%22651e39643b11b8189ed93ba3%22]  ::1"},
{"level":"INFO","timestamp":"2023-10-30 14:44:09","message":"Request: [2023-10-30 14:44:09] GET:/v1/permissions/permissions?roles=[%22651e39643b11b8189ed93ba3%22]  ::1"},
{"level":"INFO","timestamp":"2023-10-30 14:44:09","message":"Request: [2023-10-30 14:44:09] GET:/v1/permissions/permissions?roles=[%22651e39643b11b8189ed93ba3%22]  ::1"},
{"level":"INFO","timestamp":"2023-10-30 14:44:09","message":"Request: [2023-10-30 14:44:09] GET:/v1/permissions/permissions?roles=[%22651e39643b11b8189ed93ba3%22]  ::1"},
{"level":"INFO","timestamp":"2023-10-30 14:44:11","message":"Request: [2023-10-30 14:44:11] GET:/v1/users?client=undefined&get=all&sort=asc&offset=10&  ::1"},
{"level":"INFO","timestamp":"2023-10-30 14:44:11","message":"Request: [2023-10-30 14:44:11] GET:/v1/location/admin  ::1"},
{"level":"INFO","timestamp":"2023-10-30 14:52:41","message":"Request: [2023-10-30 14:52:41] GET:/v1/auth/user  ::1"},
{"level":"INFO","timestamp":"2023-10-30 14:52:45","message":"Request: [2023-10-30 14:52:45] GET:/v1/configuration/menu-list  ::1"},
{"level":"INFO","timestamp":"2023-10-30 14:52:45","message":"Request: [2023-10-30 14:52:45] GET:/v1/permissions/permissions?roles=[%22651e39643b11b8189ed93ba3%22]  ::1"},
{"level":"INFO","timestamp":"2023-10-30 14:52:48","message":"Request: [2023-10-30 14:52:48] GET:/v1/permissions/permissions?roles=[%22651e39643b11b8189ed93ba3%22]  ::1"},
{"level":"INFO","timestamp":"2023-10-30 14:52:48","message":"Request: [2023-10-30 14:52:48] GET:/v1/users?client=undefined&get=all&sort=asc&offset=10&  ::1"},
{"level":"INFO","timestamp":"2023-10-30 14:52:49","message":"Request: [2023-10-30 14:52:49] GET:/v1/permissions/permissions?roles=[%22651e39643b11b8189ed93ba3%22]  ::1"},
{"level":"INFO","timestamp":"2023-10-30 14:52:49","message":"Request: [2023-10-30 14:52:49] GET:/v1/permissions/permissions?roles=[%22651e39643b11b8189ed93ba3%22]  ::1"},
{"level":"INFO","timestamp":"2023-10-30 14:52:49","message":"Request: [2023-10-30 14:52:49] GET:/v1/permissions/permissions?roles=[%22651e39643b11b8189ed93ba3%22]  ::1"},
{"level":"INFO","timestamp":"2023-10-30 14:52:49","message":"Request: [2023-10-30 14:52:49] GET:/v1/permissions/permissions?roles=[%22651e39643b11b8189ed93ba3%22]  ::1"},
{"level":"INFO","timestamp":"2023-10-30 14:52:54","message":"Request: [2023-10-30 14:52:54] GET:/v1/location/admin  ::1"},
{"level":"INFO","timestamp":"2023-10-30 14:52:54","message":"Request: [2023-10-30 14:52:54] GET:/v1/users?client=undefined&get=all&sort=asc&offset=10&  ::1"},
{"level":"INFO","timestamp":"2023-10-30 14:53:00","message":"Request: [2023-10-30 14:53:00] GET:/v1/customer/product/by-location/6530f7991bd64c245442740b  ::1"},
{"level":"INFO","timestamp":"2023-10-30 14:59:24","message":"Request: [2023-10-30 14:59:24] GET:/v1/auth/user  ::1"},
{"level":"INFO","timestamp":"2023-10-30 14:59:25","message":"Request: [2023-10-30 14:59:25] GET:/v1/configuration/menu-list  ::1"},
{"level":"INFO","timestamp":"2023-10-30 14:59:25","message":"Request: [2023-10-30 14:59:25] GET:/v1/permissions/permissions?roles=[%22651e39643b11b8189ed93ba3%22]  ::1"},
{"level":"INFO","timestamp":"2023-10-30 14:59:27","message":"Request: [2023-10-30 14:59:27] GET:/v1/permissions/permissions?roles=[%22651e39643b11b8189ed93ba3%22]  ::1"},
{"level":"INFO","timestamp":"2023-10-30 14:59:27","message":"Request: [2023-10-30 14:59:27] GET:/v1/users?client=undefined&get=all&sort=asc&offset=10&  ::1"},
{"level":"INFO","timestamp":"2023-10-30 14:59:28","message":"Request: [2023-10-30 14:59:28] GET:/v1/permissions/permissions?roles=[%22651e39643b11b8189ed93ba3%22]  ::1"},
{"level":"INFO","timestamp":"2023-10-30 14:59:28","message":"Request: [2023-10-30 14:59:28] GET:/v1/permissions/permissions?roles=[%22651e39643b11b8189ed93ba3%22]  ::1"},
{"level":"INFO","timestamp":"2023-10-30 14:59:28","message":"Request: [2023-10-30 14:59:28] GET:/v1/permissions/permissions?roles=[%22651e39643b11b8189ed93ba3%22]  ::1"},
{"level":"INFO","timestamp":"2023-10-30 14:59:28","message":"Request: [2023-10-30 14:59:28] GET:/v1/permissions/permissions?roles=[%22651e39643b11b8189ed93ba3%22]  ::1"},
{"level":"INFO","timestamp":"2023-10-30 14:59:32","message":"Request: [2023-10-30 14:59:32] GET:/v1/location/admin  ::1"},
{"level":"INFO","timestamp":"2023-10-30 14:59:32","message":"Request: [2023-10-30 14:59:32] GET:/v1/users?client=undefined&get=all&sort=asc&offset=10&  ::1"},
{"level":"INFO","timestamp":"2023-10-30 14:59:36","message":"Request: [2023-10-30 14:59:36] GET:/v1/customer/product/by-location/6530f7991bd64c245442740b  ::1"},
{"level":"INFO","timestamp":"2023-10-30 15:00:41","message":"Request: [2023-10-30 15:00:41] GET:/v1/auth/user  ::1"},
{"level":"INFO","timestamp":"2023-10-30 15:00:43","message":"Request: [2023-10-30 15:00:43] GET:/v1/configuration/menu-list  ::1"},
{"level":"INFO","timestamp":"2023-10-30 15:00:43","message":"Request: [2023-10-30 15:00:43] GET:/v1/permissions/permissions?roles=[%22651e39643b11b8189ed93ba3%22]  ::1"},
{"level":"INFO","timestamp":"2023-10-30 15:00:44","message":"Request: [2023-10-30 15:00:44] GET:/v1/permissions/permissions?roles=[%22651e39643b11b8189ed93ba3%22]  ::1"},
{"level":"INFO","timestamp":"2023-10-30 15:00:44","message":"Request: [2023-10-30 15:00:44] GET:/v1/users?client=undefined&get=all&sort=asc&offset=10&  ::1"},
{"level":"INFO","timestamp":"2023-10-30 15:00:45","message":"Request: [2023-10-30 15:00:45] GET:/v1/permissions/permissions?roles=[%22651e39643b11b8189ed93ba3%22]  ::1"},
{"level":"INFO","timestamp":"2023-10-30 15:00:45","message":"Request: [2023-10-30 15:00:45] GET:/v1/permissions/permissions?roles=[%22651e39643b11b8189ed93ba3%22]  ::1"},
{"level":"INFO","timestamp":"2023-10-30 15:00:45","message":"Request: [2023-10-30 15:00:45] GET:/v1/permissions/permissions?roles=[%22651e39643b11b8189ed93ba3%22]  ::1"},
{"level":"INFO","timestamp":"2023-10-30 15:00:45","message":"Request: [2023-10-30 15:00:45] GET:/v1/permissions/permissions?roles=[%22651e39643b11b8189ed93ba3%22]  ::1"},
{"level":"INFO","timestamp":"2023-10-30 15:00:47","message":"Request: [2023-10-30 15:00:47] GET:/v1/location/admin  ::1"},
{"level":"INFO","timestamp":"2023-10-30 15:00:47","message":"Request: [2023-10-30 15:00:47] GET:/v1/users?client=undefined&get=all&sort=asc&offset=10&  ::1"},
{"level":"INFO","timestamp":"2023-10-30 15:00:49","message":"Request: [2023-10-30 15:00:49] GET:/v1/customer/product/by-location/6530f7991bd64c245442740b  ::1"},
{"level":"INFO","timestamp":"2023-10-30 15:02:35","message":"Request: [2023-10-30 15:02:35] GET:/v1/auth/user  ::1"},
{"level":"INFO","timestamp":"2023-10-30 15:02:36","message":"Request: [2023-10-30 15:02:36] GET:/v1/permissions/permissions?roles=[%22651e39643b11b8189ed93ba3%22]  ::1"},
{"level":"INFO","timestamp":"2023-10-30 15:02:36","message":"Request: [2023-10-30 15:02:36] GET:/v1/configuration/menu-list  ::1"},
{"level":"INFO","timestamp":"2023-10-30 15:02:37","message":"Request: [2023-10-30 15:02:37] GET:/v1/permissions/permissions?roles=[%22651e39643b11b8189ed93ba3%22]  ::1"},
{"level":"INFO","timestamp":"2023-10-30 15:02:38","message":"Request: [2023-10-30 15:02:38] GET:/v1/users?client=undefined&get=all&sort=asc&offset=10&  ::1"},
{"level":"INFO","timestamp":"2023-10-30 15:02:38","message":"Request: [2023-10-30 15:02:38] GET:/v1/permissions/permissions?roles=[%22651e39643b11b8189ed93ba3%22]  ::1"},
{"level":"INFO","timestamp":"2023-10-30 15:02:38","message":"Request: [2023-10-30 15:02:38] GET:/v1/permissions/permissions?roles=[%22651e39643b11b8189ed93ba3%22]  ::1"},
{"level":"INFO","timestamp":"2023-10-30 15:02:38","message":"Request: [2023-10-30 15:02:38] GET:/v1/permissions/permissions?roles=[%22651e39643b11b8189ed93ba3%22]  ::1"},
{"level":"INFO","timestamp":"2023-10-30 15:02:38","message":"Request: [2023-10-30 15:02:38] GET:/v1/permissions/permissions?roles=[%22651e39643b11b8189ed93ba3%22]  ::1"},
{"level":"INFO","timestamp":"2023-10-30 15:03:06","message":"Request: [2023-10-30 15:03:06] GET:/v1/auth/user  ::1"},
{"level":"INFO","timestamp":"2023-10-30 15:03:06","message":"Request: [2023-10-30 15:03:06] GET:/v1/configuration/menu-list  ::1"},
{"level":"INFO","timestamp":"2023-10-30 15:03:06","message":"Request: [2023-10-30 15:03:06] GET:/v1/permissions/permissions?roles=[%22651e39643b11b8189ed93ba3%22]  ::1"},
{"level":"INFO","timestamp":"2023-10-30 15:03:11","message":"Request: [2023-10-30 15:03:11] GET:/v1/permissions/permissions?roles=[%22651e39643b11b8189ed93ba3%22]  ::1"},
{"level":"INFO","timestamp":"2023-10-30 15:03:11","message":"Request: [2023-10-30 15:03:11] GET:/v1/users?client=undefined&get=all&sort=asc&offset=10&  ::1"},
{"level":"INFO","timestamp":"2023-10-30 15:03:12","message":"Request: [2023-10-30 15:03:12] GET:/v1/permissions/permissions?roles=[%22651e39643b11b8189ed93ba3%22]  ::1"},
{"level":"INFO","timestamp":"2023-10-30 15:03:12","message":"Request: [2023-10-30 15:03:12] GET:/v1/permissions/permissions?roles=[%22651e39643b11b8189ed93ba3%22]  ::1"},
{"level":"INFO","timestamp":"2023-10-30 15:03:12","message":"Request: [2023-10-30 15:03:12] GET:/v1/permissions/permissions?roles=[%22651e39643b11b8189ed93ba3%22]  ::1"},
{"level":"INFO","timestamp":"2023-10-30 15:03:12","message":"Request: [2023-10-30 15:03:12] GET:/v1/permissions/permissions?roles=[%22651e39643b11b8189ed93ba3%22]  ::1"},
{"level":"INFO","timestamp":"2023-10-30 15:03:15","message":"Request: [2023-10-30 15:03:15] GET:/v1/location/admin  ::1"},
{"level":"INFO","timestamp":"2023-10-30 15:03:15","message":"Request: [2023-10-30 15:03:15] GET:/v1/users?client=undefined&get=all&sort=asc&offset=10&  ::1"},
{"level":"INFO","timestamp":"2023-10-30 15:03:19","message":"Request: [2023-10-30 15:03:19] GET:/v1/customer/product/by-location/6530f7991bd64c245442740b  ::1"},
{"level":"INFO","timestamp":"2023-10-30 15:03:34","message":"Request: [2023-10-30 15:03:34] GET:/v1/auth/user  ::1"},
{"level":"INFO","timestamp":"2023-10-30 15:03:34","message":"Request: [2023-10-30 15:03:34] GET:/v1/configuration/menu-list  ::1"},
{"level":"INFO","timestamp":"2023-10-30 15:03:34","message":"Request: [2023-10-30 15:03:34] GET:/v1/permissions/permissions?roles=[%22651e39643b11b8189ed93ba3%22]  ::1"},
{"level":"INFO","timestamp":"2023-10-30 15:03:35","message":"Request: [2023-10-30 15:03:35] GET:/v1/permissions/permissions?roles=[%22651e39643b11b8189ed93ba3%22]  ::1"},
{"level":"INFO","timestamp":"2023-10-30 15:03:35","message":"Request: [2023-10-30 15:03:35] GET:/v1/users?client=undefined&get=all&sort=asc&offset=10&  ::1"},
{"level":"INFO","timestamp":"2023-10-30 15:03:36","message":"Request: [2023-10-30 15:03:36] GET:/v1/permissions/permissions?roles=[%22651e39643b11b8189ed93ba3%22]  ::1"},
{"level":"INFO","timestamp":"2023-10-30 15:03:36","message":"Request: [2023-10-30 15:03:36] GET:/v1/permissions/permissions?roles=[%22651e39643b11b8189ed93ba3%22]  ::1"},
{"level":"INFO","timestamp":"2023-10-30 15:03:36","message":"Request: [2023-10-30 15:03:36] GET:/v1/permissions/permissions?roles=[%22651e39643b11b8189ed93ba3%22]  ::1"},
{"level":"INFO","timestamp":"2023-10-30 15:03:36","message":"Request: [2023-10-30 15:03:36] GET:/v1/permissions/permissions?roles=[%22651e39643b11b8189ed93ba3%22]  ::1"},
{"level":"INFO","timestamp":"2023-10-30 15:03:38","message":"Request: [2023-10-30 15:03:38] GET:/v1/location/admin  ::1"},
{"level":"INFO","timestamp":"2023-10-30 15:03:38","message":"Request: [2023-10-30 15:03:38] GET:/v1/users?client=undefined&get=all&sort=asc&offset=10&  ::1"},
{"level":"INFO","timestamp":"2023-10-30 15:03:41","message":"Request: [2023-10-30 15:03:41] GET:/v1/customer/product/by-location/6530f7991bd64c245442740b  ::1"},
{"level":"INFO","timestamp":"2023-10-30 15:10:12","message":"Request: [2023-10-30 15:10:12] GET:/v1/auth/user  ::1"},
{"level":"INFO","timestamp":"2023-10-30 15:10:12","message":"Request: [2023-10-30 15:10:12] GET:/v1/configuration/menu-list  ::1"},
{"level":"INFO","timestamp":"2023-10-30 15:10:12","message":"Request: [2023-10-30 15:10:12] GET:/v1/permissions/permissions?roles=[%22651e39643b11b8189ed93ba3%22]  ::1"},
{"level":"INFO","timestamp":"2023-10-30 15:10:13","message":"Request: [2023-10-30 15:10:13] GET:/v1/permissions/permissions?roles=[%22651e39643b11b8189ed93ba3%22]  ::1"},
{"level":"INFO","timestamp":"2023-10-30 15:10:13","message":"Request: [2023-10-30 15:10:13] GET:/v1/users?client=undefined&get=all&sort=asc&offset=10&  ::1"},
{"level":"INFO","timestamp":"2023-10-30 15:10:14","message":"Request: [2023-10-30 15:10:14] GET:/v1/permissions/permissions?roles=[%22651e39643b11b8189ed93ba3%22]  ::1"},
{"level":"INFO","timestamp":"2023-10-30 15:10:14","message":"Request: [2023-10-30 15:10:14] GET:/v1/permissions/permissions?roles=[%22651e39643b11b8189ed93ba3%22]  ::1"},
{"level":"INFO","timestamp":"2023-10-30 15:10:14","message":"Request: [2023-10-30 15:10:14] GET:/v1/permissions/permissions?roles=[%22651e39643b11b8189ed93ba3%22]  ::1"},
{"level":"INFO","timestamp":"2023-10-30 15:10:14","message":"Request: [2023-10-30 15:10:14] GET:/v1/permissions/permissions?roles=[%22651e39643b11b8189ed93ba3%22]  ::1"},
{"level":"INFO","timestamp":"2023-10-30 15:10:22","message":"Request: [2023-10-30 15:10:22] GET:/v1/location/admin  ::1"},
{"level":"INFO","timestamp":"2023-10-30 15:10:22","message":"Request: [2023-10-30 15:10:22] GET:/v1/users?client=undefined&get=all&sort=asc&offset=10&  ::1"},
{"level":"INFO","timestamp":"2023-10-30 15:10:24","message":"Request: [2023-10-30 15:10:24] GET:/v1/customer/product/by-location/6530f7991bd64c245442740b  ::1"},
{"level":"INFO","timestamp":"2023-10-30 15:13:22","message":"Request: [2023-10-30 15:13:22] GET:/v1/auth/user  ::1"},
{"level":"INFO","timestamp":"2023-10-30 15:13:23","message":"Request: [2023-10-30 15:13:23] GET:/v1/configuration/menu-list  ::1"},
{"level":"INFO","timestamp":"2023-10-30 15:13:23","message":"Request: [2023-10-30 15:13:23] GET:/v1/permissions/permissions?roles=[%22651e39643b11b8189ed93ba3%22]  ::1"},
{"level":"INFO","timestamp":"2023-10-30 15:13:24","message":"Request: [2023-10-30 15:13:24] GET:/v1/permissions/permissions?roles=[%22651e39643b11b8189ed93ba3%22]  ::1"},
{"level":"INFO","timestamp":"2023-10-30 15:13:24","message":"Request: [2023-10-30 15:13:24] GET:/v1/users?client=undefined&get=all&sort=asc&offset=10&  ::1"},
{"level":"INFO","timestamp":"2023-10-30 15:13:25","message":"Request: [2023-10-30 15:13:25] GET:/v1/permissions/permissions?roles=[%22651e39643b11b8189ed93ba3%22]  ::1"},
{"level":"INFO","timestamp":"2023-10-30 15:13:25","message":"Request: [2023-10-30 15:13:25] GET:/v1/permissions/permissions?roles=[%22651e39643b11b8189ed93ba3%22]  ::1"},
{"level":"INFO","timestamp":"2023-10-30 15:13:25","message":"Request: [2023-10-30 15:13:25] GET:/v1/permissions/permissions?roles=[%22651e39643b11b8189ed93ba3%22]  ::1"},
{"level":"INFO","timestamp":"2023-10-30 15:13:25","message":"Request: [2023-10-30 15:13:25] GET:/v1/permissions/permissions?roles=[%22651e39643b11b8189ed93ba3%22]  ::1"},
{"level":"INFO","timestamp":"2023-10-30 15:13:29","message":"Request: [2023-10-30 15:13:29] GET:/v1/location/admin  ::1"},
{"level":"INFO","timestamp":"2023-10-30 15:13:29","message":"Request: [2023-10-30 15:13:29] GET:/v1/users?client=undefined&get=all&sort=asc&offset=10&  ::1"},
{"level":"INFO","timestamp":"2023-10-30 15:13:33","message":"Request: [2023-10-30 15:13:33] GET:/v1/customer/product/by-location/6530f7991bd64c245442740b  ::1"},
{"level":"INFO","timestamp":"2023-10-30 15:17:23","message":"Request: [2023-10-30 15:17:23] GET:/v1/auth/user  ::1"},
{"level":"INFO","timestamp":"2023-10-30 15:17:24","message":"Request: [2023-10-30 15:17:24] GET:/v1/configuration/menu-list  ::1"},
{"level":"INFO","timestamp":"2023-10-30 15:17:24","message":"Request: [2023-10-30 15:17:24] GET:/v1/permissions/permissions?roles=[%22651e39643b11b8189ed93ba3%22]  ::1"},
{"level":"INFO","timestamp":"2023-10-30 15:17:24","message":"Request: [2023-10-30 15:17:24] GET:/v1/permissions/permissions?roles=[%22651e39643b11b8189ed93ba3%22]  ::1"},
{"level":"INFO","timestamp":"2023-10-30 15:17:24","message":"Request: [2023-10-30 15:17:24] GET:/v1/users?client=undefined&get=all&sort=asc&offset=10&  ::1"},
{"level":"INFO","timestamp":"2023-10-30 15:17:25","message":"Request: [2023-10-30 15:17:25] GET:/v1/permissions/permissions?roles=[%22651e39643b11b8189ed93ba3%22]  ::1"},
{"level":"INFO","timestamp":"2023-10-30 15:17:25","message":"Request: [2023-10-30 15:17:25] GET:/v1/permissions/permissions?roles=[%22651e39643b11b8189ed93ba3%22]  ::1"},
{"level":"INFO","timestamp":"2023-10-30 15:17:25","message":"Request: [2023-10-30 15:17:25] GET:/v1/permissions/permissions?roles=[%22651e39643b11b8189ed93ba3%22]  ::1"},
{"level":"INFO","timestamp":"2023-10-30 15:17:25","message":"Request: [2023-10-30 15:17:25] GET:/v1/permissions/permissions?roles=[%22651e39643b11b8189ed93ba3%22]  ::1"},
{"level":"INFO","timestamp":"2023-10-30 15:17:33","message":"Request: [2023-10-30 15:17:33] GET:/v1/location/admin  ::1"},
{"level":"INFO","timestamp":"2023-10-30 15:17:33","message":"Request: [2023-10-30 15:17:33] GET:/v1/users?client=undefined&get=all&sort=asc&offset=10&  ::1"},
{"level":"INFO","timestamp":"2023-10-30 15:17:37","message":"Request: [2023-10-30 15:17:37] GET:/v1/customer/product/by-location/6530f7991bd64c245442740b  ::1"},
{"level":"INFO","timestamp":"2023-10-30 15:17:49","message":"Request: [2023-10-30 15:17:49] POST:/v1/pre-stages  ::1"},
{"level":"INFO","timestamp":"2023-10-30 15:17:49","message":"Request: [2023-10-30 15:17:49] GET:/v1/permissions/permissions?roles=[%22651e39643b11b8189ed93ba3%22]  ::1"},
{"level":"INFO","timestamp":"2023-10-30 15:17:49","message":"Request: [2023-10-30 15:17:49] GET:/v1/permissions/permissions?roles=[%22651e39643b11b8189ed93ba3%22]  ::1"},
{"level":"INFO","timestamp":"2023-10-30 15:17:49","message":"Request: [2023-10-30 15:17:49] GET:/v1/permissions/permissions?roles=[%22651e39643b11b8189ed93ba3%22]  ::1"},
{"level":"INFO","timestamp":"2023-10-30 15:17:49","message":"Request: [2023-10-30 15:17:49] GET:/v1/users?client=undefined&get=all&sort=asc&offset=10&  ::1"},
{"level":"INFO","timestamp":"2023-10-30 15:17:49","message":"Request: [2023-10-30 15:17:49] GET:/v1/permissions/permissions?roles=[%22651e39643b11b8189ed93ba3%22]  ::1"},
{"level":"INFO","timestamp":"2023-10-30 15:17:49","message":"Request: [2023-10-30 15:17:49] GET:/v1/permissions/permissions?roles=[%22651e39643b11b8189ed93ba3%22]  ::1"},
{"level":"INFO","timestamp":"2023-10-30 15:22:53","message":"Request: [2023-10-30 15:22:53] GET:/v1/auth/user  ::1"},
{"level":"INFO","timestamp":"2023-10-30 15:22:54","message":"Request: [2023-10-30 15:22:54] GET:/v1/configuration/menu-list  ::1"},
{"level":"INFO","timestamp":"2023-10-30 15:22:54","message":"Request: [2023-10-30 15:22:54] GET:/v1/permissions/permissions?roles=[%22651e39643b11b8189ed93ba3%22]  ::1"},
{"level":"INFO","timestamp":"2023-10-30 15:22:55","message":"Request: [2023-10-30 15:22:55] GET:/v1/permissions/permissions?roles=[%22651e39643b11b8189ed93ba3%22]  ::1"},
{"level":"INFO","timestamp":"2023-10-30 15:22:55","message":"Request: [2023-10-30 15:22:55] GET:/v1/pre-stages  ::1"},
{"level":"INFO","timestamp":"2023-10-30 15:28:24","message":"Request: [2023-10-30 15:28:24] GET:/v1/pre-stages  ::1"},
{"level":"INFO","timestamp":"2023-10-30 15:28:38","message":"Request: [2023-10-30 15:28:38] GET:/v1/auth/user  ::1"},
{"level":"INFO","timestamp":"2023-10-30 15:28:40","message":"Request: [2023-10-30 15:28:40] GET:/v1/configuration/menu-list  ::1"},
{"level":"INFO","timestamp":"2023-10-30 15:28:40","message":"Request: [2023-10-30 15:28:40] GET:/v1/permissions/permissions?roles=[%22651e39643b11b8189ed93ba3%22]  ::1"},
{"level":"INFO","timestamp":"2023-10-30 15:28:41","message":"Request: [2023-10-30 15:28:41] GET:/v1/permissions/permissions?roles=[%22651e39643b11b8189ed93ba3%22]  ::1"},
{"level":"INFO","timestamp":"2023-10-30 15:28:41","message":"Request: [2023-10-30 15:28:41] GET:/v1/pre-stages  ::1"},
{"level":"INFO","timestamp":"2023-10-30 15:28:42","message":"Request: [2023-10-30 15:28:42] GET:/v1/permissions/permissions?roles=[%22651e39643b11b8189ed93ba3%22]  ::1"},
{"level":"INFO","timestamp":"2023-10-30 15:28:42","message":"Request: [2023-10-30 15:28:42] GET:/v1/permissions/permissions?roles=[%22651e39643b11b8189ed93ba3%22]  ::1"},
{"level":"INFO","timestamp":"2023-10-30 15:28:53","message":"Request: [2023-10-30 15:28:53] GET:/v1/auth/user  ::1"},
{"level":"INFO","timestamp":"2023-10-30 15:28:54","message":"Request: [2023-10-30 15:28:54] GET:/v1/configuration/menu-list  ::1"},
{"level":"INFO","timestamp":"2023-10-30 15:28:54","message":"Request: [2023-10-30 15:28:54] GET:/v1/permissions/permissions?roles=[%22651e39643b11b8189ed93ba3%22]  ::1"},
{"level":"INFO","timestamp":"2023-10-30 15:28:54","message":"Request: [2023-10-30 15:28:54] GET:/v1/permissions/permissions?roles=[%22651e39643b11b8189ed93ba3%22]  ::1"},
{"level":"INFO","timestamp":"2023-10-30 15:28:54","message":"Request: [2023-10-30 15:28:54] GET:/v1/pre-stages  ::1"},
{"level":"INFO","timestamp":"2023-10-30 15:28:55","message":"Request: [2023-10-30 15:28:55] GET:/v1/permissions/permissions?roles=[%22651e39643b11b8189ed93ba3%22]  ::1"},
{"level":"INFO","timestamp":"2023-10-30 15:28:55","message":"Request: [2023-10-30 15:28:55] GET:/v1/permissions/permissions?roles=[%22651e39643b11b8189ed93ba3%22]  ::1"},
{"level":"INFO","timestamp":"2023-10-30 15:30:48","message":"Request: [2023-10-30 15:30:48] GET:/v1/auth/user  ::1"},
{"level":"INFO","timestamp":"2023-10-30 15:30:48","message":"Request: [2023-10-30 15:30:48] GET:/v1/configuration/menu-list  ::1"},
{"level":"INFO","timestamp":"2023-10-30 15:30:48","message":"Request: [2023-10-30 15:30:48] GET:/v1/permissions/permissions?roles=[%22651e39643b11b8189ed93ba3%22]  ::1"},
{"level":"INFO","timestamp":"2023-10-30 15:30:49","message":"Request: [2023-10-30 15:30:49] GET:/v1/permissions/permissions?roles=[%22651e39643b11b8189ed93ba3%22]  ::1"},
{"level":"INFO","timestamp":"2023-10-30 15:30:49","message":"Request: [2023-10-30 15:30:49] GET:/v1/pre-stages  ::1"},
{"level":"INFO","timestamp":"2023-10-30 15:30:50","message":"Request: [2023-10-30 15:30:50] GET:/v1/permissions/permissions?roles=[%22651e39643b11b8189ed93ba3%22]  ::1"},
{"level":"INFO","timestamp":"2023-10-30 15:30:50","message":"Request: [2023-10-30 15:30:50] GET:/v1/permissions/permissions?roles=[%22651e39643b11b8189ed93ba3%22]  ::1"},
{"level":"INFO","timestamp":"2023-10-30 15:32:29","message":"Request: [2023-10-30 15:32:29] GET:/v1/auth/user  ::1"},
{"level":"INFO","timestamp":"2023-10-30 15:32:30","message":"Request: [2023-10-30 15:32:30] GET:/v1/configuration/menu-list  ::1"},
{"level":"INFO","timestamp":"2023-10-30 15:32:30","message":"Request: [2023-10-30 15:32:30] GET:/v1/permissions/permissions?roles=[%22651e39643b11b8189ed93ba3%22]  ::1"},
{"level":"INFO","timestamp":"2023-10-30 15:32:31","message":"Request: [2023-10-30 15:32:31] GET:/v1/permissions/permissions?roles=[%22651e39643b11b8189ed93ba3%22]  ::1"},
{"level":"INFO","timestamp":"2023-10-30 15:32:31","message":"Request: [2023-10-30 15:32:31] GET:/v1/pre-stages  ::1"},
{"level":"INFO","timestamp":"2023-10-30 15:32:31","message":"Request: [2023-10-30 15:32:31] GET:/v1/permissions/permissions?roles=[%22651e39643b11b8189ed93ba3%22]  ::1"},
{"level":"INFO","timestamp":"2023-10-30 15:32:31","message":"Request: [2023-10-30 15:32:31] GET:/v1/permissions/permissions?roles=[%22651e39643b11b8189ed93ba3%22]  ::1"},
{"level":"INFO","timestamp":"2023-10-30 15:35:18","message":"Request: [2023-10-30 15:35:18] GET:/v1/location/admin  ::1"},
{"level":"INFO","timestamp":"2023-10-30 15:35:18","message":"Request: [2023-10-30 15:35:18] GET:/v1/pre-stages  ::1"},
{"level":"INFO","timestamp":"2023-10-30 15:35:20","message":"Request: [2023-10-30 15:35:20] GET:/v1/customer/product/by-location/6530f7991bd64c245442740b  ::1"},
{"level":"INFO","timestamp":"2023-10-30 15:35:31","message":"Request: [2023-10-30 15:35:31] POST:/v1/pre-stages  ::1"},
{"level":"INFO","timestamp":"2023-10-30 15:35:32","message":"Request: [2023-10-30 15:35:32] GET:/v1/permissions/permissions?roles=[%22651e39643b11b8189ed93ba3%22]  ::1"},
{"level":"INFO","timestamp":"2023-10-30 15:35:32","message":"Request: [2023-10-30 15:35:32] GET:/v1/pre-stages  ::1"},
{"level":"INFO","timestamp":"2023-10-30 15:35:32","message":"Request: [2023-10-30 15:35:32] GET:/v1/permissions/permissions?roles=[%22651e39643b11b8189ed93ba3%22]  ::1"},
{"level":"INFO","timestamp":"2023-10-30 15:35:32","message":"Request: [2023-10-30 15:35:32] GET:/v1/permissions/permissions?roles=[%22651e39643b11b8189ed93ba3%22]  ::1"},
{"level":"INFO","timestamp":"2023-10-30 15:45:48","message":"Request: [2023-10-30 15:45:48] GET:/v1/auth/user  ::1"},
{"level":"INFO","timestamp":"2023-10-30 15:45:48","message":"Request: [2023-10-30 15:45:48] GET:/v1/configuration/menu-list  ::1"},
{"level":"INFO","timestamp":"2023-10-30 15:45:48","message":"Request: [2023-10-30 15:45:48] GET:/v1/permissions/permissions?roles=[%22651e39643b11b8189ed93ba3%22]  ::1"},
{"level":"INFO","timestamp":"2023-10-30 15:45:49","message":"Request: [2023-10-30 15:45:49] GET:/v1/permissions/permissions?roles=[%22651e39643b11b8189ed93ba3%22]  ::1"},
{"level":"INFO","timestamp":"2023-10-30 15:45:49","message":"Request: [2023-10-30 15:45:49] GET:/v1/pre-stages  ::1"},
{"level":"ERROR","timestamp":"2023-10-30 15:45:49","message":"MongoServerError: path option to $unwind stage should be prefixed with a '$': customers\n    at Connection.onMessage (/Users/dr.mac/apps/e-logistics-backend/node_modules/mongodb/lib/cmap/connection.js:207:30)\n    at MessageStream.<anonymous> (/Users/dr.mac/apps/e-logistics-backend/node_modules/mongodb/lib/cmap/connection.js:60:60)\n    at MessageStream.emit (node:events:394:28)\n    at processIncomingData (/Users/dr.mac/apps/e-logistics-backend/node_modules/mongodb/lib/cmap/message_stream.js:132:20)\n    at MessageStream._write (/Users/dr.mac/apps/e-logistics-backend/node_modules/mongodb/lib/cmap/message_stream.js:33:9)\n    at writeOrBuffer (node:internal/streams/writable:389:12)\n    at _write (node:internal/streams/writable:330:10)\n    at MessageStream.Writable.write (node:internal/streams/writable:334:10)\n    at Socket.ondata (node:internal/streams/readable:754:22)\n    at Socket.emit (node:events:394:28)"},
{"level":"INFO","timestamp":"2023-10-30 15:49:16","message":"Request: [2023-10-30 15:49:16] GET:/v1/auth/user  ::1"},
{"level":"INFO","timestamp":"2023-10-30 15:49:17","message":"Request: [2023-10-30 15:49:17] GET:/v1/configuration/menu-list  ::1"},
{"level":"INFO","timestamp":"2023-10-30 15:49:17","message":"Request: [2023-10-30 15:49:17] GET:/v1/permissions/permissions?roles=[%22651e39643b11b8189ed93ba3%22]  ::1"},
{"level":"INFO","timestamp":"2023-10-30 15:49:18","message":"Request: [2023-10-30 15:49:18] GET:/v1/permissions/permissions?roles=[%22651e39643b11b8189ed93ba3%22]  ::1"},
{"level":"INFO","timestamp":"2023-10-30 15:49:18","message":"Request: [2023-10-30 15:49:18] GET:/v1/pre-stages  ::1"},
{"level":"INFO","timestamp":"2023-10-30 15:49:18","message":"Request: [2023-10-30 15:49:18] GET:/v1/permissions/permissions?roles=[%22651e39643b11b8189ed93ba3%22]  ::1"},
{"level":"INFO","timestamp":"2023-10-30 15:49:18","message":"Request: [2023-10-30 15:49:18] GET:/v1/permissions/permissions?roles=[%22651e39643b11b8189ed93ba3%22]  ::1"},
{"level":"INFO","timestamp":"2023-10-30 16:00:44","message":"Request: [2023-10-30 16:00:44] GET:/v1/location/admin  ::1"},
{"level":"INFO","timestamp":"2023-10-30 16:00:44","message":"Request: [2023-10-30 16:00:44] GET:/v1/pre-stages  ::1"},
{"level":"INFO","timestamp":"2023-10-30 16:00:51","message":"Request: [2023-10-30 16:00:51] GET:/v1/auth/user  ::1"},
{"level":"INFO","timestamp":"2023-10-30 16:00:52","message":"Request: [2023-10-30 16:00:52] GET:/v1/configuration/menu-list  ::1"},
{"level":"INFO","timestamp":"2023-10-30 16:00:52","message":"Request: [2023-10-30 16:00:52] GET:/v1/permissions/permissions?roles=[%22651e39643b11b8189ed93ba3%22]  ::1"},
{"level":"INFO","timestamp":"2023-10-30 16:00:53","message":"Request: [2023-10-30 16:00:53] GET:/v1/permissions/permissions?roles=[%22651e39643b11b8189ed93ba3%22]  ::1"},
{"level":"INFO","timestamp":"2023-10-30 16:00:53","message":"Request: [2023-10-30 16:00:53] GET:/v1/pre-stages  ::1"},
{"level":"INFO","timestamp":"2023-10-30 16:00:57","message":"Request: [2023-10-30 16:00:57] GET:/v1/location/admin  ::1"},
{"level":"INFO","timestamp":"2023-10-30 16:00:57","message":"Request: [2023-10-30 16:00:57] GET:/v1/pre-stages  ::1"},
{"level":"INFO","timestamp":"2023-10-30 16:00:59","message":"Request: [2023-10-30 16:00:59] GET:/v1/customer/product/by-location/6530f7991bd64c245442740b  ::1"},
{"level":"INFO","timestamp":"2023-10-30 16:01:34","message":"Request: [2023-10-30 16:01:34] POST:/v1/pre-stages  ::1"},
{"level":"INFO","timestamp":"2023-10-30 16:01:35","message":"Request: [2023-10-30 16:01:35] GET:/v1/pre-stages  ::1"},
{"level":"INFO","timestamp":"2023-10-30 16:01:35","message":"Request: [2023-10-30 16:01:35] GET:/v1/permissions/permissions?roles=[%22651e39643b11b8189ed93ba3%22]  ::1"},
{"level":"INFO","timestamp":"2023-10-30 16:01:35","message":"Request: [2023-10-30 16:01:35] GET:/v1/permissions/permissions?roles=[%22651e39643b11b8189ed93ba3%22]  ::1"},
{"level":"INFO","timestamp":"2023-10-30 16:01:35","message":"Request: [2023-10-30 16:01:35] GET:/v1/permissions/permissions?roles=[%22651e39643b11b8189ed93ba3%22]  ::1"},
{"level":"INFO","timestamp":"2023-10-30 16:02:50","message":"Request: [2023-10-30 16:02:50] GET:/v1/auth/user  ::1"},
{"level":"INFO","timestamp":"2023-10-30 16:02:51","message":"Request: [2023-10-30 16:02:51] GET:/v1/configuration/menu-list  ::1"},
{"level":"INFO","timestamp":"2023-10-30 16:02:51","message":"Request: [2023-10-30 16:02:51] GET:/v1/permissions/permissions?roles=[%22651e39643b11b8189ed93ba3%22]  ::1"},
{"level":"INFO","timestamp":"2023-10-30 16:02:52","message":"Request: [2023-10-30 16:02:52] GET:/v1/permissions/permissions?roles=[%22651e39643b11b8189ed93ba3%22]  ::1"},
{"level":"INFO","timestamp":"2023-10-30 16:02:52","message":"Request: [2023-10-30 16:02:52] GET:/v1/pre-stages  ::1"},
{"level":"INFO","timestamp":"2023-10-30 16:02:53","message":"Request: [2023-10-30 16:02:53] GET:/v1/permissions/permissions?roles=[%22651e39643b11b8189ed93ba3%22]  ::1"},
{"level":"INFO","timestamp":"2023-10-30 16:02:53","message":"Request: [2023-10-30 16:02:53] GET:/v1/permissions/permissions?roles=[%22651e39643b11b8189ed93ba3%22]  ::1"},
{"level":"INFO","timestamp":"2023-10-30 16:07:23","message":"Request: [2023-10-30 16:07:23] GET:/v1/auth/user  ::1"},
{"level":"INFO","timestamp":"2023-10-30 16:07:26","message":"Request: [2023-10-30 16:07:26] GET:/v1/configuration/menu-list  ::1"},
{"level":"INFO","timestamp":"2023-10-30 16:07:26","message":"Request: [2023-10-30 16:07:26] GET:/v1/permissions/permissions?roles=[%22651e39643b11b8189ed93ba3%22]  ::1"},
{"level":"INFO","timestamp":"2023-10-30 16:07:27","message":"Request: [2023-10-30 16:07:27] GET:/v1/permissions/permissions?roles=[%22651e39643b11b8189ed93ba3%22]  ::1"},
{"level":"INFO","timestamp":"2023-10-30 16:07:27","message":"Request: [2023-10-30 16:07:27] GET:/v1/pre-stages  ::1"},
{"level":"INFO","timestamp":"2023-10-30 16:07:29","message":"Request: [2023-10-30 16:07:29] GET:/v1/permissions/permissions?roles=[%22651e39643b11b8189ed93ba3%22]  ::1"},
{"level":"INFO","timestamp":"2023-10-30 16:07:29","message":"Request: [2023-10-30 16:07:29] GET:/v1/permissions/permissions?roles=[%22651e39643b11b8189ed93ba3%22]  ::1"},
{"level":"INFO","timestamp":"2023-10-30 16:07:29","message":"Request: [2023-10-30 16:07:29] GET:/v1/permissions/permissions?roles=[%22651e39643b11b8189ed93ba3%22]  ::1"},
{"level":"INFO","timestamp":"2023-10-30 16:09:20","message":"Request: [2023-10-30 16:09:20] GET:/v1/auth/user  ::1"},
{"level":"INFO","timestamp":"2023-10-30 16:09:21","message":"Request: [2023-10-30 16:09:21] GET:/v1/configuration/menu-list  ::1"},
{"level":"INFO","timestamp":"2023-10-30 16:09:21","message":"Request: [2023-10-30 16:09:21] GET:/v1/permissions/permissions?roles=[%22651e39643b11b8189ed93ba3%22]  ::1"},
{"level":"INFO","timestamp":"2023-10-30 16:09:22","message":"Request: [2023-10-30 16:09:22] GET:/v1/permissions/permissions?roles=[%22651e39643b11b8189ed93ba3%22]  ::1"},
{"level":"INFO","timestamp":"2023-10-30 16:09:22","message":"Request: [2023-10-30 16:09:22] GET:/v1/pre-stages  ::1"},
{"level":"INFO","timestamp":"2023-10-30 16:09:23","message":"Request: [2023-10-30 16:09:23] GET:/v1/permissions/permissions?roles=[%22651e39643b11b8189ed93ba3%22]  ::1"},
{"level":"INFO","timestamp":"2023-10-30 16:09:23","message":"Request: [2023-10-30 16:09:23] GET:/v1/permissions/permissions?roles=[%22651e39643b11b8189ed93ba3%22]  ::1"},
{"level":"INFO","timestamp":"2023-10-30 16:09:23","message":"Request: [2023-10-30 16:09:23] GET:/v1/permissions/permissions?roles=[%22651e39643b11b8189ed93ba3%22]  ::1"},
{"level":"INFO","timestamp":"2023-10-30 16:09:30","message":"Request: [2023-10-30 16:09:30] GET:/v1/configuration/menu-list  ::1"},
{"level":"INFO","timestamp":"2023-10-30 16:09:30","message":"Request: [2023-10-30 16:09:30] GET:/v1/departments?client=651e39643b11b8189ed93b9d&all=true  ::1"},
{"level":"INFO","timestamp":"2023-10-30 16:09:30","message":"Request: [2023-10-30 16:09:30] GET:/v1/configuration/user-field/651e39643b11b8189ed93b9d  ::1"},
{"level":"INFO","timestamp":"2023-10-30 16:09:30","message":"Request: [2023-10-30 16:09:30] GET:/v1/roles?client=651e39643b11b8189ed93b9d&all=true  ::1"},
{"level":"INFO","timestamp":"2023-10-30 16:09:30","message":"Request: [2023-10-30 16:09:30] GET:/v1/pre-stages  ::1"},
{"level":"INFO","timestamp":"2023-10-30 16:09:42","message":"Request: [2023-10-30 16:09:42] GET:/v1/auth/user  ::1"},
{"level":"INFO","timestamp":"2023-10-30 16:09:43","message":"Request: [2023-10-30 16:09:43] GET:/v1/configuration/menu-list  ::1"},
{"level":"INFO","timestamp":"2023-10-30 16:09:43","message":"Request: [2023-10-30 16:09:43] GET:/v1/permissions/permissions?roles=[%22651e39643b11b8189ed93ba3%22]  ::1"},
{"level":"INFO","timestamp":"2023-10-30 16:09:44","message":"Request: [2023-10-30 16:09:44] GET:/v1/permissions/permissions?roles=[%22651e39643b11b8189ed93ba3%22]  ::1"},
{"level":"INFO","timestamp":"2023-10-30 16:09:44","message":"Request: [2023-10-30 16:09:44] GET:/v1/pre-stages  ::1"},
{"level":"INFO","timestamp":"2023-10-30 16:09:44","message":"Request: [2023-10-30 16:09:44] GET:/v1/permissions/permissions?roles=[%22651e39643b11b8189ed93ba3%22]  ::1"},
{"level":"INFO","timestamp":"2023-10-30 16:09:44","message":"Request: [2023-10-30 16:09:44] GET:/v1/permissions/permissions?roles=[%22651e39643b11b8189ed93ba3%22]  ::1"},
{"level":"INFO","timestamp":"2023-10-30 16:09:44","message":"Request: [2023-10-30 16:09:44] GET:/v1/permissions/permissions?roles=[%22651e39643b11b8189ed93ba3%22]  ::1"},
{"level":"INFO","timestamp":"2023-10-30 16:10:27","message":"Request: [2023-10-30 16:10:27] GET:/v1/permissions/permissions?roles=[%22651e39643b11b8189ed93ba3%22]  ::1"},
{"level":"INFO","timestamp":"2023-10-30 16:10:47","message":"Request: [2023-10-30 16:10:47] GET:/v1/permissions/permissions?roles=[%22651e39643b11b8189ed93ba3%22]  ::1"},
{"level":"INFO","timestamp":"2023-10-30 16:10:47","message":"Request: [2023-10-30 16:10:47] GET:/v1/roles?&all=true  ::1"},
{"level":"INFO","timestamp":"2023-10-30 16:10:47","message":"Request: [2023-10-30 16:10:47] GET:/v1/departments?&all=true  ::1"},
{"level":"INFO","timestamp":"2023-10-30 16:10:48","message":"Request: [2023-10-30 16:10:48] GET:/v1/permissions/permissions?roles=[%22651e39643b11b8189ed93ba3%22]  ::1"},
{"level":"INFO","timestamp":"2023-10-30 16:10:48","message":"Request: [2023-10-30 16:10:48] GET:/v1/permissions/permissions?roles=[%22651e39643b11b8189ed93ba3%22]  ::1"},
{"level":"INFO","timestamp":"2023-10-30 16:10:48","message":"Request: [2023-10-30 16:10:48] GET:/v1/permissions/permissions?roles=[%22651e39643b11b8189ed93ba3%22]  ::1"},
{"level":"INFO","timestamp":"2023-10-30 16:10:48","message":"Request: [2023-10-30 16:10:48] GET:/v1/permissions/permissions?roles=[%22651e39643b11b8189ed93ba3%22]  ::1"},
{"level":"INFO","timestamp":"2023-10-30 16:10:48","message":"Request: [2023-10-30 16:10:48] GET:/v1/permissions/permissions?roles=[%22651e39643b11b8189ed93ba3%22]  ::1"},
{"level":"INFO","timestamp":"2023-10-30 16:10:48","message":"Request: [2023-10-30 16:10:48] GET:/v1/permissions/permissions?roles=[%22651e39643b11b8189ed93ba3%22]  ::1"},
{"level":"INFO","timestamp":"2023-10-30 16:10:48","message":"Request: [2023-10-30 16:10:48] GET:/v1/permissions/permissions?roles=[%22651e39643b11b8189ed93ba3%22]  ::1"},
{"level":"INFO","timestamp":"2023-10-30 16:10:48","message":"Request: [2023-10-30 16:10:48] GET:/v1/permissions/permissions?roles=[%22651e39643b11b8189ed93ba3%22]  ::1"},
{"level":"INFO","timestamp":"2023-10-30 16:10:48","message":"Request: [2023-10-30 16:10:48] GET:/v1/permissions/permissions?roles=[%22651e39643b11b8189ed93ba3%22]  ::1"},
{"level":"INFO","timestamp":"2023-10-30 16:10:49","message":"Request: [2023-10-30 16:10:49] GET:/v1/permissions/permissions?roles=[%22651e39643b11b8189ed93ba3%22]  ::1"},
{"level":"INFO","timestamp":"2023-10-30 16:18:23","message":"Request: [2023-10-30 16:18:23] GET:/v1/permissions/permissions?roles=[%22651e39643b11b8189ed93ba3%22]  ::1"},
{"level":"INFO","timestamp":"2023-10-30 16:18:23","message":"Request: [2023-10-30 16:18:23] GET:/v1/pre-stages  ::1"},
{"level":"INFO","timestamp":"2023-10-30 16:18:24","message":"Request: [2023-10-30 16:18:24] GET:/v1/permissions/permissions?roles=[%22651e39643b11b8189ed93ba3%22]  ::1"},
{"level":"INFO","timestamp":"2023-10-30 16:18:24","message":"Request: [2023-10-30 16:18:24] GET:/v1/permissions/permissions?roles=[%22651e39643b11b8189ed93ba3%22]  ::1"},
{"level":"INFO","timestamp":"2023-10-30 16:18:24","message":"Request: [2023-10-30 16:18:24] GET:/v1/permissions/permissions?roles=[%22651e39643b11b8189ed93ba3%22]  ::1"},
{"level":"INFO","timestamp":"2023-10-30 16:18:47","message":"Request: [2023-10-30 16:18:47] GET:/v1/auth/user  ::1"},
{"level":"INFO","timestamp":"2023-10-30 16:18:48","message":"Request: [2023-10-30 16:18:48] GET:/v1/configuration/menu-list  ::1"},
{"level":"INFO","timestamp":"2023-10-30 16:18:48","message":"Request: [2023-10-30 16:18:48] GET:/v1/permissions/permissions?roles=[%22651e39643b11b8189ed93ba3%22]  ::1"},
{"level":"INFO","timestamp":"2023-10-30 16:19:37","message":"Request: [2023-10-30 16:19:37] GET:/v1/auth/user  ::1"},
{"level":"INFO","timestamp":"2023-10-30 16:19:37","message":"Request: [2023-10-30 16:19:37] GET:/v1/configuration/menu-list  ::1"},
{"level":"INFO","timestamp":"2023-10-30 16:19:37","message":"Request: [2023-10-30 16:19:37] GET:/v1/permissions/permissions?roles=[%22651e39643b11b8189ed93ba3%22]  ::1"},
{"level":"INFO","timestamp":"2023-10-30 16:19:38","message":"Request: [2023-10-30 16:19:38] GET:/v1/permissions/permissions?roles=[%22651e39643b11b8189ed93ba3%22]  ::1"},
{"level":"INFO","timestamp":"2023-10-30 16:19:38","message":"Request: [2023-10-30 16:19:38] GET:/v1/pre-stages  ::1"},
{"level":"INFO","timestamp":"2023-10-30 16:19:39","message":"Request: [2023-10-30 16:19:39] GET:/v1/permissions/permissions?roles=[%22651e39643b11b8189ed93ba3%22]  ::1"},
{"level":"INFO","timestamp":"2023-10-30 16:19:39","message":"Request: [2023-10-30 16:19:39] GET:/v1/permissions/permissions?roles=[%22651e39643b11b8189ed93ba3%22]  ::1"},
{"level":"INFO","timestamp":"2023-10-30 16:19:39","message":"Request: [2023-10-30 16:19:39] GET:/v1/permissions/permissions?roles=[%22651e39643b11b8189ed93ba3%22]  ::1"},
{"level":"INFO","timestamp":"2023-10-30 16:23:30","message":"Request: [2023-10-30 16:23:30] GET:/v1/auth/user  ::1"},
{"level":"INFO","timestamp":"2023-10-30 16:23:30","message":"Request: [2023-10-30 16:23:30] GET:/v1/configuration/menu-list  ::1"},
{"level":"INFO","timestamp":"2023-10-30 16:23:30","message":"Request: [2023-10-30 16:23:30] GET:/v1/permissions/permissions?roles=[%22651e39643b11b8189ed93ba3%22]  ::1"},
{"level":"INFO","timestamp":"2023-10-30 16:23:31","message":"Request: [2023-10-30 16:23:31] GET:/v1/permissions/permissions?roles=[%22651e39643b11b8189ed93ba3%22]  ::1"},
{"level":"INFO","timestamp":"2023-10-30 16:23:31","message":"Request: [2023-10-30 16:23:31] GET:/v1/pre-stages  ::1"},
{"level":"INFO","timestamp":"2023-10-30 16:23:31","message":"Request: [2023-10-30 16:23:31] GET:/v1/permissions/permissions?roles=[%22651e39643b11b8189ed93ba3%22]  ::1"},
{"level":"INFO","timestamp":"2023-10-30 16:23:31","message":"Request: [2023-10-30 16:23:31] GET:/v1/permissions/permissions?roles=[%22651e39643b11b8189ed93ba3%22]  ::1"},
{"level":"INFO","timestamp":"2023-10-30 16:23:31","message":"Request: [2023-10-30 16:23:31] GET:/v1/permissions/permissions?roles=[%22651e39643b11b8189ed93ba3%22]  ::1"},
{"level":"INFO","timestamp":"2023-10-30 16:28:15","message":"Request: [2023-10-30 16:28:15] GET:/v1/auth/user  ::1"},
{"level":"INFO","timestamp":"2023-10-30 16:28:16","message":"Request: [2023-10-30 16:28:16] GET:/v1/configuration/menu-list  ::1"},
{"level":"INFO","timestamp":"2023-10-30 16:28:16","message":"Request: [2023-10-30 16:28:16] GET:/v1/permissions/permissions?roles=[%22651e39643b11b8189ed93ba3%22]  ::1"},
{"level":"INFO","timestamp":"2023-10-30 16:28:17","message":"Request: [2023-10-30 16:28:17] GET:/v1/permissions/permissions?roles=[%22651e39643b11b8189ed93ba3%22]  ::1"},
{"level":"INFO","timestamp":"2023-10-30 16:28:17","message":"Request: [2023-10-30 16:28:17] GET:/v1/pre-stages  ::1"},
{"level":"INFO","timestamp":"2023-10-30 16:28:17","message":"Request: [2023-10-30 16:28:17] GET:/v1/permissions/permissions?roles=[%22651e39643b11b8189ed93ba3%22]  ::1"},
{"level":"INFO","timestamp":"2023-10-30 16:28:17","message":"Request: [2023-10-30 16:28:17] GET:/v1/permissions/permissions?roles=[%22651e39643b11b8189ed93ba3%22]  ::1"},
{"level":"INFO","timestamp":"2023-10-30 16:28:17","message":"Request: [2023-10-30 16:28:17] GET:/v1/permissions/permissions?roles=[%22651e39643b11b8189ed93ba3%22]  ::1"},
{"level":"INFO","timestamp":"2023-10-30 16:29:05","message":"Request: [2023-10-30 16:29:05] GET:/v1/auth/user  ::1"},
{"level":"INFO","timestamp":"2023-10-30 16:29:05","message":"Request: [2023-10-30 16:29:05] GET:/v1/configuration/menu-list  ::1"},
{"level":"INFO","timestamp":"2023-10-30 16:29:05","message":"Request: [2023-10-30 16:29:05] GET:/v1/permissions/permissions?roles=[%22651e39643b11b8189ed93ba3%22]  ::1"},
{"level":"INFO","timestamp":"2023-10-30 16:29:06","message":"Request: [2023-10-30 16:29:06] GET:/v1/permissions/permissions?roles=[%22651e39643b11b8189ed93ba3%22]  ::1"},
{"level":"INFO","timestamp":"2023-10-30 16:29:06","message":"Request: [2023-10-30 16:29:06] GET:/v1/pre-stages  ::1"},
{"level":"INFO","timestamp":"2023-10-30 16:29:06","message":"Request: [2023-10-30 16:29:06] GET:/v1/permissions/permissions?roles=[%22651e39643b11b8189ed93ba3%22]  ::1"},
{"level":"INFO","timestamp":"2023-10-30 16:29:06","message":"Request: [2023-10-30 16:29:06] GET:/v1/permissions/permissions?roles=[%22651e39643b11b8189ed93ba3%22]  ::1"},
{"level":"INFO","timestamp":"2023-10-30 16:29:06","message":"Request: [2023-10-30 16:29:06] GET:/v1/permissions/permissions?roles=[%22651e39643b11b8189ed93ba3%22]  ::1"},
{"level":"INFO","timestamp":"2023-10-30 16:36:52","message":"Request: [2023-10-30 16:36:52] GET:/v1/auth/user  ::1"},
{"level":"INFO","timestamp":"2023-10-30 16:36:53","message":"Request: [2023-10-30 16:36:53] GET:/v1/configuration/menu-list  ::1"},
{"level":"INFO","timestamp":"2023-10-30 16:36:53","message":"Request: [2023-10-30 16:36:53] GET:/v1/permissions/permissions?roles=[%22651e39643b11b8189ed93ba3%22]  ::1"},
{"level":"INFO","timestamp":"2023-10-30 16:36:54","message":"Request: [2023-10-30 16:36:54] GET:/v1/permissions/permissions?roles=[%22651e39643b11b8189ed93ba3%22]  ::1"},
{"level":"INFO","timestamp":"2023-10-30 16:36:54","message":"Request: [2023-10-30 16:36:54] GET:/v1/pre-stages  ::1"},
{"level":"INFO","timestamp":"2023-10-30 16:36:55","message":"Request: [2023-10-30 16:36:55] GET:/v1/permissions/permissions?roles=[%22651e39643b11b8189ed93ba3%22]  ::1"},
{"level":"INFO","timestamp":"2023-10-30 16:36:55","message":"Request: [2023-10-30 16:36:55] GET:/v1/permissions/permissions?roles=[%22651e39643b11b8189ed93ba3%22]  ::1"},
{"level":"INFO","timestamp":"2023-10-30 16:36:55","message":"Request: [2023-10-30 16:36:55] GET:/v1/permissions/permissions?roles=[%22651e39643b11b8189ed93ba3%22]  ::1"},
{"level":"INFO","timestamp":"2023-10-30 16:37:30","message":"Request: [2023-10-30 16:37:30] GET:/v1/auth/user  ::1"},
{"level":"INFO","timestamp":"2023-10-30 16:37:31","message":"Request: [2023-10-30 16:37:31] GET:/v1/configuration/menu-list  ::1"},
{"level":"INFO","timestamp":"2023-10-30 16:37:31","message":"Request: [2023-10-30 16:37:31] GET:/v1/permissions/permissions?roles=[%22651e39643b11b8189ed93ba3%22]  ::1"},
{"level":"INFO","timestamp":"2023-10-30 16:37:32","message":"Request: [2023-10-30 16:37:32] GET:/v1/permissions/permissions?roles=[%22651e39643b11b8189ed93ba3%22]  ::1"},
{"level":"INFO","timestamp":"2023-10-30 16:37:32","message":"Request: [2023-10-30 16:37:32] GET:/v1/pre-stages  ::1"},
{"level":"INFO","timestamp":"2023-10-30 16:37:32","message":"Request: [2023-10-30 16:37:32] GET:/v1/permissions/permissions?roles=[%22651e39643b11b8189ed93ba3%22]  ::1"},
{"level":"INFO","timestamp":"2023-10-30 16:37:32","message":"Request: [2023-10-30 16:37:32] GET:/v1/permissions/permissions?roles=[%22651e39643b11b8189ed93ba3%22]  ::1"},
{"level":"INFO","timestamp":"2023-10-30 16:37:32","message":"Request: [2023-10-30 16:37:32] GET:/v1/permissions/permissions?roles=[%22651e39643b11b8189ed93ba3%22]  ::1"},
{"level":"INFO","timestamp":"2023-10-30 16:39:28","message":"Request: [2023-10-30 16:39:28] GET:/v1/auth/user  ::1"},
{"level":"INFO","timestamp":"2023-10-30 16:39:29","message":"Request: [2023-10-30 16:39:29] GET:/v1/configuration/menu-list  ::1"},
{"level":"INFO","timestamp":"2023-10-30 16:39:29","message":"Request: [2023-10-30 16:39:29] GET:/v1/permissions/permissions?roles=[%22651e39643b11b8189ed93ba3%22]  ::1"},
{"level":"INFO","timestamp":"2023-10-30 16:39:30","message":"Request: [2023-10-30 16:39:30] GET:/v1/permissions/permissions?roles=[%22651e39643b11b8189ed93ba3%22]  ::1"},
{"level":"INFO","timestamp":"2023-10-30 16:39:30","message":"Request: [2023-10-30 16:39:30] GET:/v1/pre-stages  ::1"},
{"level":"INFO","timestamp":"2023-10-30 16:39:30","message":"Request: [2023-10-30 16:39:30] GET:/v1/permissions/permissions?roles=[%22651e39643b11b8189ed93ba3%22]  ::1"},
{"level":"INFO","timestamp":"2023-10-30 16:39:30","message":"Request: [2023-10-30 16:39:30] GET:/v1/permissions/permissions?roles=[%22651e39643b11b8189ed93ba3%22]  ::1"},
{"level":"INFO","timestamp":"2023-10-30 16:39:30","message":"Request: [2023-10-30 16:39:30] GET:/v1/permissions/permissions?roles=[%22651e39643b11b8189ed93ba3%22]  ::1"},
{"level":"INFO","timestamp":"2023-10-30 16:40:43","message":"Request: [2023-10-30 16:40:43] GET:/v1/auth/user  ::1"},
{"level":"INFO","timestamp":"2023-10-30 16:40:43","message":"Request: [2023-10-30 16:40:43] GET:/v1/configuration/menu-list  ::1"},
{"level":"INFO","timestamp":"2023-10-30 16:40:43","message":"Request: [2023-10-30 16:40:43] GET:/v1/permissions/permissions?roles=[%22651e39643b11b8189ed93ba3%22]  ::1"},
{"level":"INFO","timestamp":"2023-10-30 16:40:44","message":"Request: [2023-10-30 16:40:44] GET:/v1/permissions/permissions?roles=[%22651e39643b11b8189ed93ba3%22]  ::1"},
{"level":"INFO","timestamp":"2023-10-30 16:40:44","message":"Request: [2023-10-30 16:40:44] GET:/v1/pre-stages  ::1"},
{"level":"INFO","timestamp":"2023-10-30 16:40:45","message":"Request: [2023-10-30 16:40:45] GET:/v1/permissions/permissions?roles=[%22651e39643b11b8189ed93ba3%22]  ::1"},
{"level":"INFO","timestamp":"2023-10-30 16:40:45","message":"Request: [2023-10-30 16:40:45] GET:/v1/permissions/permissions?roles=[%22651e39643b11b8189ed93ba3%22]  ::1"},
{"level":"INFO","timestamp":"2023-10-30 16:40:45","message":"Request: [2023-10-30 16:40:45] GET:/v1/permissions/permissions?roles=[%22651e39643b11b8189ed93ba3%22]  ::1"},
{"level":"INFO","timestamp":"2023-10-30 16:43:10","message":"Request: [2023-10-30 16:43:10] GET:/v1/pre-stages  ::1"},
{"level":"INFO","timestamp":"2023-10-30 16:43:23","message":"Request: [2023-10-30 16:43:23] GET:/v1/auth/user  ::1"},
{"level":"INFO","timestamp":"2023-10-30 16:43:24","message":"Request: [2023-10-30 16:43:24] GET:/v1/configuration/menu-list  ::1"},
{"level":"INFO","timestamp":"2023-10-30 16:43:24","message":"Request: [2023-10-30 16:43:24] GET:/v1/permissions/permissions?roles=[%22651e39643b11b8189ed93ba3%22]  ::1"},
{"level":"INFO","timestamp":"2023-10-30 16:43:24","message":"Request: [2023-10-30 16:43:24] GET:/v1/permissions/permissions?roles=[%22651e39643b11b8189ed93ba3%22]  ::1"},
{"level":"INFO","timestamp":"2023-10-30 16:43:24","message":"Request: [2023-10-30 16:43:24] GET:/v1/pre-stages  ::1"},
{"level":"INFO","timestamp":"2023-10-30 16:43:25","message":"Request: [2023-10-30 16:43:25] GET:/v1/permissions/permissions?roles=[%22651e39643b11b8189ed93ba3%22]  ::1"},
{"level":"INFO","timestamp":"2023-10-30 16:43:25","message":"Request: [2023-10-30 16:43:25] GET:/v1/permissions/permissions?roles=[%22651e39643b11b8189ed93ba3%22]  ::1"},
{"level":"INFO","timestamp":"2023-10-30 16:43:25","message":"Request: [2023-10-30 16:43:25] GET:/v1/permissions/permissions?roles=[%22651e39643b11b8189ed93ba3%22]  ::1"},
{"level":"INFO","timestamp":"2023-10-30 16:43:38","message":"Request: [2023-10-30 16:43:38] GET:/v1/auth/user  ::1"},
{"level":"INFO","timestamp":"2023-10-30 16:43:39","message":"Request: [2023-10-30 16:43:39] GET:/v1/configuration/menu-list  ::1"},
{"level":"INFO","timestamp":"2023-10-30 16:43:39","message":"Request: [2023-10-30 16:43:39] GET:/v1/permissions/permissions?roles=[%22651e39643b11b8189ed93ba3%22]  ::1"},
{"level":"INFO","timestamp":"2023-10-30 16:43:41","message":"Request: [2023-10-30 16:43:41] GET:/v1/permissions/permissions?roles=[%22651e39643b11b8189ed93ba3%22]  ::1"},
{"level":"INFO","timestamp":"2023-10-30 16:43:41","message":"Request: [2023-10-30 16:43:41] GET:/v1/pre-stages  ::1"},
{"level":"INFO","timestamp":"2023-10-30 16:43:42","message":"Request: [2023-10-30 16:43:42] GET:/v1/permissions/permissions?roles=[%22651e39643b11b8189ed93ba3%22]  ::1"},
{"level":"INFO","timestamp":"2023-10-30 16:43:42","message":"Request: [2023-10-30 16:43:42] GET:/v1/permissions/permissions?roles=[%22651e39643b11b8189ed93ba3%22]  ::1"},
{"level":"INFO","timestamp":"2023-10-30 16:43:42","message":"Request: [2023-10-30 16:43:42] GET:/v1/permissions/permissions?roles=[%22651e39643b11b8189ed93ba3%22]  ::1"},
{"level":"INFO","timestamp":"2023-10-30 16:43:44","message":"Request: [2023-10-30 16:43:44] GET:/v1/pre-stages  ::1"},
{"level":"INFO","timestamp":"2023-10-30 16:43:44","message":"Request: [2023-10-30 16:43:44] GET:/v1/location/admin  ::1"},
{"level":"INFO","timestamp":"2023-10-30 16:43:52","message":"Request: [2023-10-30 16:43:52] GET:/v1/auth/user  ::1"},
{"level":"INFO","timestamp":"2023-10-30 16:43:53","message":"Request: [2023-10-30 16:43:53] GET:/v1/configuration/menu-list  ::1"},
{"level":"INFO","timestamp":"2023-10-30 16:43:53","message":"Request: [2023-10-30 16:43:53] GET:/v1/permissions/permissions?roles=[%22651e39643b11b8189ed93ba3%22]  ::1"},
{"level":"INFO","timestamp":"2023-10-30 16:43:54","message":"Request: [2023-10-30 16:43:54] GET:/v1/permissions/permissions?roles=[%22651e39643b11b8189ed93ba3%22]  ::1"},
{"level":"INFO","timestamp":"2023-10-30 16:43:54","message":"Request: [2023-10-30 16:43:54] GET:/v1/pre-stages  ::1"},
{"level":"INFO","timestamp":"2023-10-30 16:43:54","message":"Request: [2023-10-30 16:43:54] GET:/v1/permissions/permissions?roles=[%22651e39643b11b8189ed93ba3%22]  ::1"},
{"level":"INFO","timestamp":"2023-10-30 16:43:54","message":"Request: [2023-10-30 16:43:54] GET:/v1/permissions/permissions?roles=[%22651e39643b11b8189ed93ba3%22]  ::1"},
{"level":"INFO","timestamp":"2023-10-30 16:43:54","message":"Request: [2023-10-30 16:43:54] GET:/v1/permissions/permissions?roles=[%22651e39643b11b8189ed93ba3%22]  ::1"},
{"level":"INFO","timestamp":"2023-10-30 16:47:11","message":"Request: [2023-10-30 16:47:11] POST:/v1/auth/login  ::1"},
{"level":"INFO","timestamp":"2023-10-30 16:47:12","message":"Request: [2023-10-30 16:47:12] GET:/v1/configuration/menu-list  ::1"},
{"level":"INFO","timestamp":"2023-10-30 16:47:12","message":"Request: [2023-10-30 16:47:12] GET:/v1/permissions/permissions?roles=[%22651e39643b11b8189ed93ba3%22]  ::1"},
{"level":"INFO","timestamp":"2023-10-30 16:47:12","message":"Request: [2023-10-30 16:47:12] GET:/v1/permissions/permissions?roles=[%22651e39643b11b8189ed93ba3%22]  ::1"},
{"level":"INFO","timestamp":"2023-10-30 16:47:20","message":"Request: [2023-10-30 16:47:20] GET:/v1/permissions/permissions?roles=[%22651e39643b11b8189ed93ba3%22]  ::1"},
{"level":"INFO","timestamp":"2023-10-30 16:47:20","message":"Request: [2023-10-30 16:47:20] GET:/v1/pre-stages  ::1"},
{"level":"INFO","timestamp":"2023-10-30 16:47:21","message":"Request: [2023-10-30 16:47:21] GET:/v1/permissions/permissions?roles=[%22651e39643b11b8189ed93ba3%22]  ::1"},
{"level":"INFO","timestamp":"2023-10-30 16:47:21","message":"Request: [2023-10-30 16:47:21] GET:/v1/permissions/permissions?roles=[%22651e39643b11b8189ed93ba3%22]  ::1"},
{"level":"INFO","timestamp":"2023-10-30 16:47:21","message":"Request: [2023-10-30 16:47:21] GET:/v1/permissions/permissions?roles=[%22651e39643b11b8189ed93ba3%22]  ::1"},
{"level":"INFO","timestamp":"2023-10-30 16:47:43","message":"Request: [2023-10-30 16:47:43] GET:/v1/location/admin  ::1"},
{"level":"INFO","timestamp":"2023-10-30 16:47:43","message":"Request: [2023-10-30 16:47:43] GET:/v1/pre-stages  ::1"},
{"level":"INFO","timestamp":"2023-10-30 16:49:28","message":"Request: [2023-10-30 16:49:28] GET:/v1/auth/user  ::1"},
{"level":"INFO","timestamp":"2023-10-30 16:49:29","message":"Request: [2023-10-30 16:49:29] GET:/v1/configuration/menu-list  ::1"},
{"level":"INFO","timestamp":"2023-10-30 16:49:29","message":"Request: [2023-10-30 16:49:29] GET:/v1/permissions/permissions?roles=[%22651e39643b11b8189ed93ba3%22]  ::1"},
{"level":"INFO","timestamp":"2023-10-30 16:49:30","message":"Request: [2023-10-30 16:49:30] GET:/v1/permissions/permissions?roles=[%22651e39643b11b8189ed93ba3%22]  ::1"},
{"level":"INFO","timestamp":"2023-10-30 16:49:30","message":"Request: [2023-10-30 16:49:30] GET:/v1/pre-stages  ::1"},
{"level":"INFO","timestamp":"2023-10-30 16:49:31","message":"Request: [2023-10-30 16:49:31] GET:/v1/permissions/permissions?roles=[%22651e39643b11b8189ed93ba3%22]  ::1"},
{"level":"INFO","timestamp":"2023-10-30 16:49:31","message":"Request: [2023-10-30 16:49:31] GET:/v1/permissions/permissions?roles=[%22651e39643b11b8189ed93ba3%22]  ::1"},
{"level":"INFO","timestamp":"2023-10-30 16:49:31","message":"Request: [2023-10-30 16:49:31] GET:/v1/permissions/permissions?roles=[%22651e39643b11b8189ed93ba3%22]  ::1"},
{"level":"INFO","timestamp":"2023-10-30 16:49:33","message":"Request: [2023-10-30 16:49:33] GET:/v1/location/admin  ::1"},
{"level":"INFO","timestamp":"2023-10-30 16:49:33","message":"Request: [2023-10-30 16:49:33] GET:/v1/pre-stages  ::1"},
{"level":"INFO","timestamp":"2023-10-30 16:49:39","message":"Request: [2023-10-30 16:49:39] GET:/v1/customer/product/by-location/6530f7991bd64c245442740b  ::1"},
{"level":"INFO","timestamp":"2023-10-30 16:49:46","message":"Request: [2023-10-30 16:49:46] POST:/v1/pre-stages  ::1"},
{"level":"INFO","timestamp":"2023-10-30 16:49:47","message":"Request: [2023-10-30 16:49:47] GET:/v1/permissions/permissions?roles=[%22651e39643b11b8189ed93ba3%22]  ::1"},
{"level":"INFO","timestamp":"2023-10-30 16:49:47","message":"Request: [2023-10-30 16:49:47] GET:/v1/permissions/permissions?roles=[%22651e39643b11b8189ed93ba3%22]  ::1"},
{"level":"INFO","timestamp":"2023-10-30 16:49:47","message":"Request: [2023-10-30 16:49:47] GET:/v1/permissions/permissions?roles=[%22651e39643b11b8189ed93ba3%22]  ::1"},
{"level":"INFO","timestamp":"2023-10-30 16:49:47","message":"Request: [2023-10-30 16:49:47] GET:/v1/permissions/permissions?roles=[%22651e39643b11b8189ed93ba3%22]  ::1"},
{"level":"INFO","timestamp":"2023-10-30 16:49:47","message":"Request: [2023-10-30 16:49:47] GET:/v1/pre-stages  ::1"},
{"level":"INFO","timestamp":"2023-10-30 16:49:47","message":"Request: [2023-10-30 16:49:47] GET:/v1/permissions/permissions?roles=[%22651e39643b11b8189ed93ba3%22]  ::1"},
{"level":"INFO","timestamp":"2023-10-30 16:49:47","message":"Request: [2023-10-30 16:49:47] GET:/v1/permissions/permissions?roles=[%22651e39643b11b8189ed93ba3%22]  ::1"},
{"level":"INFO","timestamp":"2023-10-30 16:49:47","message":"Request: [2023-10-30 16:49:47] GET:/v1/permissions/permissions?roles=[%22651e39643b11b8189ed93ba3%22]  ::1"},
{"level":"INFO","timestamp":"2023-10-30 16:50:18","message":"Request: [2023-10-30 16:50:18] GET:/v1/auth/user  ::1"},
{"level":"INFO","timestamp":"2023-10-30 16:50:19","message":"Request: [2023-10-30 16:50:19] GET:/v1/configuration/menu-list  ::1"},
{"level":"INFO","timestamp":"2023-10-30 16:50:19","message":"Request: [2023-10-30 16:50:19] GET:/v1/permissions/permissions?roles=[%22651e39643b11b8189ed93ba3%22]  ::1"},
{"level":"INFO","timestamp":"2023-10-30 16:50:20","message":"Request: [2023-10-30 16:50:20] GET:/v1/permissions/permissions?roles=[%22651e39643b11b8189ed93ba3%22]  ::1"},
{"level":"INFO","timestamp":"2023-10-30 16:50:20","message":"Request: [2023-10-30 16:50:20] GET:/v1/pre-stages  ::1"},
{"level":"INFO","timestamp":"2023-10-30 16:50:20","message":"Request: [2023-10-30 16:50:20] GET:/v1/permissions/permissions?roles=[%22651e39643b11b8189ed93ba3%22]  ::1"},
{"level":"INFO","timestamp":"2023-10-30 16:50:20","message":"Request: [2023-10-30 16:50:20] GET:/v1/permissions/permissions?roles=[%22651e39643b11b8189ed93ba3%22]  ::1"},
{"level":"INFO","timestamp":"2023-10-30 16:50:20","message":"Request: [2023-10-30 16:50:20] GET:/v1/permissions/permissions?roles=[%22651e39643b11b8189ed93ba3%22]  ::1"},
{"level":"INFO","timestamp":"2023-10-30 16:50:20","message":"Request: [2023-10-30 16:50:20] GET:/v1/permissions/permissions?roles=[%22651e39643b11b8189ed93ba3%22]  ::1"},
{"level":"INFO","timestamp":"2023-10-30 16:50:20","message":"Request: [2023-10-30 16:50:20] GET:/v1/permissions/permissions?roles=[%22651e39643b11b8189ed93ba3%22]  ::1"},
{"level":"INFO","timestamp":"2023-10-30 16:50:20","message":"Request: [2023-10-30 16:50:20] GET:/v1/permissions/permissions?roles=[%22651e39643b11b8189ed93ba3%22]  ::1"},
{"level":"INFO","timestamp":"2023-10-30 16:52:20","message":"Request: [2023-10-30 16:52:20] PUT:/v1/users/653f86063f1a358b500c28f4?client=undefined  ::1"},
{"level":"ERROR","timestamp":"2023-10-30 16:52:20","message":"CastError: Cast to ObjectId failed for value \"undefined\" (type string) at path \"client_id\" for model \"ClientDatabase\"\n    at model.Query.exec (/Users/dr.mac/apps/e-logistics-backend/node_modules/mongoose/lib/query.js:4803:21)\n    at model.Query.Query.then (/Users/dr.mac/apps/e-logistics-backend/node_modules/mongoose/lib/query.js:4902:15)\n    at runMicrotasks (<anonymous>)\n    at processTicksAndRejections (node:internal/process/task_queues:96:5)"},
{"level":"INFO","timestamp":"2023-10-30 16:52:21","message":"Request: [2023-10-30 16:52:20] GET:/v1/pre-stages  ::1"},
{"level":"INFO","timestamp":"2023-10-30 16:53:39","message":"Request: [2023-10-30 16:53:39] GET:/v1/configuration/menu-list  ::1"},
{"level":"INFO","timestamp":"2023-10-30 16:53:39","message":"Request: [2023-10-30 16:53:39] GET:/v1/departments?client=651e39643b11b8189ed93b9d&all=true  ::1"},
{"level":"INFO","timestamp":"2023-10-30 16:53:39","message":"Request: [2023-10-30 16:53:39] GET:/v1/configuration/user-field/651e39643b11b8189ed93b9d  ::1"},
{"level":"INFO","timestamp":"2023-10-30 16:53:39","message":"Request: [2023-10-30 16:53:39] GET:/v1/roles?client=651e39643b11b8189ed93b9d&all=true  ::1"},
{"level":"INFO","timestamp":"2023-10-30 16:53:39","message":"Request: [2023-10-30 16:53:39] GET:/v1/pre-stages  ::1"},
{"level":"INFO","timestamp":"2023-10-30 16:59:50","message":"Request: [2023-10-30 16:59:50] GET:/v1/auth/user  ::1"},
{"level":"INFO","timestamp":"2023-10-30 16:59:50","message":"Request: [2023-10-30 16:59:50] GET:/v1/configuration/menu-list  ::1"},
{"level":"INFO","timestamp":"2023-10-30 16:59:50","message":"Request: [2023-10-30 16:59:50] GET:/v1/permissions/permissions?roles=[%22651e39643b11b8189ed93ba3%22]  ::1"},
{"level":"INFO","timestamp":"2023-10-30 16:59:50","message":"Request: [2023-10-30 16:59:50] GET:/v1/permissions/permissions?roles=[%22651e39643b11b8189ed93ba3%22]  ::1"},
{"level":"INFO","timestamp":"2023-10-30 16:59:53","message":"Request: [2023-10-30 16:59:53] GET:/v1/permissions/permissions?roles=[%22651e39643b11b8189ed93ba3%22]  ::1"},
{"level":"INFO","timestamp":"2023-10-30 16:59:53","message":"Request: [2023-10-30 16:59:53] GET:/v1/pre-stages  ::1"},
{"level":"INFO","timestamp":"2023-10-30 16:59:54","message":"Request: [2023-10-30 16:59:54] GET:/v1/permissions/permissions?roles=[%22651e39643b11b8189ed93ba3%22]  ::1"},
{"level":"INFO","timestamp":"2023-10-30 16:59:54","message":"Request: [2023-10-30 16:59:54] GET:/v1/permissions/permissions?roles=[%22651e39643b11b8189ed93ba3%22]  ::1"},
{"level":"INFO","timestamp":"2023-10-30 16:59:54","message":"Request: [2023-10-30 16:59:54] GET:/v1/permissions/permissions?roles=[%22651e39643b11b8189ed93ba3%22]  ::1"},
{"level":"INFO","timestamp":"2023-10-30 16:59:54","message":"Request: [2023-10-30 16:59:54] GET:/v1/permissions/permissions?roles=[%22651e39643b11b8189ed93ba3%22]  ::1"},
{"level":"INFO","timestamp":"2023-10-30 16:59:54","message":"Request: [2023-10-30 16:59:54] GET:/v1/permissions/permissions?roles=[%22651e39643b11b8189ed93ba3%22]  ::1"},
{"level":"INFO","timestamp":"2023-10-30 16:59:54","message":"Request: [2023-10-30 16:59:54] GET:/v1/permissions/permissions?roles=[%22651e39643b11b8189ed93ba3%22]  ::1"},
{"level":"INFO","timestamp":"2023-10-30 17:01:08","message":"Request: [2023-10-30 17:01:08] GET:/v1/location/admin  ::1"},
{"level":"INFO","timestamp":"2023-10-30 17:01:08","message":"Request: [2023-10-30 17:01:08] GET:/v1/pre-stages  ::1"},
{"level":"INFO","timestamp":"2023-10-30 17:01:22","message":"Request: [2023-10-30 17:01:22] GET:/v1/permissions/permissions?roles=[%22651e39643b11b8189ed93ba3%22]  ::1"},
{"level":"INFO","timestamp":"2023-10-30 17:01:25","message":"Request: [2023-10-30 17:01:25] GET:/v1/permissions/permissions?roles=[%22651e39643b11b8189ed93ba3%22]  ::1"},
{"level":"INFO","timestamp":"2023-10-30 17:01:25","message":"Request: [2023-10-30 17:01:25] GET:/v1/pre-stages  ::1"},
{"level":"INFO","timestamp":"2023-10-30 17:01:25","message":"Request: [2023-10-30 17:01:25] GET:/v1/permissions/permissions?roles=[%22651e39643b11b8189ed93ba3%22]  ::1"},
{"level":"INFO","timestamp":"2023-10-30 17:01:25","message":"Request: [2023-10-30 17:01:25] GET:/v1/permissions/permissions?roles=[%22651e39643b11b8189ed93ba3%22]  ::1"},
{"level":"INFO","timestamp":"2023-10-30 17:01:25","message":"Request: [2023-10-30 17:01:25] GET:/v1/permissions/permissions?roles=[%22651e39643b11b8189ed93ba3%22]  ::1"},
{"level":"INFO","timestamp":"2023-10-30 17:01:25","message":"Request: [2023-10-30 17:01:25] GET:/v1/permissions/permissions?roles=[%22651e39643b11b8189ed93ba3%22]  ::1"},
{"level":"INFO","timestamp":"2023-10-30 17:01:25","message":"Request: [2023-10-30 17:01:25] GET:/v1/permissions/permissions?roles=[%22651e39643b11b8189ed93ba3%22]  ::1"},
{"level":"INFO","timestamp":"2023-10-30 17:01:25","message":"Request: [2023-10-30 17:01:25] GET:/v1/permissions/permissions?roles=[%22651e39643b11b8189ed93ba3%22]  ::1"},
{"level":"INFO","timestamp":"2023-10-30 17:41:42","message":"Request: [2023-10-30 17:41:42] GET:/v1/inbound  ::ffff:127.0.0.1"},
{"level":"INFO","timestamp":"2023-10-30 17:43:32","message":"Request: [2023-10-30 17:43:32] GET:/v1/inbound  ::ffff:127.0.0.1"},
{"level":"INFO","timestamp":"2023-10-30 17:43:58","message":"Request: [2023-10-30 17:43:58] GET:/v1/inbound  ::ffff:127.0.0.1"},
{"level":"INFO","timestamp":"2023-10-30 17:49:52","message":"Request: [2023-10-30 17:49:52] POST:/v1/inbound  ::ffff:127.0.0.1"},
{"level":"INFO","timestamp":"2023-10-30 17:51:02","message":"Request: [2023-10-30 17:51:02] POST:/v1/inbound  ::ffff:127.0.0.1"},
{"level":"INFO","timestamp":"2023-10-30 17:53:30","message":"Request: [2023-10-30 17:53:30] POST:/v1/inbound  ::ffff:127.0.0.1"},
{"level":"INFO","timestamp":"2023-10-30 17:54:16","message":"Request: [2023-10-30 17:54:16] POST:/v1/inbound  ::ffff:127.0.0.1"},
{"level":"INFO","timestamp":"2023-10-30 17:55:21","message":"Request: [2023-10-30 17:55:21] POST:/v1/inbound  ::ffff:127.0.0.1"},
{"level":"INFO","timestamp":"2023-10-30 17:59:32","message":"Request: [2023-10-30 17:59:32] POST:/v1/inbound  ::ffff:127.0.0.1"},
{"level":"INFO","timestamp":"2023-10-30 18:01:01","message":"Request: [2023-10-30 18:01:01] POST:/v1/inbound  ::ffff:127.0.0.1"},
{"level":"INFO","timestamp":"2023-10-30 18:02:18","message":"Request: [2023-10-30 18:02:18] POST:/v1/inbound  ::ffff:127.0.0.1"},
{"level":"INFO","timestamp":"2023-10-30 18:04:59","message":"Request: [2023-10-30 18:04:59] POST:/v1/inbound  ::ffff:127.0.0.1"},
{"level":"INFO","timestamp":"2023-10-30 18:06:14","message":"Request: [2023-10-30 18:06:14] POST:/v1/inbound  ::ffff:127.0.0.1"},
