{"level":"INFO","timestamp":"2023-10-25 13:21:29","message":"Request: [2023-10-25 13:21:29] GET:/v1/permissions/permissions?roles=[%22651e39643b11b8189ed93ba3%22]  ::1"},
{"level":"INFO","timestamp":"2023-10-25 13:21:29","message":"Request: [2023-10-25 13:21:29] GET:/v1/yard?client=651e39643b11b8189ed93b9d  ::1"},
{"level":"INFO","timestamp":"2023-10-25 13:21:29","message":"Request: [2023-10-25 13:21:29] GET:/v1/roles  ::1"},
{"level":"INFO","timestamp":"2023-10-25 13:21:29","message":"Request: [2023-10-25 13:21:29] GET:/v1/auth  ::1"},
{"level":"INFO","timestamp":"2023-10-25 13:21:30","message":"Request: [2023-10-25 13:21:30] GET:/v1/auth  ::1"},
{"level":"INFO","timestamp":"2023-10-25 13:21:30","message":"Request: [2023-10-25 13:21:30] GET:/v1/permissions/permissions?roles=[%22651e39643b11b8189ed93ba3%22]  ::1"},
{"level":"INFO","timestamp":"2023-10-25 13:21:30","message":"Request: [2023-10-25 13:21:30] GET:/v1/auth  ::1"},
{"level":"INFO","timestamp":"2023-10-25 13:21:30","message":"Request: [2023-10-25 13:21:30] GET:/v1/yard?client=651e39643b11b8189ed93b9d  ::1"},
{"level":"INFO","timestamp":"2023-10-25 13:21:30","message":"Request: [2023-10-25 13:21:30] GET:/v1/roles  ::1"},
{"level":"INFO","timestamp":"2023-10-25 13:21:32","message":"Request: [2023-10-25 13:21:32] GET:/v1/location/admin  ::1"},
{"level":"INFO","timestamp":"2023-10-25 13:21:32","message":"Request: [2023-10-25 13:21:32] GET:/v1/customer  ::1"},
{"level":"INFO","timestamp":"2023-10-25 13:21:32","message":"Request: [2023-10-25 13:21:32] GET:/v1/product  ::1"},
{"level":"INFO","timestamp":"2023-10-25 13:21:43","message":"Request: [2023-10-25 13:21:43] GET:/v1/customer/product/by-location/6530f7991bd64c245442740b  ::1"},
{"level":"INFO","timestamp":"2023-10-25 13:21:47","message":"Request: [2023-10-25 13:21:47] GET:/v1/customer/product/by-location/652fc64e17aed54aa2b0cc0f  ::1"},
{"level":"INFO","timestamp":"2023-10-25 13:21:49","message":"Request: [2023-10-25 13:21:49] GET:/v1/customer/product/by-customer/652fc6a317aed54aa2b0cc2d  ::1"},
{"level":"INFO","timestamp":"2023-10-25 13:21:53","message":"Request: [2023-10-25 13:21:53] GET:/v1/customer/product/by-location/6530f7991bd64c245442740b  ::1"},
{"level":"INFO","timestamp":"2023-10-25 13:22:07","message":"Request: [2023-10-25 13:22:07] GET:/v1/customer/product/by-customer/6530f8201bd64c2454427455  ::1"},
{"level":"INFO","timestamp":"2023-10-25 13:22:23","message":"Request: [2023-10-25 13:22:23] GET:/v1/customer/product/by-location/6530f77e1bd64c24544273f8  ::1"},
{"level":"INFO","timestamp":"2023-10-25 13:22:30","message":"Request: [2023-10-25 13:22:30] GET:/v1/customer/product/by-location/652fc64e17aed54aa2b0cc0f  ::1"},
{"level":"INFO","timestamp":"2023-10-25 13:23:58","message":"Request: [2023-10-25 13:23:58] GET:/v1/auth/user  ::1"},
{"level":"INFO","timestamp":"2023-10-25 13:23:58","message":"Request: [2023-10-25 13:23:58] GET:/v1/configuration/menu-list  ::1"},
{"level":"INFO","timestamp":"2023-10-25 13:23:58","message":"Request: [2023-10-25 13:23:58] GET:/v1/permissions/permissions?roles=[%22651e39643b11b8189ed93ba3%22]  ::1"},
{"level":"INFO","timestamp":"2023-10-25 13:23:58","message":"Request: [2023-10-25 13:23:58] GET:/v1/location/admin  ::1"},
{"level":"INFO","timestamp":"2023-10-25 13:23:58","message":"Request: [2023-10-25 13:23:58] GET:/v1/customer  ::1"},
{"level":"INFO","timestamp":"2023-10-25 13:23:58","message":"Request: [2023-10-25 13:23:58] GET:/v1/product  ::1"},
{"level":"INFO","timestamp":"2023-10-25 13:25:30","message":"Request: [2023-10-25 13:25:30] GET:/v1/auth/user  ::1"},
{"level":"INFO","timestamp":"2023-10-25 13:25:31","message":"Request: [2023-10-25 13:25:31] GET:/v1/configuration/menu-list  ::1"},
{"level":"INFO","timestamp":"2023-10-25 13:25:31","message":"Request: [2023-10-25 13:25:31] GET:/v1/permissions/permissions?roles=[%22651e39643b11b8189ed93ba3%22]  ::1"},
{"level":"INFO","timestamp":"2023-10-25 13:25:34","message":"Request: [2023-10-25 13:25:34] GET:/v1/location/admin  ::1"},
{"level":"INFO","timestamp":"2023-10-25 13:25:34","message":"Request: [2023-10-25 13:25:34] GET:/v1/product  ::1"},
{"level":"INFO","timestamp":"2023-10-25 13:25:34","message":"Request: [2023-10-25 13:25:34] GET:/v1/customer  ::1"},
{"level":"INFO","timestamp":"2023-10-25 13:27:56","message":"Request: [2023-10-25 13:27:56] GET:/v1/auth/user  ::1"},
{"level":"INFO","timestamp":"2023-10-25 13:27:57","message":"Request: [2023-10-25 13:27:57] GET:/v1/configuration/menu-list  ::1"},
{"level":"INFO","timestamp":"2023-10-25 13:27:57","message":"Request: [2023-10-25 13:27:57] GET:/v1/permissions/permissions?roles=[%22651e39643b11b8189ed93ba3%22]  ::1"},
{"level":"INFO","timestamp":"2023-10-25 13:27:57","message":"Request: [2023-10-25 13:27:57] GET:/v1/location/admin  ::1"},
{"level":"INFO","timestamp":"2023-10-25 13:27:57","message":"Request: [2023-10-25 13:27:57] GET:/v1/customer  ::1"},
{"level":"INFO","timestamp":"2023-10-25 13:27:57","message":"Request: [2023-10-25 13:27:57] GET:/v1/product  ::1"},
{"level":"INFO","timestamp":"2023-10-25 13:29:14","message":"Request: [2023-10-25 13:29:14] GET:/v1/auth/user  ::1"},
{"level":"INFO","timestamp":"2023-10-25 13:29:14","message":"Request: [2023-10-25 13:29:14] GET:/v1/configuration/menu-list  ::1"},
{"level":"INFO","timestamp":"2023-10-25 13:29:14","message":"Request: [2023-10-25 13:29:14] GET:/v1/permissions/permissions?roles=[%22651e39643b11b8189ed93ba3%22]  ::1"},
{"level":"INFO","timestamp":"2023-10-25 13:29:14","message":"Request: [2023-10-25 13:29:14] GET:/v1/location/admin  ::1"},
{"level":"INFO","timestamp":"2023-10-25 13:29:14","message":"Request: [2023-10-25 13:29:14] GET:/v1/customer  ::1"},
{"level":"INFO","timestamp":"2023-10-25 13:29:14","message":"Request: [2023-10-25 13:29:14] GET:/v1/product  ::1"},
{"level":"INFO","timestamp":"2023-10-25 13:30:48","message":"Request: [2023-10-25 13:30:48] GET:/v1/auth/user  ::1"},
{"level":"INFO","timestamp":"2023-10-25 13:30:49","message":"Request: [2023-10-25 13:30:49] GET:/v1/configuration/menu-list  ::1"},
{"level":"INFO","timestamp":"2023-10-25 13:30:49","message":"Request: [2023-10-25 13:30:49] GET:/v1/permissions/permissions?roles=[%22651e39643b11b8189ed93ba3%22]  ::1"},
{"level":"INFO","timestamp":"2023-10-25 13:30:49","message":"Request: [2023-10-25 13:30:49] GET:/v1/location/admin  ::1"},
{"level":"INFO","timestamp":"2023-10-25 13:30:50","message":"Request: [2023-10-25 13:30:50] GET:/v1/customer  ::1"},
{"level":"INFO","timestamp":"2023-10-25 13:30:50","message":"Request: [2023-10-25 13:30:50] GET:/v1/product  ::1"},
{"level":"INFO","timestamp":"2023-10-25 13:31:44","message":"Request: [2023-10-25 13:31:44] GET:/v1/customer/product/by-location/6530f7991bd64c245442740b  ::1"},
{"level":"INFO","timestamp":"2023-10-25 13:31:46","message":"Request: [2023-10-25 13:31:46] GET:/v1/customer/product/by-customer/6530f8201bd64c2454427455  ::1"},
{"level":"INFO","timestamp":"2023-10-25 13:31:48","message":"Request: [2023-10-25 13:31:48] GET:/v1/customer/product/by-customer/6530f7f41bd64c2454427430  ::1"},
{"level":"INFO","timestamp":"2023-10-25 13:33:07","message":"Request: [2023-10-25 13:33:07] GET:/v1/location/admin  ::1"},
{"level":"INFO","timestamp":"2023-10-25 13:33:07","message":"Request: [2023-10-25 13:33:07] GET:/v1/customer  ::1"},
{"level":"INFO","timestamp":"2023-10-25 13:33:07","message":"Request: [2023-10-25 13:33:07] GET:/v1/product  ::1"},
{"level":"INFO","timestamp":"2023-10-25 13:33:15","message":"Request: [2023-10-25 13:33:15] GET:/v1/auth/user  ::1"},
{"level":"INFO","timestamp":"2023-10-25 13:33:16","message":"Request: [2023-10-25 13:33:16] GET:/v1/configuration/menu-list  ::1"},
{"level":"INFO","timestamp":"2023-10-25 13:33:16","message":"Request: [2023-10-25 13:33:16] GET:/v1/permissions/permissions?roles=[%22651e39643b11b8189ed93ba3%22]  ::1"},
{"level":"INFO","timestamp":"2023-10-25 13:33:17","message":"Request: [2023-10-25 13:33:17] GET:/v1/location/admin  ::1"},
{"level":"INFO","timestamp":"2023-10-25 13:33:17","message":"Request: [2023-10-25 13:33:17] GET:/v1/customer  ::1"},
{"level":"INFO","timestamp":"2023-10-25 13:33:17","message":"Request: [2023-10-25 13:33:17] GET:/v1/product  ::1"},
{"level":"INFO","timestamp":"2023-10-25 13:33:26","message":"Request: [2023-10-25 13:33:26] GET:/v1/customer/product/by-location/6530f7991bd64c245442740b  ::1"},
{"level":"INFO","timestamp":"2023-10-25 13:33:27","message":"Request: [2023-10-25 13:33:27] GET:/v1/customer/product/by-customer/6530f7f41bd64c2454427430  ::1"},
{"level":"INFO","timestamp":"2023-10-25 13:33:50","message":"Request: [2023-10-25 13:33:50] GET:/v1/location/admin  ::1"},
{"level":"INFO","timestamp":"2023-10-25 13:33:50","message":"Request: [2023-10-25 13:33:50] GET:/v1/customer  ::1"},
{"level":"INFO","timestamp":"2023-10-25 13:33:50","message":"Request: [2023-10-25 13:33:50] GET:/v1/product  ::1"},
{"level":"INFO","timestamp":"2023-10-25 13:34:00","message":"Request: [2023-10-25 13:34:00] GET:/v1/auth/user  ::1"},
{"level":"INFO","timestamp":"2023-10-25 13:34:01","message":"Request: [2023-10-25 13:34:01] GET:/v1/configuration/menu-list  ::1"},
{"level":"INFO","timestamp":"2023-10-25 13:34:01","message":"Request: [2023-10-25 13:34:01] GET:/v1/permissions/permissions?roles=[%22651e39643b11b8189ed93ba3%22]  ::1"},
{"level":"INFO","timestamp":"2023-10-25 13:34:01","message":"Request: [2023-10-25 13:34:01] GET:/v1/location/admin  ::1"},
{"level":"INFO","timestamp":"2023-10-25 13:34:01","message":"Request: [2023-10-25 13:34:01] GET:/v1/customer  ::1"},
{"level":"INFO","timestamp":"2023-10-25 13:34:01","message":"Request: [2023-10-25 13:34:01] GET:/v1/product  ::1"},
{"level":"INFO","timestamp":"2023-10-25 13:34:04","message":"Request: [2023-10-25 13:34:04] GET:/v1/customer/product/by-location/6530f7991bd64c245442740b  ::1"},
{"level":"INFO","timestamp":"2023-10-25 13:34:06","message":"Request: [2023-10-25 13:34:06] GET:/v1/customer/product/by-customer/6530f7f41bd64c2454427430  ::1"},
{"level":"INFO","timestamp":"2023-10-25 13:35:32","message":"Request: [2023-10-25 13:35:32] GET:/v1/auth/user  ::1"},
{"level":"INFO","timestamp":"2023-10-25 13:35:32","message":"Request: [2023-10-25 13:35:32] GET:/v1/configuration/menu-list  ::1"},
{"level":"INFO","timestamp":"2023-10-25 13:35:32","message":"Request: [2023-10-25 13:35:32] GET:/v1/permissions/permissions?roles=[%22651e39643b11b8189ed93ba3%22]  ::1"},
{"level":"INFO","timestamp":"2023-10-25 13:35:32","message":"Request: [2023-10-25 13:35:32] GET:/v1/location/admin  ::1"},
{"level":"INFO","timestamp":"2023-10-25 13:35:33","message":"Request: [2023-10-25 13:35:33] GET:/v1/customer  ::1"},
{"level":"INFO","timestamp":"2023-10-25 13:35:33","message":"Request: [2023-10-25 13:35:33] GET:/v1/product  ::1"},
{"level":"INFO","timestamp":"2023-10-25 13:35:36","message":"Request: [2023-10-25 13:35:36] GET:/v1/customer/product/by-location/6530f7991bd64c245442740b  ::1"},
{"level":"INFO","timestamp":"2023-10-25 13:35:37","message":"Request: [2023-10-25 13:35:37] GET:/v1/customer/product/by-customer/6530f7f41bd64c2454427430  ::1"},
{"level":"INFO","timestamp":"2023-10-25 13:35:48","message":"Request: [2023-10-25 13:35:48] GET:/v1/auth/user  ::1"},
{"level":"INFO","timestamp":"2023-10-25 13:35:48","message":"Request: [2023-10-25 13:35:48] GET:/v1/configuration/menu-list  ::1"},
{"level":"INFO","timestamp":"2023-10-25 13:35:48","message":"Request: [2023-10-25 13:35:48] GET:/v1/permissions/permissions?roles=[%22651e39643b11b8189ed93ba3%22]  ::1"},
{"level":"INFO","timestamp":"2023-10-25 13:35:49","message":"Request: [2023-10-25 13:35:49] GET:/v1/location/admin  ::1"},
{"level":"INFO","timestamp":"2023-10-25 13:35:49","message":"Request: [2023-10-25 13:35:49] GET:/v1/customer  ::1"},
{"level":"INFO","timestamp":"2023-10-25 13:35:49","message":"Request: [2023-10-25 13:35:49] GET:/v1/product  ::1"},
{"level":"INFO","timestamp":"2023-10-25 13:35:52","message":"Request: [2023-10-25 13:35:52] GET:/v1/customer/product/by-location/6530f7991bd64c245442740b  ::1"},
{"level":"INFO","timestamp":"2023-10-25 13:35:55","message":"Request: [2023-10-25 13:35:55] GET:/v1/customer/product/by-customer/6530f7f41bd64c2454427430  ::1"},
{"level":"INFO","timestamp":"2023-10-25 13:38:14","message":"Request: [2023-10-25 13:38:14] GET:/v1/auth/user  ::1"},
{"level":"INFO","timestamp":"2023-10-25 13:38:15","message":"Request: [2023-10-25 13:38:15] GET:/v1/configuration/menu-list  ::1"},
{"level":"INFO","timestamp":"2023-10-25 13:38:15","message":"Request: [2023-10-25 13:38:15] GET:/v1/permissions/permissions?roles=[%22651e39643b11b8189ed93ba3%22]  ::1"},
{"level":"INFO","timestamp":"2023-10-25 13:38:15","message":"Request: [2023-10-25 13:38:15] GET:/v1/location/admin  ::1"},
{"level":"INFO","timestamp":"2023-10-25 13:38:15","message":"Request: [2023-10-25 13:38:15] GET:/v1/customer  ::1"},
{"level":"INFO","timestamp":"2023-10-25 13:38:15","message":"Request: [2023-10-25 13:38:15] GET:/v1/product  ::1"},
{"level":"INFO","timestamp":"2023-10-25 13:38:30","message":"Request: [2023-10-25 13:38:30] GET:/v1/location/admin  ::1"},
{"level":"INFO","timestamp":"2023-10-25 13:38:30","message":"Request: [2023-10-25 13:38:30] GET:/v1/customer  ::1"},
{"level":"INFO","timestamp":"2023-10-25 13:38:30","message":"Request: [2023-10-25 13:38:30] GET:/v1/product  ::1"},
{"level":"INFO","timestamp":"2023-10-25 13:38:52","message":"Request: [2023-10-25 13:38:52] GET:/v1/customer/product/by-location/6530f7991bd64c245442740b  ::1"},
{"level":"INFO","timestamp":"2023-10-25 13:38:54","message":"Request: [2023-10-25 13:38:54] GET:/v1/customer/product/by-customer/6530f7f41bd64c2454427430  ::1"},
{"level":"INFO","timestamp":"2023-10-25 13:40:51","message":"Request: [2023-10-25 13:40:51] GET:/v1/auth/user  ::1"},
{"level":"INFO","timestamp":"2023-10-25 13:40:52","message":"Request: [2023-10-25 13:40:52] GET:/v1/configuration/menu-list  ::1"},
{"level":"INFO","timestamp":"2023-10-25 13:40:52","message":"Request: [2023-10-25 13:40:52] GET:/v1/permissions/permissions?roles=[%22651e39643b11b8189ed93ba3%22]  ::1"},
{"level":"INFO","timestamp":"2023-10-25 13:40:52","message":"Request: [2023-10-25 13:40:52] GET:/v1/location/admin  ::1"},
{"level":"INFO","timestamp":"2023-10-25 13:40:52","message":"Request: [2023-10-25 13:40:52] GET:/v1/customer  ::1"},
{"level":"INFO","timestamp":"2023-10-25 13:40:52","message":"Request: [2023-10-25 13:40:52] GET:/v1/product  ::1"},
{"level":"INFO","timestamp":"2023-10-25 13:40:58","message":"Request: [2023-10-25 13:40:58] GET:/v1/customer/product/by-location/6530f7991bd64c245442740b  ::1"},
{"level":"INFO","timestamp":"2023-10-25 13:41:00","message":"Request: [2023-10-25 13:41:00] GET:/v1/customer/product/by-customer/6530f8201bd64c2454427455  ::1"},
{"level":"INFO","timestamp":"2023-10-25 13:41:03","message":"Request: [2023-10-25 13:41:03] GET:/v1/customer/product/by-customer/6530f7f41bd64c2454427430  ::1"},
{"level":"INFO","timestamp":"2023-10-25 13:42:07","message":"Request: [2023-10-25 13:42:07] GET:/v1/location/admin  ::1"},
{"level":"INFO","timestamp":"2023-10-25 13:42:07","message":"Request: [2023-10-25 13:42:07] GET:/v1/customer  ::1"},
{"level":"INFO","timestamp":"2023-10-25 13:42:07","message":"Request: [2023-10-25 13:42:07] GET:/v1/product  ::1"},
{"level":"INFO","timestamp":"2023-10-25 13:42:22","message":"Request: [2023-10-25 13:42:22] GET:/v1/auth/user  ::1"},
{"level":"INFO","timestamp":"2023-10-25 13:42:22","message":"Request: [2023-10-25 13:42:22] GET:/v1/configuration/menu-list  ::1"},
{"level":"INFO","timestamp":"2023-10-25 13:42:22","message":"Request: [2023-10-25 13:42:22] GET:/v1/permissions/permissions?roles=[%22651e39643b11b8189ed93ba3%22]  ::1"},
{"level":"INFO","timestamp":"2023-10-25 13:42:23","message":"Request: [2023-10-25 13:42:23] GET:/v1/location/admin  ::1"},
{"level":"INFO","timestamp":"2023-10-25 13:42:23","message":"Request: [2023-10-25 13:42:23] GET:/v1/customer  ::1"},
{"level":"INFO","timestamp":"2023-10-25 13:42:23","message":"Request: [2023-10-25 13:42:23] GET:/v1/product  ::1"},
{"level":"INFO","timestamp":"2023-10-25 13:42:54","message":"Request: [2023-10-25 13:42:54] GET:/v1/customer/product/by-location/6530f7991bd64c245442740b  ::1"},
{"level":"INFO","timestamp":"2023-10-25 13:42:57","message":"Request: [2023-10-25 13:42:57] GET:/v1/customer/product/by-customer/6530f7f41bd64c2454427430  ::1"},
{"level":"INFO","timestamp":"2023-10-25 14:45:14","message":"Request: [2023-10-25 14:45:14] GET:/v1/auth/user  ::1"},
{"level":"INFO","timestamp":"2023-10-25 14:45:15","message":"Request: [2023-10-25 14:45:15] GET:/v1/configuration/menu-list  ::1"},
{"level":"INFO","timestamp":"2023-10-25 14:45:15","message":"Request: [2023-10-25 14:45:15] GET:/v1/permissions/permissions?roles=[%22651e39643b11b8189ed93ba3%22]  ::1"},
{"level":"INFO","timestamp":"2023-10-25 14:45:15","message":"Request: [2023-10-25 14:45:15] GET:/v1/location/admin  ::1"},
{"level":"INFO","timestamp":"2023-10-25 14:45:15","message":"Request: [2023-10-25 14:45:15] GET:/v1/customer  ::1"},
{"level":"INFO","timestamp":"2023-10-25 14:45:15","message":"Request: [2023-10-25 14:45:15] GET:/v1/product  ::1"},
{"level":"INFO","timestamp":"2023-10-25 14:45:41","message":"Request: [2023-10-25 14:45:41] GET:/v1/customer/product/by-location/6530f7991bd64c245442740b  ::1"},
{"level":"INFO","timestamp":"2023-10-25 14:45:44","message":"Request: [2023-10-25 14:45:44] GET:/v1/customer/product/by-customer/6530f7f41bd64c2454427430  ::1"},
{"level":"INFO","timestamp":"2023-10-25 14:46:38","message":"Request: [2023-10-25 14:46:38] GET:/v1/auth/user  ::1"},
{"level":"INFO","timestamp":"2023-10-25 14:46:38","message":"Request: [2023-10-25 14:46:38] GET:/v1/configuration/menu-list  ::1"},
{"level":"INFO","timestamp":"2023-10-25 14:46:38","message":"Request: [2023-10-25 14:46:38] GET:/v1/permissions/permissions?roles=[%22651e39643b11b8189ed93ba3%22]  ::1"},
{"level":"INFO","timestamp":"2023-10-25 14:46:39","message":"Request: [2023-10-25 14:46:39] GET:/v1/location/admin  ::1"},
{"level":"INFO","timestamp":"2023-10-25 14:46:39","message":"Request: [2023-10-25 14:46:39] GET:/v1/customer  ::1"},
{"level":"INFO","timestamp":"2023-10-25 14:46:39","message":"Request: [2023-10-25 14:46:39] GET:/v1/product  ::1"},
{"level":"INFO","timestamp":"2023-10-25 14:46:46","message":"Request: [2023-10-25 14:46:46] GET:/v1/customer/product/by-location/6530f7991bd64c245442740b  ::1"},
{"level":"INFO","timestamp":"2023-10-25 14:46:47","message":"Request: [2023-10-25 14:46:47] GET:/v1/customer/product/by-customer/6530f7f41bd64c2454427430  ::1"},
{"level":"INFO","timestamp":"2023-10-25 14:49:19","message":"Request: [2023-10-25 14:49:19] GET:/v1/auth/user  ::1"},
{"level":"INFO","timestamp":"2023-10-25 14:49:19","message":"Request: [2023-10-25 14:49:19] GET:/v1/configuration/menu-list  ::1"},
{"level":"INFO","timestamp":"2023-10-25 14:49:19","message":"Request: [2023-10-25 14:49:19] GET:/v1/permissions/permissions?roles=[%22651e39643b11b8189ed93ba3%22]  ::1"},
{"level":"INFO","timestamp":"2023-10-25 14:49:20","message":"Request: [2023-10-25 14:49:20] GET:/v1/location/admin  ::1"},
{"level":"INFO","timestamp":"2023-10-25 14:49:20","message":"Request: [2023-10-25 14:49:20] GET:/v1/customer  ::1"},
{"level":"INFO","timestamp":"2023-10-25 14:49:20","message":"Request: [2023-10-25 14:49:20] GET:/v1/product  ::1"},
{"level":"INFO","timestamp":"2023-10-25 14:49:25","message":"Request: [2023-10-25 14:49:25] GET:/v1/customer/product/by-location/6530f7991bd64c245442740b  ::1"},
{"level":"INFO","timestamp":"2023-10-25 14:49:26","message":"Request: [2023-10-25 14:49:26] GET:/v1/customer/product/by-customer/6530f7f41bd64c2454427430  ::1"},
{"level":"INFO","timestamp":"2023-10-25 14:50:29","message":"Request: [2023-10-25 14:50:29] GET:/v1/auth/user  ::1"},
{"level":"INFO","timestamp":"2023-10-25 14:50:29","message":"Request: [2023-10-25 14:50:29] GET:/v1/configuration/menu-list  ::1"},
{"level":"INFO","timestamp":"2023-10-25 14:50:29","message":"Request: [2023-10-25 14:50:29] GET:/v1/permissions/permissions?roles=[%22651e39643b11b8189ed93ba3%22]  ::1"},
{"level":"INFO","timestamp":"2023-10-25 14:50:30","message":"Request: [2023-10-25 14:50:30] GET:/v1/location/admin  ::1"},
{"level":"INFO","timestamp":"2023-10-25 14:50:30","message":"Request: [2023-10-25 14:50:30] GET:/v1/customer  ::1"},
{"level":"INFO","timestamp":"2023-10-25 14:50:30","message":"Request: [2023-10-25 14:50:30] GET:/v1/product  ::1"},
{"level":"INFO","timestamp":"2023-10-25 14:50:33","message":"Request: [2023-10-25 14:50:33] GET:/v1/customer/product/by-location/6530f7991bd64c245442740b  ::1"},
{"level":"INFO","timestamp":"2023-10-25 14:50:34","message":"Request: [2023-10-25 14:50:34] GET:/v1/customer/product/by-customer/6530f7f41bd64c2454427430  ::1"},
{"level":"INFO","timestamp":"2023-10-25 14:55:58","message":"Request: [2023-10-25 14:55:58] GET:/v1/auth/user  ::1"},
{"level":"INFO","timestamp":"2023-10-25 14:55:58","message":"Request: [2023-10-25 14:55:58] GET:/v1/configuration/menu-list  ::1"},
{"level":"INFO","timestamp":"2023-10-25 14:55:58","message":"Request: [2023-10-25 14:55:58] GET:/v1/permissions/permissions?roles=[%22651e39643b11b8189ed93ba3%22]  ::1"},
{"level":"INFO","timestamp":"2023-10-25 14:55:59","message":"Request: [2023-10-25 14:55:59] GET:/v1/location/admin  ::1"},
{"level":"INFO","timestamp":"2023-10-25 14:55:59","message":"Request: [2023-10-25 14:55:59] GET:/v1/customer  ::1"},
{"level":"INFO","timestamp":"2023-10-25 14:55:59","message":"Request: [2023-10-25 14:55:59] GET:/v1/product  ::1"},
{"level":"INFO","timestamp":"2023-10-25 14:56:09","message":"Request: [2023-10-25 14:56:09] GET:/v1/customer/product/by-location/6530f7991bd64c245442740b  ::1"},
{"level":"INFO","timestamp":"2023-10-25 14:56:10","message":"Request: [2023-10-25 14:56:10] GET:/v1/customer/product/by-customer/6530f7f41bd64c2454427430  ::1"},
{"level":"INFO","timestamp":"2023-10-25 15:02:27","message":"Request: [2023-10-25 15:02:27] POST:/v1/auth/login  ::1"},
{"level":"INFO","timestamp":"2023-10-25 15:02:30","message":"Request: [2023-10-25 15:02:30] GET:/v1/configuration/menu-list  ::1"},
{"level":"INFO","timestamp":"2023-10-25 15:02:30","message":"Request: [2023-10-25 15:02:30] GET:/v1/permissions/permissions?roles=[%22651e39643b11b8189ed93ba3%22]  ::1"},
{"level":"INFO","timestamp":"2023-10-25 15:02:30","message":"Request: [2023-10-25 15:02:30] GET:/v1/permissions/permissions?roles=[%22651e39643b11b8189ed93ba3%22]  ::1"},
{"level":"INFO","timestamp":"2023-10-25 15:02:35","message":"Request: [2023-10-25 15:02:35] GET:/v1/permissions/permissions?roles=[%22651e39643b11b8189ed93ba3%22]  ::1"},
{"level":"INFO","timestamp":"2023-10-25 15:02:35","message":"Request: [2023-10-25 15:02:35] GET:/v1/yard?client=651e39643b11b8189ed93b9d  ::1"},
{"level":"INFO","timestamp":"2023-10-25 15:02:35","message":"Request: [2023-10-25 15:02:35] GET:/v1/roles  ::1"},
{"level":"INFO","timestamp":"2023-10-25 15:02:38","message":"Request: [2023-10-25 15:02:38] GET:/v1/location/admin  ::1"},
{"level":"INFO","timestamp":"2023-10-25 15:02:38","message":"Request: [2023-10-25 15:02:38] GET:/v1/customer  ::1"},
{"level":"INFO","timestamp":"2023-10-25 15:02:38","message":"Request: [2023-10-25 15:02:38] GET:/v1/product  ::1"},
{"level":"INFO","timestamp":"2023-10-25 15:02:41","message":"Request: [2023-10-25 15:02:41] GET:/v1/customer/product/by-location/6530f7991bd64c245442740b  ::1"},
{"level":"INFO","timestamp":"2023-10-25 15:02:43","message":"Request: [2023-10-25 15:02:43] GET:/v1/customer/product/by-customer/6530f7f41bd64c2454427430  ::1"},
{"level":"INFO","timestamp":"2023-10-25 15:10:53","message":"Request: [2023-10-25 15:10:53] GET:/v1/location/admin  ::1"},
{"level":"INFO","timestamp":"2023-10-25 15:10:53","message":"Request: [2023-10-25 15:10:53] GET:/v1/customer  ::1"},
{"level":"INFO","timestamp":"2023-10-25 15:10:53","message":"Request: [2023-10-25 15:10:53] GET:/v1/product  ::1"},
{"level":"INFO","timestamp":"2023-10-25 15:11:48","message":"Request: [2023-10-25 15:11:48] GET:/v1/location/admin  ::1"},
{"level":"INFO","timestamp":"2023-10-25 15:11:48","message":"Request: [2023-10-25 15:11:48] GET:/v1/customer  ::1"},
{"level":"INFO","timestamp":"2023-10-25 15:11:48","message":"Request: [2023-10-25 15:11:48] GET:/v1/product  ::1"},
{"level":"INFO","timestamp":"2023-10-25 15:12:59","message":"Request: [2023-10-25 15:12:59] GET:/v1/location/admin  ::1"},
{"level":"INFO","timestamp":"2023-10-25 15:12:59","message":"Request: [2023-10-25 15:12:59] GET:/v1/customer  ::1"},
{"level":"INFO","timestamp":"2023-10-25 15:12:59","message":"Request: [2023-10-25 15:12:59] GET:/v1/product  ::1"},
{"level":"INFO","timestamp":"2023-10-25 15:13:08","message":"Request: [2023-10-25 15:13:08] GET:/v1/auth/user  ::1"},
{"level":"INFO","timestamp":"2023-10-25 15:13:08","message":"Request: [2023-10-25 15:13:08] GET:/v1/configuration/menu-list  ::1"},
{"level":"INFO","timestamp":"2023-10-25 15:13:08","message":"Request: [2023-10-25 15:13:08] GET:/v1/permissions/permissions?roles=[%22651e39643b11b8189ed93ba3%22]  ::1"},
{"level":"INFO","timestamp":"2023-10-25 15:13:09","message":"Request: [2023-10-25 15:13:09] GET:/v1/location/admin  ::1"},
{"level":"INFO","timestamp":"2023-10-25 15:13:09","message":"Request: [2023-10-25 15:13:09] GET:/v1/product  ::1"},
{"level":"INFO","timestamp":"2023-10-25 15:13:09","message":"Request: [2023-10-25 15:13:09] GET:/v1/customer  ::1"},
{"level":"INFO","timestamp":"2023-10-25 15:13:18","message":"Request: [2023-10-25 15:13:18] GET:/v1/customer/product/by-location/6530f77e1bd64c24544273f8  ::1"},
{"level":"INFO","timestamp":"2023-10-25 15:13:19","message":"Request: [2023-10-25 15:13:19] GET:/v1/customer/product/by-customer/6530f8201bd64c2454427455  ::1"},
{"level":"INFO","timestamp":"2023-10-25 15:13:25","message":"Request: [2023-10-25 15:13:25] GET:/v1/customer/product/by-customer/6530f7f41bd64c2454427430  ::1"},
{"level":"INFO","timestamp":"2023-10-25 15:14:43","message":"Request: [2023-10-25 15:14:43] GET:/v1/location/admin  ::1"},
{"level":"INFO","timestamp":"2023-10-25 15:14:43","message":"Request: [2023-10-25 15:14:43] GET:/v1/customer  ::1"},
{"level":"INFO","timestamp":"2023-10-25 15:14:43","message":"Request: [2023-10-25 15:14:43] GET:/v1/product  ::1"},
{"level":"INFO","timestamp":"2023-10-25 15:17:27","message":"Request: [2023-10-25 15:17:27] GET:/v1/auth/user  ::1"},
{"level":"INFO","timestamp":"2023-10-25 15:17:28","message":"Request: [2023-10-25 15:17:28] GET:/v1/configuration/menu-list  ::1"},
{"level":"INFO","timestamp":"2023-10-25 15:17:28","message":"Request: [2023-10-25 15:17:28] GET:/v1/permissions/permissions?roles=[%22651e39643b11b8189ed93ba3%22]  ::1"},
{"level":"INFO","timestamp":"2023-10-25 15:17:29","message":"Request: [2023-10-25 15:17:29] GET:/v1/location/admin  ::1"},
{"level":"INFO","timestamp":"2023-10-25 15:17:29","message":"Request: [2023-10-25 15:17:29] GET:/v1/customer  ::1"},
{"level":"INFO","timestamp":"2023-10-25 15:17:29","message":"Request: [2023-10-25 15:17:29] GET:/v1/product  ::1"},
{"level":"INFO","timestamp":"2023-10-25 15:17:39","message":"Request: [2023-10-25 15:17:39] GET:/v1/customer/product/by-location/6530f7991bd64c245442740b  ::1"},
{"level":"INFO","timestamp":"2023-10-25 15:17:40","message":"Request: [2023-10-25 15:17:40] GET:/v1/customer/product/by-customer/6530f7f41bd64c2454427430  ::1"},
{"level":"INFO","timestamp":"2023-10-25 15:18:51","message":"Request: [2023-10-25 15:18:51] GET:/v1/auth/user  ::1"},
{"level":"INFO","timestamp":"2023-10-25 15:18:52","message":"Request: [2023-10-25 15:18:52] GET:/v1/configuration/menu-list  ::1"},
{"level":"INFO","timestamp":"2023-10-25 15:18:52","message":"Request: [2023-10-25 15:18:52] GET:/v1/permissions/permissions?roles=[%22651e39643b11b8189ed93ba3%22]  ::1"},
{"level":"INFO","timestamp":"2023-10-25 15:18:52","message":"Request: [2023-10-25 15:18:52] GET:/v1/location/admin  ::1"},
{"level":"INFO","timestamp":"2023-10-25 15:18:52","message":"Request: [2023-10-25 15:18:52] GET:/v1/customer  ::1"},
{"level":"INFO","timestamp":"2023-10-25 15:18:52","message":"Request: [2023-10-25 15:18:52] GET:/v1/product  ::1"},
{"level":"INFO","timestamp":"2023-10-25 15:18:59","message":"Request: [2023-10-25 15:18:59] GET:/v1/customer/product/by-location/6530f7991bd64c245442740b  ::1"},
{"level":"INFO","timestamp":"2023-10-25 15:19:01","message":"Request: [2023-10-25 15:19:01] GET:/v1/customer/product/by-customer/6530f7f41bd64c2454427430  ::1"},
{"level":"INFO","timestamp":"2023-10-25 15:52:46","message":"Request: [2023-10-25 15:52:46] GET:/v1/auth/user  ::1"},
{"level":"INFO","timestamp":"2023-10-25 15:52:46","message":"Request: [2023-10-25 15:52:46] GET:/v1/configuration/menu-list  ::1"},
{"level":"INFO","timestamp":"2023-10-25 15:52:47","message":"Request: [2023-10-25 15:52:47] GET:/v1/permissions/permissions?roles=[%22651e39643b11b8189ed93ba3%22]  ::1"},
{"level":"INFO","timestamp":"2023-10-25 15:52:47","message":"Request: [2023-10-25 15:52:47] GET:/v1/location/admin  ::1"},
{"level":"INFO","timestamp":"2023-10-25 15:52:47","message":"Request: [2023-10-25 15:52:47] GET:/v1/customer  ::1"},
{"level":"INFO","timestamp":"2023-10-25 15:52:47","message":"Request: [2023-10-25 15:52:47] GET:/v1/product  ::1"},
{"level":"INFO","timestamp":"2023-10-25 15:52:57","message":"Request: [2023-10-25 15:52:57] GET:/v1/customer/product/by-location/6530f7991bd64c245442740b  ::1"},
{"level":"INFO","timestamp":"2023-10-25 15:53:02","message":"Request: [2023-10-25 15:53:02] GET:/v1/customer/product/by-customer/6530f8201bd64c2454427455  ::1"},
{"level":"INFO","timestamp":"2023-10-25 15:54:18","message":"Request: [2023-10-25 15:54:18] GET:/v1/customer/product/by-customer/6530f7f41bd64c2454427430  ::1"},
{"level":"INFO","timestamp":"2023-10-25 15:54:56","message":"Request: [2023-10-25 15:54:56] GET:/v1/customer/product/by-customer/6530f8201bd64c2454427455  ::1"},
{"level":"ERROR","timestamp":"2023-10-25 15:54:56","message":"TypeError: Cannot read properties of undefined (reading 'as')\n    at /Users/dr.mac/apps/e-logistics-backend/Helpers/crud.helper.js:269:37\n    at Array.map (<anonymous>)\n    at /Users/dr.mac/apps/e-logistics-backend/Helpers/crud.helper.js:268:16\n    at processTicksAndRejections (node:internal/process/task_queues:96:5)"},
{"level":"INFO","timestamp":"2023-10-25 15:55:18","message":"Request: [2023-10-25 15:55:18] GET:/v1/customer/product/by-customer/6530f7f41bd64c2454427430  ::1"},
{"level":"INFO","timestamp":"2023-10-25 15:55:50","message":"Request: [2023-10-25 15:55:50] GET:/v1/customer/product/by-customer/6530f8201bd64c2454427455  ::1"},
{"level":"INFO","timestamp":"2023-10-25 15:58:41","message":"Request: [2023-10-25 15:58:41] GET:/v1/auth/user  ::1"},
{"level":"INFO","timestamp":"2023-10-25 15:58:41","message":"Request: [2023-10-25 15:58:41] GET:/v1/configuration/menu-list  ::1"},
{"level":"INFO","timestamp":"2023-10-25 15:58:41","message":"Request: [2023-10-25 15:58:41] GET:/v1/permissions/permissions?roles=[%22651e39643b11b8189ed93ba3%22]  ::1"},
{"level":"INFO","timestamp":"2023-10-25 15:58:41","message":"Request: [2023-10-25 15:58:41] GET:/v1/location/admin  ::1"},
{"level":"INFO","timestamp":"2023-10-25 15:58:41","message":"Request: [2023-10-25 15:58:41] GET:/v1/customer  ::1"},
{"level":"INFO","timestamp":"2023-10-25 15:58:41","message":"Request: [2023-10-25 15:58:41] GET:/v1/product  ::1"},
{"level":"INFO","timestamp":"2023-10-25 15:58:54","message":"Request: [2023-10-25 15:58:54] GET:/v1/customer/product/by-location/6530f7991bd64c245442740b  ::1"},
{"level":"INFO","timestamp":"2023-10-25 15:58:56","message":"Request: [2023-10-25 15:58:56] GET:/v1/customer/product/by-customer/6530f7f41bd64c2454427430  ::1"},
{"level":"INFO","timestamp":"2023-10-25 16:00:52","message":"Request: [2023-10-25 16:00:52] GET:/v1/auth/user  ::1"},
{"level":"INFO","timestamp":"2023-10-25 16:00:53","message":"Request: [2023-10-25 16:00:53] GET:/v1/configuration/menu-list  ::1"},
{"level":"INFO","timestamp":"2023-10-25 16:00:53","message":"Request: [2023-10-25 16:00:53] GET:/v1/permissions/permissions?roles=[%22651e39643b11b8189ed93ba3%22]  ::1"},
{"level":"INFO","timestamp":"2023-10-25 16:00:53","message":"Request: [2023-10-25 16:00:53] GET:/v1/location/admin  ::1"},
{"level":"INFO","timestamp":"2023-10-25 16:00:53","message":"Request: [2023-10-25 16:00:53] GET:/v1/customer  ::1"},
{"level":"INFO","timestamp":"2023-10-25 16:00:53","message":"Request: [2023-10-25 16:00:53] GET:/v1/product  ::1"},
{"level":"INFO","timestamp":"2023-10-25 16:02:56","message":"Request: [2023-10-25 16:02:56] GET:/v1/location/admin  ::1"},
{"level":"INFO","timestamp":"2023-10-25 16:02:56","message":"Request: [2023-10-25 16:02:56] GET:/v1/customer  ::1"},
{"level":"INFO","timestamp":"2023-10-25 16:02:56","message":"Request: [2023-10-25 16:02:56] GET:/v1/product  ::1"},
{"level":"INFO","timestamp":"2023-10-25 16:03:21","message":"Request: [2023-10-25 16:03:21] GET:/v1/customer/product/by-location/6530f7991bd64c245442740b  ::1"},
{"level":"INFO","timestamp":"2023-10-25 16:03:23","message":"Request: [2023-10-25 16:03:23] GET:/v1/customer/product/by-customer/6530f7f41bd64c2454427430  ::1"},
{"level":"INFO","timestamp":"2023-10-25 16:04:14","message":"Request: [2023-10-25 16:04:14] GET:/v1/auth/user  ::1"},
{"level":"INFO","timestamp":"2023-10-25 16:04:14","message":"Request: [2023-10-25 16:04:14] GET:/v1/configuration/menu-list  ::1"},
{"level":"INFO","timestamp":"2023-10-25 16:04:14","message":"Request: [2023-10-25 16:04:14] GET:/v1/permissions/permissions?roles=[%22651e39643b11b8189ed93ba3%22]  ::1"},
{"level":"INFO","timestamp":"2023-10-25 16:04:15","message":"Request: [2023-10-25 16:04:15] GET:/v1/location/admin  ::1"},
{"level":"INFO","timestamp":"2023-10-25 16:04:15","message":"Request: [2023-10-25 16:04:15] GET:/v1/customer  ::1"},
{"level":"INFO","timestamp":"2023-10-25 16:04:15","message":"Request: [2023-10-25 16:04:15] GET:/v1/product  ::1"},
{"level":"INFO","timestamp":"2023-10-25 16:04:19","message":"Request: [2023-10-25 16:04:19] GET:/v1/customer/product/by-location/6530f7991bd64c245442740b  ::1"},
{"level":"INFO","timestamp":"2023-10-25 16:04:22","message":"Request: [2023-10-25 16:04:22] GET:/v1/customer/product/by-customer/6530f7f41bd64c2454427430  ::1"},
{"level":"INFO","timestamp":"2023-10-25 16:06:40","message":"Request: [2023-10-25 16:06:40] POST:/v1/yard  ::1"},
{"level":"INFO","timestamp":"2023-10-25 16:06:41","message":"Request: [2023-10-25 16:06:41] GET:/v1/permissions/permissions?roles=[%22651e39643b11b8189ed93ba3%22]  ::1"},
{"level":"INFO","timestamp":"2023-10-25 16:06:41","message":"Request: [2023-10-25 16:06:41] GET:/v1/yard?client=651e39643b11b8189ed93b9d  ::1"},
{"level":"INFO","timestamp":"2023-10-25 16:06:41","message":"Request: [2023-10-25 16:06:41] GET:/v1/roles  ::1"},
{"level":"INFO","timestamp":"2023-10-25 16:06:41","message":"Request: [2023-10-25 16:06:41] GET:/v1/permissions/permissions?roles=[%22651e39643b11b8189ed93ba3%22]  ::1"},
{"level":"INFO","timestamp":"2023-10-25 16:06:41","message":"Request: [2023-10-25 16:06:41] GET:/v1/permissions/permissions?roles=[%22651e39643b11b8189ed93ba3%22]  ::1"},
{"level":"INFO","timestamp":"2023-10-25 16:10:53","message":"Request: [2023-10-25 16:10:53] GET:/v1/auth/user  ::1"},
{"level":"INFO","timestamp":"2023-10-25 16:10:53","message":"Request: [2023-10-25 16:10:53] GET:/v1/configuration/menu-list  ::1"},
{"level":"INFO","timestamp":"2023-10-25 16:10:54","message":"Request: [2023-10-25 16:10:54] GET:/v1/permissions/permissions?roles=[%22651e39643b11b8189ed93ba3%22]  ::1"},
{"level":"INFO","timestamp":"2023-10-25 16:10:54","message":"Request: [2023-10-25 16:10:54] GET:/v1/permissions/permissions?roles=[%22651e39643b11b8189ed93ba3%22]  ::1"},
{"level":"INFO","timestamp":"2023-10-25 16:10:54","message":"Request: [2023-10-25 16:10:54] GET:/v1/yard?client=651e39643b11b8189ed93b9d  ::1"},
{"level":"INFO","timestamp":"2023-10-25 16:10:54","message":"Request: [2023-10-25 16:10:54] GET:/v1/roles  ::1"},
{"level":"INFO","timestamp":"2023-10-25 16:10:54","message":"Request: [2023-10-25 16:10:54] GET:/v1/permissions/permissions?roles=[%22651e39643b11b8189ed93ba3%22]  ::1"},
{"level":"INFO","timestamp":"2023-10-25 16:10:54","message":"Request: [2023-10-25 16:10:54] GET:/v1/permissions/permissions?roles=[%22651e39643b11b8189ed93ba3%22]  ::1"},
{"level":"INFO","timestamp":"2023-10-25 16:15:01","message":"Request: [2023-10-25 16:15:01] GET:/v1/location/admin  ::1"},
{"level":"INFO","timestamp":"2023-10-25 16:15:01","message":"Request: [2023-10-25 16:15:01] GET:/v1/customer  ::1"},
{"level":"INFO","timestamp":"2023-10-25 16:15:01","message":"Request: [2023-10-25 16:15:01] GET:/v1/product  ::1"},
{"level":"INFO","timestamp":"2023-10-25 16:15:03","message":"Request: [2023-10-25 16:15:03] GET:/v1/customer/product/by-location/6530f7991bd64c245442740b  ::1"},
{"level":"INFO","timestamp":"2023-10-25 16:15:08","message":"Request: [2023-10-25 16:15:08] GET:/v1/customer/product/by-customer/6530f7f41bd64c2454427430  ::1"},
{"level":"INFO","timestamp":"2023-10-25 16:15:27","message":"Request: [2023-10-25 16:15:27] POST:/v1/yard  ::1"},
{"level":"INFO","timestamp":"2023-10-25 16:15:28","message":"Request: [2023-10-25 16:15:28] GET:/v1/permissions/permissions?roles=[%22651e39643b11b8189ed93ba3%22]  ::1"},
{"level":"INFO","timestamp":"2023-10-25 16:15:28","message":"Request: [2023-10-25 16:15:28] GET:/v1/yard?client=651e39643b11b8189ed93b9d  ::1"},
{"level":"INFO","timestamp":"2023-10-25 16:15:28","message":"Request: [2023-10-25 16:15:28] GET:/v1/roles  ::1"},
{"level":"INFO","timestamp":"2023-10-25 16:15:28","message":"Request: [2023-10-25 16:15:28] GET:/v1/permissions/permissions?roles=[%22651e39643b11b8189ed93ba3%22]  ::1"},
{"level":"INFO","timestamp":"2023-10-25 16:15:28","message":"Request: [2023-10-25 16:15:28] GET:/v1/permissions/permissions?roles=[%22651e39643b11b8189ed93ba3%22]  ::1"},
{"level":"INFO","timestamp":"2023-10-25 16:17:42","message":"Request: [2023-10-25 16:17:42] GET:/v1/location/admin  ::1"},
{"level":"INFO","timestamp":"2023-10-25 16:17:42","message":"Request: [2023-10-25 16:17:42] GET:/v1/customer  ::1"},
{"level":"INFO","timestamp":"2023-10-25 16:17:42","message":"Request: [2023-10-25 16:17:42] GET:/v1/product  ::1"},
{"level":"ERROR","timestamp":"2023-10-25 16:17:42","message":"TypeError: Cannot read properties of undefined (reading 'Location')\n    at /Users/dr.mac/apps/e-logistics-backend/Helpers/crud.helper.js:150:30\n    at new Promise (<anonymous>)\n    at Object.read (/Users/dr.mac/apps/e-logistics-backend/Helpers/crud.helper.js:147:10)\n    at readLocationsForClient (/Users/dr.mac/apps/e-logistics-backend/Controllers/location.controller.js:132:27)\n    at processTicksAndRejections (node:internal/process/task_queues:96:5)"},
{"level":"INFO","timestamp":"2023-10-25 16:17:47","message":"Request: [2023-10-25 16:17:47] GET:/v1/auth/user  ::1"},
{"level":"INFO","timestamp":"2023-10-25 16:17:47","message":"Request: [2023-10-25 16:17:47] GET:/v1/configuration/menu-list  ::1"},
{"level":"INFO","timestamp":"2023-10-25 16:17:47","message":"Request: [2023-10-25 16:17:47] GET:/v1/permissions/permissions?roles=[%22651e39643b11b8189ed93ba3%22]  ::1"},
{"level":"INFO","timestamp":"2023-10-25 16:17:47","message":"Request: [2023-10-25 16:17:47] GET:/v1/location/admin  ::1"},
{"level":"INFO","timestamp":"2023-10-25 16:17:47","message":"Request: [2023-10-25 16:17:47] GET:/v1/customer  ::1"},
{"level":"INFO","timestamp":"2023-10-25 16:17:47","message":"Request: [2023-10-25 16:17:47] GET:/v1/product  ::1"},
{"level":"INFO","timestamp":"2023-10-25 16:17:52","message":"Request: [2023-10-25 16:17:52] GET:/v1/customer/product/by-location/6530f7991bd64c245442740b  ::1"},
{"level":"INFO","timestamp":"2023-10-25 16:17:53","message":"Request: [2023-10-25 16:17:53] GET:/v1/customer/product/by-customer/6530f7f41bd64c2454427430  ::1"},
{"level":"INFO","timestamp":"2023-10-25 16:18:12","message":"Request: [2023-10-25 16:18:12] POST:/v1/yard  ::1"},
{"level":"INFO","timestamp":"2023-10-25 16:18:12","message":"Request: [2023-10-25 16:18:12] GET:/v1/permissions/permissions?roles=[%22651e39643b11b8189ed93ba3%22]  ::1"},
{"level":"INFO","timestamp":"2023-10-25 16:18:12","message":"Request: [2023-10-25 16:18:12] GET:/v1/yard?client=651e39643b11b8189ed93b9d  ::1"},
{"level":"INFO","timestamp":"2023-10-25 16:18:12","message":"Request: [2023-10-25 16:18:12] GET:/v1/roles  ::1"},
{"level":"INFO","timestamp":"2023-10-25 16:18:13","message":"Request: [2023-10-25 16:18:13] GET:/v1/permissions/permissions?roles=[%22651e39643b11b8189ed93ba3%22]  ::1"},
{"level":"INFO","timestamp":"2023-10-25 16:18:13","message":"Request: [2023-10-25 16:18:13] GET:/v1/permissions/permissions?roles=[%22651e39643b11b8189ed93ba3%22]  ::1"},
{"level":"INFO","timestamp":"2023-10-25 16:19:29","message":"Request: [2023-10-25 16:19:29] GET:/v1/location/admin  ::1"},
{"level":"INFO","timestamp":"2023-10-25 16:19:29","message":"Request: [2023-10-25 16:19:29] GET:/v1/customer  ::1"},
{"level":"INFO","timestamp":"2023-10-25 16:19:29","message":"Request: [2023-10-25 16:19:29] GET:/v1/product  ::1"},
{"level":"INFO","timestamp":"2023-10-25 16:19:31","message":"Request: [2023-10-25 16:19:31] GET:/v1/customer/product/by-location/6530f7991bd64c245442740b  ::1"},
{"level":"INFO","timestamp":"2023-10-25 16:19:33","message":"Request: [2023-10-25 16:19:33] GET:/v1/customer/product/by-customer/6530f8201bd64c2454427455  ::1"},
{"level":"INFO","timestamp":"2023-10-25 16:19:34","message":"Request: [2023-10-25 16:19:34] GET:/v1/customer/product/by-customer/6530f7f41bd64c2454427430  ::1"},
{"level":"INFO","timestamp":"2023-10-25 16:19:49","message":"Request: [2023-10-25 16:19:49] POST:/v1/yard  ::1"},
{"level":"INFO","timestamp":"2023-10-25 16:19:49","message":"Request: [2023-10-25 16:19:49] GET:/v1/permissions/permissions?roles=[%22651e39643b11b8189ed93ba3%22]  ::1"},
{"level":"INFO","timestamp":"2023-10-25 16:19:49","message":"Request: [2023-10-25 16:19:49] GET:/v1/roles  ::1"},
{"level":"INFO","timestamp":"2023-10-25 16:19:49","message":"Request: [2023-10-25 16:19:49] GET:/v1/yard?client=651e39643b11b8189ed93b9d  ::1"},
{"level":"INFO","timestamp":"2023-10-25 16:19:49","message":"Request: [2023-10-25 16:19:49] GET:/v1/permissions/permissions?roles=[%22651e39643b11b8189ed93ba3%22]  ::1"},
{"level":"INFO","timestamp":"2023-10-25 16:19:49","message":"Request: [2023-10-25 16:19:49] GET:/v1/permissions/permissions?roles=[%22651e39643b11b8189ed93ba3%22]  ::1"},
{"level":"INFO","timestamp":"2023-10-25 16:22:41","message":"Request: [2023-10-25 16:22:41] GET:/v1/auth/user  ::1"},
{"level":"INFO","timestamp":"2023-10-25 16:22:42","message":"Request: [2023-10-25 16:22:42] GET:/v1/configuration/menu-list  ::1"},
{"level":"INFO","timestamp":"2023-10-25 16:22:42","message":"Request: [2023-10-25 16:22:42] GET:/v1/permissions/permissions?roles=[%22651e39643b11b8189ed93ba3%22]  ::1"},
{"level":"INFO","timestamp":"2023-10-25 16:22:43","message":"Request: [2023-10-25 16:22:43] GET:/v1/permissions/permissions?roles=[%22651e39643b11b8189ed93ba3%22]  ::1"},
{"level":"INFO","timestamp":"2023-10-25 16:22:43","message":"Request: [2023-10-25 16:22:43] GET:/v1/yard?client=651e39643b11b8189ed93b9d  ::1"},
{"level":"INFO","timestamp":"2023-10-25 16:22:43","message":"Request: [2023-10-25 16:22:43] GET:/v1/roles  ::1"},
{"level":"INFO","timestamp":"2023-10-25 16:23:37","message":"Request: [2023-10-25 16:23:37] GET:/v1/auth/user  ::1"},
{"level":"INFO","timestamp":"2023-10-25 16:23:37","message":"Request: [2023-10-25 16:23:37] GET:/v1/configuration/menu-list  ::1"},
{"level":"INFO","timestamp":"2023-10-25 16:23:37","message":"Request: [2023-10-25 16:23:37] GET:/v1/permissions/permissions?roles=[%22651e39643b11b8189ed93ba3%22]  ::1"},
{"level":"INFO","timestamp":"2023-10-25 16:23:38","message":"Request: [2023-10-25 16:23:38] GET:/v1/permissions/permissions?roles=[%22651e39643b11b8189ed93ba3%22]  ::1"},
{"level":"INFO","timestamp":"2023-10-25 16:23:38","message":"Request: [2023-10-25 16:23:38] GET:/v1/yard?client=651e39643b11b8189ed93b9d  ::1"},
{"level":"INFO","timestamp":"2023-10-25 16:23:38","message":"Request: [2023-10-25 16:23:38] GET:/v1/roles  ::1"},
{"level":"INFO","timestamp":"2023-10-25 16:26:14","message":"Request: [2023-10-25 16:26:14] GET:/v1/auth/user  ::1"},
{"level":"INFO","timestamp":"2023-10-25 16:26:15","message":"Request: [2023-10-25 16:26:15] GET:/v1/configuration/menu-list  ::1"},
{"level":"INFO","timestamp":"2023-10-25 16:26:15","message":"Request: [2023-10-25 16:26:15] GET:/v1/permissions/permissions?roles=[%22651e39643b11b8189ed93ba3%22]  ::1"},
{"level":"INFO","timestamp":"2023-10-25 16:26:15","message":"Request: [2023-10-25 16:26:15] GET:/v1/permissions/permissions?roles=[%22651e39643b11b8189ed93ba3%22]  ::1"},
{"level":"INFO","timestamp":"2023-10-25 16:26:16","message":"Request: [2023-10-25 16:26:16] GET:/v1/roles  ::1"},
{"level":"INFO","timestamp":"2023-10-25 16:26:16","message":"Request: [2023-10-25 16:26:16] GET:/v1/yard?client=651e39643b11b8189ed93b9d  ::1"},
{"level":"INFO","timestamp":"2023-10-25 16:27:59","message":"Request: [2023-10-25 16:27:59] GET:/v1/auth/user  ::1"},
{"level":"INFO","timestamp":"2023-10-25 16:28:00","message":"Request: [2023-10-25 16:28:00] GET:/v1/configuration/menu-list  ::1"},
{"level":"INFO","timestamp":"2023-10-25 16:28:00","message":"Request: [2023-10-25 16:28:00] GET:/v1/permissions/permissions?roles=[%22651e39643b11b8189ed93ba3%22]  ::1"},
{"level":"INFO","timestamp":"2023-10-25 16:28:00","message":"Request: [2023-10-25 16:28:00] GET:/v1/permissions/permissions?roles=[%22651e39643b11b8189ed93ba3%22]  ::1"},
{"level":"INFO","timestamp":"2023-10-25 16:28:00","message":"Request: [2023-10-25 16:28:00] GET:/v1/roles  ::1"},
{"level":"INFO","timestamp":"2023-10-25 16:28:00","message":"Request: [2023-10-25 16:28:00] GET:/v1/yard?client=651e39643b11b8189ed93b9d  ::1"},
{"level":"INFO","timestamp":"2023-10-25 16:28:01","message":"Request: [2023-10-25 16:28:01] GET:/v1/permissions/permissions?roles=[%22651e39643b11b8189ed93ba3%22]  ::1"},
{"level":"INFO","timestamp":"2023-10-25 16:28:01","message":"Request: [2023-10-25 16:28:01] GET:/v1/permissions/permissions?roles=[%22651e39643b11b8189ed93ba3%22]  ::1"},
{"level":"INFO","timestamp":"2023-10-25 16:32:49","message":"Request: [2023-10-25 16:32:49] GET:/v1/auth/user  ::1"},
{"level":"INFO","timestamp":"2023-10-25 16:32:49","message":"Request: [2023-10-25 16:32:49] GET:/v1/configuration/menu-list  ::1"},
{"level":"INFO","timestamp":"2023-10-25 16:32:49","message":"Request: [2023-10-25 16:32:49] GET:/v1/permissions/permissions?roles=[%22651e39643b11b8189ed93ba3%22]  ::1"},
{"level":"INFO","timestamp":"2023-10-25 16:32:50","message":"Request: [2023-10-25 16:32:50] GET:/v1/permissions/permissions?roles=[%22651e39643b11b8189ed93ba3%22]  ::1"},
{"level":"INFO","timestamp":"2023-10-25 16:32:50","message":"Request: [2023-10-25 16:32:50] GET:/v1/roles  ::1"},
{"level":"INFO","timestamp":"2023-10-25 16:32:50","message":"Request: [2023-10-25 16:32:50] GET:/v1/yard?client=651e39643b11b8189ed93b9d  ::1"},
{"level":"INFO","timestamp":"2023-10-25 16:32:50","message":"Request: [2023-10-25 16:32:50] GET:/v1/permissions/permissions?roles=[%22651e39643b11b8189ed93ba3%22]  ::1"},
{"level":"INFO","timestamp":"2023-10-25 16:32:50","message":"Request: [2023-10-25 16:32:50] GET:/v1/permissions/permissions?roles=[%22651e39643b11b8189ed93ba3%22]  ::1"},
{"level":"INFO","timestamp":"2023-10-25 16:32:51","message":"Request: [2023-10-25 16:32:51] GET:/v1/permissions/permissions?roles=[%22651e39643b11b8189ed93ba3%22]  ::1"},
{"level":"INFO","timestamp":"2023-10-25 16:32:51","message":"Request: [2023-10-25 16:32:51] GET:/v1/permissions/permissions?roles=[%22651e39643b11b8189ed93ba3%22]  ::1"},
{"level":"INFO","timestamp":"2023-10-25 16:54:14","message":"Request: [2023-10-25 16:54:14] GET:/v1/yard?client=651e39643b11b8189ed93b9d  ::1"},
{"level":"INFO","timestamp":"2023-10-25 16:56:10","message":"Request: [2023-10-25 16:56:10] GET:/v1/yard?client=651e39643b11b8189ed93b9d  ::1"},
{"level":"ERROR","timestamp":"2023-10-25 16:56:10","message":"MongoServerError: a group's fields must be specified in an object\n    at Connection.onMessage (/Users/dr.mac/apps/e-logistics-backend/node_modules/mongodb/lib/cmap/connection.js:207:30)\n    at MessageStream.<anonymous> (/Users/dr.mac/apps/e-logistics-backend/node_modules/mongodb/lib/cmap/connection.js:60:60)\n    at MessageStream.emit (node:events:394:28)\n    at processIncomingData (/Users/dr.mac/apps/e-logistics-backend/node_modules/mongodb/lib/cmap/message_stream.js:132:20)\n    at MessageStream._write (/Users/dr.mac/apps/e-logistics-backend/node_modules/mongodb/lib/cmap/message_stream.js:33:9)\n    at writeOrBuffer (node:internal/streams/writable:389:12)\n    at _write (node:internal/streams/writable:330:10)\n    at MessageStream.Writable.write (node:internal/streams/writable:334:10)\n    at Socket.ondata (node:internal/streams/readable:754:22)\n    at Socket.emit (node:events:394:28)"},
{"level":"INFO","timestamp":"2023-10-25 16:58:26","message":"Request: [2023-10-25 16:58:26] GET:/v1/yard?client=651e39643b11b8189ed93b9d  ::1"},
{"level":"INFO","timestamp":"2023-10-25 17:00:29","message":"Request: [2023-10-25 17:00:29] GET:/v1/auth/user  ::1"},
{"level":"INFO","timestamp":"2023-10-25 17:00:30","message":"Request: [2023-10-25 17:00:30] GET:/v1/configuration/menu-list  ::1"},
{"level":"INFO","timestamp":"2023-10-25 17:00:30","message":"Request: [2023-10-25 17:00:30] GET:/v1/permissions/permissions?roles=[%22651e39643b11b8189ed93ba3%22]  ::1"},
{"level":"INFO","timestamp":"2023-10-25 17:00:30","message":"Request: [2023-10-25 17:00:30] GET:/v1/permissions/permissions?roles=[%22651e39643b11b8189ed93ba3%22]  ::1"},
{"level":"INFO","timestamp":"2023-10-25 17:00:30","message":"Request: [2023-10-25 17:00:30] GET:/v1/yard?client=651e39643b11b8189ed93b9d  ::1"},
{"level":"INFO","timestamp":"2023-10-25 17:00:30","message":"Request: [2023-10-25 17:00:30] GET:/v1/roles  ::1"},
{"level":"ERROR","timestamp":"2023-10-25 17:00:30","message":"MongoServerError: unknown group operator '$location'\n    at Connection.onMessage (/Users/dr.mac/apps/e-logistics-backend/node_modules/mongodb/lib/cmap/connection.js:207:30)\n    at MessageStream.<anonymous> (/Users/dr.mac/apps/e-logistics-backend/node_modules/mongodb/lib/cmap/connection.js:60:60)\n    at MessageStream.emit (node:events:394:28)\n    at processIncomingData (/Users/dr.mac/apps/e-logistics-backend/node_modules/mongodb/lib/cmap/message_stream.js:132:20)\n    at MessageStream._write (/Users/dr.mac/apps/e-logistics-backend/node_modules/mongodb/lib/cmap/message_stream.js:33:9)\n    at writeOrBuffer (node:internal/streams/writable:389:12)\n    at _write (node:internal/streams/writable:330:10)\n    at MessageStream.Writable.write (node:internal/streams/writable:334:10)\n    at Socket.ondata (node:internal/streams/readable:754:22)\n    at Socket.emit (node:events:394:28)"},
{"level":"INFO","timestamp":"2023-10-25 17:03:53","message":"Request: [2023-10-25 17:03:53] POST:/v1/auth/login  ::1"},
{"level":"INFO","timestamp":"2023-10-25 17:03:54","message":"Request: [2023-10-25 17:03:54] GET:/v1/configuration/menu-list  ::1"},
{"level":"INFO","timestamp":"2023-10-25 17:03:54","message":"Request: [2023-10-25 17:03:54] GET:/v1/permissions/permissions?roles=[%22651e39643b11b8189ed93ba3%22]  ::1"},
{"level":"INFO","timestamp":"2023-10-25 17:03:54","message":"Request: [2023-10-25 17:03:54] GET:/v1/permissions/permissions?roles=[%22651e39643b11b8189ed93ba3%22]  ::1"},
{"level":"INFO","timestamp":"2023-10-25 17:04:14","message":"Request: [2023-10-25 17:04:14] GET:/v1/permissions/permissions?roles=[%22651e39643b11b8189ed93ba3%22]  ::1"},
{"level":"INFO","timestamp":"2023-10-25 17:04:15","message":"Request: [2023-10-25 17:04:15] GET:/v1/yard?client=651e39643b11b8189ed93b9d  ::1"},
{"level":"INFO","timestamp":"2023-10-25 17:04:15","message":"Request: [2023-10-25 17:04:15] GET:/v1/roles  ::1"},
{"level":"INFO","timestamp":"2023-10-25 17:04:15","message":"Request: [2023-10-25 17:04:15] GET:/v1/permissions/permissions?roles=[%22651e39643b11b8189ed93ba3%22]  ::1"},
{"level":"INFO","timestamp":"2023-10-25 17:04:15","message":"Request: [2023-10-25 17:04:15] GET:/v1/permissions/permissions?roles=[%22651e39643b11b8189ed93ba3%22]  ::1"},
{"level":"INFO","timestamp":"2023-10-25 17:10:12","message":"Request: [2023-10-25 17:10:12] GET:/v1/yard?client=651e39643b11b8189ed93b9d  ::1"},
{"level":"ERROR","timestamp":"2023-10-25 17:10:12","message":"MongoServerError: The field 'customer' must be an accumulator object\n    at Connection.onMessage (/Users/dr.mac/apps/e-logistics-backend/node_modules/mongodb/lib/cmap/connection.js:207:30)\n    at MessageStream.<anonymous> (/Users/dr.mac/apps/e-logistics-backend/node_modules/mongodb/lib/cmap/connection.js:60:60)\n    at MessageStream.emit (node:events:394:28)\n    at processIncomingData (/Users/dr.mac/apps/e-logistics-backend/node_modules/mongodb/lib/cmap/message_stream.js:132:20)\n    at MessageStream._write (/Users/dr.mac/apps/e-logistics-backend/node_modules/mongodb/lib/cmap/message_stream.js:33:9)\n    at writeOrBuffer (node:internal/streams/writable:389:12)\n    at _write (node:internal/streams/writable:330:10)\n    at MessageStream.Writable.write (node:internal/streams/writable:334:10)\n    at Socket.ondata (node:internal/streams/readable:754:22)\n    at Socket.emit (node:events:394:28)"},
{"level":"INFO","timestamp":"2023-10-25 17:12:56","message":"Request: [2023-10-25 17:12:56] GET:/v1/yard?client=651e39643b11b8189ed93b9d  ::1"},
{"level":"INFO","timestamp":"2023-10-25 17:19:06","message":"Request: [2023-10-25 17:19:06] GET:/v1/permissions/permissions?roles=[%22651e39643b11b8189ed93ba3%22]  ::1"},
{"level":"INFO","timestamp":"2023-10-25 17:19:06","message":"Request: [2023-10-25 17:19:06] GET:/v1/permissions/permissions?roles=[%22651e39643b11b8189ed93ba3%22]  ::1"},
{"level":"INFO","timestamp":"2023-10-25 17:19:06","message":"Request: [2023-10-25 17:19:06] GET:/v1/yard?client=651e39643b11b8189ed93b9d  ::1"},
{"level":"INFO","timestamp":"2023-10-25 17:19:06","message":"Request: [2023-10-25 17:19:06] GET:/v1/roles  ::1"},
{"level":"INFO","timestamp":"2023-10-25 17:19:06","message":"Request: [2023-10-25 17:19:06] GET:/v1/permissions/permissions?roles=[%22651e39643b11b8189ed93ba3%22]  ::1"},
{"level":"INFO","timestamp":"2023-10-25 17:19:06","message":"Request: [2023-10-25 17:19:06] GET:/v1/permissions/permissions?roles=[%22651e39643b11b8189ed93ba3%22]  ::1"},
{"level":"INFO","timestamp":"2023-10-25 17:19:06","message":"Request: [2023-10-25 17:19:06] GET:/v1/permissions/permissions?roles=[%22651e39643b11b8189ed93ba3%22]  ::1"},
{"level":"INFO","timestamp":"2023-10-25 17:19:06","message":"Request: [2023-10-25 17:19:06] GET:/v1/permissions/permissions?roles=[%22651e39643b11b8189ed93ba3%22]  ::1"},
{"level":"INFO","timestamp":"2023-10-25 17:19:44","message":"Request: [2023-10-25 17:19:44] GET:/v1/auth/user  ::1"},
{"level":"INFO","timestamp":"2023-10-25 17:19:44","message":"Request: [2023-10-25 17:19:44] GET:/v1/configuration/menu-list  ::1"},
{"level":"INFO","timestamp":"2023-10-25 17:19:44","message":"Request: [2023-10-25 17:19:44] GET:/v1/permissions/permissions?roles=[%22651e39643b11b8189ed93ba3%22]  ::1"},
{"level":"INFO","timestamp":"2023-10-25 17:19:44","message":"Request: [2023-10-25 17:19:44] GET:/v1/permissions/permissions?roles=[%22651e39643b11b8189ed93ba3%22]  ::1"},
{"level":"INFO","timestamp":"2023-10-25 17:19:44","message":"Request: [2023-10-25 17:19:44] GET:/v1/yard?client=651e39643b11b8189ed93b9d  ::1"},
{"level":"INFO","timestamp":"2023-10-25 17:19:44","message":"Request: [2023-10-25 17:19:44] GET:/v1/roles  ::1"},
{"level":"INFO","timestamp":"2023-10-25 17:19:44","message":"Request: [2023-10-25 17:19:44] GET:/v1/permissions/permissions?roles=[%22651e39643b11b8189ed93ba3%22]  ::1"},
{"level":"INFO","timestamp":"2023-10-25 17:19:44","message":"Request: [2023-10-25 17:19:44] GET:/v1/permissions/permissions?roles=[%22651e39643b11b8189ed93ba3%22]  ::1"},
{"level":"INFO","timestamp":"2023-10-25 17:19:45","message":"Request: [2023-10-25 17:19:45] GET:/v1/permissions/permissions?roles=[%22651e39643b11b8189ed93ba3%22]  ::1"},
{"level":"INFO","timestamp":"2023-10-25 17:19:45","message":"Request: [2023-10-25 17:19:45] GET:/v1/permissions/permissions?roles=[%22651e39643b11b8189ed93ba3%22]  ::1"},
{"level":"INFO","timestamp":"2023-10-25 17:36:54","message":"Request: [2023-10-25 17:36:54] GET:/v1/auth/user  ::1"},
{"level":"INFO","timestamp":"2023-10-25 17:36:54","message":"Request: [2023-10-25 17:36:54] GET:/v1/configuration/menu-list  ::1"},
{"level":"INFO","timestamp":"2023-10-25 17:36:54","message":"Request: [2023-10-25 17:36:54] GET:/v1/permissions/permissions?roles=[%22651e39643b11b8189ed93ba3%22]  ::1"},
{"level":"INFO","timestamp":"2023-10-25 17:36:55","message":"Request: [2023-10-25 17:36:55] GET:/v1/permissions/permissions?roles=[%22651e39643b11b8189ed93ba3%22]  ::1"},
{"level":"INFO","timestamp":"2023-10-25 17:36:55","message":"Request: [2023-10-25 17:36:55] GET:/v1/yard?client=651e39643b11b8189ed93b9d  ::1"},
{"level":"INFO","timestamp":"2023-10-25 17:36:55","message":"Request: [2023-10-25 17:36:55] GET:/v1/roles  ::1"},
{"level":"INFO","timestamp":"2023-10-25 17:36:55","message":"Request: [2023-10-25 17:36:55] GET:/v1/permissions/permissions?roles=[%22651e39643b11b8189ed93ba3%22]  ::1"},
{"level":"INFO","timestamp":"2023-10-25 17:36:55","message":"Request: [2023-10-25 17:36:55] GET:/v1/permissions/permissions?roles=[%22651e39643b11b8189ed93ba3%22]  ::1"},
{"level":"INFO","timestamp":"2023-10-25 17:40:38","message":"Request: [2023-10-25 17:40:38] GET:/v1/auth/user  ::1"},
{"level":"INFO","timestamp":"2023-10-25 17:40:38","message":"Request: [2023-10-25 17:40:38] GET:/v1/configuration/menu-list  ::1"},
{"level":"INFO","timestamp":"2023-10-25 17:40:38","message":"Request: [2023-10-25 17:40:38] GET:/v1/permissions/permissions?roles=[%22651e39643b11b8189ed93ba3%22]  ::1"},
{"level":"INFO","timestamp":"2023-10-25 17:40:39","message":"Request: [2023-10-25 17:40:39] GET:/v1/permissions/permissions?roles=[%22651e39643b11b8189ed93ba3%22]  ::1"},
{"level":"INFO","timestamp":"2023-10-25 17:40:39","message":"Request: [2023-10-25 17:40:39] GET:/v1/yard?client=651e39643b11b8189ed93b9d  ::1"},
{"level":"INFO","timestamp":"2023-10-25 17:40:39","message":"Request: [2023-10-25 17:40:39] GET:/v1/roles  ::1"},
{"level":"INFO","timestamp":"2023-10-25 17:40:39","message":"Request: [2023-10-25 17:40:39] GET:/v1/permissions/permissions?roles=[%22651e39643b11b8189ed93ba3%22]  ::1"},
{"level":"INFO","timestamp":"2023-10-25 17:40:39","message":"Request: [2023-10-25 17:40:39] GET:/v1/permissions/permissions?roles=[%22651e39643b11b8189ed93ba3%22]  ::1"},
{"level":"INFO","timestamp":"2023-10-25 17:41:29","message":"Request: [2023-10-25 17:41:29] GET:/v1/auth/user  ::1"},
{"level":"INFO","timestamp":"2023-10-25 17:41:29","message":"Request: [2023-10-25 17:41:29] GET:/v1/configuration/menu-list  ::1"},
{"level":"INFO","timestamp":"2023-10-25 17:41:29","message":"Request: [2023-10-25 17:41:29] GET:/v1/permissions/permissions?roles=[%22651e39643b11b8189ed93ba3%22]  ::1"},
{"level":"INFO","timestamp":"2023-10-25 17:41:30","message":"Request: [2023-10-25 17:41:30] GET:/v1/permissions/permissions?roles=[%22651e39643b11b8189ed93ba3%22]  ::1"},
{"level":"INFO","timestamp":"2023-10-25 17:41:30","message":"Request: [2023-10-25 17:41:30] GET:/v1/yard?client=651e39643b11b8189ed93b9d  ::1"},
{"level":"INFO","timestamp":"2023-10-25 17:41:30","message":"Request: [2023-10-25 17:41:30] GET:/v1/roles  ::1"},
{"level":"INFO","timestamp":"2023-10-25 17:41:30","message":"Request: [2023-10-25 17:41:30] GET:/v1/permissions/permissions?roles=[%22651e39643b11b8189ed93ba3%22]  ::1"},
{"level":"INFO","timestamp":"2023-10-25 17:41:30","message":"Request: [2023-10-25 17:41:30] GET:/v1/permissions/permissions?roles=[%22651e39643b11b8189ed93ba3%22]  ::1"},
{"level":"INFO","timestamp":"2023-10-25 17:48:31","message":"Request: [2023-10-25 17:48:31] GET:/v1/yard?client=651e39643b11b8189ed93b9d  ::1"},
{"level":"INFO","timestamp":"2023-10-25 17:52:34","message":"Request: [2023-10-25 17:52:34] GET:/v1/yard?client=651e39643b11b8189ed93b9d  ::1"},
{"level":"INFO","timestamp":"2023-10-25 17:57:43","message":"Request: [2023-10-25 17:57:43] GET:/v1/yard?client=651e39643b11b8189ed93b9d  ::1"},
{"level":"ERROR","timestamp":"2023-10-25 17:57:43","message":"MongoServerError: PlanExecutor error during aggregation :: caused by :: $concatArrays only supports arrays, not objectId\n    at Connection.onMessage (/Users/dr.mac/apps/e-logistics-backend/node_modules/mongodb/lib/cmap/connection.js:207:30)\n    at MessageStream.<anonymous> (/Users/dr.mac/apps/e-logistics-backend/node_modules/mongodb/lib/cmap/connection.js:60:60)\n    at MessageStream.emit (node:events:394:28)\n    at processIncomingData (/Users/dr.mac/apps/e-logistics-backend/node_modules/mongodb/lib/cmap/message_stream.js:132:20)\n    at MessageStream._write (/Users/dr.mac/apps/e-logistics-backend/node_modules/mongodb/lib/cmap/message_stream.js:33:9)\n    at writeOrBuffer (node:internal/streams/writable:389:12)\n    at _write (node:internal/streams/writable:330:10)\n    at MessageStream.Writable.write (node:internal/streams/writable:334:10)\n    at Socket.ondata (node:internal/streams/readable:754:22)\n    at Socket.emit (node:events:394:28)"},
{"level":"INFO","timestamp":"2023-10-25 17:58:14","message":"Request: [2023-10-25 17:58:14] GET:/v1/yard?client=651e39643b11b8189ed93b9d  ::1"},
{"level":"ERROR","timestamp":"2023-10-25 17:58:14","message":"MongoServerError: PlanExecutor error during aggregation :: caused by :: $concatArrays only supports arrays, not objectId\n    at Connection.onMessage (/Users/dr.mac/apps/e-logistics-backend/node_modules/mongodb/lib/cmap/connection.js:207:30)\n    at MessageStream.<anonymous> (/Users/dr.mac/apps/e-logistics-backend/node_modules/mongodb/lib/cmap/connection.js:60:60)\n    at MessageStream.emit (node:events:394:28)\n    at processIncomingData (/Users/dr.mac/apps/e-logistics-backend/node_modules/mongodb/lib/cmap/message_stream.js:132:20)\n    at MessageStream._write (/Users/dr.mac/apps/e-logistics-backend/node_modules/mongodb/lib/cmap/message_stream.js:33:9)\n    at writeOrBuffer (node:internal/streams/writable:389:12)\n    at _write (node:internal/streams/writable:330:10)\n    at MessageStream.Writable.write (node:internal/streams/writable:334:10)\n    at Socket.ondata (node:internal/streams/readable:754:22)\n    at Socket.emit (node:events:394:28)"},
{"level":"INFO","timestamp":"2023-10-25 17:58:38","message":"Request: [2023-10-25 17:58:38] GET:/v1/yard?client=651e39643b11b8189ed93b9d  ::1"},
{"level":"ERROR","timestamp":"2023-10-25 17:58:38","message":"MongoServerError: PlanExecutor error during aggregation :: caused by :: $concatArrays only supports arrays, not objectId\n    at Connection.onMessage (/Users/dr.mac/apps/e-logistics-backend/node_modules/mongodb/lib/cmap/connection.js:207:30)\n    at MessageStream.<anonymous> (/Users/dr.mac/apps/e-logistics-backend/node_modules/mongodb/lib/cmap/connection.js:60:60)\n    at MessageStream.emit (node:events:394:28)\n    at processIncomingData (/Users/dr.mac/apps/e-logistics-backend/node_modules/mongodb/lib/cmap/message_stream.js:132:20)\n    at MessageStream._write (/Users/dr.mac/apps/e-logistics-backend/node_modules/mongodb/lib/cmap/message_stream.js:33:9)\n    at writeOrBuffer (node:internal/streams/writable:389:12)\n    at _write (node:internal/streams/writable:330:10)\n    at MessageStream.Writable.write (node:internal/streams/writable:334:10)\n    at Socket.ondata (node:internal/streams/readable:754:22)\n    at Socket.emit (node:events:394:28)"},
{"level":"INFO","timestamp":"2023-10-25 18:00:49","message":"Request: [2023-10-25 18:00:49] GET:/v1/yard?client=651e39643b11b8189ed93b9d  ::1"},
{"level":"INFO","timestamp":"2023-10-25 18:02:19","message":"Request: [2023-10-25 18:02:19] GET:/v1/yard?client=651e39643b11b8189ed93b9d  ::1"},
{"level":"INFO","timestamp":"2023-10-25 18:03:39","message":"Request: [2023-10-25 18:03:39] GET:/v1/yard?client=651e39643b11b8189ed93b9d  ::1"},
{"level":"INFO","timestamp":"2023-10-25 18:04:18","message":"Request: [2023-10-25 18:04:18] GET:/v1/yard?client=651e39643b11b8189ed93b9d  ::1"},
{"level":"INFO","timestamp":"2023-10-25 18:05:26","message":"Request: [2023-10-25 18:05:26] GET:/v1/yard?client=651e39643b11b8189ed93b9d  ::1"},
{"level":"INFO","timestamp":"2023-10-25 18:06:03","message":"Request: [2023-10-25 18:06:03] GET:/v1/yard?client=651e39643b11b8189ed93b9d  ::1"},
{"level":"INFO","timestamp":"2023-10-25 18:06:44","message":"Request: [2023-10-25 18:06:44] GET:/v1/yard?client=651e39643b11b8189ed93b9d  ::1"},
{"level":"INFO","timestamp":"2023-10-25 18:08:09","message":"Request: [2023-10-25 18:08:09] GET:/v1/yard?client=651e39643b11b8189ed93b9d  ::1"},
{"level":"INFO","timestamp":"2023-10-25 18:08:56","message":"Request: [2023-10-25 18:08:56] GET:/v1/yard?client=651e39643b11b8189ed93b9d  ::1"},
{"level":"ERROR","timestamp":"2023-10-25 18:08:56","message":"MongoServerError: The field 'yardsection' must be an accumulator object\n    at Connection.onMessage (/Users/dr.mac/apps/e-logistics-backend/node_modules/mongodb/lib/cmap/connection.js:207:30)\n    at MessageStream.<anonymous> (/Users/dr.mac/apps/e-logistics-backend/node_modules/mongodb/lib/cmap/connection.js:60:60)\n    at MessageStream.emit (node:events:394:28)\n    at processIncomingData (/Users/dr.mac/apps/e-logistics-backend/node_modules/mongodb/lib/cmap/message_stream.js:132:20)\n    at MessageStream._write (/Users/dr.mac/apps/e-logistics-backend/node_modules/mongodb/lib/cmap/message_stream.js:33:9)\n    at writeOrBuffer (node:internal/streams/writable:389:12)\n    at _write (node:internal/streams/writable:330:10)\n    at MessageStream.Writable.write (node:internal/streams/writable:334:10)\n    at Socket.ondata (node:internal/streams/readable:754:22)\n    at Socket.emit (node:events:394:28)"},
{"level":"INFO","timestamp":"2023-10-25 18:09:27","message":"Request: [2023-10-25 18:09:27] GET:/v1/yard?client=651e39643b11b8189ed93b9d  ::1"},
{"level":"INFO","timestamp":"2023-10-25 18:10:21","message":"Request: [2023-10-25 18:10:21] GET:/v1/yard?client=651e39643b11b8189ed93b9d  ::1"},
{"level":"INFO","timestamp":"2023-10-25 18:11:15","message":"Request: [2023-10-25 18:11:15] GET:/v1/yard?client=651e39643b11b8189ed93b9d  ::1"},
{"level":"INFO","timestamp":"2023-10-25 18:12:23","message":"Request: [2023-10-25 18:12:23] GET:/v1/yard?client=651e39643b11b8189ed93b9d  ::1"},
{"level":"INFO","timestamp":"2023-10-25 18:12:39","message":"Request: [2023-10-25 18:12:39] GET:/v1/yard?client=651e39643b11b8189ed93b9d  ::1"},
{"level":"INFO","timestamp":"2023-10-25 18:13:06","message":"Request: [2023-10-25 18:13:06] GET:/v1/yard?client=651e39643b11b8189ed93b9d  ::1"},
{"level":"INFO","timestamp":"2023-10-25 18:13:59","message":"Request: [2023-10-25 18:13:59] GET:/v1/yard?client=651e39643b11b8189ed93b9d  ::1"},
{"level":"INFO","timestamp":"2023-10-25 18:14:49","message":"Request: [2023-10-25 18:14:49] GET:/v1/yard?client=651e39643b11b8189ed93b9d  ::1"},
{"level":"INFO","timestamp":"2023-10-25 18:16:16","message":"Request: [2023-10-25 18:16:16] GET:/v1/yard?client=651e39643b11b8189ed93b9d  ::1"},
